[0.356s] Invoking command in '/mnt/d/Documentos/PUC-Rio/Maestrado/ELE2363/Optimization_based_robotics/build/ob_robotics_interface': CMAKE_PREFIX_PATH=${CMAKE_PREFIX_PATH}:/opt/ros/jazzy /usr/bin/cmake /mnt/d/Documentos/PUC-Rio/Maestrado/ELE2363/Optimization_based_robotics/src/ob_robotics_interface -DCMAKE_INSTALL_PREFIX=/mnt/d/Documentos/PUC-Rio/Maestrado/ELE2363/Optimization_based_robotics/install/ob_robotics_interface
[0.427s] -- Found ament_cmake: 2.5.2 (/opt/ros/jazzy/share/ament_cmake/cmake)
[0.746s] -- Found rosidl_default_generators: 1.6.0 (/opt/ros/jazzy/share/rosidl_default_generators/cmake)
[0.764s] -- Using all available rosidl_typesupport_c: rosidl_typesupport_fastrtps_c;rosidl_typesupport_introspection_c
[1.148s] -- Using all available rosidl_typesupport_cpp: rosidl_typesupport_fastrtps_cpp;rosidl_typesupport_introspection_cpp
[1.302s] -- Found rosidl_adapter: 4.6.4 (/opt/ros/jazzy/share/rosidl_adapter/cmake)
[1.786s] [31mCMake Error at /opt/ros/jazzy/share/rosidl_adapter/cmake/rosidl_adapt_interfaces.cmake:57 (message):
[1.787s]   execute_process(/usr/bin/python3 -m rosidl_adapter --package-name
[1.788s]   ob_robotics_interface --arguments-file
[1.790s]   /mnt/d/Documentos/PUC-Rio/Maestrado/ELE2363/Optimization_based_robotics/build/ob_robotics_interface/rosidl_adapter__arguments__ob_robotics_interface.json
[1.791s]   --output-dir
[1.792s]   /mnt/d/Documentos/PUC-Rio/Maestrado/ELE2363/Optimization_based_robotics/build/ob_robotics_interface/rosidl_adapter/ob_robotics_interface
[1.793s]   --output-file
[1.794s]   /mnt/d/Documentos/PUC-Rio/Maestrado/ELE2363/Optimization_based_robotics/build/ob_robotics_interface/rosidl_adapter/ob_robotics_interface.idls)
[1.795s]   returned error code 1:
[1.796s] 
[1.797s]   Traceback (most recent call last):
[1.798s] 
[1.800s]     File "<frozen runpy>", line 198, in _run_module_as_main
[1.801s]     File "<frozen runpy>", line 88, in _run_code
[1.802s]     File "/opt/ros/jazzy/lib/python3.12/site-packages/rosidl_adapter/__main__.py", line 19, in <module>
[1.803s]       sys.exit(main())
[1.803s]                ^^^^^^
[1.804s]     File "/opt/ros/jazzy/lib/python3.12/site-packages/rosidl_adapter/main.py", line 53, in main
[1.805s]       abs_idl_file = convert_to_idl(
[1.806s]                      ^^^^^^^^^^^^^^^
[1.807s]     File "/opt/ros/jazzy/lib/python3.12/site-packages/rosidl_adapter/__init__.py", line 19, in convert_to_idl
[1.808s]       return convert_msg_to_idl(
[1.809s]              ^^^^^^^^^^^^^^^^^^^
[1.810s]     File "/opt/ros/jazzy/lib/python3.12/site-packages/rosidl_adapter/msg/__init__.py", line 28, in convert_msg_to_idl
[1.811s]       msg = parse_message_string(package_name, input_file.stem, content)
[1.812s]             ^^^^^^^^^^^^^^^^^^^^^^^^^^^^^^^^^^^^^^^^^^^^^^^^^^^^^^^^^^^^
[1.812s]     File "/opt/ros/jazzy/lib/python3.12/site-packages/rosidl_adapter/parser.py", line 545, in parse_message_string
[1.813s]       msg = MessageSpecification(pkg_name, msg_name, fields, constants)
[1.814s]             ^^^^^^^^^^^^^^^^^^^^^^^^^^^^^^^^^^^^^^^^^^^^^^^^^^^^^^^^^^^
[1.815s]     File "/opt/ros/jazzy/lib/python3.12/site-packages/rosidl_adapter/parser.py", line 389, in __init__
[1.815s]       self.base_type = BaseType(
[1.816s]                        ^^^^^^^^^
[1.817s]     File "/opt/ros/jazzy/lib/python3.12/site-packages/rosidl_adapter/parser.py", line 206, in __init__
[1.818s]       raise InvalidResourceName(
[1.819s] 
[1.820s]   rosidl_adapter.parser.InvalidResourceName: 'Model_processed_data' is an
[1.820s]   invalid message name.  It should have the pattern '^[A-Z][A-Za-z0-9]*$'
[1.821s] 
[1.822s] Call Stack (most recent call first):
[1.823s]   /opt/ros/jazzy/share/rosidl_cmake/cmake/rosidl_generate_interfaces.cmake:132 (rosidl_adapt_interfaces)
[1.824s]   CMakeLists.txt:15 (rosidl_generate_interfaces)
[1.825s] 
[1.826s] [0m
[1.827s] -- Configuring incomplete, errors occurred!
[1.828s] Invoked command in '/mnt/d/Documentos/PUC-Rio/Maestrado/ELE2363/Optimization_based_robotics/build/ob_robotics_interface' returned '1': CMAKE_PREFIX_PATH=${CMAKE_PREFIX_PATH}:/opt/ros/jazzy /usr/bin/cmake /mnt/d/Documentos/PUC-Rio/Maestrado/ELE2363/Optimization_based_robotics/src/ob_robotics_interface -DCMAKE_INSTALL_PREFIX=/mnt/d/Documentos/PUC-Rio/Maestrado/ELE2363/Optimization_based_robotics/install/ob_robotics_interface
