[1.465s] DEBUG:colcon:Command line arguments: ['/usr/bin/colcon', 'build']
[1.465s] DEBUG:colcon:Parsed command line arguments: Namespace(log_base=None, log_level=None, verb_name='build', build_base='build', install_base='install', merge_install=False, symlink_install=False, test_result_base=None, continue_on_error=False, executor='parallel', parallel_workers=12, event_handlers=None, ignore_user_meta=False, metas=['./colcon.meta'], base_paths=['.'], packages_ignore=None, packages_ignore_regex=None, paths=None, packages_up_to=None, packages_up_to_regex=None, packages_above=None, packages_above_and_dependencies=None, packages_above_depth=None, packages_select_by_dep=None, packages_skip_by_dep=None, packages_skip_up_to=None, packages_select_build_failed=False, packages_skip_build_finished=False, packages_select_test_failures=False, packages_skip_test_passed=False, packages_select=None, packages_skip=None, packages_select_regex=None, packages_skip_regex=None, packages_start=None, packages_end=None, allow_overriding=[], cmake_args=None, cmake_target=None, cmake_target_skip_unavailable=False, cmake_clean_cache=False, cmake_clean_first=False, cmake_force_configure=False, ament_cmake_args=None, catkin_cmake_args=None, catkin_skip_building_tests=False, mixin_files=None, mixin=None, verb_parser=<colcon_mixin.mixin.mixin_argument.MixinArgumentDecorator object at 0x7f749f5792b0>, verb_extension=<colcon_core.verb.build.BuildVerb object at 0x7f749f6ab650>, main=<bound method BuildVerb.main of <colcon_core.verb.build.BuildVerb object at 0x7f749f6ab650>>, mixin_verb=('build',))
[1.681s] Level 1:colcon.colcon_core.package_discovery:discover_packages(colcon_meta) check parameters
[1.681s] Level 1:colcon.colcon_core.package_discovery:discover_packages(recursive) check parameters
[1.682s] Level 1:colcon.colcon_core.package_discovery:discover_packages(ignore) check parameters
[1.682s] Level 1:colcon.colcon_core.package_discovery:discover_packages(path) check parameters
[1.682s] Level 1:colcon.colcon_core.package_discovery:discover_packages(colcon_meta) discover
[1.682s] Level 1:colcon.colcon_core.package_discovery:discover_packages(recursive) discover
[1.682s] INFO:colcon.colcon_core.package_discovery:Crawling recursively for packages in '/mnt/d/Documentos/PUC-Rio/Maestrado/ELE2363/Optimization_based_robotics'
[1.683s] Level 1:colcon.colcon_core.package_identification:_identify(.) by extensions ['ignore', 'ignore_ament_install']
[1.684s] Level 1:colcon.colcon_core.package_identification:_identify(.) by extension 'ignore'
[1.684s] Level 1:colcon.colcon_core.package_identification:_identify(.) by extension 'ignore_ament_install'
[1.684s] Level 1:colcon.colcon_core.package_identification:_identify(.) by extensions ['colcon_pkg']
[1.685s] Level 1:colcon.colcon_core.package_identification:_identify(.) by extension 'colcon_pkg'
[1.685s] Level 1:colcon.colcon_core.package_identification:_identify(.) by extensions ['colcon_meta']
[1.685s] Level 1:colcon.colcon_core.package_identification:_identify(.) by extension 'colcon_meta'
[1.685s] Level 1:colcon.colcon_core.package_identification:_identify(.) by extensions ['ros']
[1.685s] Level 1:colcon.colcon_core.package_identification:_identify(.) by extension 'ros'
[1.825s] Level 1:colcon.colcon_core.package_identification:_identify(.) by extensions ['cmake', 'python']
[1.825s] Level 1:colcon.colcon_core.package_identification:_identify(.) by extension 'cmake'
[1.826s] Level 1:colcon.colcon_core.package_identification:_identify(.) by extension 'python'
[1.826s] Level 1:colcon.colcon_core.package_identification:_identify(.) by extensions ['python_setup_py']
[1.827s] Level 1:colcon.colcon_core.package_identification:_identify(.) by extension 'python_setup_py'
[1.830s] Level 1:colcon.colcon_core.package_identification:_identify(build) by extensions ['ignore', 'ignore_ament_install']
[1.831s] Level 1:colcon.colcon_core.package_identification:_identify(build) by extension 'ignore'
[1.832s] Level 1:colcon.colcon_core.package_identification:_identify(build) ignored
[1.834s] Level 1:colcon.colcon_core.package_identification:_identify(install) by extensions ['ignore', 'ignore_ament_install']
[1.835s] Level 1:colcon.colcon_core.package_identification:_identify(install) by extension 'ignore'
[1.836s] Level 1:colcon.colcon_core.package_identification:_identify(install) ignored
[1.840s] Level 1:colcon.colcon_core.package_identification:_identify(log) by extensions ['ignore', 'ignore_ament_install']
[1.841s] Level 1:colcon.colcon_core.package_identification:_identify(log) by extension 'ignore'
[1.841s] Level 1:colcon.colcon_core.package_identification:_identify(log) ignored
[1.843s] Level 1:colcon.colcon_core.package_identification:_identify(src) by extensions ['ignore', 'ignore_ament_install']
[1.843s] Level 1:colcon.colcon_core.package_identification:_identify(src) by extension 'ignore'
[1.844s] Level 1:colcon.colcon_core.package_identification:_identify(src) by extension 'ignore_ament_install'
[1.845s] Level 1:colcon.colcon_core.package_identification:_identify(src) by extensions ['colcon_pkg']
[1.845s] Level 1:colcon.colcon_core.package_identification:_identify(src) by extension 'colcon_pkg'
[1.846s] Level 1:colcon.colcon_core.package_identification:_identify(src) by extensions ['colcon_meta']
[1.846s] Level 1:colcon.colcon_core.package_identification:_identify(src) by extension 'colcon_meta'
[1.847s] Level 1:colcon.colcon_core.package_identification:_identify(src) by extensions ['ros']
[1.847s] Level 1:colcon.colcon_core.package_identification:_identify(src) by extension 'ros'
[1.849s] Level 1:colcon.colcon_core.package_identification:_identify(src) by extensions ['cmake', 'python']
[1.850s] Level 1:colcon.colcon_core.package_identification:_identify(src) by extension 'cmake'
[1.850s] Level 1:colcon.colcon_core.package_identification:_identify(src) by extension 'python'
[1.851s] Level 1:colcon.colcon_core.package_identification:_identify(src) by extensions ['python_setup_py']
[1.851s] Level 1:colcon.colcon_core.package_identification:_identify(src) by extension 'python_setup_py'
[1.855s] Level 1:colcon.colcon_core.package_identification:_identify(src/Optimization_module) by extensions ['ignore', 'ignore_ament_install']
[1.855s] Level 1:colcon.colcon_core.package_identification:_identify(src/Optimization_module) by extension 'ignore'
[1.856s] Level 1:colcon.colcon_core.package_identification:_identify(src/Optimization_module) by extension 'ignore_ament_install'
[1.858s] Level 1:colcon.colcon_core.package_identification:_identify(src/Optimization_module) by extensions ['colcon_pkg']
[1.858s] Level 1:colcon.colcon_core.package_identification:_identify(src/Optimization_module) by extension 'colcon_pkg'
[1.859s] Level 1:colcon.colcon_core.package_identification:_identify(src/Optimization_module) by extensions ['colcon_meta']
[1.860s] Level 1:colcon.colcon_core.package_identification:_identify(src/Optimization_module) by extension 'colcon_meta'
[1.861s] Level 1:colcon.colcon_core.package_identification:_identify(src/Optimization_module) by extensions ['ros']
[1.861s] Level 1:colcon.colcon_core.package_identification:_identify(src/Optimization_module) by extension 'ros'
[1.874s] DEBUG:colcon.colcon_core.package_identification:Package 'src/Optimization_module' with type 'ros.ament_python' and name 'Optimization_module'
[1.880s] Level 1:colcon.colcon_core.package_identification:_identify(src/ob_robotics_interface) by extensions ['ignore', 'ignore_ament_install']
[1.880s] Level 1:colcon.colcon_core.package_identification:_identify(src/ob_robotics_interface) by extension 'ignore'
[1.882s] Level 1:colcon.colcon_core.package_identification:_identify(src/ob_robotics_interface) by extension 'ignore_ament_install'
[1.883s] Level 1:colcon.colcon_core.package_identification:_identify(src/ob_robotics_interface) by extensions ['colcon_pkg']
[1.884s] Level 1:colcon.colcon_core.package_identification:_identify(src/ob_robotics_interface) by extension 'colcon_pkg'
[1.885s] Level 1:colcon.colcon_core.package_identification:_identify(src/ob_robotics_interface) by extensions ['colcon_meta']
[1.885s] Level 1:colcon.colcon_core.package_identification:_identify(src/ob_robotics_interface) by extension 'colcon_meta'
[1.886s] Level 1:colcon.colcon_core.package_identification:_identify(src/ob_robotics_interface) by extensions ['ros']
[1.886s] Level 1:colcon.colcon_core.package_identification:_identify(src/ob_robotics_interface) by extension 'ros'
[1.896s] DEBUG:colcon.colcon_core.package_identification:Package 'src/ob_robotics_interface' with type 'ros.ament_cmake' and name 'ob_robotics_interface'
[1.896s] Level 1:colcon.colcon_core.package_discovery:discover_packages(recursive) using defaults
[1.896s] Level 1:colcon.colcon_core.package_discovery:discover_packages(ignore) discover
[1.897s] Level 1:colcon.colcon_core.package_discovery:discover_packages(ignore) using defaults
[1.897s] Level 1:colcon.colcon_core.package_discovery:discover_packages(path) discover
[1.897s] Level 1:colcon.colcon_core.package_discovery:discover_packages(path) using defaults
[2.140s] Level 1:colcon.colcon_core.package_discovery:discover_packages(prefix_path) check parameters
[2.140s] Level 1:colcon.colcon_core.package_discovery:discover_packages(prefix_path) discover
[2.242s] DEBUG:colcon.colcon_installed_package_information.package_discovery:Found 2 installed packages in /mnt/d/Documentos/PUC-Rio/Maestrado/ELE2363/Optimization_based_robotics/install
[2.300s] DEBUG:colcon.colcon_installed_package_information.package_discovery:Found 7 installed packages in /mnt/d/Documentos/PUC-Rio/Maestrado/ELE2363/ros2_ws/install
[2.303s] DEBUG:colcon.colcon_installed_package_information.package_discovery:Found 358 installed packages in /opt/ros/jazzy
[2.306s] Level 1:colcon.colcon_core.package_discovery:discover_packages(prefix_path) using defaults
[2.532s] Level 5:colcon.colcon_core.verb:set package 'Optimization_module' build argument 'cmake_args' from command line to 'None'
[2.533s] Level 5:colcon.colcon_core.verb:set package 'Optimization_module' build argument 'cmake_target' from command line to 'None'
[2.533s] Level 5:colcon.colcon_core.verb:set package 'Optimization_module' build argument 'cmake_target_skip_unavailable' from command line to 'False'
[2.533s] Level 5:colcon.colcon_core.verb:set package 'Optimization_module' build argument 'cmake_clean_cache' from command line to 'False'
[2.534s] Level 5:colcon.colcon_core.verb:set package 'Optimization_module' build argument 'cmake_clean_first' from command line to 'False'
[2.534s] Level 5:colcon.colcon_core.verb:set package 'Optimization_module' build argument 'cmake_force_configure' from command line to 'False'
[2.535s] Level 5:colcon.colcon_core.verb:set package 'Optimization_module' build argument 'ament_cmake_args' from command line to 'None'
[2.535s] Level 5:colcon.colcon_core.verb:set package 'Optimization_module' build argument 'catkin_cmake_args' from command line to 'None'
[2.535s] Level 5:colcon.colcon_core.verb:set package 'Optimization_module' build argument 'catkin_skip_building_tests' from command line to 'False'
[2.536s] DEBUG:colcon.colcon_core.verb:Building package 'Optimization_module' with the following arguments: {'ament_cmake_args': None, 'build_base': '/mnt/d/Documentos/PUC-Rio/Maestrado/ELE2363/Optimization_based_robotics/build/Optimization_module', 'catkin_cmake_args': None, 'catkin_skip_building_tests': False, 'cmake_args': None, 'cmake_clean_cache': False, 'cmake_clean_first': False, 'cmake_force_configure': False, 'cmake_target': None, 'cmake_target_skip_unavailable': False, 'install_base': '/mnt/d/Documentos/PUC-Rio/Maestrado/ELE2363/Optimization_based_robotics/install/Optimization_module', 'merge_install': False, 'path': '/mnt/d/Documentos/PUC-Rio/Maestrado/ELE2363/Optimization_based_robotics/src/Optimization_module', 'symlink_install': False, 'test_result_base': None}
[2.536s] Level 5:colcon.colcon_core.verb:set package 'ob_robotics_interface' build argument 'cmake_args' from command line to 'None'
[2.536s] Level 5:colcon.colcon_core.verb:set package 'ob_robotics_interface' build argument 'cmake_target' from command line to 'None'
[2.537s] Level 5:colcon.colcon_core.verb:set package 'ob_robotics_interface' build argument 'cmake_target_skip_unavailable' from command line to 'False'
[2.537s] Level 5:colcon.colcon_core.verb:set package 'ob_robotics_interface' build argument 'cmake_clean_cache' from command line to 'False'
[2.537s] Level 5:colcon.colcon_core.verb:set package 'ob_robotics_interface' build argument 'cmake_clean_first' from command line to 'False'
[2.538s] Level 5:colcon.colcon_core.verb:set package 'ob_robotics_interface' build argument 'cmake_force_configure' from command line to 'False'
[2.538s] Level 5:colcon.colcon_core.verb:set package 'ob_robotics_interface' build argument 'ament_cmake_args' from command line to 'None'
[2.538s] Level 5:colcon.colcon_core.verb:set package 'ob_robotics_interface' build argument 'catkin_cmake_args' from command line to 'None'
[2.538s] Level 5:colcon.colcon_core.verb:set package 'ob_robotics_interface' build argument 'catkin_skip_building_tests' from command line to 'False'
[2.538s] DEBUG:colcon.colcon_core.verb:Building package 'ob_robotics_interface' with the following arguments: {'ament_cmake_args': None, 'build_base': '/mnt/d/Documentos/PUC-Rio/Maestrado/ELE2363/Optimization_based_robotics/build/ob_robotics_interface', 'catkin_cmake_args': None, 'catkin_skip_building_tests': False, 'cmake_args': None, 'cmake_clean_cache': False, 'cmake_clean_first': False, 'cmake_force_configure': False, 'cmake_target': None, 'cmake_target_skip_unavailable': False, 'install_base': '/mnt/d/Documentos/PUC-Rio/Maestrado/ELE2363/Optimization_based_robotics/install/ob_robotics_interface', 'merge_install': False, 'path': '/mnt/d/Documentos/PUC-Rio/Maestrado/ELE2363/Optimization_based_robotics/src/ob_robotics_interface', 'symlink_install': False, 'test_result_base': None}
[2.539s] INFO:colcon.colcon_core.executor:Executing jobs using 'parallel' executor
[2.540s] DEBUG:colcon.colcon_parallel_executor.executor.parallel:run_until_complete
[2.540s] INFO:colcon.colcon_ros.task.ament_python.build:Building ROS package in '/mnt/d/Documentos/PUC-Rio/Maestrado/ELE2363/Optimization_based_robotics/src/Optimization_module' with build type 'ament_python'
[2.541s] Level 1:colcon.colcon_core.shell:create_environment_hook('Optimization_module', 'ament_prefix_path')
[2.578s] INFO:colcon.colcon_core.plugin_system:Skipping extension 'colcon_core.shell.bat': Not used on non-Windows systems
[2.579s] INFO:colcon.colcon_core.shell:Creating environment hook '/mnt/d/Documentos/PUC-Rio/Maestrado/ELE2363/Optimization_based_robotics/install/Optimization_module/share/Optimization_module/hook/ament_prefix_path.ps1'
[2.592s] INFO:colcon.colcon_core.shell:Creating environment descriptor '/mnt/d/Documentos/PUC-Rio/Maestrado/ELE2363/Optimization_based_robotics/install/Optimization_module/share/Optimization_module/hook/ament_prefix_path.dsv'
[2.605s] INFO:colcon.colcon_core.shell:Creating environment hook '/mnt/d/Documentos/PUC-Rio/Maestrado/ELE2363/Optimization_based_robotics/install/Optimization_module/share/Optimization_module/hook/ament_prefix_path.sh'
[2.617s] INFO:colcon.colcon_core.shell:Skip shell extension 'powershell' for command environment: Not usable outside of PowerShell
[2.617s] DEBUG:colcon.colcon_core.shell:Skip shell extension 'dsv' for command environment
[2.778s] INFO:colcon.colcon_ros.task.ament_cmake.build:Building ROS package in '/mnt/d/Documentos/PUC-Rio/Maestrado/ELE2363/Optimization_based_robotics/src/ob_robotics_interface' with build type 'ament_cmake'
[2.779s] INFO:colcon.colcon_cmake.task.cmake.build:Building CMake package in '/mnt/d/Documentos/PUC-Rio/Maestrado/ELE2363/Optimization_based_robotics/src/ob_robotics_interface'
[2.779s] INFO:colcon.colcon_core.shell:Skip shell extension 'powershell' for command environment: Not usable outside of PowerShell
[2.780s] DEBUG:colcon.colcon_core.shell:Skip shell extension 'dsv' for command environment
[5.101s] INFO:colcon.colcon_core.task.python.build:Building Python package in '/mnt/d/Documentos/PUC-Rio/Maestrado/ELE2363/Optimization_based_robotics/src/Optimization_module'
[5.101s] INFO:colcon.colcon_core.shell:Skip shell extension 'powershell' for command environment: Not usable outside of PowerShell
[5.102s] DEBUG:colcon.colcon_core.shell:Skip shell extension 'dsv' for command environment
[5.297s] DEBUG:colcon.colcon_core.event_handler.log_command:Invoking command in '/mnt/d/Documentos/PUC-Rio/Maestrado/ELE2363/Optimization_based_robotics/build/ob_robotics_interface': CMAKE_PREFIX_PATH=${CMAKE_PREFIX_PATH}:/mnt/d/Documentos/PUC-Rio/Maestrado/ELE2363/ros2_ws/install/turtlesim_test:/mnt/d/Documentos/PUC-Rio/Maestrado/ELE2363/ros2_ws/install/turtlesim_control:/mnt/d/Documentos/PUC-Rio/Maestrado/ELE2363/ros2_ws/install/gpg_virtual:/mnt/d/Documentos/PUC-Rio/Maestrado/ELE2363/ros2_ws/install/gpg_urdf:/mnt/d/Documentos/PUC-Rio/Maestrado/ELE2363/Optimization_based_robotics/install/Optimization_module:/opt/ros/jazzy /usr/bin/cmake --build /mnt/d/Documentos/PUC-Rio/Maestrado/ELE2363/Optimization_based_robotics/build/ob_robotics_interface -- -j12 -l12
[9.662s] DEBUG:colcon.colcon_core.event_handler.log_command:Invoking command in '/mnt/d/Documentos/PUC-Rio/Maestrado/ELE2363/Optimization_based_robotics/src/Optimization_module': PYTHONPATH=/mnt/d/Documentos/PUC-Rio/Maestrado/ELE2363/Optimization_based_robotics/build/Optimization_module/prefix_override:/usr/lib/python3/dist-packages/colcon_core/task/python/colcon_distutils_commands:/mnt/d/Documentos/PUC-Rio/Maestrado/ELE2363/Optimization_based_robotics/install/Optimization_module/lib/python3.12/site-packages:${PYTHONPATH} /usr/bin/python3 -W ignore:setup.py install is deprecated setup.py egg_info --egg-base ../../build/Optimization_module build --build-base /mnt/d/Documentos/PUC-Rio/Maestrado/ELE2363/Optimization_based_robotics/build/Optimization_module/build install --record /mnt/d/Documentos/PUC-Rio/Maestrado/ELE2363/Optimization_based_robotics/build/Optimization_module/install.log --single-version-externally-managed install_data
[11.929s] DEBUG:colcon.colcon_core.event_handler.log_command:Invoked command in '/mnt/d/Documentos/PUC-Rio/Maestrado/ELE2363/Optimization_based_robotics/build/ob_robotics_interface' returned '0': CMAKE_PREFIX_PATH=${CMAKE_PREFIX_PATH}:/mnt/d/Documentos/PUC-Rio/Maestrado/ELE2363/ros2_ws/install/turtlesim_test:/mnt/d/Documentos/PUC-Rio/Maestrado/ELE2363/ros2_ws/install/turtlesim_control:/mnt/d/Documentos/PUC-Rio/Maestrado/ELE2363/ros2_ws/install/gpg_virtual:/mnt/d/Documentos/PUC-Rio/Maestrado/ELE2363/ros2_ws/install/gpg_urdf:/mnt/d/Documentos/PUC-Rio/Maestrado/ELE2363/Optimization_based_robotics/install/Optimization_module:/opt/ros/jazzy /usr/bin/cmake --build /mnt/d/Documentos/PUC-Rio/Maestrado/ELE2363/Optimization_based_robotics/build/ob_robotics_interface -- -j12 -l12
[15.394s] DEBUG:colcon.colcon_core.event_handler.log_command:Invoked command in '/mnt/d/Documentos/PUC-Rio/Maestrado/ELE2363/Optimization_based_robotics/src/Optimization_module' returned '0': PYTHONPATH=/mnt/d/Documentos/PUC-Rio/Maestrado/ELE2363/Optimization_based_robotics/build/Optimization_module/prefix_override:/usr/lib/python3/dist-packages/colcon_core/task/python/colcon_distutils_commands:/mnt/d/Documentos/PUC-Rio/Maestrado/ELE2363/Optimization_based_robotics/install/Optimization_module/lib/python3.12/site-packages:${PYTHONPATH} /usr/bin/python3 -W ignore:setup.py install is deprecated setup.py egg_info --egg-base ../../build/Optimization_module build --build-base /mnt/d/Documentos/PUC-Rio/Maestrado/ELE2363/Optimization_based_robotics/build/Optimization_module/build install --record /mnt/d/Documentos/PUC-Rio/Maestrado/ELE2363/Optimization_based_robotics/build/Optimization_module/install.log --single-version-externally-managed install_data
[15.430s] Level 1:colcon.colcon_core.environment:checking '/mnt/d/Documentos/PUC-Rio/Maestrado/ELE2363/Optimization_based_robotics/install/Optimization_module' for CMake module files
[15.488s] Level 1:colcon.colcon_core.environment:checking '/mnt/d/Documentos/PUC-Rio/Maestrado/ELE2363/Optimization_based_robotics/install/Optimization_module' for CMake config files
[15.566s] Level 1:colcon.colcon_core.environment:checking '/mnt/d/Documentos/PUC-Rio/Maestrado/ELE2363/Optimization_based_robotics/install/Optimization_module/lib'
[15.570s] Level 1:colcon.colcon_core.environment:checking '/mnt/d/Documentos/PUC-Rio/Maestrado/ELE2363/Optimization_based_robotics/install/Optimization_module/bin'
[15.572s] Level 1:colcon.colcon_core.environment:checking '/mnt/d/Documentos/PUC-Rio/Maestrado/ELE2363/Optimization_based_robotics/install/Optimization_module/lib/pkgconfig/Optimization_module.pc'
[15.573s] Level 1:colcon.colcon_core.environment:checking '/mnt/d/Documentos/PUC-Rio/Maestrado/ELE2363/Optimization_based_robotics/install/Optimization_module/lib/python3.12/site-packages'
[15.576s] Level 1:colcon.colcon_core.shell:create_environment_hook('Optimization_module', 'pythonpath')
[15.576s] INFO:colcon.colcon_core.shell:Creating environment hook '/mnt/d/Documentos/PUC-Rio/Maestrado/ELE2363/Optimization_based_robotics/install/Optimization_module/share/Optimization_module/hook/pythonpath.ps1'
[15.589s] INFO:colcon.colcon_core.shell:Creating environment descriptor '/mnt/d/Documentos/PUC-Rio/Maestrado/ELE2363/Optimization_based_robotics/install/Optimization_module/share/Optimization_module/hook/pythonpath.dsv'
[15.602s] INFO:colcon.colcon_core.shell:Creating environment hook '/mnt/d/Documentos/PUC-Rio/Maestrado/ELE2363/Optimization_based_robotics/install/Optimization_module/share/Optimization_module/hook/pythonpath.sh'
[15.617s] Level 1:colcon.colcon_core.environment:checking '/mnt/d/Documentos/PUC-Rio/Maestrado/ELE2363/Optimization_based_robotics/install/Optimization_module/bin'
[15.618s] Level 1:colcon.colcon_core.environment:create_environment_scripts_only(Optimization_module)
[15.618s] INFO:colcon.colcon_core.shell:Creating package script '/mnt/d/Documentos/PUC-Rio/Maestrado/ELE2363/Optimization_based_robotics/install/Optimization_module/share/Optimization_module/package.ps1'
[15.630s] INFO:colcon.colcon_core.shell:Creating package descriptor '/mnt/d/Documentos/PUC-Rio/Maestrado/ELE2363/Optimization_based_robotics/install/Optimization_module/share/Optimization_module/package.dsv'
[15.642s] INFO:colcon.colcon_core.shell:Creating package script '/mnt/d/Documentos/PUC-Rio/Maestrado/ELE2363/Optimization_based_robotics/install/Optimization_module/share/Optimization_module/package.sh'
[15.654s] INFO:colcon.colcon_core.shell:Creating package script '/mnt/d/Documentos/PUC-Rio/Maestrado/ELE2363/Optimization_based_robotics/install/Optimization_module/share/Optimization_module/package.bash'
[15.664s] INFO:colcon.colcon_core.shell:Creating package script '/mnt/d/Documentos/PUC-Rio/Maestrado/ELE2363/Optimization_based_robotics/install/Optimization_module/share/Optimization_module/package.zsh'
[15.681s] Level 1:colcon.colcon_core.environment:create_file_with_runtime_dependencies(/mnt/d/Documentos/PUC-Rio/Maestrado/ELE2363/Optimization_based_robotics/install/Optimization_module/share/colcon-core/packages/Optimization_module)
[17.645s] DEBUG:colcon.colcon_core.event_handler.log_command:Invoking command in '/mnt/d/Documentos/PUC-Rio/Maestrado/ELE2363/Optimization_based_robotics/build/ob_robotics_interface': CMAKE_PREFIX_PATH=${CMAKE_PREFIX_PATH}:/mnt/d/Documentos/PUC-Rio/Maestrado/ELE2363/ros2_ws/install/turtlesim_test:/mnt/d/Documentos/PUC-Rio/Maestrado/ELE2363/ros2_ws/install/turtlesim_control:/mnt/d/Documentos/PUC-Rio/Maestrado/ELE2363/ros2_ws/install/gpg_virtual:/mnt/d/Documentos/PUC-Rio/Maestrado/ELE2363/ros2_ws/install/gpg_urdf:/mnt/d/Documentos/PUC-Rio/Maestrado/ELE2363/Optimization_based_robotics/install/Optimization_module:/opt/ros/jazzy /usr/bin/cmake --install /mnt/d/Documentos/PUC-Rio/Maestrado/ELE2363/Optimization_based_robotics/build/ob_robotics_interface
[23.677s] Level 1:colcon.colcon_core.environment:create_environment_scripts_only(ob_robotics_interface)
[23.678s] Level 1:colcon.colcon_core.environment:checking '/mnt/d/Documentos/PUC-Rio/Maestrado/ELE2363/Optimization_based_robotics/install/ob_robotics_interface' for CMake module files
[23.678s] DEBUG:colcon.colcon_core.event_handler.log_command:Invoked command in '/mnt/d/Documentos/PUC-Rio/Maestrado/ELE2363/Optimization_based_robotics/build/ob_robotics_interface' returned '0': CMAKE_PREFIX_PATH=${CMAKE_PREFIX_PATH}:/mnt/d/Documentos/PUC-Rio/Maestrado/ELE2363/ros2_ws/install/turtlesim_test:/mnt/d/Documentos/PUC-Rio/Maestrado/ELE2363/ros2_ws/install/turtlesim_control:/mnt/d/Documentos/PUC-Rio/Maestrado/ELE2363/ros2_ws/install/gpg_virtual:/mnt/d/Documentos/PUC-Rio/Maestrado/ELE2363/ros2_ws/install/gpg_urdf:/mnt/d/Documentos/PUC-Rio/Maestrado/ELE2363/Optimization_based_robotics/install/Optimization_module:/opt/ros/jazzy /usr/bin/cmake --install /mnt/d/Documentos/PUC-Rio/Maestrado/ELE2363/Optimization_based_robotics/build/ob_robotics_interface
[23.849s] Level 1:colcon.colcon_core.environment:checking '/mnt/d/Documentos/PUC-Rio/Maestrado/ELE2363/Optimization_based_robotics/install/ob_robotics_interface' for CMake config files
[23.974s] Level 1:colcon.colcon_core.shell:create_environment_hook('ob_robotics_interface', 'cmake_prefix_path')
[23.975s] INFO:colcon.colcon_core.shell:Creating environment hook '/mnt/d/Documentos/PUC-Rio/Maestrado/ELE2363/Optimization_based_robotics/install/ob_robotics_interface/share/ob_robotics_interface/hook/cmake_prefix_path.ps1'
[23.985s] INFO:colcon.colcon_core.shell:Creating environment descriptor '/mnt/d/Documentos/PUC-Rio/Maestrado/ELE2363/Optimization_based_robotics/install/ob_robotics_interface/share/ob_robotics_interface/hook/cmake_prefix_path.dsv'
[23.996s] INFO:colcon.colcon_core.shell:Creating environment hook '/mnt/d/Documentos/PUC-Rio/Maestrado/ELE2363/Optimization_based_robotics/install/ob_robotics_interface/share/ob_robotics_interface/hook/cmake_prefix_path.sh'
[24.011s] Level 1:colcon.colcon_core.environment:checking '/mnt/d/Documentos/PUC-Rio/Maestrado/ELE2363/Optimization_based_robotics/install/ob_robotics_interface/lib'
[24.015s] Level 1:colcon.colcon_core.shell:create_environment_hook('ob_robotics_interface', 'ld_library_path_lib')
[24.016s] INFO:colcon.colcon_core.shell:Creating environment hook '/mnt/d/Documentos/PUC-Rio/Maestrado/ELE2363/Optimization_based_robotics/install/ob_robotics_interface/share/ob_robotics_interface/hook/ld_library_path_lib.ps1'
[24.026s] INFO:colcon.colcon_core.shell:Creating environment descriptor '/mnt/d/Documentos/PUC-Rio/Maestrado/ELE2363/Optimization_based_robotics/install/ob_robotics_interface/share/ob_robotics_interface/hook/ld_library_path_lib.dsv'
[24.041s] INFO:colcon.colcon_core.shell:Creating environment hook '/mnt/d/Documentos/PUC-Rio/Maestrado/ELE2363/Optimization_based_robotics/install/ob_robotics_interface/share/ob_robotics_interface/hook/ld_library_path_lib.sh'
[24.054s] Level 1:colcon.colcon_core.environment:checking '/mnt/d/Documentos/PUC-Rio/Maestrado/ELE2363/Optimization_based_robotics/install/ob_robotics_interface/bin'
[24.055s] Level 1:colcon.colcon_core.environment:checking '/mnt/d/Documentos/PUC-Rio/Maestrado/ELE2363/Optimization_based_robotics/install/ob_robotics_interface/lib/pkgconfig/ob_robotics_interface.pc'
[24.057s] Level 1:colcon.colcon_core.environment:checking '/mnt/d/Documentos/PUC-Rio/Maestrado/ELE2363/Optimization_based_robotics/install/ob_robotics_interface/lib/python3.12/site-packages'
[24.059s] Level 1:colcon.colcon_core.shell:create_environment_hook('ob_robotics_interface', 'pythonpath')
[24.059s] INFO:colcon.colcon_core.shell:Creating environment hook '/mnt/d/Documentos/PUC-Rio/Maestrado/ELE2363/Optimization_based_robotics/install/ob_robotics_interface/share/ob_robotics_interface/hook/pythonpath.ps1'
[24.071s] INFO:colcon.colcon_core.shell:Creating environment descriptor '/mnt/d/Documentos/PUC-Rio/Maestrado/ELE2363/Optimization_based_robotics/install/ob_robotics_interface/share/ob_robotics_interface/hook/pythonpath.dsv'
[24.082s] INFO:colcon.colcon_core.shell:Creating environment hook '/mnt/d/Documentos/PUC-Rio/Maestrado/ELE2363/Optimization_based_robotics/install/ob_robotics_interface/share/ob_robotics_interface/hook/pythonpath.sh'
[24.094s] Level 1:colcon.colcon_core.environment:checking '/mnt/d/Documentos/PUC-Rio/Maestrado/ELE2363/Optimization_based_robotics/install/ob_robotics_interface/bin'
[24.096s] INFO:colcon.colcon_core.shell:Creating package script '/mnt/d/Documentos/PUC-Rio/Maestrado/ELE2363/Optimization_based_robotics/install/ob_robotics_interface/share/ob_robotics_interface/package.ps1'
[24.106s] INFO:colcon.colcon_core.shell:Creating package descriptor '/mnt/d/Documentos/PUC-Rio/Maestrado/ELE2363/Optimization_based_robotics/install/ob_robotics_interface/share/ob_robotics_interface/package.dsv'
[24.116s] INFO:colcon.colcon_core.shell:Creating package script '/mnt/d/Documentos/PUC-Rio/Maestrado/ELE2363/Optimization_based_robotics/install/ob_robotics_interface/share/ob_robotics_interface/package.sh'
[24.131s] INFO:colcon.colcon_core.shell:Creating package script '/mnt/d/Documentos/PUC-Rio/Maestrado/ELE2363/Optimization_based_robotics/install/ob_robotics_interface/share/ob_robotics_interface/package.bash'
[24.143s] INFO:colcon.colcon_core.shell:Creating package script '/mnt/d/Documentos/PUC-Rio/Maestrado/ELE2363/Optimization_based_robotics/install/ob_robotics_interface/share/ob_robotics_interface/package.zsh'
[24.154s] Level 1:colcon.colcon_core.environment:create_file_with_runtime_dependencies(/mnt/d/Documentos/PUC-Rio/Maestrado/ELE2363/Optimization_based_robotics/install/ob_robotics_interface/share/colcon-core/packages/ob_robotics_interface)
[29.876s] Level 1:colcon.colcon_core.environment:create_environment_scripts_only(ob_robotics_interface)
[29.876s] Level 1:colcon.colcon_core.environment:checking '/mnt/d/Documentos/PUC-Rio/Maestrado/ELE2363/Optimization_based_robotics/install/ob_robotics_interface' for CMake module files
[30.045s] Level 1:colcon.colcon_core.environment:checking '/mnt/d/Documentos/PUC-Rio/Maestrado/ELE2363/Optimization_based_robotics/install/ob_robotics_interface' for CMake config files
[30.165s] Level 1:colcon.colcon_core.shell:create_environment_hook('ob_robotics_interface', 'cmake_prefix_path')
[30.165s] INFO:colcon.colcon_core.shell:Creating environment hook '/mnt/d/Documentos/PUC-Rio/Maestrado/ELE2363/Optimization_based_robotics/install/ob_robotics_interface/share/ob_robotics_interface/hook/cmake_prefix_path.ps1'
[30.176s] INFO:colcon.colcon_core.shell:Creating environment descriptor '/mnt/d/Documentos/PUC-Rio/Maestrado/ELE2363/Optimization_based_robotics/install/ob_robotics_interface/share/ob_robotics_interface/hook/cmake_prefix_path.dsv'
[30.188s] INFO:colcon.colcon_core.shell:Creating environment hook '/mnt/d/Documentos/PUC-Rio/Maestrado/ELE2363/Optimization_based_robotics/install/ob_robotics_interface/share/ob_robotics_interface/hook/cmake_prefix_path.sh'
[30.202s] Level 1:colcon.colcon_core.environment:checking '/mnt/d/Documentos/PUC-Rio/Maestrado/ELE2363/Optimization_based_robotics/install/ob_robotics_interface/lib'
[30.206s] Level 1:colcon.colcon_core.shell:create_environment_hook('ob_robotics_interface', 'ld_library_path_lib')
[30.206s] INFO:colcon.colcon_core.shell:Creating environment hook '/mnt/d/Documentos/PUC-Rio/Maestrado/ELE2363/Optimization_based_robotics/install/ob_robotics_interface/share/ob_robotics_interface/hook/ld_library_path_lib.ps1'
[30.217s] INFO:colcon.colcon_core.shell:Creating environment descriptor '/mnt/d/Documentos/PUC-Rio/Maestrado/ELE2363/Optimization_based_robotics/install/ob_robotics_interface/share/ob_robotics_interface/hook/ld_library_path_lib.dsv'
[30.228s] INFO:colcon.colcon_core.shell:Creating environment hook '/mnt/d/Documentos/PUC-Rio/Maestrado/ELE2363/Optimization_based_robotics/install/ob_robotics_interface/share/ob_robotics_interface/hook/ld_library_path_lib.sh'
[30.240s] Level 1:colcon.colcon_core.environment:checking '/mnt/d/Documentos/PUC-Rio/Maestrado/ELE2363/Optimization_based_robotics/install/ob_robotics_interface/bin'
[30.241s] Level 1:colcon.colcon_core.environment:checking '/mnt/d/Documentos/PUC-Rio/Maestrado/ELE2363/Optimization_based_robotics/install/ob_robotics_interface/lib/pkgconfig/ob_robotics_interface.pc'
[30.243s] Level 1:colcon.colcon_core.environment:checking '/mnt/d/Documentos/PUC-Rio/Maestrado/ELE2363/Optimization_based_robotics/install/ob_robotics_interface/lib/python3.12/site-packages'
[30.245s] Level 1:colcon.colcon_core.shell:create_environment_hook('ob_robotics_interface', 'pythonpath')
[30.245s] INFO:colcon.colcon_core.shell:Creating environment hook '/mnt/d/Documentos/PUC-Rio/Maestrado/ELE2363/Optimization_based_robotics/install/ob_robotics_interface/share/ob_robotics_interface/hook/pythonpath.ps1'
[30.256s] INFO:colcon.colcon_core.shell:Creating environment descriptor '/mnt/d/Documentos/PUC-Rio/Maestrado/ELE2363/Optimization_based_robotics/install/ob_robotics_interface/share/ob_robotics_interface/hook/pythonpath.dsv'
[30.269s] INFO:colcon.colcon_core.shell:Creating environment hook '/mnt/d/Documentos/PUC-Rio/Maestrado/ELE2363/Optimization_based_robotics/install/ob_robotics_interface/share/ob_robotics_interface/hook/pythonpath.sh'
[30.281s] Level 1:colcon.colcon_core.environment:checking '/mnt/d/Documentos/PUC-Rio/Maestrado/ELE2363/Optimization_based_robotics/install/ob_robotics_interface/bin'
[30.283s] INFO:colcon.colcon_core.shell:Creating package script '/mnt/d/Documentos/PUC-Rio/Maestrado/ELE2363/Optimization_based_robotics/install/ob_robotics_interface/share/ob_robotics_interface/package.ps1'
[30.293s] INFO:colcon.colcon_core.shell:Creating package descriptor '/mnt/d/Documentos/PUC-Rio/Maestrado/ELE2363/Optimization_based_robotics/install/ob_robotics_interface/share/ob_robotics_interface/package.dsv'
[30.302s] INFO:colcon.colcon_core.shell:Creating package script '/mnt/d/Documentos/PUC-Rio/Maestrado/ELE2363/Optimization_based_robotics/install/ob_robotics_interface/share/ob_robotics_interface/package.sh'
[30.313s] INFO:colcon.colcon_core.shell:Creating package script '/mnt/d/Documentos/PUC-Rio/Maestrado/ELE2363/Optimization_based_robotics/install/ob_robotics_interface/share/ob_robotics_interface/package.bash'
[30.324s] INFO:colcon.colcon_core.shell:Creating package script '/mnt/d/Documentos/PUC-Rio/Maestrado/ELE2363/Optimization_based_robotics/install/ob_robotics_interface/share/ob_robotics_interface/package.zsh'
[30.337s] Level 1:colcon.colcon_core.environment:create_file_with_runtime_dependencies(/mnt/d/Documentos/PUC-Rio/Maestrado/ELE2363/Optimization_based_robotics/install/ob_robotics_interface/share/colcon-core/packages/ob_robotics_interface)
[30.349s] DEBUG:colcon.colcon_parallel_executor.executor.parallel:closing loop
[30.349s] DEBUG:colcon.colcon_parallel_executor.executor.parallel:loop closed
[30.350s] DEBUG:colcon.colcon_parallel_executor.executor.parallel:run_until_complete finished with '0'
[30.350s] DEBUG:colcon.colcon_core.event_reactor:joining thread
[30.553s] INFO:colcon.colcon_core.plugin_system:Skipping extension 'colcon_notification.desktop_notification.notify_send': Could not find 'notify-send'
[30.554s] INFO:colcon.colcon_core.plugin_system:Skipping extension 'colcon_notification.desktop_notification.terminal_notifier': Not used on non-Darwin systems
[30.554s] INFO:colcon.colcon_core.plugin_system:Skipping extension 'colcon_notification.desktop_notification.win32': Not used on non-Windows systems
[30.554s] INFO:colcon.colcon_notification.desktop_notification:Sending desktop notification using 'notify2'
[30.557s] DEBUG:colcon.colcon_notification.desktop_notification.notify2:Failed to initialize notify2: org.freedesktop.DBus.Error.ServiceUnknown: The name org.freedesktop.Notifications was not provided by any .service files
[30.557s] DEBUG:colcon.colcon_core.event_reactor:joined thread
[30.557s] INFO:colcon.colcon_core.shell:Creating prefix script '/mnt/d/Documentos/PUC-Rio/Maestrado/ELE2363/Optimization_based_robotics/install/local_setup.ps1'
[30.565s] INFO:colcon.colcon_core.shell:Creating prefix util module '/mnt/d/Documentos/PUC-Rio/Maestrado/ELE2363/Optimization_based_robotics/install/_local_setup_util_ps1.py'
[30.573s] INFO:colcon.colcon_core.shell:Creating prefix chain script '/mnt/d/Documentos/PUC-Rio/Maestrado/ELE2363/Optimization_based_robotics/install/setup.ps1'
[30.645s] INFO:colcon.colcon_core.shell:Creating prefix script '/mnt/d/Documentos/PUC-Rio/Maestrado/ELE2363/Optimization_based_robotics/install/local_setup.sh'
[30.650s] INFO:colcon.colcon_core.shell:Creating prefix util module '/mnt/d/Documentos/PUC-Rio/Maestrado/ELE2363/Optimization_based_robotics/install/_local_setup_util_sh.py'
[30.656s] INFO:colcon.colcon_core.shell:Creating prefix chain script '/mnt/d/Documentos/PUC-Rio/Maestrado/ELE2363/Optimization_based_robotics/install/setup.sh'
[30.728s] INFO:colcon.colcon_core.shell:Creating prefix script '/mnt/d/Documentos/PUC-Rio/Maestrado/ELE2363/Optimization_based_robotics/install/local_setup.bash'
[30.733s] INFO:colcon.colcon_core.shell:Creating prefix chain script '/mnt/d/Documentos/PUC-Rio/Maestrado/ELE2363/Optimization_based_robotics/install/setup.bash'
[30.810s] INFO:colcon.colcon_core.shell:Creating prefix script '/mnt/d/Documentos/PUC-Rio/Maestrado/ELE2363/Optimization_based_robotics/install/local_setup.zsh'
[30.816s] INFO:colcon.colcon_core.shell:Creating prefix chain script '/mnt/d/Documentos/PUC-Rio/Maestrado/ELE2363/Optimization_based_robotics/install/setup.zsh'
