[2.096s] DEBUG:colcon:Command line arguments: ['/usr/bin/colcon', 'build']
[2.096s] DEBUG:colcon:Parsed command line arguments: Namespace(log_base=None, log_level=None, verb_name='build', build_base='build', install_base='install', merge_install=False, symlink_install=False, test_result_base=None, continue_on_error=False, executor='parallel', parallel_workers=12, event_handlers=None, ignore_user_meta=False, metas=['./colcon.meta'], base_paths=['.'], packages_ignore=None, packages_ignore_regex=None, paths=None, packages_up_to=None, packages_up_to_regex=None, packages_above=None, packages_above_and_dependencies=None, packages_above_depth=None, packages_select_by_dep=None, packages_skip_by_dep=None, packages_skip_up_to=None, packages_select_build_failed=False, packages_skip_build_finished=False, packages_select_test_failures=False, packages_skip_test_passed=False, packages_select=None, packages_skip=None, packages_select_regex=None, packages_skip_regex=None, packages_start=None, packages_end=None, allow_overriding=[], cmake_args=None, cmake_target=None, cmake_target_skip_unavailable=False, cmake_clean_cache=False, cmake_clean_first=False, cmake_force_configure=False, ament_cmake_args=None, catkin_cmake_args=None, catkin_skip_building_tests=False, mixin_files=None, mixin=None, verb_parser=<colcon_mixin.mixin.mixin_argument.MixinArgumentDecorator object at 0x7f3dec8d12b0>, verb_extension=<colcon_core.verb.build.BuildVerb object at 0x7f3dec8d0b60>, main=<bound method BuildVerb.main of <colcon_core.verb.build.BuildVerb object at 0x7f3dec8d0b60>>, mixin_verb=('build',))
[2.358s] Level 1:colcon.colcon_core.package_discovery:discover_packages(colcon_meta) check parameters
[2.359s] Level 1:colcon.colcon_core.package_discovery:discover_packages(recursive) check parameters
[2.359s] Level 1:colcon.colcon_core.package_discovery:discover_packages(ignore) check parameters
[2.360s] Level 1:colcon.colcon_core.package_discovery:discover_packages(path) check parameters
[2.360s] Level 1:colcon.colcon_core.package_discovery:discover_packages(colcon_meta) discover
[2.360s] Level 1:colcon.colcon_core.package_discovery:discover_packages(recursive) discover
[2.361s] INFO:colcon.colcon_core.package_discovery:Crawling recursively for packages in '/mnt/d/Documentos/PUC-Rio/Maestrado/ELE2363/Optimization_based_robotics'
[2.362s] Level 1:colcon.colcon_core.package_identification:_identify(.) by extensions ['ignore', 'ignore_ament_install']
[2.363s] Level 1:colcon.colcon_core.package_identification:_identify(.) by extension 'ignore'
[2.363s] Level 1:colcon.colcon_core.package_identification:_identify(.) by extension 'ignore_ament_install'
[2.364s] Level 1:colcon.colcon_core.package_identification:_identify(.) by extensions ['colcon_pkg']
[2.364s] Level 1:colcon.colcon_core.package_identification:_identify(.) by extension 'colcon_pkg'
[2.365s] Level 1:colcon.colcon_core.package_identification:_identify(.) by extensions ['colcon_meta']
[2.365s] Level 1:colcon.colcon_core.package_identification:_identify(.) by extension 'colcon_meta'
[2.366s] Level 1:colcon.colcon_core.package_identification:_identify(.) by extensions ['ros']
[2.366s] Level 1:colcon.colcon_core.package_identification:_identify(.) by extension 'ros'
[2.536s] Level 1:colcon.colcon_core.package_identification:_identify(.) by extensions ['cmake', 'python']
[2.536s] Level 1:colcon.colcon_core.package_identification:_identify(.) by extension 'cmake'
[2.537s] Level 1:colcon.colcon_core.package_identification:_identify(.) by extension 'python'
[2.538s] Level 1:colcon.colcon_core.package_identification:_identify(.) by extensions ['python_setup_py']
[2.539s] Level 1:colcon.colcon_core.package_identification:_identify(.) by extension 'python_setup_py'
[2.544s] Level 1:colcon.colcon_core.package_identification:_identify(build) by extensions ['ignore', 'ignore_ament_install']
[2.545s] Level 1:colcon.colcon_core.package_identification:_identify(build) by extension 'ignore'
[2.547s] Level 1:colcon.colcon_core.package_identification:_identify(build) ignored
[2.550s] Level 1:colcon.colcon_core.package_identification:_identify(install) by extensions ['ignore', 'ignore_ament_install']
[2.551s] Level 1:colcon.colcon_core.package_identification:_identify(install) by extension 'ignore'
[2.552s] Level 1:colcon.colcon_core.package_identification:_identify(install) ignored
[2.558s] Level 1:colcon.colcon_core.package_identification:_identify(log) by extensions ['ignore', 'ignore_ament_install']
[2.558s] Level 1:colcon.colcon_core.package_identification:_identify(log) by extension 'ignore'
[2.560s] Level 1:colcon.colcon_core.package_identification:_identify(log) ignored
[2.564s] Level 1:colcon.colcon_core.package_identification:_identify(src) by extensions ['ignore', 'ignore_ament_install']
[2.564s] Level 1:colcon.colcon_core.package_identification:_identify(src) by extension 'ignore'
[2.566s] Level 1:colcon.colcon_core.package_identification:_identify(src) by extension 'ignore_ament_install'
[2.569s] Level 1:colcon.colcon_core.package_identification:_identify(src) by extensions ['colcon_pkg']
[2.569s] Level 1:colcon.colcon_core.package_identification:_identify(src) by extension 'colcon_pkg'
[2.571s] Level 1:colcon.colcon_core.package_identification:_identify(src) by extensions ['colcon_meta']
[2.573s] Level 1:colcon.colcon_core.package_identification:_identify(src) by extension 'colcon_meta'
[2.574s] Level 1:colcon.colcon_core.package_identification:_identify(src) by extensions ['ros']
[2.574s] Level 1:colcon.colcon_core.package_identification:_identify(src) by extension 'ros'
[2.579s] Level 1:colcon.colcon_core.package_identification:_identify(src) by extensions ['cmake', 'python']
[2.579s] Level 1:colcon.colcon_core.package_identification:_identify(src) by extension 'cmake'
[2.580s] Level 1:colcon.colcon_core.package_identification:_identify(src) by extension 'python'
[2.581s] Level 1:colcon.colcon_core.package_identification:_identify(src) by extensions ['python_setup_py']
[2.582s] Level 1:colcon.colcon_core.package_identification:_identify(src) by extension 'python_setup_py'
[2.591s] Level 1:colcon.colcon_core.package_identification:_identify(src/Optimization_module) by extensions ['ignore', 'ignore_ament_install']
[2.591s] Level 1:colcon.colcon_core.package_identification:_identify(src/Optimization_module) by extension 'ignore'
[2.593s] Level 1:colcon.colcon_core.package_identification:_identify(src/Optimization_module) by extension 'ignore_ament_install'
[2.598s] Level 1:colcon.colcon_core.package_identification:_identify(src/Optimization_module) by extensions ['colcon_pkg']
[2.599s] Level 1:colcon.colcon_core.package_identification:_identify(src/Optimization_module) by extension 'colcon_pkg'
[2.601s] Level 1:colcon.colcon_core.package_identification:_identify(src/Optimization_module) by extensions ['colcon_meta']
[2.602s] Level 1:colcon.colcon_core.package_identification:_identify(src/Optimization_module) by extension 'colcon_meta'
[2.605s] Level 1:colcon.colcon_core.package_identification:_identify(src/Optimization_module) by extensions ['ros']
[2.605s] Level 1:colcon.colcon_core.package_identification:_identify(src/Optimization_module) by extension 'ros'
[2.628s] DEBUG:colcon.colcon_core.package_identification:Package 'src/Optimization_module' with type 'ros.ament_python' and name 'Optimization_module'
[2.635s] Level 1:colcon.colcon_core.package_identification:_identify(src/ob_robotics_interface) by extensions ['ignore', 'ignore_ament_install']
[2.636s] Level 1:colcon.colcon_core.package_identification:_identify(src/ob_robotics_interface) by extension 'ignore'
[2.638s] Level 1:colcon.colcon_core.package_identification:_identify(src/ob_robotics_interface) by extension 'ignore_ament_install'
[2.642s] Level 1:colcon.colcon_core.package_identification:_identify(src/ob_robotics_interface) by extensions ['colcon_pkg']
[2.642s] Level 1:colcon.colcon_core.package_identification:_identify(src/ob_robotics_interface) by extension 'colcon_pkg'
[2.645s] Level 1:colcon.colcon_core.package_identification:_identify(src/ob_robotics_interface) by extensions ['colcon_meta']
[2.645s] Level 1:colcon.colcon_core.package_identification:_identify(src/ob_robotics_interface) by extension 'colcon_meta'
[2.648s] Level 1:colcon.colcon_core.package_identification:_identify(src/ob_robotics_interface) by extensions ['ros']
[2.648s] Level 1:colcon.colcon_core.package_identification:_identify(src/ob_robotics_interface) by extension 'ros'
[2.671s] DEBUG:colcon.colcon_core.package_identification:Package 'src/ob_robotics_interface' with type 'ros.ament_cmake' and name 'ob_robotics_interface'
[2.672s] Level 1:colcon.colcon_core.package_discovery:discover_packages(recursive) using defaults
[2.672s] Level 1:colcon.colcon_core.package_discovery:discover_packages(ignore) discover
[2.673s] Level 1:colcon.colcon_core.package_discovery:discover_packages(ignore) using defaults
[2.673s] Level 1:colcon.colcon_core.package_discovery:discover_packages(path) discover
[2.674s] Level 1:colcon.colcon_core.package_discovery:discover_packages(path) using defaults
[3.033s] Level 1:colcon.colcon_core.package_discovery:discover_packages(prefix_path) check parameters
[3.034s] Level 1:colcon.colcon_core.package_discovery:discover_packages(prefix_path) discover
[3.152s] DEBUG:colcon.colcon_installed_package_information.package_discovery:Found 2 installed packages in /mnt/d/Documentos/PUC-Rio/Maestrado/ELE2363/Optimization_based_robotics/install
[3.237s] DEBUG:colcon.colcon_installed_package_information.package_discovery:Found 7 installed packages in /mnt/d/Documentos/PUC-Rio/Maestrado/ELE2363/ros2_ws/install
[3.240s] DEBUG:colcon.colcon_installed_package_information.package_discovery:Found 358 installed packages in /opt/ros/jazzy
[3.244s] Level 1:colcon.colcon_core.package_discovery:discover_packages(prefix_path) using defaults
[3.495s] Level 5:colcon.colcon_core.verb:set package 'Optimization_module' build argument 'cmake_args' from command line to 'None'
[3.496s] Level 5:colcon.colcon_core.verb:set package 'Optimization_module' build argument 'cmake_target' from command line to 'None'
[3.496s] Level 5:colcon.colcon_core.verb:set package 'Optimization_module' build argument 'cmake_target_skip_unavailable' from command line to 'False'
[3.496s] Level 5:colcon.colcon_core.verb:set package 'Optimization_module' build argument 'cmake_clean_cache' from command line to 'False'
[3.497s] Level 5:colcon.colcon_core.verb:set package 'Optimization_module' build argument 'cmake_clean_first' from command line to 'False'
[3.497s] Level 5:colcon.colcon_core.verb:set package 'Optimization_module' build argument 'cmake_force_configure' from command line to 'False'
[3.498s] Level 5:colcon.colcon_core.verb:set package 'Optimization_module' build argument 'ament_cmake_args' from command line to 'None'
[3.498s] Level 5:colcon.colcon_core.verb:set package 'Optimization_module' build argument 'catkin_cmake_args' from command line to 'None'
[3.498s] Level 5:colcon.colcon_core.verb:set package 'Optimization_module' build argument 'catkin_skip_building_tests' from command line to 'False'
[3.499s] DEBUG:colcon.colcon_core.verb:Building package 'Optimization_module' with the following arguments: {'ament_cmake_args': None, 'build_base': '/mnt/d/Documentos/PUC-Rio/Maestrado/ELE2363/Optimization_based_robotics/build/Optimization_module', 'catkin_cmake_args': None, 'catkin_skip_building_tests': False, 'cmake_args': None, 'cmake_clean_cache': False, 'cmake_clean_first': False, 'cmake_force_configure': False, 'cmake_target': None, 'cmake_target_skip_unavailable': False, 'install_base': '/mnt/d/Documentos/PUC-Rio/Maestrado/ELE2363/Optimization_based_robotics/install/Optimization_module', 'merge_install': False, 'path': '/mnt/d/Documentos/PUC-Rio/Maestrado/ELE2363/Optimization_based_robotics/src/Optimization_module', 'symlink_install': False, 'test_result_base': None}
[3.500s] Level 5:colcon.colcon_core.verb:set package 'ob_robotics_interface' build argument 'cmake_args' from command line to 'None'
[3.500s] Level 5:colcon.colcon_core.verb:set package 'ob_robotics_interface' build argument 'cmake_target' from command line to 'None'
[3.501s] Level 5:colcon.colcon_core.verb:set package 'ob_robotics_interface' build argument 'cmake_target_skip_unavailable' from command line to 'False'
[3.501s] Level 5:colcon.colcon_core.verb:set package 'ob_robotics_interface' build argument 'cmake_clean_cache' from command line to 'False'
[3.501s] Level 5:colcon.colcon_core.verb:set package 'ob_robotics_interface' build argument 'cmake_clean_first' from command line to 'False'
[3.502s] Level 5:colcon.colcon_core.verb:set package 'ob_robotics_interface' build argument 'cmake_force_configure' from command line to 'False'
[3.502s] Level 5:colcon.colcon_core.verb:set package 'ob_robotics_interface' build argument 'ament_cmake_args' from command line to 'None'
[3.502s] Level 5:colcon.colcon_core.verb:set package 'ob_robotics_interface' build argument 'catkin_cmake_args' from command line to 'None'
[3.503s] Level 5:colcon.colcon_core.verb:set package 'ob_robotics_interface' build argument 'catkin_skip_building_tests' from command line to 'False'
[3.503s] DEBUG:colcon.colcon_core.verb:Building package 'ob_robotics_interface' with the following arguments: {'ament_cmake_args': None, 'build_base': '/mnt/d/Documentos/PUC-Rio/Maestrado/ELE2363/Optimization_based_robotics/build/ob_robotics_interface', 'catkin_cmake_args': None, 'catkin_skip_building_tests': False, 'cmake_args': None, 'cmake_clean_cache': False, 'cmake_clean_first': False, 'cmake_force_configure': False, 'cmake_target': None, 'cmake_target_skip_unavailable': False, 'install_base': '/mnt/d/Documentos/PUC-Rio/Maestrado/ELE2363/Optimization_based_robotics/install/ob_robotics_interface', 'merge_install': False, 'path': '/mnt/d/Documentos/PUC-Rio/Maestrado/ELE2363/Optimization_based_robotics/src/ob_robotics_interface', 'symlink_install': False, 'test_result_base': None}
[3.503s] INFO:colcon.colcon_core.executor:Executing jobs using 'parallel' executor
[3.505s] DEBUG:colcon.colcon_parallel_executor.executor.parallel:run_until_complete
[3.505s] INFO:colcon.colcon_ros.task.ament_python.build:Building ROS package in '/mnt/d/Documentos/PUC-Rio/Maestrado/ELE2363/Optimization_based_robotics/src/Optimization_module' with build type 'ament_python'
[3.506s] Level 1:colcon.colcon_core.shell:create_environment_hook('Optimization_module', 'ament_prefix_path')
[3.563s] INFO:colcon.colcon_core.plugin_system:Skipping extension 'colcon_core.shell.bat': Not used on non-Windows systems
[3.564s] INFO:colcon.colcon_core.shell:Creating environment hook '/mnt/d/Documentos/PUC-Rio/Maestrado/ELE2363/Optimization_based_robotics/install/Optimization_module/share/Optimization_module/hook/ament_prefix_path.ps1'
[3.586s] INFO:colcon.colcon_core.shell:Creating environment descriptor '/mnt/d/Documentos/PUC-Rio/Maestrado/ELE2363/Optimization_based_robotics/install/Optimization_module/share/Optimization_module/hook/ament_prefix_path.dsv'
[3.609s] INFO:colcon.colcon_core.shell:Creating environment hook '/mnt/d/Documentos/PUC-Rio/Maestrado/ELE2363/Optimization_based_robotics/install/Optimization_module/share/Optimization_module/hook/ament_prefix_path.sh'
[3.634s] INFO:colcon.colcon_core.shell:Skip shell extension 'powershell' for command environment: Not usable outside of PowerShell
[3.635s] DEBUG:colcon.colcon_core.shell:Skip shell extension 'dsv' for command environment
[3.881s] INFO:colcon.colcon_ros.task.ament_cmake.build:Building ROS package in '/mnt/d/Documentos/PUC-Rio/Maestrado/ELE2363/Optimization_based_robotics/src/ob_robotics_interface' with build type 'ament_cmake'
[3.882s] INFO:colcon.colcon_cmake.task.cmake.build:Building CMake package in '/mnt/d/Documentos/PUC-Rio/Maestrado/ELE2363/Optimization_based_robotics/src/ob_robotics_interface'
[3.883s] INFO:colcon.colcon_core.shell:Skip shell extension 'powershell' for command environment: Not usable outside of PowerShell
[3.884s] DEBUG:colcon.colcon_core.shell:Skip shell extension 'dsv' for command environment
[7.604s] INFO:colcon.colcon_core.task.python.build:Building Python package in '/mnt/d/Documentos/PUC-Rio/Maestrado/ELE2363/Optimization_based_robotics/src/Optimization_module'
[7.604s] INFO:colcon.colcon_core.shell:Skip shell extension 'powershell' for command environment: Not usable outside of PowerShell
[7.605s] DEBUG:colcon.colcon_core.shell:Skip shell extension 'dsv' for command environment
[7.965s] DEBUG:colcon.colcon_core.event_handler.log_command:Invoking command in '/mnt/d/Documentos/PUC-Rio/Maestrado/ELE2363/Optimization_based_robotics/build/ob_robotics_interface': CMAKE_PREFIX_PATH=${CMAKE_PREFIX_PATH}:/mnt/d/Documentos/PUC-Rio/Maestrado/ELE2363/Optimization_based_robotics/install/Optimization_module:/mnt/d/Documentos/PUC-Rio/Maestrado/ELE2363/ros2_ws/install/turtlesim_test:/mnt/d/Documentos/PUC-Rio/Maestrado/ELE2363/ros2_ws/install/turtlesim_control:/mnt/d/Documentos/PUC-Rio/Maestrado/ELE2363/ros2_ws/install/gpg_virtual:/mnt/d/Documentos/PUC-Rio/Maestrado/ELE2363/ros2_ws/install/gpg_urdf:/opt/ros/jazzy /usr/bin/cmake --build /mnt/d/Documentos/PUC-Rio/Maestrado/ELE2363/Optimization_based_robotics/build/ob_robotics_interface -- -j12 -l12
[17.460s] DEBUG:colcon.colcon_core.event_handler.log_command:Invoking command in '/mnt/d/Documentos/PUC-Rio/Maestrado/ELE2363/Optimization_based_robotics/src/Optimization_module': PYTHONPATH=/mnt/d/Documentos/PUC-Rio/Maestrado/ELE2363/Optimization_based_robotics/build/Optimization_module/prefix_override:/usr/lib/python3/dist-packages/colcon_core/task/python/colcon_distutils_commands:/mnt/d/Documentos/PUC-Rio/Maestrado/ELE2363/Optimization_based_robotics/install/Optimization_module/lib/python3.12/site-packages:${PYTHONPATH} /usr/bin/python3 -W ignore:setup.py install is deprecated setup.py egg_info --egg-base ../../build/Optimization_module build --build-base /mnt/d/Documentos/PUC-Rio/Maestrado/ELE2363/Optimization_based_robotics/build/Optimization_module/build install --record /mnt/d/Documentos/PUC-Rio/Maestrado/ELE2363/Optimization_based_robotics/build/Optimization_module/install.log --single-version-externally-managed install_data
[20.349s] DEBUG:colcon.colcon_core.event_handler.log_command:Invoked command in '/mnt/d/Documentos/PUC-Rio/Maestrado/ELE2363/Optimization_based_robotics/build/ob_robotics_interface' returned '0': CMAKE_PREFIX_PATH=${CMAKE_PREFIX_PATH}:/mnt/d/Documentos/PUC-Rio/Maestrado/ELE2363/Optimization_based_robotics/install/Optimization_module:/mnt/d/Documentos/PUC-Rio/Maestrado/ELE2363/ros2_ws/install/turtlesim_test:/mnt/d/Documentos/PUC-Rio/Maestrado/ELE2363/ros2_ws/install/turtlesim_control:/mnt/d/Documentos/PUC-Rio/Maestrado/ELE2363/ros2_ws/install/gpg_virtual:/mnt/d/Documentos/PUC-Rio/Maestrado/ELE2363/ros2_ws/install/gpg_urdf:/opt/ros/jazzy /usr/bin/cmake --build /mnt/d/Documentos/PUC-Rio/Maestrado/ELE2363/Optimization_based_robotics/build/ob_robotics_interface -- -j12 -l12
[27.060s] DEBUG:colcon.colcon_core.event_handler.log_command:Invoked command in '/mnt/d/Documentos/PUC-Rio/Maestrado/ELE2363/Optimization_based_robotics/src/Optimization_module' returned '0': PYTHONPATH=/mnt/d/Documentos/PUC-Rio/Maestrado/ELE2363/Optimization_based_robotics/build/Optimization_module/prefix_override:/usr/lib/python3/dist-packages/colcon_core/task/python/colcon_distutils_commands:/mnt/d/Documentos/PUC-Rio/Maestrado/ELE2363/Optimization_based_robotics/install/Optimization_module/lib/python3.12/site-packages:${PYTHONPATH} /usr/bin/python3 -W ignore:setup.py install is deprecated setup.py egg_info --egg-base ../../build/Optimization_module build --build-base /mnt/d/Documentos/PUC-Rio/Maestrado/ELE2363/Optimization_based_robotics/build/Optimization_module/build install --record /mnt/d/Documentos/PUC-Rio/Maestrado/ELE2363/Optimization_based_robotics/build/Optimization_module/install.log --single-version-externally-managed install_data
[27.136s] Level 1:colcon.colcon_core.environment:checking '/mnt/d/Documentos/PUC-Rio/Maestrado/ELE2363/Optimization_based_robotics/install/Optimization_module' for CMake module files
[27.239s] Level 1:colcon.colcon_core.environment:checking '/mnt/d/Documentos/PUC-Rio/Maestrado/ELE2363/Optimization_based_robotics/install/Optimization_module' for CMake config files
[27.403s] Level 1:colcon.colcon_core.environment:checking '/mnt/d/Documentos/PUC-Rio/Maestrado/ELE2363/Optimization_based_robotics/install/Optimization_module/lib'
[27.413s] Level 1:colcon.colcon_core.environment:checking '/mnt/d/Documentos/PUC-Rio/Maestrado/ELE2363/Optimization_based_robotics/install/Optimization_module/bin'
[27.416s] Level 1:colcon.colcon_core.environment:checking '/mnt/d/Documentos/PUC-Rio/Maestrado/ELE2363/Optimization_based_robotics/install/Optimization_module/lib/pkgconfig/Optimization_module.pc'
[27.420s] Level 1:colcon.colcon_core.environment:checking '/mnt/d/Documentos/PUC-Rio/Maestrado/ELE2363/Optimization_based_robotics/install/Optimization_module/lib/python3.12/site-packages'
[27.426s] Level 1:colcon.colcon_core.shell:create_environment_hook('Optimization_module', 'pythonpath')
[27.427s] INFO:colcon.colcon_core.shell:Creating environment hook '/mnt/d/Documentos/PUC-Rio/Maestrado/ELE2363/Optimization_based_robotics/install/Optimization_module/share/Optimization_module/hook/pythonpath.ps1'
[27.458s] INFO:colcon.colcon_core.shell:Creating environment descriptor '/mnt/d/Documentos/PUC-Rio/Maestrado/ELE2363/Optimization_based_robotics/install/Optimization_module/share/Optimization_module/hook/pythonpath.dsv'
[27.486s] INFO:colcon.colcon_core.shell:Creating environment hook '/mnt/d/Documentos/PUC-Rio/Maestrado/ELE2363/Optimization_based_robotics/install/Optimization_module/share/Optimization_module/hook/pythonpath.sh'
[27.525s] Level 1:colcon.colcon_core.environment:checking '/mnt/d/Documentos/PUC-Rio/Maestrado/ELE2363/Optimization_based_robotics/install/Optimization_module/bin'
[27.526s] Level 1:colcon.colcon_core.environment:create_environment_scripts_only(Optimization_module)
[27.528s] INFO:colcon.colcon_core.shell:Creating package script '/mnt/d/Documentos/PUC-Rio/Maestrado/ELE2363/Optimization_based_robotics/install/Optimization_module/share/Optimization_module/package.ps1'
[27.556s] INFO:colcon.colcon_core.shell:Creating package descriptor '/mnt/d/Documentos/PUC-Rio/Maestrado/ELE2363/Optimization_based_robotics/install/Optimization_module/share/Optimization_module/package.dsv'
[27.578s] INFO:colcon.colcon_core.shell:Creating package script '/mnt/d/Documentos/PUC-Rio/Maestrado/ELE2363/Optimization_based_robotics/install/Optimization_module/share/Optimization_module/package.sh'
[27.608s] INFO:colcon.colcon_core.shell:Creating package script '/mnt/d/Documentos/PUC-Rio/Maestrado/ELE2363/Optimization_based_robotics/install/Optimization_module/share/Optimization_module/package.bash'
[27.630s] INFO:colcon.colcon_core.shell:Creating package script '/mnt/d/Documentos/PUC-Rio/Maestrado/ELE2363/Optimization_based_robotics/install/Optimization_module/share/Optimization_module/package.zsh'
[27.653s] Level 1:colcon.colcon_core.environment:create_file_with_runtime_dependencies(/mnt/d/Documentos/PUC-Rio/Maestrado/ELE2363/Optimization_based_robotics/install/Optimization_module/share/colcon-core/packages/Optimization_module)
[28.369s] DEBUG:colcon.colcon_core.event_handler.log_command:Invoking command in '/mnt/d/Documentos/PUC-Rio/Maestrado/ELE2363/Optimization_based_robotics/build/ob_robotics_interface': CMAKE_PREFIX_PATH=${CMAKE_PREFIX_PATH}:/mnt/d/Documentos/PUC-Rio/Maestrado/ELE2363/Optimization_based_robotics/install/Optimization_module:/mnt/d/Documentos/PUC-Rio/Maestrado/ELE2363/ros2_ws/install/turtlesim_test:/mnt/d/Documentos/PUC-Rio/Maestrado/ELE2363/ros2_ws/install/turtlesim_control:/mnt/d/Documentos/PUC-Rio/Maestrado/ELE2363/ros2_ws/install/gpg_virtual:/mnt/d/Documentos/PUC-Rio/Maestrado/ELE2363/ros2_ws/install/gpg_urdf:/opt/ros/jazzy /usr/bin/cmake --install /mnt/d/Documentos/PUC-Rio/Maestrado/ELE2363/Optimization_based_robotics/build/ob_robotics_interface
[41.234s] Level 1:colcon.colcon_core.environment:create_environment_scripts_only(ob_robotics_interface)
[41.235s] Level 1:colcon.colcon_core.environment:checking '/mnt/d/Documentos/PUC-Rio/Maestrado/ELE2363/Optimization_based_robotics/install/ob_robotics_interface' for CMake module files
[41.236s] DEBUG:colcon.colcon_core.event_handler.log_command:Invoked command in '/mnt/d/Documentos/PUC-Rio/Maestrado/ELE2363/Optimization_based_robotics/build/ob_robotics_interface' returned '0': CMAKE_PREFIX_PATH=${CMAKE_PREFIX_PATH}:/mnt/d/Documentos/PUC-Rio/Maestrado/ELE2363/Optimization_based_robotics/install/Optimization_module:/mnt/d/Documentos/PUC-Rio/Maestrado/ELE2363/ros2_ws/install/turtlesim_test:/mnt/d/Documentos/PUC-Rio/Maestrado/ELE2363/ros2_ws/install/turtlesim_control:/mnt/d/Documentos/PUC-Rio/Maestrado/ELE2363/ros2_ws/install/gpg_virtual:/mnt/d/Documentos/PUC-Rio/Maestrado/ELE2363/ros2_ws/install/gpg_urdf:/opt/ros/jazzy /usr/bin/cmake --install /mnt/d/Documentos/PUC-Rio/Maestrado/ELE2363/Optimization_based_robotics/build/ob_robotics_interface
[41.582s] Level 1:colcon.colcon_core.environment:checking '/mnt/d/Documentos/PUC-Rio/Maestrado/ELE2363/Optimization_based_robotics/install/ob_robotics_interface' for CMake config files
[41.828s] Level 1:colcon.colcon_core.shell:create_environment_hook('ob_robotics_interface', 'cmake_prefix_path')
[41.828s] INFO:colcon.colcon_core.shell:Creating environment hook '/mnt/d/Documentos/PUC-Rio/Maestrado/ELE2363/Optimization_based_robotics/install/ob_robotics_interface/share/ob_robotics_interface/hook/cmake_prefix_path.ps1'
[41.850s] INFO:colcon.colcon_core.shell:Creating environment descriptor '/mnt/d/Documentos/PUC-Rio/Maestrado/ELE2363/Optimization_based_robotics/install/ob_robotics_interface/share/ob_robotics_interface/hook/cmake_prefix_path.dsv'
[41.870s] INFO:colcon.colcon_core.shell:Creating environment hook '/mnt/d/Documentos/PUC-Rio/Maestrado/ELE2363/Optimization_based_robotics/install/ob_robotics_interface/share/ob_robotics_interface/hook/cmake_prefix_path.sh'
[41.896s] Level 1:colcon.colcon_core.environment:checking '/mnt/d/Documentos/PUC-Rio/Maestrado/ELE2363/Optimization_based_robotics/install/ob_robotics_interface/lib'
[41.901s] Level 1:colcon.colcon_core.shell:create_environment_hook('ob_robotics_interface', 'ld_library_path_lib')
[41.902s] INFO:colcon.colcon_core.shell:Creating environment hook '/mnt/d/Documentos/PUC-Rio/Maestrado/ELE2363/Optimization_based_robotics/install/ob_robotics_interface/share/ob_robotics_interface/hook/ld_library_path_lib.ps1'
[41.922s] INFO:colcon.colcon_core.shell:Creating environment descriptor '/mnt/d/Documentos/PUC-Rio/Maestrado/ELE2363/Optimization_based_robotics/install/ob_robotics_interface/share/ob_robotics_interface/hook/ld_library_path_lib.dsv'
[41.940s] INFO:colcon.colcon_core.shell:Creating environment hook '/mnt/d/Documentos/PUC-Rio/Maestrado/ELE2363/Optimization_based_robotics/install/ob_robotics_interface/share/ob_robotics_interface/hook/ld_library_path_lib.sh'
[41.956s] Level 1:colcon.colcon_core.environment:checking '/mnt/d/Documentos/PUC-Rio/Maestrado/ELE2363/Optimization_based_robotics/install/ob_robotics_interface/bin'
[41.957s] Level 1:colcon.colcon_core.environment:checking '/mnt/d/Documentos/PUC-Rio/Maestrado/ELE2363/Optimization_based_robotics/install/ob_robotics_interface/lib/pkgconfig/ob_robotics_interface.pc'
[41.959s] Level 1:colcon.colcon_core.environment:checking '/mnt/d/Documentos/PUC-Rio/Maestrado/ELE2363/Optimization_based_robotics/install/ob_robotics_interface/lib/python3.12/site-packages'
[41.963s] Level 1:colcon.colcon_core.shell:create_environment_hook('ob_robotics_interface', 'pythonpath')
[41.964s] INFO:colcon.colcon_core.shell:Creating environment hook '/mnt/d/Documentos/PUC-Rio/Maestrado/ELE2363/Optimization_based_robotics/install/ob_robotics_interface/share/ob_robotics_interface/hook/pythonpath.ps1'
[41.984s] INFO:colcon.colcon_core.shell:Creating environment descriptor '/mnt/d/Documentos/PUC-Rio/Maestrado/ELE2363/Optimization_based_robotics/install/ob_robotics_interface/share/ob_robotics_interface/hook/pythonpath.dsv'
[42.001s] INFO:colcon.colcon_core.shell:Creating environment hook '/mnt/d/Documentos/PUC-Rio/Maestrado/ELE2363/Optimization_based_robotics/install/ob_robotics_interface/share/ob_robotics_interface/hook/pythonpath.sh'
[42.022s] Level 1:colcon.colcon_core.environment:checking '/mnt/d/Documentos/PUC-Rio/Maestrado/ELE2363/Optimization_based_robotics/install/ob_robotics_interface/bin'
[42.024s] INFO:colcon.colcon_core.shell:Creating package script '/mnt/d/Documentos/PUC-Rio/Maestrado/ELE2363/Optimization_based_robotics/install/ob_robotics_interface/share/ob_robotics_interface/package.ps1'
[42.038s] INFO:colcon.colcon_core.shell:Creating package descriptor '/mnt/d/Documentos/PUC-Rio/Maestrado/ELE2363/Optimization_based_robotics/install/ob_robotics_interface/share/ob_robotics_interface/package.dsv'
[42.054s] INFO:colcon.colcon_core.shell:Creating package script '/mnt/d/Documentos/PUC-Rio/Maestrado/ELE2363/Optimization_based_robotics/install/ob_robotics_interface/share/ob_robotics_interface/package.sh'
[42.071s] INFO:colcon.colcon_core.shell:Creating package script '/mnt/d/Documentos/PUC-Rio/Maestrado/ELE2363/Optimization_based_robotics/install/ob_robotics_interface/share/ob_robotics_interface/package.bash'
[42.087s] INFO:colcon.colcon_core.shell:Creating package script '/mnt/d/Documentos/PUC-Rio/Maestrado/ELE2363/Optimization_based_robotics/install/ob_robotics_interface/share/ob_robotics_interface/package.zsh'
[42.103s] Level 1:colcon.colcon_core.environment:create_file_with_runtime_dependencies(/mnt/d/Documentos/PUC-Rio/Maestrado/ELE2363/Optimization_based_robotics/install/ob_robotics_interface/share/colcon-core/packages/ob_robotics_interface)
[50.248s] Level 1:colcon.colcon_core.environment:create_environment_scripts_only(ob_robotics_interface)
[50.249s] Level 1:colcon.colcon_core.environment:checking '/mnt/d/Documentos/PUC-Rio/Maestrado/ELE2363/Optimization_based_robotics/install/ob_robotics_interface' for CMake module files
[50.545s] Level 1:colcon.colcon_core.environment:checking '/mnt/d/Documentos/PUC-Rio/Maestrado/ELE2363/Optimization_based_robotics/install/ob_robotics_interface' for CMake config files
[50.752s] Level 1:colcon.colcon_core.shell:create_environment_hook('ob_robotics_interface', 'cmake_prefix_path')
[50.753s] INFO:colcon.colcon_core.shell:Creating environment hook '/mnt/d/Documentos/PUC-Rio/Maestrado/ELE2363/Optimization_based_robotics/install/ob_robotics_interface/share/ob_robotics_interface/hook/cmake_prefix_path.ps1'
[50.771s] INFO:colcon.colcon_core.shell:Creating environment descriptor '/mnt/d/Documentos/PUC-Rio/Maestrado/ELE2363/Optimization_based_robotics/install/ob_robotics_interface/share/ob_robotics_interface/hook/cmake_prefix_path.dsv'
[50.789s] INFO:colcon.colcon_core.shell:Creating environment hook '/mnt/d/Documentos/PUC-Rio/Maestrado/ELE2363/Optimization_based_robotics/install/ob_robotics_interface/share/ob_robotics_interface/hook/cmake_prefix_path.sh'
[50.813s] Level 1:colcon.colcon_core.environment:checking '/mnt/d/Documentos/PUC-Rio/Maestrado/ELE2363/Optimization_based_robotics/install/ob_robotics_interface/lib'
[50.819s] Level 1:colcon.colcon_core.shell:create_environment_hook('ob_robotics_interface', 'ld_library_path_lib')
[50.820s] INFO:colcon.colcon_core.shell:Creating environment hook '/mnt/d/Documentos/PUC-Rio/Maestrado/ELE2363/Optimization_based_robotics/install/ob_robotics_interface/share/ob_robotics_interface/hook/ld_library_path_lib.ps1'
[50.844s] INFO:colcon.colcon_core.shell:Creating environment descriptor '/mnt/d/Documentos/PUC-Rio/Maestrado/ELE2363/Optimization_based_robotics/install/ob_robotics_interface/share/ob_robotics_interface/hook/ld_library_path_lib.dsv'
[50.864s] INFO:colcon.colcon_core.shell:Creating environment hook '/mnt/d/Documentos/PUC-Rio/Maestrado/ELE2363/Optimization_based_robotics/install/ob_robotics_interface/share/ob_robotics_interface/hook/ld_library_path_lib.sh'
[50.884s] Level 1:colcon.colcon_core.environment:checking '/mnt/d/Documentos/PUC-Rio/Maestrado/ELE2363/Optimization_based_robotics/install/ob_robotics_interface/bin'
[50.885s] Level 1:colcon.colcon_core.environment:checking '/mnt/d/Documentos/PUC-Rio/Maestrado/ELE2363/Optimization_based_robotics/install/ob_robotics_interface/lib/pkgconfig/ob_robotics_interface.pc'
[50.888s] Level 1:colcon.colcon_core.environment:checking '/mnt/d/Documentos/PUC-Rio/Maestrado/ELE2363/Optimization_based_robotics/install/ob_robotics_interface/lib/python3.12/site-packages'
[50.892s] Level 1:colcon.colcon_core.shell:create_environment_hook('ob_robotics_interface', 'pythonpath')
[50.893s] INFO:colcon.colcon_core.shell:Creating environment hook '/mnt/d/Documentos/PUC-Rio/Maestrado/ELE2363/Optimization_based_robotics/install/ob_robotics_interface/share/ob_robotics_interface/hook/pythonpath.ps1'
[50.916s] INFO:colcon.colcon_core.shell:Creating environment descriptor '/mnt/d/Documentos/PUC-Rio/Maestrado/ELE2363/Optimization_based_robotics/install/ob_robotics_interface/share/ob_robotics_interface/hook/pythonpath.dsv'
[50.935s] INFO:colcon.colcon_core.shell:Creating environment hook '/mnt/d/Documentos/PUC-Rio/Maestrado/ELE2363/Optimization_based_robotics/install/ob_robotics_interface/share/ob_robotics_interface/hook/pythonpath.sh'
[50.952s] Level 1:colcon.colcon_core.environment:checking '/mnt/d/Documentos/PUC-Rio/Maestrado/ELE2363/Optimization_based_robotics/install/ob_robotics_interface/bin'
[50.954s] INFO:colcon.colcon_core.shell:Creating package script '/mnt/d/Documentos/PUC-Rio/Maestrado/ELE2363/Optimization_based_robotics/install/ob_robotics_interface/share/ob_robotics_interface/package.ps1'
[50.972s] INFO:colcon.colcon_core.shell:Creating package descriptor '/mnt/d/Documentos/PUC-Rio/Maestrado/ELE2363/Optimization_based_robotics/install/ob_robotics_interface/share/ob_robotics_interface/package.dsv'
[50.991s] INFO:colcon.colcon_core.shell:Creating package script '/mnt/d/Documentos/PUC-Rio/Maestrado/ELE2363/Optimization_based_robotics/install/ob_robotics_interface/share/ob_robotics_interface/package.sh'
[51.008s] INFO:colcon.colcon_core.shell:Creating package script '/mnt/d/Documentos/PUC-Rio/Maestrado/ELE2363/Optimization_based_robotics/install/ob_robotics_interface/share/ob_robotics_interface/package.bash'
[51.025s] INFO:colcon.colcon_core.shell:Creating package script '/mnt/d/Documentos/PUC-Rio/Maestrado/ELE2363/Optimization_based_robotics/install/ob_robotics_interface/share/ob_robotics_interface/package.zsh'
[51.042s] Level 1:colcon.colcon_core.environment:create_file_with_runtime_dependencies(/mnt/d/Documentos/PUC-Rio/Maestrado/ELE2363/Optimization_based_robotics/install/ob_robotics_interface/share/colcon-core/packages/ob_robotics_interface)
[51.055s] DEBUG:colcon.colcon_parallel_executor.executor.parallel:closing loop
[51.056s] DEBUG:colcon.colcon_parallel_executor.executor.parallel:loop closed
[51.057s] DEBUG:colcon.colcon_parallel_executor.executor.parallel:run_until_complete finished with '0'
[51.057s] DEBUG:colcon.colcon_core.event_reactor:joining thread
[51.357s] INFO:colcon.colcon_core.plugin_system:Skipping extension 'colcon_notification.desktop_notification.notify_send': Could not find 'notify-send'
[51.358s] INFO:colcon.colcon_core.plugin_system:Skipping extension 'colcon_notification.desktop_notification.terminal_notifier': Not used on non-Darwin systems
[51.358s] INFO:colcon.colcon_core.plugin_system:Skipping extension 'colcon_notification.desktop_notification.win32': Not used on non-Windows systems
[51.358s] INFO:colcon.colcon_notification.desktop_notification:Sending desktop notification using 'notify2'
[51.361s] DEBUG:colcon.colcon_notification.desktop_notification.notify2:Failed to initialize notify2: org.freedesktop.DBus.Error.ServiceUnknown: The name org.freedesktop.Notifications was not provided by any .service files
[51.362s] DEBUG:colcon.colcon_core.event_reactor:joined thread
[51.363s] INFO:colcon.colcon_core.shell:Creating prefix script '/mnt/d/Documentos/PUC-Rio/Maestrado/ELE2363/Optimization_based_robotics/install/local_setup.ps1'
[51.369s] INFO:colcon.colcon_core.shell:Creating prefix util module '/mnt/d/Documentos/PUC-Rio/Maestrado/ELE2363/Optimization_based_robotics/install/_local_setup_util_ps1.py'
[51.377s] INFO:colcon.colcon_core.shell:Creating prefix chain script '/mnt/d/Documentos/PUC-Rio/Maestrado/ELE2363/Optimization_based_robotics/install/setup.ps1'
[51.482s] INFO:colcon.colcon_core.shell:Creating prefix script '/mnt/d/Documentos/PUC-Rio/Maestrado/ELE2363/Optimization_based_robotics/install/local_setup.sh'
[51.488s] INFO:colcon.colcon_core.shell:Creating prefix util module '/mnt/d/Documentos/PUC-Rio/Maestrado/ELE2363/Optimization_based_robotics/install/_local_setup_util_sh.py'
[51.495s] INFO:colcon.colcon_core.shell:Creating prefix chain script '/mnt/d/Documentos/PUC-Rio/Maestrado/ELE2363/Optimization_based_robotics/install/setup.sh'
[51.631s] INFO:colcon.colcon_core.shell:Creating prefix script '/mnt/d/Documentos/PUC-Rio/Maestrado/ELE2363/Optimization_based_robotics/install/local_setup.bash'
[51.642s] INFO:colcon.colcon_core.shell:Creating prefix chain script '/mnt/d/Documentos/PUC-Rio/Maestrado/ELE2363/Optimization_based_robotics/install/setup.bash'
[51.768s] INFO:colcon.colcon_core.shell:Creating prefix script '/mnt/d/Documentos/PUC-Rio/Maestrado/ELE2363/Optimization_based_robotics/install/local_setup.zsh'
[51.776s] INFO:colcon.colcon_core.shell:Creating prefix chain script '/mnt/d/Documentos/PUC-Rio/Maestrado/ELE2363/Optimization_based_robotics/install/setup.zsh'
