[0.344s] DEBUG:colcon:Command line arguments: ['/usr/bin/colcon', 'build']
[0.344s] DEBUG:colcon:Parsed command line arguments: Namespace(log_base=None, log_level=None, verb_name='build', build_base='build', install_base='install', merge_install=False, symlink_install=False, test_result_base=None, continue_on_error=False, executor='parallel', parallel_workers=4, event_handlers=None, ignore_user_meta=False, metas=['./colcon.meta'], base_paths=['.'], packages_ignore=None, packages_ignore_regex=None, paths=None, packages_up_to=None, packages_up_to_regex=None, packages_above=None, packages_above_and_dependencies=None, packages_above_depth=None, packages_select_by_dep=None, packages_skip_by_dep=None, packages_skip_up_to=None, packages_select_build_failed=False, packages_skip_build_finished=False, packages_select_test_failures=False, packages_skip_test_passed=False, packages_select=None, packages_skip=None, packages_select_regex=None, packages_skip_regex=None, packages_start=None, packages_end=None, allow_overriding=[], cmake_args=None, cmake_target=None, cmake_target_skip_unavailable=False, cmake_clean_cache=False, cmake_clean_first=False, cmake_force_configure=False, ament_cmake_args=None, catkin_cmake_args=None, catkin_skip_building_tests=False, mixin_files=None, mixin=None, verb_parser=<colcon_mixin.mixin.mixin_argument.MixinArgumentDecorator object at 0x7df031787020>, verb_extension=<colcon_core.verb.build.BuildVerb object at 0x7df031786e10>, main=<bound method BuildVerb.main of <colcon_core.verb.build.BuildVerb object at 0x7df031786e10>>, mixin_verb=('build',))
[0.385s] Level 1:colcon.colcon_core.package_discovery:discover_packages(colcon_meta) check parameters
[0.385s] Level 1:colcon.colcon_core.package_discovery:discover_packages(recursive) check parameters
[0.385s] Level 1:colcon.colcon_core.package_discovery:discover_packages(ignore) check parameters
[0.385s] Level 1:colcon.colcon_core.package_discovery:discover_packages(path) check parameters
[0.386s] Level 1:colcon.colcon_core.package_discovery:discover_packages(colcon_meta) discover
[0.386s] Level 1:colcon.colcon_core.package_discovery:discover_packages(recursive) discover
[0.386s] INFO:colcon.colcon_core.package_discovery:Crawling recursively for packages in '/home/lci/Documents/pj_ws'
[0.386s] Level 1:colcon.colcon_core.package_identification:_identify(.) by extensions ['ignore', 'ignore_ament_install']
[0.386s] Level 1:colcon.colcon_core.package_identification:_identify(.) by extension 'ignore'
[0.386s] Level 1:colcon.colcon_core.package_identification:_identify(.) by extension 'ignore_ament_install'
[0.386s] Level 1:colcon.colcon_core.package_identification:_identify(.) by extensions ['colcon_pkg']
[0.386s] Level 1:colcon.colcon_core.package_identification:_identify(.) by extension 'colcon_pkg'
[0.386s] Level 1:colcon.colcon_core.package_identification:_identify(.) by extensions ['colcon_meta']
[0.386s] Level 1:colcon.colcon_core.package_identification:_identify(.) by extension 'colcon_meta'
[0.386s] Level 1:colcon.colcon_core.package_identification:_identify(.) by extensions ['ros']
[0.386s] Level 1:colcon.colcon_core.package_identification:_identify(.) by extension 'ros'
[0.437s] Level 1:colcon.colcon_core.package_identification:_identify(.) by extensions ['cmake', 'python']
[0.437s] Level 1:colcon.colcon_core.package_identification:_identify(.) by extension 'cmake'
[0.437s] Level 1:colcon.colcon_core.package_identification:_identify(.) by extension 'python'
[0.437s] Level 1:colcon.colcon_core.package_identification:_identify(.) by extensions ['python_setup_py']
[0.437s] Level 1:colcon.colcon_core.package_identification:_identify(.) by extension 'python_setup_py'
[0.437s] Level 1:colcon.colcon_core.package_identification:_identify(build) by extensions ['ignore', 'ignore_ament_install']
[0.437s] Level 1:colcon.colcon_core.package_identification:_identify(build) by extension 'ignore'
[0.437s] Level 1:colcon.colcon_core.package_identification:_identify(build) ignored
[0.437s] Level 1:colcon.colcon_core.package_identification:_identify(install) by extensions ['ignore', 'ignore_ament_install']
[0.437s] Level 1:colcon.colcon_core.package_identification:_identify(install) by extension 'ignore'
[0.437s] Level 1:colcon.colcon_core.package_identification:_identify(install) ignored
[0.437s] Level 1:colcon.colcon_core.package_identification:_identify(log) by extensions ['ignore', 'ignore_ament_install']
[0.438s] Level 1:colcon.colcon_core.package_identification:_identify(log) by extension 'ignore'
[0.438s] Level 1:colcon.colcon_core.package_identification:_identify(log) ignored
[0.438s] Level 1:colcon.colcon_core.package_identification:_identify(src) by extensions ['ignore', 'ignore_ament_install']
[0.438s] Level 1:colcon.colcon_core.package_identification:_identify(src) by extension 'ignore'
[0.438s] Level 1:colcon.colcon_core.package_identification:_identify(src) by extension 'ignore_ament_install'
[0.438s] Level 1:colcon.colcon_core.package_identification:_identify(src) by extensions ['colcon_pkg']
[0.438s] Level 1:colcon.colcon_core.package_identification:_identify(src) by extension 'colcon_pkg'
[0.438s] Level 1:colcon.colcon_core.package_identification:_identify(src) by extensions ['colcon_meta']
[0.438s] Level 1:colcon.colcon_core.package_identification:_identify(src) by extension 'colcon_meta'
[0.438s] Level 1:colcon.colcon_core.package_identification:_identify(src) by extensions ['ros']
[0.438s] Level 1:colcon.colcon_core.package_identification:_identify(src) by extension 'ros'
[0.439s] Level 1:colcon.colcon_core.package_identification:_identify(src) by extensions ['cmake', 'python']
[0.439s] Level 1:colcon.colcon_core.package_identification:_identify(src) by extension 'cmake'
[0.439s] Level 1:colcon.colcon_core.package_identification:_identify(src) by extension 'python'
[0.439s] Level 1:colcon.colcon_core.package_identification:_identify(src) by extensions ['python_setup_py']
[0.439s] Level 1:colcon.colcon_core.package_identification:_identify(src) by extension 'python_setup_py'
[0.439s] Level 1:colcon.colcon_core.package_identification:_identify(src/OB_robotics_interface) by extensions ['ignore', 'ignore_ament_install']
[0.439s] Level 1:colcon.colcon_core.package_identification:_identify(src/OB_robotics_interface) by extension 'ignore'
[0.439s] Level 1:colcon.colcon_core.package_identification:_identify(src/OB_robotics_interface) by extension 'ignore_ament_install'
[0.439s] Level 1:colcon.colcon_core.package_identification:_identify(src/OB_robotics_interface) by extensions ['colcon_pkg']
[0.439s] Level 1:colcon.colcon_core.package_identification:_identify(src/OB_robotics_interface) by extension 'colcon_pkg'
[0.439s] Level 1:colcon.colcon_core.package_identification:_identify(src/OB_robotics_interface) by extensions ['colcon_meta']
[0.439s] Level 1:colcon.colcon_core.package_identification:_identify(src/OB_robotics_interface) by extension 'colcon_meta'
[0.439s] Level 1:colcon.colcon_core.package_identification:_identify(src/OB_robotics_interface) by extensions ['ros']
[0.439s] Level 1:colcon.colcon_core.package_identification:_identify(src/OB_robotics_interface) by extension 'ros'
[0.442s] DEBUG:colcon.colcon_core.package_identification:Package 'src/OB_robotics_interface' with type 'ros.ament_cmake' and name 'ob_robotics_interface'
[0.442s] Level 1:colcon.colcon_core.package_identification:_identify(src/Optimization_module) by extensions ['ignore', 'ignore_ament_install']
[0.442s] Level 1:colcon.colcon_core.package_identification:_identify(src/Optimization_module) by extension 'ignore'
[0.442s] Level 1:colcon.colcon_core.package_identification:_identify(src/Optimization_module) by extension 'ignore_ament_install'
[0.442s] Level 1:colcon.colcon_core.package_identification:_identify(src/Optimization_module) by extensions ['colcon_pkg']
[0.442s] Level 1:colcon.colcon_core.package_identification:_identify(src/Optimization_module) by extension 'colcon_pkg'
[0.442s] Level 1:colcon.colcon_core.package_identification:_identify(src/Optimization_module) by extensions ['colcon_meta']
[0.442s] Level 1:colcon.colcon_core.package_identification:_identify(src/Optimization_module) by extension 'colcon_meta'
[0.442s] Level 1:colcon.colcon_core.package_identification:_identify(src/Optimization_module) by extensions ['ros']
[0.442s] Level 1:colcon.colcon_core.package_identification:_identify(src/Optimization_module) by extension 'ros'
[0.443s] DEBUG:colcon.colcon_core.package_identification:Package 'src/Optimization_module' with type 'ros.ament_python' and name 'Optimization_module'
[0.443s] Level 1:colcon.colcon_core.package_discovery:discover_packages(recursive) using defaults
[0.443s] Level 1:colcon.colcon_core.package_discovery:discover_packages(ignore) discover
[0.443s] Level 1:colcon.colcon_core.package_discovery:discover_packages(ignore) using defaults
[0.443s] Level 1:colcon.colcon_core.package_discovery:discover_packages(path) discover
[0.443s] Level 1:colcon.colcon_core.package_discovery:discover_packages(path) using defaults
[0.464s] Level 1:colcon.colcon_core.package_discovery:discover_packages(prefix_path) check parameters
[0.464s] Level 1:colcon.colcon_core.package_discovery:discover_packages(prefix_path) discover
[0.495s] DEBUG:colcon.colcon_installed_package_information.package_discovery:Found 350 installed packages in /opt/ros/jazzy
[0.497s] Level 1:colcon.colcon_core.package_discovery:discover_packages(prefix_path) using defaults
[0.616s] Level 5:colcon.colcon_core.verb:set package 'Optimization_module' build argument 'cmake_args' from command line to 'None'
[0.616s] Level 5:colcon.colcon_core.verb:set package 'Optimization_module' build argument 'cmake_target' from command line to 'None'
[0.616s] Level 5:colcon.colcon_core.verb:set package 'Optimization_module' build argument 'cmake_target_skip_unavailable' from command line to 'False'
[0.616s] Level 5:colcon.colcon_core.verb:set package 'Optimization_module' build argument 'cmake_clean_cache' from command line to 'False'
[0.616s] Level 5:colcon.colcon_core.verb:set package 'Optimization_module' build argument 'cmake_clean_first' from command line to 'False'
[0.616s] Level 5:colcon.colcon_core.verb:set package 'Optimization_module' build argument 'cmake_force_configure' from command line to 'False'
[0.616s] Level 5:colcon.colcon_core.verb:set package 'Optimization_module' build argument 'ament_cmake_args' from command line to 'None'
[0.616s] Level 5:colcon.colcon_core.verb:set package 'Optimization_module' build argument 'catkin_cmake_args' from command line to 'None'
[0.616s] Level 5:colcon.colcon_core.verb:set package 'Optimization_module' build argument 'catkin_skip_building_tests' from command line to 'False'
[0.616s] DEBUG:colcon.colcon_core.verb:Building package 'Optimization_module' with the following arguments: {'ament_cmake_args': None, 'build_base': '/home/lci/Documents/pj_ws/build/Optimization_module', 'catkin_cmake_args': None, 'catkin_skip_building_tests': False, 'cmake_args': None, 'cmake_clean_cache': False, 'cmake_clean_first': False, 'cmake_force_configure': False, 'cmake_target': None, 'cmake_target_skip_unavailable': False, 'install_base': '/home/lci/Documents/pj_ws/install/Optimization_module', 'merge_install': False, 'path': '/home/lci/Documents/pj_ws/src/Optimization_module', 'symlink_install': False, 'test_result_base': None}
[0.616s] Level 5:colcon.colcon_core.verb:set package 'ob_robotics_interface' build argument 'cmake_args' from command line to 'None'
[0.616s] Level 5:colcon.colcon_core.verb:set package 'ob_robotics_interface' build argument 'cmake_target' from command line to 'None'
[0.616s] Level 5:colcon.colcon_core.verb:set package 'ob_robotics_interface' build argument 'cmake_target_skip_unavailable' from command line to 'False'
[0.616s] Level 5:colcon.colcon_core.verb:set package 'ob_robotics_interface' build argument 'cmake_clean_cache' from command line to 'False'
[0.616s] Level 5:colcon.colcon_core.verb:set package 'ob_robotics_interface' build argument 'cmake_clean_first' from command line to 'False'
[0.617s] Level 5:colcon.colcon_core.verb:set package 'ob_robotics_interface' build argument 'cmake_force_configure' from command line to 'False'
[0.617s] Level 5:colcon.colcon_core.verb:set package 'ob_robotics_interface' build argument 'ament_cmake_args' from command line to 'None'
[0.617s] Level 5:colcon.colcon_core.verb:set package 'ob_robotics_interface' build argument 'catkin_cmake_args' from command line to 'None'
[0.617s] Level 5:colcon.colcon_core.verb:set package 'ob_robotics_interface' build argument 'catkin_skip_building_tests' from command line to 'False'
[0.617s] DEBUG:colcon.colcon_core.verb:Building package 'ob_robotics_interface' with the following arguments: {'ament_cmake_args': None, 'build_base': '/home/lci/Documents/pj_ws/build/ob_robotics_interface', 'catkin_cmake_args': None, 'catkin_skip_building_tests': False, 'cmake_args': None, 'cmake_clean_cache': False, 'cmake_clean_first': False, 'cmake_force_configure': False, 'cmake_target': None, 'cmake_target_skip_unavailable': False, 'install_base': '/home/lci/Documents/pj_ws/install/ob_robotics_interface', 'merge_install': False, 'path': '/home/lci/Documents/pj_ws/src/OB_robotics_interface', 'symlink_install': False, 'test_result_base': None}
[0.617s] INFO:colcon.colcon_core.executor:Executing jobs using 'parallel' executor
[0.618s] DEBUG:colcon.colcon_parallel_executor.executor.parallel:run_until_complete
[0.618s] INFO:colcon.colcon_ros.task.ament_python.build:Building ROS package in '/home/lci/Documents/pj_ws/src/Optimization_module' with build type 'ament_python'
[0.618s] Level 1:colcon.colcon_core.shell:create_environment_hook('Optimization_module', 'ament_prefix_path')
[0.620s] INFO:colcon.colcon_core.plugin_system:Skipping extension 'colcon_core.shell.bat': Not used on non-Windows systems
[0.620s] INFO:colcon.colcon_core.shell:Creating environment hook '/home/lci/Documents/pj_ws/install/Optimization_module/share/Optimization_module/hook/ament_prefix_path.ps1'
[0.621s] INFO:colcon.colcon_core.shell:Creating environment descriptor '/home/lci/Documents/pj_ws/install/Optimization_module/share/Optimization_module/hook/ament_prefix_path.dsv'
[0.621s] INFO:colcon.colcon_core.shell:Creating environment hook '/home/lci/Documents/pj_ws/install/Optimization_module/share/Optimization_module/hook/ament_prefix_path.sh'
[0.622s] INFO:colcon.colcon_core.shell:Skip shell extension 'powershell' for command environment: Not usable outside of PowerShell
[0.622s] DEBUG:colcon.colcon_core.shell:Skip shell extension 'dsv' for command environment
[0.627s] INFO:colcon.colcon_ros.task.ament_cmake.build:Building ROS package in '/home/lci/Documents/pj_ws/src/OB_robotics_interface' with build type 'ament_cmake'
[0.627s] INFO:colcon.colcon_cmake.task.cmake.build:Building CMake package in '/home/lci/Documents/pj_ws/src/OB_robotics_interface'
[0.627s] INFO:colcon.colcon_core.shell:Skip shell extension 'powershell' for command environment: Not usable outside of PowerShell
[0.627s] DEBUG:colcon.colcon_core.shell:Skip shell extension 'dsv' for command environment
[0.873s] INFO:colcon.colcon_core.task.python.build:Building Python package in '/home/lci/Documents/pj_ws/src/Optimization_module'
[0.873s] INFO:colcon.colcon_core.shell:Skip shell extension 'powershell' for command environment: Not usable outside of PowerShell
[0.873s] DEBUG:colcon.colcon_core.shell:Skip shell extension 'dsv' for command environment
[0.879s] DEBUG:colcon.colcon_core.event_handler.log_command:Invoking command in '/home/lci/Documents/pj_ws/build/ob_robotics_interface': CMAKE_PREFIX_PATH=${CMAKE_PREFIX_PATH}:/opt/ros/jazzy DEBUGINFOD_URLS=https://debuginfod.ubuntu.com /usr/bin/cmake /home/lci/Documents/pj_ws/src/OB_robotics_interface -DCMAKE_INSTALL_PREFIX=/home/lci/Documents/pj_ws/install/ob_robotics_interface
[5.150s] DEBUG:colcon.colcon_core.event_handler.log_command:Invoking command in '/home/lci/Documents/pj_ws/src/Optimization_module': DEBUGINFOD_URLS=https://debuginfod.ubuntu.com PYTHONPATH=/home/lci/Documents/pj_ws/build/Optimization_module/prefix_override:/usr/lib/python3/dist-packages/colcon_core/task/python/colcon_distutils_commands:/home/lci/Documents/pj_ws/install/Optimization_module/lib/python3.12/site-packages:${PYTHONPATH} /usr/bin/python3 -W ignore:setup.py install is deprecated setup.py egg_info --egg-base ../../build/Optimization_module build --build-base /home/lci/Documents/pj_ws/build/Optimization_module/build install --record /home/lci/Documents/pj_ws/build/Optimization_module/install.log --single-version-externally-managed install_data
[5.818s] DEBUG:colcon.colcon_core.event_handler.log_command:Invoked command in '/home/lci/Documents/pj_ws/src/Optimization_module' returned '0': DEBUGINFOD_URLS=https://debuginfod.ubuntu.com PYTHONPATH=/home/lci/Documents/pj_ws/build/Optimization_module/prefix_override:/usr/lib/python3/dist-packages/colcon_core/task/python/colcon_distutils_commands:/home/lci/Documents/pj_ws/install/Optimization_module/lib/python3.12/site-packages:${PYTHONPATH} /usr/bin/python3 -W ignore:setup.py install is deprecated setup.py egg_info --egg-base ../../build/Optimization_module build --build-base /home/lci/Documents/pj_ws/build/Optimization_module/build install --record /home/lci/Documents/pj_ws/build/Optimization_module/install.log --single-version-externally-managed install_data
[5.831s] Level 1:colcon.colcon_core.environment:checking '/home/lci/Documents/pj_ws/install/Optimization_module' for CMake module files
[5.832s] Level 1:colcon.colcon_core.environment:checking '/home/lci/Documents/pj_ws/install/Optimization_module' for CMake config files
[5.832s] Level 1:colcon.colcon_core.environment:checking '/home/lci/Documents/pj_ws/install/Optimization_module/lib'
[5.833s] Level 1:colcon.colcon_core.environment:checking '/home/lci/Documents/pj_ws/install/Optimization_module/bin'
[5.833s] Level 1:colcon.colcon_core.environment:checking '/home/lci/Documents/pj_ws/install/Optimization_module/lib/pkgconfig/Optimization_module.pc'
[5.833s] Level 1:colcon.colcon_core.environment:checking '/home/lci/Documents/pj_ws/install/Optimization_module/lib/python3.12/site-packages'
[5.833s] Level 1:colcon.colcon_core.shell:create_environment_hook('Optimization_module', 'pythonpath')
[5.833s] INFO:colcon.colcon_core.shell:Creating environment hook '/home/lci/Documents/pj_ws/install/Optimization_module/share/Optimization_module/hook/pythonpath.ps1'
[5.834s] INFO:colcon.colcon_core.shell:Creating environment descriptor '/home/lci/Documents/pj_ws/install/Optimization_module/share/Optimization_module/hook/pythonpath.dsv'
[5.834s] INFO:colcon.colcon_core.shell:Creating environment hook '/home/lci/Documents/pj_ws/install/Optimization_module/share/Optimization_module/hook/pythonpath.sh'
[5.835s] Level 1:colcon.colcon_core.environment:checking '/home/lci/Documents/pj_ws/install/Optimization_module/bin'
[5.835s] Level 1:colcon.colcon_core.environment:create_environment_scripts_only(Optimization_module)
[5.835s] INFO:colcon.colcon_core.shell:Creating package script '/home/lci/Documents/pj_ws/install/Optimization_module/share/Optimization_module/package.ps1'
[5.836s] INFO:colcon.colcon_core.shell:Creating package descriptor '/home/lci/Documents/pj_ws/install/Optimization_module/share/Optimization_module/package.dsv'
[5.836s] INFO:colcon.colcon_core.shell:Creating package script '/home/lci/Documents/pj_ws/install/Optimization_module/share/Optimization_module/package.sh'
[5.837s] INFO:colcon.colcon_core.shell:Creating package script '/home/lci/Documents/pj_ws/install/Optimization_module/share/Optimization_module/package.bash'
[5.838s] INFO:colcon.colcon_core.shell:Creating package script '/home/lci/Documents/pj_ws/install/Optimization_module/share/Optimization_module/package.zsh'
[5.839s] Level 1:colcon.colcon_core.environment:create_file_with_runtime_dependencies(/home/lci/Documents/pj_ws/install/Optimization_module/share/colcon-core/packages/Optimization_module)
[10.005s] DEBUG:colcon.colcon_core.event_handler.log_command:Invoked command in '/home/lci/Documents/pj_ws/build/ob_robotics_interface' returned '0': CMAKE_PREFIX_PATH=${CMAKE_PREFIX_PATH}:/opt/ros/jazzy DEBUGINFOD_URLS=https://debuginfod.ubuntu.com /usr/bin/cmake /home/lci/Documents/pj_ws/src/OB_robotics_interface -DCMAKE_INSTALL_PREFIX=/home/lci/Documents/pj_ws/install/ob_robotics_interface
[10.006s] DEBUG:colcon.colcon_core.event_handler.log_command:Invoking command in '/home/lci/Documents/pj_ws/build/ob_robotics_interface': CMAKE_PREFIX_PATH=${CMAKE_PREFIX_PATH}:/opt/ros/jazzy DEBUGINFOD_URLS=https://debuginfod.ubuntu.com /usr/bin/cmake --build /home/lci/Documents/pj_ws/build/ob_robotics_interface -- -j4 -l4
[15.776s] DEBUG:colcon.colcon_core.event_handler.log_command:Invoked command in '/home/lci/Documents/pj_ws/build/ob_robotics_interface' returned '0': CMAKE_PREFIX_PATH=${CMAKE_PREFIX_PATH}:/opt/ros/jazzy DEBUGINFOD_URLS=https://debuginfod.ubuntu.com /usr/bin/cmake --build /home/lci/Documents/pj_ws/build/ob_robotics_interface -- -j4 -l4
[15.934s] DEBUG:colcon.colcon_core.event_handler.log_command:Invoking command in '/home/lci/Documents/pj_ws/build/ob_robotics_interface': CMAKE_PREFIX_PATH=${CMAKE_PREFIX_PATH}:/opt/ros/jazzy DEBUGINFOD_URLS=https://debuginfod.ubuntu.com /usr/bin/cmake --install /home/lci/Documents/pj_ws/build/ob_robotics_interface
[16.029s] Level 1:colcon.colcon_core.environment:create_environment_scripts_only(ob_robotics_interface)
[16.029s] Level 1:colcon.colcon_core.environment:checking '/home/lci/Documents/pj_ws/install/ob_robotics_interface' for CMake module files
[16.029s] DEBUG:colcon.colcon_core.event_handler.log_command:Invoked command in '/home/lci/Documents/pj_ws/build/ob_robotics_interface' returned '0': CMAKE_PREFIX_PATH=${CMAKE_PREFIX_PATH}:/opt/ros/jazzy DEBUGINFOD_URLS=https://debuginfod.ubuntu.com /usr/bin/cmake --install /home/lci/Documents/pj_ws/build/ob_robotics_interface
[16.030s] Level 1:colcon.colcon_core.environment:checking '/home/lci/Documents/pj_ws/install/ob_robotics_interface' for CMake config files
[16.030s] Level 1:colcon.colcon_core.shell:create_environment_hook('ob_robotics_interface', 'cmake_prefix_path')
[16.030s] INFO:colcon.colcon_core.shell:Creating environment hook '/home/lci/Documents/pj_ws/install/ob_robotics_interface/share/ob_robotics_interface/hook/cmake_prefix_path.ps1'
[16.031s] INFO:colcon.colcon_core.shell:Creating environment descriptor '/home/lci/Documents/pj_ws/install/ob_robotics_interface/share/ob_robotics_interface/hook/cmake_prefix_path.dsv'
[16.031s] INFO:colcon.colcon_core.shell:Creating environment hook '/home/lci/Documents/pj_ws/install/ob_robotics_interface/share/ob_robotics_interface/hook/cmake_prefix_path.sh'
[16.032s] Level 1:colcon.colcon_core.environment:checking '/home/lci/Documents/pj_ws/install/ob_robotics_interface/lib'
[16.032s] Level 1:colcon.colcon_core.shell:create_environment_hook('ob_robotics_interface', 'ld_library_path_lib')
[16.032s] INFO:colcon.colcon_core.shell:Creating environment hook '/home/lci/Documents/pj_ws/install/ob_robotics_interface/share/ob_robotics_interface/hook/ld_library_path_lib.ps1'
[16.032s] INFO:colcon.colcon_core.shell:Creating environment descriptor '/home/lci/Documents/pj_ws/install/ob_robotics_interface/share/ob_robotics_interface/hook/ld_library_path_lib.dsv'
[16.033s] INFO:colcon.colcon_core.shell:Creating environment hook '/home/lci/Documents/pj_ws/install/ob_robotics_interface/share/ob_robotics_interface/hook/ld_library_path_lib.sh'
[16.033s] Level 1:colcon.colcon_core.environment:checking '/home/lci/Documents/pj_ws/install/ob_robotics_interface/bin'
[16.033s] Level 1:colcon.colcon_core.environment:checking '/home/lci/Documents/pj_ws/install/ob_robotics_interface/lib/pkgconfig/ob_robotics_interface.pc'
[16.033s] Level 1:colcon.colcon_core.environment:checking '/home/lci/Documents/pj_ws/install/ob_robotics_interface/lib/python3.12/site-packages'
[16.033s] Level 1:colcon.colcon_core.shell:create_environment_hook('ob_robotics_interface', 'pythonpath')
[16.034s] INFO:colcon.colcon_core.shell:Creating environment hook '/home/lci/Documents/pj_ws/install/ob_robotics_interface/share/ob_robotics_interface/hook/pythonpath.ps1'
[16.034s] INFO:colcon.colcon_core.shell:Creating environment descriptor '/home/lci/Documents/pj_ws/install/ob_robotics_interface/share/ob_robotics_interface/hook/pythonpath.dsv'
[16.034s] INFO:colcon.colcon_core.shell:Creating environment hook '/home/lci/Documents/pj_ws/install/ob_robotics_interface/share/ob_robotics_interface/hook/pythonpath.sh'
[16.035s] Level 1:colcon.colcon_core.environment:checking '/home/lci/Documents/pj_ws/install/ob_robotics_interface/bin'
[16.035s] INFO:colcon.colcon_core.shell:Creating package script '/home/lci/Documents/pj_ws/install/ob_robotics_interface/share/ob_robotics_interface/package.ps1'
[16.035s] INFO:colcon.colcon_core.shell:Creating package descriptor '/home/lci/Documents/pj_ws/install/ob_robotics_interface/share/ob_robotics_interface/package.dsv'
[16.036s] INFO:colcon.colcon_core.shell:Creating package script '/home/lci/Documents/pj_ws/install/ob_robotics_interface/share/ob_robotics_interface/package.sh'
[16.036s] INFO:colcon.colcon_core.shell:Creating package script '/home/lci/Documents/pj_ws/install/ob_robotics_interface/share/ob_robotics_interface/package.bash'
[16.037s] INFO:colcon.colcon_core.shell:Creating package script '/home/lci/Documents/pj_ws/install/ob_robotics_interface/share/ob_robotics_interface/package.zsh'
[16.037s] Level 1:colcon.colcon_core.environment:create_file_with_runtime_dependencies(/home/lci/Documents/pj_ws/install/ob_robotics_interface/share/colcon-core/packages/ob_robotics_interface)
[16.184s] Level 1:colcon.colcon_core.environment:create_environment_scripts_only(ob_robotics_interface)
[16.184s] Level 1:colcon.colcon_core.environment:checking '/home/lci/Documents/pj_ws/install/ob_robotics_interface' for CMake module files
[16.185s] Level 1:colcon.colcon_core.environment:checking '/home/lci/Documents/pj_ws/install/ob_robotics_interface' for CMake config files
[16.185s] Level 1:colcon.colcon_core.shell:create_environment_hook('ob_robotics_interface', 'cmake_prefix_path')
[16.185s] INFO:colcon.colcon_core.shell:Creating environment hook '/home/lci/Documents/pj_ws/install/ob_robotics_interface/share/ob_robotics_interface/hook/cmake_prefix_path.ps1'
[16.186s] INFO:colcon.colcon_core.shell:Creating environment descriptor '/home/lci/Documents/pj_ws/install/ob_robotics_interface/share/ob_robotics_interface/hook/cmake_prefix_path.dsv'
[16.186s] INFO:colcon.colcon_core.shell:Creating environment hook '/home/lci/Documents/pj_ws/install/ob_robotics_interface/share/ob_robotics_interface/hook/cmake_prefix_path.sh'
[16.187s] Level 1:colcon.colcon_core.environment:checking '/home/lci/Documents/pj_ws/install/ob_robotics_interface/lib'
[16.187s] Level 1:colcon.colcon_core.shell:create_environment_hook('ob_robotics_interface', 'ld_library_path_lib')
[16.187s] INFO:colcon.colcon_core.shell:Creating environment hook '/home/lci/Documents/pj_ws/install/ob_robotics_interface/share/ob_robotics_interface/hook/ld_library_path_lib.ps1'
[16.187s] INFO:colcon.colcon_core.shell:Creating environment descriptor '/home/lci/Documents/pj_ws/install/ob_robotics_interface/share/ob_robotics_interface/hook/ld_library_path_lib.dsv'
[16.188s] INFO:colcon.colcon_core.shell:Creating environment hook '/home/lci/Documents/pj_ws/install/ob_robotics_interface/share/ob_robotics_interface/hook/ld_library_path_lib.sh'
[16.188s] Level 1:colcon.colcon_core.environment:checking '/home/lci/Documents/pj_ws/install/ob_robotics_interface/bin'
[16.188s] Level 1:colcon.colcon_core.environment:checking '/home/lci/Documents/pj_ws/install/ob_robotics_interface/lib/pkgconfig/ob_robotics_interface.pc'
[16.188s] Level 1:colcon.colcon_core.environment:checking '/home/lci/Documents/pj_ws/install/ob_robotics_interface/lib/python3.12/site-packages'
[16.188s] Level 1:colcon.colcon_core.shell:create_environment_hook('ob_robotics_interface', 'pythonpath')
[16.188s] INFO:colcon.colcon_core.shell:Creating environment hook '/home/lci/Documents/pj_ws/install/ob_robotics_interface/share/ob_robotics_interface/hook/pythonpath.ps1'
[16.189s] INFO:colcon.colcon_core.shell:Creating environment descriptor '/home/lci/Documents/pj_ws/install/ob_robotics_interface/share/ob_robotics_interface/hook/pythonpath.dsv'
[16.189s] INFO:colcon.colcon_core.shell:Creating environment hook '/home/lci/Documents/pj_ws/install/ob_robotics_interface/share/ob_robotics_interface/hook/pythonpath.sh'
[16.190s] Level 1:colcon.colcon_core.environment:checking '/home/lci/Documents/pj_ws/install/ob_robotics_interface/bin'
[16.190s] INFO:colcon.colcon_core.shell:Creating package script '/home/lci/Documents/pj_ws/install/ob_robotics_interface/share/ob_robotics_interface/package.ps1'
[16.191s] INFO:colcon.colcon_core.shell:Creating package descriptor '/home/lci/Documents/pj_ws/install/ob_robotics_interface/share/ob_robotics_interface/package.dsv'
[16.191s] INFO:colcon.colcon_core.shell:Creating package script '/home/lci/Documents/pj_ws/install/ob_robotics_interface/share/ob_robotics_interface/package.sh'
[16.191s] INFO:colcon.colcon_core.shell:Creating package script '/home/lci/Documents/pj_ws/install/ob_robotics_interface/share/ob_robotics_interface/package.bash'
[16.192s] INFO:colcon.colcon_core.shell:Creating package script '/home/lci/Documents/pj_ws/install/ob_robotics_interface/share/ob_robotics_interface/package.zsh'
[16.192s] Level 1:colcon.colcon_core.environment:create_file_with_runtime_dependencies(/home/lci/Documents/pj_ws/install/ob_robotics_interface/share/colcon-core/packages/ob_robotics_interface)
[16.192s] DEBUG:colcon.colcon_parallel_executor.executor.parallel:closing loop
[16.193s] DEBUG:colcon.colcon_parallel_executor.executor.parallel:loop closed
[16.193s] DEBUG:colcon.colcon_parallel_executor.executor.parallel:run_until_complete finished with '0'
[16.193s] DEBUG:colcon.colcon_core.event_reactor:joining thread
[16.223s] INFO:colcon.colcon_core.plugin_system:Skipping extension 'colcon_notification.desktop_notification.terminal_notifier': Not used on non-Darwin systems
[16.223s] INFO:colcon.colcon_core.plugin_system:Skipping extension 'colcon_notification.desktop_notification.win32': Not used on non-Windows systems
[16.223s] INFO:colcon.colcon_notification.desktop_notification:Sending desktop notification using 'notify2'
[16.247s] DEBUG:colcon.colcon_core.event_reactor:joined thread
[16.247s] INFO:colcon.colcon_core.shell:Creating prefix script '/home/lci/Documents/pj_ws/install/local_setup.ps1'
[16.248s] INFO:colcon.colcon_core.shell:Creating prefix util module '/home/lci/Documents/pj_ws/install/_local_setup_util_ps1.py'
[16.249s] INFO:colcon.colcon_core.shell:Creating prefix chain script '/home/lci/Documents/pj_ws/install/setup.ps1'
[16.251s] INFO:colcon.colcon_core.shell:Creating prefix script '/home/lci/Documents/pj_ws/install/local_setup.sh'
[16.251s] INFO:colcon.colcon_core.shell:Creating prefix util module '/home/lci/Documents/pj_ws/install/_local_setup_util_sh.py'
[16.252s] INFO:colcon.colcon_core.shell:Creating prefix chain script '/home/lci/Documents/pj_ws/install/setup.sh'
[16.253s] INFO:colcon.colcon_core.shell:Creating prefix script '/home/lci/Documents/pj_ws/install/local_setup.bash'
[16.254s] INFO:colcon.colcon_core.shell:Creating prefix chain script '/home/lci/Documents/pj_ws/install/setup.bash'
[16.255s] INFO:colcon.colcon_core.shell:Creating prefix script '/home/lci/Documents/pj_ws/install/local_setup.zsh'
[16.255s] INFO:colcon.colcon_core.shell:Creating prefix chain script '/home/lci/Documents/pj_ws/install/setup.zsh'
