[7.459s] Invoking command in '/mnt/d/Documentos/PUC-Rio/Maestrado/ELE2363/Optimization_based_robotics/build/ob_robotics_interface': CMAKE_PREFIX_PATH=${CMAKE_PREFIX_PATH}:/mnt/d/Documentos/PUC-Rio/Maestrado/ELE2363/ros2_ws/install/turtlesim_test:/mnt/d/Documentos/PUC-Rio/Maestrado/ELE2363/ros2_ws/install/turtlesim_control:/mnt/d/Documentos/PUC-Rio/Maestrado/ELE2363/ros2_ws/install/gpg_virtual:/mnt/d/Documentos/PUC-Rio/Maestrado/ELE2363/ros2_ws/install/gpg_urdf:/mnt/d/Documentos/PUC-Rio/Maestrado/ELE2363/Optimization_based_robotics/install/Optimization_module:/opt/ros/jazzy /usr/bin/cmake --build /mnt/d/Documentos/PUC-Rio/Maestrado/ELE2363/Optimization_based_robotics/build/ob_robotics_interface -- -j12 -l12
[12.701s] [  1%] Built target ob_robotics_interface__rosidl_generator_type_description
[15.678s] [  3%] Built target ob_robotics_interface__cpp
[16.259s] [  3%] Built target ament_cmake_python_copy_ob_robotics_interface
[16.774s] [ 25%] Built target ob_robotics_interface__rosidl_generator_c
[19.755s] [ 43%] Built target ob_robotics_interface__rosidl_typesupport_cpp
[19.759s] [ 43%] Built target ob_robotics_interface__rosidl_typesupport_c
[19.866s] [ 59%] Built target ob_robotics_interface__rosidl_typesupport_introspection_c
[19.894s] [ 62%] Built target ob_robotics_interface__rosidl_typesupport_fastrtps_c
[20.120s] [ 71%] Built target ob_robotics_interface__rosidl_typesupport_introspection_cpp
[20.210s] [ 81%] Built target ob_robotics_interface__rosidl_typesupport_fastrtps_cpp
[22.046s] [ 81%] Built target ob_robotics_interface
[24.304s] [ 82%] Built target ob_robotics_interface__py
[24.873s] running egg_info
[25.081s] writing ob_robotics_interface.egg-info/PKG-INFO
[25.098s] writing dependency_links to ob_robotics_interface.egg-info/dependency_links.txt
[25.113s] writing top-level names to ob_robotics_interface.egg-info/top_level.txt
[25.837s] reading manifest file 'ob_robotics_interface.egg-info/SOURCES.txt'
[25.981s] writing manifest file 'ob_robotics_interface.egg-info/SOURCES.txt'
[26.788s] [ 85%] Built target ament_cmake_python_build_ob_robotics_interface_egg
[26.816s] [ 90%] Built target ob_robotics_interface__rosidl_generator_py
[28.798s] [ 96%] Built target ob_robotics_interface_s__rosidl_typesupport_introspection_c
[28.804s] [ 96%] Built target ob_robotics_interface_s__rosidl_typesupport_c
[28.855s] [100%] Built target ob_robotics_interface_s__rosidl_typesupport_fastrtps_c
[30.296s] Invoked command in '/mnt/d/Documentos/PUC-Rio/Maestrado/ELE2363/Optimization_based_robotics/build/ob_robotics_interface' returned '0': CMAKE_PREFIX_PATH=${CMAKE_PREFIX_PATH}:/mnt/d/Documentos/PUC-Rio/Maestrado/ELE2363/ros2_ws/install/turtlesim_test:/mnt/d/Documentos/PUC-Rio/Maestrado/ELE2363/ros2_ws/install/turtlesim_control:/mnt/d/Documentos/PUC-Rio/Maestrado/ELE2363/ros2_ws/install/gpg_virtual:/mnt/d/Documentos/PUC-Rio/Maestrado/ELE2363/ros2_ws/install/gpg_urdf:/mnt/d/Documentos/PUC-Rio/Maestrado/ELE2363/Optimization_based_robotics/install/Optimization_module:/opt/ros/jazzy /usr/bin/cmake --build /mnt/d/Documentos/PUC-Rio/Maestrado/ELE2363/Optimization_based_robotics/build/ob_robotics_interface -- -j12 -l12
[49.589s] Invoking command in '/mnt/d/Documentos/PUC-Rio/Maestrado/ELE2363/Optimization_based_robotics/build/ob_robotics_interface': CMAKE_PREFIX_PATH=${CMAKE_PREFIX_PATH}:/mnt/d/Documentos/PUC-Rio/Maestrado/ELE2363/ros2_ws/install/turtlesim_test:/mnt/d/Documentos/PUC-Rio/Maestrado/ELE2363/ros2_ws/install/turtlesim_control:/mnt/d/Documentos/PUC-Rio/Maestrado/ELE2363/ros2_ws/install/gpg_virtual:/mnt/d/Documentos/PUC-Rio/Maestrado/ELE2363/ros2_ws/install/gpg_urdf:/mnt/d/Documentos/PUC-Rio/Maestrado/ELE2363/Optimization_based_robotics/install/Optimization_module:/opt/ros/jazzy /usr/bin/cmake --install /mnt/d/Documentos/PUC-Rio/Maestrado/ELE2363/Optimization_based_robotics/build/ob_robotics_interface
[50.741s] -- Install configuration: ""
[50.801s] -- Up-to-date: /mnt/d/Documentos/PUC-Rio/Maestrado/ELE2363/Optimization_based_robotics/install/ob_robotics_interface/share/ament_index/resource_index/rosidl_interfaces/ob_robotics_interface
[50.862s] -- Up-to-date: /mnt/d/Documentos/PUC-Rio/Maestrado/ELE2363/Optimization_based_robotics/install/ob_robotics_interface/share/ob_robotics_interface/msg/ModelProcessedData.json
[50.924s] -- Up-to-date: /mnt/d/Documentos/PUC-Rio/Maestrado/ELE2363/Optimization_based_robotics/install/ob_robotics_interface/share/ob_robotics_interface/msg/PerformanceData.json
[50.984s] -- Up-to-date: /mnt/d/Documentos/PUC-Rio/Maestrado/ELE2363/Optimization_based_robotics/install/ob_robotics_interface/share/ob_robotics_interface/msg/OptimizationData.json
[51.047s] -- Up-to-date: /mnt/d/Documentos/PUC-Rio/Maestrado/ELE2363/Optimization_based_robotics/install/ob_robotics_interface/share/ob_robotics_interface/msg/RobotModelInterface.json
[51.077s] -- Up-to-date: /mnt/d/Documentos/PUC-Rio/Maestrado/ELE2363/Optimization_based_robotics/install/ob_robotics_interface/include/ob_robotics_interface/ob_robotics_interface
[51.125s] -- Up-to-date: /mnt/d/Documentos/PUC-Rio/Maestrado/ELE2363/Optimization_based_robotics/install/ob_robotics_interface/include/ob_robotics_interface/ob_robotics_interface/msg
[51.193s] -- Up-to-date: /mnt/d/Documentos/PUC-Rio/Maestrado/ELE2363/Optimization_based_robotics/install/ob_robotics_interface/include/ob_robotics_interface/ob_robotics_interface/msg/detail
[51.286s] -- Up-to-date: /mnt/d/Documentos/PUC-Rio/Maestrado/ELE2363/Optimization_based_robotics/install/ob_robotics_interface/include/ob_robotics_interface/ob_robotics_interface/msg/detail/model_processed_data__description.c
[51.354s] -- Up-to-date: /mnt/d/Documentos/PUC-Rio/Maestrado/ELE2363/Optimization_based_robotics/install/ob_robotics_interface/include/ob_robotics_interface/ob_robotics_interface/msg/detail/model_processed_data__functions.c
[51.421s] -- Up-to-date: /mnt/d/Documentos/PUC-Rio/Maestrado/ELE2363/Optimization_based_robotics/install/ob_robotics_interface/include/ob_robotics_interface/ob_robotics_interface/msg/detail/model_processed_data__functions.h
[51.491s] -- Up-to-date: /mnt/d/Documentos/PUC-Rio/Maestrado/ELE2363/Optimization_based_robotics/install/ob_robotics_interface/include/ob_robotics_interface/ob_robotics_interface/msg/detail/model_processed_data__struct.h
[51.552s] -- Installing: /mnt/d/Documentos/PUC-Rio/Maestrado/ELE2363/Optimization_based_robotics/install/ob_robotics_interface/include/ob_robotics_interface/ob_robotics_interface/msg/detail/model_processed_data__type_support.c
[51.796s] -- Up-to-date: /mnt/d/Documentos/PUC-Rio/Maestrado/ELE2363/Optimization_based_robotics/install/ob_robotics_interface/include/ob_robotics_interface/ob_robotics_interface/msg/detail/model_processed_data__type_support.h
[51.864s] -- Up-to-date: /mnt/d/Documentos/PUC-Rio/Maestrado/ELE2363/Optimization_based_robotics/install/ob_robotics_interface/include/ob_robotics_interface/ob_robotics_interface/msg/detail/optimization_data__description.c
[51.933s] -- Up-to-date: /mnt/d/Documentos/PUC-Rio/Maestrado/ELE2363/Optimization_based_robotics/install/ob_robotics_interface/include/ob_robotics_interface/ob_robotics_interface/msg/detail/optimization_data__functions.c
[51.999s] -- Up-to-date: /mnt/d/Documentos/PUC-Rio/Maestrado/ELE2363/Optimization_based_robotics/install/ob_robotics_interface/include/ob_robotics_interface/ob_robotics_interface/msg/detail/optimization_data__functions.h
[52.066s] -- Up-to-date: /mnt/d/Documentos/PUC-Rio/Maestrado/ELE2363/Optimization_based_robotics/install/ob_robotics_interface/include/ob_robotics_interface/ob_robotics_interface/msg/detail/optimization_data__struct.h
[52.134s] -- Installing: /mnt/d/Documentos/PUC-Rio/Maestrado/ELE2363/Optimization_based_robotics/install/ob_robotics_interface/include/ob_robotics_interface/ob_robotics_interface/msg/detail/optimization_data__type_support.c
[52.394s] -- Up-to-date: /mnt/d/Documentos/PUC-Rio/Maestrado/ELE2363/Optimization_based_robotics/install/ob_robotics_interface/include/ob_robotics_interface/ob_robotics_interface/msg/detail/optimization_data__type_support.h
[52.474s] -- Up-to-date: /mnt/d/Documentos/PUC-Rio/Maestrado/ELE2363/Optimization_based_robotics/install/ob_robotics_interface/include/ob_robotics_interface/ob_robotics_interface/msg/detail/performance_data__description.c
[52.564s] -- Up-to-date: /mnt/d/Documentos/PUC-Rio/Maestrado/ELE2363/Optimization_based_robotics/install/ob_robotics_interface/include/ob_robotics_interface/ob_robotics_interface/msg/detail/performance_data__functions.c
[52.634s] -- Up-to-date: /mnt/d/Documentos/PUC-Rio/Maestrado/ELE2363/Optimization_based_robotics/install/ob_robotics_interface/include/ob_robotics_interface/ob_robotics_interface/msg/detail/performance_data__functions.h
[52.714s] -- Up-to-date: /mnt/d/Documentos/PUC-Rio/Maestrado/ELE2363/Optimization_based_robotics/install/ob_robotics_interface/include/ob_robotics_interface/ob_robotics_interface/msg/detail/performance_data__struct.h
[52.778s] -- Installing: /mnt/d/Documentos/PUC-Rio/Maestrado/ELE2363/Optimization_based_robotics/install/ob_robotics_interface/include/ob_robotics_interface/ob_robotics_interface/msg/detail/performance_data__type_support.c
[53.024s] -- Up-to-date: /mnt/d/Documentos/PUC-Rio/Maestrado/ELE2363/Optimization_based_robotics/install/ob_robotics_interface/include/ob_robotics_interface/ob_robotics_interface/msg/detail/performance_data__type_support.h
[53.083s] -- Up-to-date: /mnt/d/Documentos/PUC-Rio/Maestrado/ELE2363/Optimization_based_robotics/install/ob_robotics_interface/include/ob_robotics_interface/ob_robotics_interface/msg/detail/robot_model_interface__description.c
[53.141s] -- Up-to-date: /mnt/d/Documentos/PUC-Rio/Maestrado/ELE2363/Optimization_based_robotics/install/ob_robotics_interface/include/ob_robotics_interface/ob_robotics_interface/msg/detail/robot_model_interface__functions.c
[53.201s] -- Up-to-date: /mnt/d/Documentos/PUC-Rio/Maestrado/ELE2363/Optimization_based_robotics/install/ob_robotics_interface/include/ob_robotics_interface/ob_robotics_interface/msg/detail/robot_model_interface__functions.h
[53.265s] -- Up-to-date: /mnt/d/Documentos/PUC-Rio/Maestrado/ELE2363/Optimization_based_robotics/install/ob_robotics_interface/include/ob_robotics_interface/ob_robotics_interface/msg/detail/robot_model_interface__struct.h
[53.326s] -- Installing: /mnt/d/Documentos/PUC-Rio/Maestrado/ELE2363/Optimization_based_robotics/install/ob_robotics_interface/include/ob_robotics_interface/ob_robotics_interface/msg/detail/robot_model_interface__type_support.c
[53.550s] -- Up-to-date: /mnt/d/Documentos/PUC-Rio/Maestrado/ELE2363/Optimization_based_robotics/install/ob_robotics_interface/include/ob_robotics_interface/ob_robotics_interface/msg/detail/robot_model_interface__type_support.h
[53.607s] -- Up-to-date: /mnt/d/Documentos/PUC-Rio/Maestrado/ELE2363/Optimization_based_robotics/install/ob_robotics_interface/include/ob_robotics_interface/ob_robotics_interface/msg/model_processed_data.h
[53.665s] -- Up-to-date: /mnt/d/Documentos/PUC-Rio/Maestrado/ELE2363/Optimization_based_robotics/install/ob_robotics_interface/include/ob_robotics_interface/ob_robotics_interface/msg/optimization_data.h
[53.714s] -- Up-to-date: /mnt/d/Documentos/PUC-Rio/Maestrado/ELE2363/Optimization_based_robotics/install/ob_robotics_interface/include/ob_robotics_interface/ob_robotics_interface/msg/performance_data.h
[53.766s] -- Up-to-date: /mnt/d/Documentos/PUC-Rio/Maestrado/ELE2363/Optimization_based_robotics/install/ob_robotics_interface/include/ob_robotics_interface/ob_robotics_interface/msg/robot_model_interface.h
[53.817s] -- Up-to-date: /mnt/d/Documentos/PUC-Rio/Maestrado/ELE2363/Optimization_based_robotics/install/ob_robotics_interface/include/ob_robotics_interface/ob_robotics_interface/msg/rosidl_generator_c__visibility_control.h
[53.852s] -- Up-to-date: /mnt/d/Documentos/PUC-Rio/Maestrado/ELE2363/Optimization_based_robotics/install/ob_robotics_interface/share/ob_robotics_interface/environment/library_path.sh
[53.906s] -- Up-to-date: /mnt/d/Documentos/PUC-Rio/Maestrado/ELE2363/Optimization_based_robotics/install/ob_robotics_interface/share/ob_robotics_interface/environment/library_path.dsv
[54.142s] -- Up-to-date: /mnt/d/Documentos/PUC-Rio/Maestrado/ELE2363/Optimization_based_robotics/install/ob_robotics_interface/lib/libob_robotics_interface__rosidl_generator_c.so
[54.236s] -- Up-to-date: /mnt/d/Documentos/PUC-Rio/Maestrado/ELE2363/Optimization_based_robotics/install/ob_robotics_interface/include/ob_robotics_interface/ob_robotics_interface
[54.294s] -- Up-to-date: /mnt/d/Documentos/PUC-Rio/Maestrado/ELE2363/Optimization_based_robotics/install/ob_robotics_interface/include/ob_robotics_interface/ob_robotics_interface/msg
[54.364s] -- Up-to-date: /mnt/d/Documentos/PUC-Rio/Maestrado/ELE2363/Optimization_based_robotics/install/ob_robotics_interface/include/ob_robotics_interface/ob_robotics_interface/msg/detail
[54.469s] -- Up-to-date: /mnt/d/Documentos/PUC-Rio/Maestrado/ELE2363/Optimization_based_robotics/install/ob_robotics_interface/include/ob_robotics_interface/ob_robotics_interface/msg/detail/model_processed_data__rosidl_typesupport_fastrtps_c.h
[54.529s] -- Up-to-date: /mnt/d/Documentos/PUC-Rio/Maestrado/ELE2363/Optimization_based_robotics/install/ob_robotics_interface/include/ob_robotics_interface/ob_robotics_interface/msg/detail/optimization_data__rosidl_typesupport_fastrtps_c.h
[54.584s] -- Up-to-date: /mnt/d/Documentos/PUC-Rio/Maestrado/ELE2363/Optimization_based_robotics/install/ob_robotics_interface/include/ob_robotics_interface/ob_robotics_interface/msg/detail/performance_data__rosidl_typesupport_fastrtps_c.h
[54.638s] -- Up-to-date: /mnt/d/Documentos/PUC-Rio/Maestrado/ELE2363/Optimization_based_robotics/install/ob_robotics_interface/include/ob_robotics_interface/ob_robotics_interface/msg/detail/robot_model_interface__rosidl_typesupport_fastrtps_c.h
[54.687s] -- Up-to-date: /mnt/d/Documentos/PUC-Rio/Maestrado/ELE2363/Optimization_based_robotics/install/ob_robotics_interface/include/ob_robotics_interface/ob_robotics_interface/msg/rosidl_typesupport_fastrtps_c__visibility_control.h
[54.868s] -- Up-to-date: /mnt/d/Documentos/PUC-Rio/Maestrado/ELE2363/Optimization_based_robotics/install/ob_robotics_interface/lib/libob_robotics_interface__rosidl_typesupport_fastrtps_c.so
[54.970s] -- Up-to-date: /mnt/d/Documentos/PUC-Rio/Maestrado/ELE2363/Optimization_based_robotics/install/ob_robotics_interface/include/ob_robotics_interface/ob_robotics_interface
[55.038s] -- Up-to-date: /mnt/d/Documentos/PUC-Rio/Maestrado/ELE2363/Optimization_based_robotics/install/ob_robotics_interface/include/ob_robotics_interface/ob_robotics_interface/msg
[55.097s] -- Up-to-date: /mnt/d/Documentos/PUC-Rio/Maestrado/ELE2363/Optimization_based_robotics/install/ob_robotics_interface/include/ob_robotics_interface/ob_robotics_interface/msg/detail
[55.175s] -- Up-to-date: /mnt/d/Documentos/PUC-Rio/Maestrado/ELE2363/Optimization_based_robotics/install/ob_robotics_interface/include/ob_robotics_interface/ob_robotics_interface/msg/detail/model_processed_data__builder.hpp
[55.239s] -- Up-to-date: /mnt/d/Documentos/PUC-Rio/Maestrado/ELE2363/Optimization_based_robotics/install/ob_robotics_interface/include/ob_robotics_interface/ob_robotics_interface/msg/detail/model_processed_data__struct.hpp
[55.303s] -- Up-to-date: /mnt/d/Documentos/PUC-Rio/Maestrado/ELE2363/Optimization_based_robotics/install/ob_robotics_interface/include/ob_robotics_interface/ob_robotics_interface/msg/detail/model_processed_data__traits.hpp
[55.363s] -- Up-to-date: /mnt/d/Documentos/PUC-Rio/Maestrado/ELE2363/Optimization_based_robotics/install/ob_robotics_interface/include/ob_robotics_interface/ob_robotics_interface/msg/detail/model_processed_data__type_support.hpp
[55.417s] -- Up-to-date: /mnt/d/Documentos/PUC-Rio/Maestrado/ELE2363/Optimization_based_robotics/install/ob_robotics_interface/include/ob_robotics_interface/ob_robotics_interface/msg/detail/optimization_data__builder.hpp
[55.477s] -- Up-to-date: /mnt/d/Documentos/PUC-Rio/Maestrado/ELE2363/Optimization_based_robotics/install/ob_robotics_interface/include/ob_robotics_interface/ob_robotics_interface/msg/detail/optimization_data__struct.hpp
[55.536s] -- Up-to-date: /mnt/d/Documentos/PUC-Rio/Maestrado/ELE2363/Optimization_based_robotics/install/ob_robotics_interface/include/ob_robotics_interface/ob_robotics_interface/msg/detail/optimization_data__traits.hpp
[55.596s] -- Up-to-date: /mnt/d/Documentos/PUC-Rio/Maestrado/ELE2363/Optimization_based_robotics/install/ob_robotics_interface/include/ob_robotics_interface/ob_robotics_interface/msg/detail/optimization_data__type_support.hpp
[55.654s] -- Up-to-date: /mnt/d/Documentos/PUC-Rio/Maestrado/ELE2363/Optimization_based_robotics/install/ob_robotics_interface/include/ob_robotics_interface/ob_robotics_interface/msg/detail/performance_data__builder.hpp
[55.706s] -- Up-to-date: /mnt/d/Documentos/PUC-Rio/Maestrado/ELE2363/Optimization_based_robotics/install/ob_robotics_interface/include/ob_robotics_interface/ob_robotics_interface/msg/detail/performance_data__struct.hpp
[55.768s] -- Up-to-date: /mnt/d/Documentos/PUC-Rio/Maestrado/ELE2363/Optimization_based_robotics/install/ob_robotics_interface/include/ob_robotics_interface/ob_robotics_interface/msg/detail/performance_data__traits.hpp
[55.828s] -- Up-to-date: /mnt/d/Documentos/PUC-Rio/Maestrado/ELE2363/Optimization_based_robotics/install/ob_robotics_interface/include/ob_robotics_interface/ob_robotics_interface/msg/detail/performance_data__type_support.hpp
[55.890s] -- Up-to-date: /mnt/d/Documentos/PUC-Rio/Maestrado/ELE2363/Optimization_based_robotics/install/ob_robotics_interface/include/ob_robotics_interface/ob_robotics_interface/msg/detail/robot_model_interface__builder.hpp
[55.953s] -- Up-to-date: /mnt/d/Documentos/PUC-Rio/Maestrado/ELE2363/Optimization_based_robotics/install/ob_robotics_interface/include/ob_robotics_interface/ob_robotics_interface/msg/detail/robot_model_interface__struct.hpp
[56.010s] -- Up-to-date: /mnt/d/Documentos/PUC-Rio/Maestrado/ELE2363/Optimization_based_robotics/install/ob_robotics_interface/include/ob_robotics_interface/ob_robotics_interface/msg/detail/robot_model_interface__traits.hpp
[56.069s] -- Up-to-date: /mnt/d/Documentos/PUC-Rio/Maestrado/ELE2363/Optimization_based_robotics/install/ob_robotics_interface/include/ob_robotics_interface/ob_robotics_interface/msg/detail/robot_model_interface__type_support.hpp
[56.206s] -- Up-to-date: /mnt/d/Documentos/PUC-Rio/Maestrado/ELE2363/Optimization_based_robotics/install/ob_robotics_interface/include/ob_robotics_interface/ob_robotics_interface/msg/model_processed_data.hpp
[56.267s] -- Up-to-date: /mnt/d/Documentos/PUC-Rio/Maestrado/ELE2363/Optimization_based_robotics/install/ob_robotics_interface/include/ob_robotics_interface/ob_robotics_interface/msg/optimization_data.hpp
[56.316s] -- Up-to-date: /mnt/d/Documentos/PUC-Rio/Maestrado/ELE2363/Optimization_based_robotics/install/ob_robotics_interface/include/ob_robotics_interface/ob_robotics_interface/msg/performance_data.hpp
[56.376s] -- Up-to-date: /mnt/d/Documentos/PUC-Rio/Maestrado/ELE2363/Optimization_based_robotics/install/ob_robotics_interface/include/ob_robotics_interface/ob_robotics_interface/msg/robot_model_interface.hpp
[56.427s] -- Up-to-date: /mnt/d/Documentos/PUC-Rio/Maestrado/ELE2363/Optimization_based_robotics/install/ob_robotics_interface/include/ob_robotics_interface/ob_robotics_interface/msg/rosidl_generator_cpp__visibility_control.hpp
[56.469s] -- Up-to-date: /mnt/d/Documentos/PUC-Rio/Maestrado/ELE2363/Optimization_based_robotics/install/ob_robotics_interface/include/ob_robotics_interface/ob_robotics_interface
[56.524s] -- Up-to-date: /mnt/d/Documentos/PUC-Rio/Maestrado/ELE2363/Optimization_based_robotics/install/ob_robotics_interface/include/ob_robotics_interface/ob_robotics_interface/msg
[56.606s] -- Up-to-date: /mnt/d/Documentos/PUC-Rio/Maestrado/ELE2363/Optimization_based_robotics/install/ob_robotics_interface/include/ob_robotics_interface/ob_robotics_interface/msg/detail
[56.687s] -- Up-to-date: /mnt/d/Documentos/PUC-Rio/Maestrado/ELE2363/Optimization_based_robotics/install/ob_robotics_interface/include/ob_robotics_interface/ob_robotics_interface/msg/detail/dds_fastrtps
[56.796s] -- Up-to-date: /mnt/d/Documentos/PUC-Rio/Maestrado/ELE2363/Optimization_based_robotics/install/ob_robotics_interface/include/ob_robotics_interface/ob_robotics_interface/msg/detail/model_processed_data__rosidl_typesupport_fastrtps_cpp.hpp
[56.869s] -- Up-to-date: /mnt/d/Documentos/PUC-Rio/Maestrado/ELE2363/Optimization_based_robotics/install/ob_robotics_interface/include/ob_robotics_interface/ob_robotics_interface/msg/detail/optimization_data__rosidl_typesupport_fastrtps_cpp.hpp
[56.927s] -- Up-to-date: /mnt/d/Documentos/PUC-Rio/Maestrado/ELE2363/Optimization_based_robotics/install/ob_robotics_interface/include/ob_robotics_interface/ob_robotics_interface/msg/detail/performance_data__rosidl_typesupport_fastrtps_cpp.hpp
[56.985s] -- Up-to-date: /mnt/d/Documentos/PUC-Rio/Maestrado/ELE2363/Optimization_based_robotics/install/ob_robotics_interface/include/ob_robotics_interface/ob_robotics_interface/msg/detail/robot_model_interface__rosidl_typesupport_fastrtps_cpp.hpp
[57.037s] -- Up-to-date: /mnt/d/Documentos/PUC-Rio/Maestrado/ELE2363/Optimization_based_robotics/install/ob_robotics_interface/include/ob_robotics_interface/ob_robotics_interface/msg/rosidl_typesupport_fastrtps_cpp__visibility_control.h
[57.258s] -- Up-to-date: /mnt/d/Documentos/PUC-Rio/Maestrado/ELE2363/Optimization_based_robotics/install/ob_robotics_interface/lib/libob_robotics_interface__rosidl_typesupport_fastrtps_cpp.so
[57.351s] -- Up-to-date: /mnt/d/Documentos/PUC-Rio/Maestrado/ELE2363/Optimization_based_robotics/install/ob_robotics_interface/include/ob_robotics_interface/ob_robotics_interface
[57.412s] -- Up-to-date: /mnt/d/Documentos/PUC-Rio/Maestrado/ELE2363/Optimization_based_robotics/install/ob_robotics_interface/include/ob_robotics_interface/ob_robotics_interface/msg
[57.479s] -- Up-to-date: /mnt/d/Documentos/PUC-Rio/Maestrado/ELE2363/Optimization_based_robotics/install/ob_robotics_interface/include/ob_robotics_interface/ob_robotics_interface/msg/detail
[57.571s] -- Up-to-date: /mnt/d/Documentos/PUC-Rio/Maestrado/ELE2363/Optimization_based_robotics/install/ob_robotics_interface/include/ob_robotics_interface/ob_robotics_interface/msg/detail/model_processed_data__rosidl_typesupport_introspection_c.h
[57.641s] -- Installing: /mnt/d/Documentos/PUC-Rio/Maestrado/ELE2363/Optimization_based_robotics/install/ob_robotics_interface/include/ob_robotics_interface/ob_robotics_interface/msg/detail/model_processed_data__type_support.c
[58.010s] -- Up-to-date: /mnt/d/Documentos/PUC-Rio/Maestrado/ELE2363/Optimization_based_robotics/install/ob_robotics_interface/include/ob_robotics_interface/ob_robotics_interface/msg/detail/optimization_data__rosidl_typesupport_introspection_c.h
[58.071s] -- Installing: /mnt/d/Documentos/PUC-Rio/Maestrado/ELE2363/Optimization_based_robotics/install/ob_robotics_interface/include/ob_robotics_interface/ob_robotics_interface/msg/detail/optimization_data__type_support.c
[58.408s] -- Up-to-date: /mnt/d/Documentos/PUC-Rio/Maestrado/ELE2363/Optimization_based_robotics/install/ob_robotics_interface/include/ob_robotics_interface/ob_robotics_interface/msg/detail/performance_data__rosidl_typesupport_introspection_c.h
[58.474s] -- Installing: /mnt/d/Documentos/PUC-Rio/Maestrado/ELE2363/Optimization_based_robotics/install/ob_robotics_interface/include/ob_robotics_interface/ob_robotics_interface/msg/detail/performance_data__type_support.c
[58.767s] -- Up-to-date: /mnt/d/Documentos/PUC-Rio/Maestrado/ELE2363/Optimization_based_robotics/install/ob_robotics_interface/include/ob_robotics_interface/ob_robotics_interface/msg/detail/robot_model_interface__rosidl_typesupport_introspection_c.h
[58.838s] -- Installing: /mnt/d/Documentos/PUC-Rio/Maestrado/ELE2363/Optimization_based_robotics/install/ob_robotics_interface/include/ob_robotics_interface/ob_robotics_interface/msg/detail/robot_model_interface__type_support.c
[59.532s] -- Up-to-date: /mnt/d/Documentos/PUC-Rio/Maestrado/ELE2363/Optimization_based_robotics/install/ob_robotics_interface/include/ob_robotics_interface/ob_robotics_interface/msg/rosidl_typesupport_introspection_c__visibility_control.h
[59.751s] -- Up-to-date: /mnt/d/Documentos/PUC-Rio/Maestrado/ELE2363/Optimization_based_robotics/install/ob_robotics_interface/lib/libob_robotics_interface__rosidl_typesupport_introspection_c.so
[60.008s] -- Up-to-date: /mnt/d/Documentos/PUC-Rio/Maestrado/ELE2363/Optimization_based_robotics/install/ob_robotics_interface/lib/libob_robotics_interface__rosidl_typesupport_c.so
[60.132s] -- Up-to-date: /mnt/d/Documentos/PUC-Rio/Maestrado/ELE2363/Optimization_based_robotics/install/ob_robotics_interface/include/ob_robotics_interface/ob_robotics_interface
[60.208s] -- Up-to-date: /mnt/d/Documentos/PUC-Rio/Maestrado/ELE2363/Optimization_based_robotics/install/ob_robotics_interface/include/ob_robotics_interface/ob_robotics_interface/msg
[60.301s] -- Up-to-date: /mnt/d/Documentos/PUC-Rio/Maestrado/ELE2363/Optimization_based_robotics/install/ob_robotics_interface/include/ob_robotics_interface/ob_robotics_interface/msg/detail
[60.467s] -- Up-to-date: /mnt/d/Documentos/PUC-Rio/Maestrado/ELE2363/Optimization_based_robotics/install/ob_robotics_interface/include/ob_robotics_interface/ob_robotics_interface/msg/detail/model_processed_data__rosidl_typesupport_introspection_cpp.hpp
[60.660s] -- Up-to-date: /mnt/d/Documentos/PUC-Rio/Maestrado/ELE2363/Optimization_based_robotics/install/ob_robotics_interface/include/ob_robotics_interface/ob_robotics_interface/msg/detail/model_processed_data__type_support.cpp
[60.747s] -- Up-to-date: /mnt/d/Documentos/PUC-Rio/Maestrado/ELE2363/Optimization_based_robotics/install/ob_robotics_interface/include/ob_robotics_interface/ob_robotics_interface/msg/detail/optimization_data__rosidl_typesupport_introspection_cpp.hpp
[60.823s] -- Up-to-date: /mnt/d/Documentos/PUC-Rio/Maestrado/ELE2363/Optimization_based_robotics/install/ob_robotics_interface/include/ob_robotics_interface/ob_robotics_interface/msg/detail/optimization_data__type_support.cpp
[60.886s] -- Up-to-date: /mnt/d/Documentos/PUC-Rio/Maestrado/ELE2363/Optimization_based_robotics/install/ob_robotics_interface/include/ob_robotics_interface/ob_robotics_interface/msg/detail/performance_data__rosidl_typesupport_introspection_cpp.hpp
[60.954s] -- Up-to-date: /mnt/d/Documentos/PUC-Rio/Maestrado/ELE2363/Optimization_based_robotics/install/ob_robotics_interface/include/ob_robotics_interface/ob_robotics_interface/msg/detail/performance_data__type_support.cpp
[61.013s] -- Up-to-date: /mnt/d/Documentos/PUC-Rio/Maestrado/ELE2363/Optimization_based_robotics/install/ob_robotics_interface/include/ob_robotics_interface/ob_robotics_interface/msg/detail/robot_model_interface__rosidl_typesupport_introspection_cpp.hpp
[61.075s] -- Up-to-date: /mnt/d/Documentos/PUC-Rio/Maestrado/ELE2363/Optimization_based_robotics/install/ob_robotics_interface/include/ob_robotics_interface/ob_robotics_interface/msg/detail/robot_model_interface__type_support.cpp
[61.299s] -- Up-to-date: /mnt/d/Documentos/PUC-Rio/Maestrado/ELE2363/Optimization_based_robotics/install/ob_robotics_interface/lib/libob_robotics_interface__rosidl_typesupport_introspection_cpp.so
[61.514s] -- Up-to-date: /mnt/d/Documentos/PUC-Rio/Maestrado/ELE2363/Optimization_based_robotics/install/ob_robotics_interface/lib/libob_robotics_interface__rosidl_typesupport_cpp.so
[61.629s] -- Up-to-date: /mnt/d/Documentos/PUC-Rio/Maestrado/ELE2363/Optimization_based_robotics/install/ob_robotics_interface/share/ob_robotics_interface/environment/pythonpath.sh
[61.689s] -- Up-to-date: /mnt/d/Documentos/PUC-Rio/Maestrado/ELE2363/Optimization_based_robotics/install/ob_robotics_interface/share/ob_robotics_interface/environment/pythonpath.dsv
[61.740s] -- Up-to-date: /mnt/d/Documentos/PUC-Rio/Maestrado/ELE2363/Optimization_based_robotics/install/ob_robotics_interface/lib/python3.12/site-packages/ob_robotics_interface-0.0.0-py3.12.egg-info
[61.824s] -- Installing: /mnt/d/Documentos/PUC-Rio/Maestrado/ELE2363/Optimization_based_robotics/install/ob_robotics_interface/lib/python3.12/site-packages/ob_robotics_interface-0.0.0-py3.12.egg-info/dependency_links.txt
[62.023s] -- Installing: /mnt/d/Documentos/PUC-Rio/Maestrado/ELE2363/Optimization_based_robotics/install/ob_robotics_interface/lib/python3.12/site-packages/ob_robotics_interface-0.0.0-py3.12.egg-info/PKG-INFO
[62.218s] -- Installing: /mnt/d/Documentos/PUC-Rio/Maestrado/ELE2363/Optimization_based_robotics/install/ob_robotics_interface/lib/python3.12/site-packages/ob_robotics_interface-0.0.0-py3.12.egg-info/SOURCES.txt
[62.452s] -- Installing: /mnt/d/Documentos/PUC-Rio/Maestrado/ELE2363/Optimization_based_robotics/install/ob_robotics_interface/lib/python3.12/site-packages/ob_robotics_interface-0.0.0-py3.12.egg-info/top_level.txt
[62.671s] -- Up-to-date: /mnt/d/Documentos/PUC-Rio/Maestrado/ELE2363/Optimization_based_robotics/install/ob_robotics_interface/lib/python3.12/site-packages/ob_robotics_interface
[62.737s] -- Up-to-date: /mnt/d/Documentos/PUC-Rio/Maestrado/ELE2363/Optimization_based_robotics/install/ob_robotics_interface/lib/python3.12/site-packages/ob_robotics_interface/msg
[62.812s] -- Up-to-date: /mnt/d/Documentos/PUC-Rio/Maestrado/ELE2363/Optimization_based_robotics/install/ob_robotics_interface/lib/python3.12/site-packages/ob_robotics_interface/msg/_model_processed_data.py
[62.867s] -- Up-to-date: /mnt/d/Documentos/PUC-Rio/Maestrado/ELE2363/Optimization_based_robotics/install/ob_robotics_interface/lib/python3.12/site-packages/ob_robotics_interface/msg/_model_processed_data_s.c
[62.927s] -- Up-to-date: /mnt/d/Documentos/PUC-Rio/Maestrado/ELE2363/Optimization_based_robotics/install/ob_robotics_interface/lib/python3.12/site-packages/ob_robotics_interface/msg/_optimization_data.py
[62.980s] -- Up-to-date: /mnt/d/Documentos/PUC-Rio/Maestrado/ELE2363/Optimization_based_robotics/install/ob_robotics_interface/lib/python3.12/site-packages/ob_robotics_interface/msg/_optimization_data_s.c
[63.037s] -- Up-to-date: /mnt/d/Documentos/PUC-Rio/Maestrado/ELE2363/Optimization_based_robotics/install/ob_robotics_interface/lib/python3.12/site-packages/ob_robotics_interface/msg/_performance_data.py
[63.094s] -- Up-to-date: /mnt/d/Documentos/PUC-Rio/Maestrado/ELE2363/Optimization_based_robotics/install/ob_robotics_interface/lib/python3.12/site-packages/ob_robotics_interface/msg/_performance_data_s.c
[63.150s] -- Up-to-date: /mnt/d/Documentos/PUC-Rio/Maestrado/ELE2363/Optimization_based_robotics/install/ob_robotics_interface/lib/python3.12/site-packages/ob_robotics_interface/msg/_robot_model_interface.py
[63.203s] -- Up-to-date: /mnt/d/Documentos/PUC-Rio/Maestrado/ELE2363/Optimization_based_robotics/install/ob_robotics_interface/lib/python3.12/site-packages/ob_robotics_interface/msg/_robot_model_interface_s.c
[63.266s] -- Up-to-date: /mnt/d/Documentos/PUC-Rio/Maestrado/ELE2363/Optimization_based_robotics/install/ob_robotics_interface/lib/python3.12/site-packages/ob_robotics_interface/msg/__init__.py
[63.325s] -- Up-to-date: /mnt/d/Documentos/PUC-Rio/Maestrado/ELE2363/Optimization_based_robotics/install/ob_robotics_interface/lib/python3.12/site-packages/ob_robotics_interface/ob_robotics_interface_s__rosidl_typesupport_c.so
[63.382s] -- Up-to-date: /mnt/d/Documentos/PUC-Rio/Maestrado/ELE2363/Optimization_based_robotics/install/ob_robotics_interface/lib/python3.12/site-packages/ob_robotics_interface/ob_robotics_interface_s__rosidl_typesupport_fastrtps_c.so
[63.432s] -- Up-to-date: /mnt/d/Documentos/PUC-Rio/Maestrado/ELE2363/Optimization_based_robotics/install/ob_robotics_interface/lib/python3.12/site-packages/ob_robotics_interface/ob_robotics_interface_s__rosidl_typesupport_introspection_c.so
[63.482s] -- Up-to-date: /mnt/d/Documentos/PUC-Rio/Maestrado/ELE2363/Optimization_based_robotics/install/ob_robotics_interface/lib/python3.12/site-packages/ob_robotics_interface/_ob_robotics_interface_s.ep.rosidl_typesupport_c.c
[63.530s] -- Up-to-date: /mnt/d/Documentos/PUC-Rio/Maestrado/ELE2363/Optimization_based_robotics/install/ob_robotics_interface/lib/python3.12/site-packages/ob_robotics_interface/_ob_robotics_interface_s.ep.rosidl_typesupport_fastrtps_c.c
[63.579s] -- Up-to-date: /mnt/d/Documentos/PUC-Rio/Maestrado/ELE2363/Optimization_based_robotics/install/ob_robotics_interface/lib/python3.12/site-packages/ob_robotics_interface/_ob_robotics_interface_s.ep.rosidl_typesupport_introspection_c.c
[63.627s] -- Up-to-date: /mnt/d/Documentos/PUC-Rio/Maestrado/ELE2363/Optimization_based_robotics/install/ob_robotics_interface/lib/python3.12/site-packages/ob_robotics_interface/__init__.py
[67.286s] Listing '/mnt/d/Documentos/PUC-Rio/Maestrado/ELE2363/Optimization_based_robotics/install/ob_robotics_interface/lib/python3.12/site-packages/ob_robotics_interface'...
[67.292s] Listing '/mnt/d/Documentos/PUC-Rio/Maestrado/ELE2363/Optimization_based_robotics/install/ob_robotics_interface/lib/python3.12/site-packages/ob_robotics_interface/msg'...
[67.449s] -- Up-to-date: /mnt/d/Documentos/PUC-Rio/Maestrado/ELE2363/Optimization_based_robotics/install/ob_robotics_interface/lib/python3.12/site-packages/ob_robotics_interface/ob_robotics_interface_s__rosidl_typesupport_fastrtps_c.so
[67.725s] -- Up-to-date: /mnt/d/Documentos/PUC-Rio/Maestrado/ELE2363/Optimization_based_robotics/install/ob_robotics_interface/lib/python3.12/site-packages/ob_robotics_interface/ob_robotics_interface_s__rosidl_typesupport_introspection_c.so
[67.996s] -- Up-to-date: /mnt/d/Documentos/PUC-Rio/Maestrado/ELE2363/Optimization_based_robotics/install/ob_robotics_interface/lib/python3.12/site-packages/ob_robotics_interface/ob_robotics_interface_s__rosidl_typesupport_c.so
[68.239s] -- Up-to-date: /mnt/d/Documentos/PUC-Rio/Maestrado/ELE2363/Optimization_based_robotics/install/ob_robotics_interface/lib/libob_robotics_interface__rosidl_generator_py.so
[68.353s] -- Up-to-date: /mnt/d/Documentos/PUC-Rio/Maestrado/ELE2363/Optimization_based_robotics/install/ob_robotics_interface/share/ob_robotics_interface/msg/ModelProcessedData.idl
[68.407s] -- Up-to-date: /mnt/d/Documentos/PUC-Rio/Maestrado/ELE2363/Optimization_based_robotics/install/ob_robotics_interface/share/ob_robotics_interface/msg/PerformanceData.idl
[68.454s] -- Up-to-date: /mnt/d/Documentos/PUC-Rio/Maestrado/ELE2363/Optimization_based_robotics/install/ob_robotics_interface/share/ob_robotics_interface/msg/OptimizationData.idl
[68.583s] -- Up-to-date: /mnt/d/Documentos/PUC-Rio/Maestrado/ELE2363/Optimization_based_robotics/install/ob_robotics_interface/share/ob_robotics_interface/msg/RobotModelInterface.idl
[68.639s] -- Up-to-date: /mnt/d/Documentos/PUC-Rio/Maestrado/ELE2363/Optimization_based_robotics/install/ob_robotics_interface/share/ob_robotics_interface/msg/ModelProcessedData.msg
[68.695s] -- Up-to-date: /mnt/d/Documentos/PUC-Rio/Maestrado/ELE2363/Optimization_based_robotics/install/ob_robotics_interface/share/ob_robotics_interface/msg/PerformanceData.msg
[68.762s] -- Up-to-date: /mnt/d/Documentos/PUC-Rio/Maestrado/ELE2363/Optimization_based_robotics/install/ob_robotics_interface/share/ob_robotics_interface/msg/OptimizationData.msg
[68.827s] -- Up-to-date: /mnt/d/Documentos/PUC-Rio/Maestrado/ELE2363/Optimization_based_robotics/install/ob_robotics_interface/share/ob_robotics_interface/msg/RobotModelInterface.msg
[68.904s] -- Up-to-date: /mnt/d/Documentos/PUC-Rio/Maestrado/ELE2363/Optimization_based_robotics/install/ob_robotics_interface/share/ament_index/resource_index/package_run_dependencies/ob_robotics_interface
[68.983s] -- Up-to-date: /mnt/d/Documentos/PUC-Rio/Maestrado/ELE2363/Optimization_based_robotics/install/ob_robotics_interface/share/ament_index/resource_index/parent_prefix_path/ob_robotics_interface
[69.023s] -- Up-to-date: /mnt/d/Documentos/PUC-Rio/Maestrado/ELE2363/Optimization_based_robotics/install/ob_robotics_interface/share/ob_robotics_interface/environment/ament_prefix_path.sh
[69.072s] -- Up-to-date: /mnt/d/Documentos/PUC-Rio/Maestrado/ELE2363/Optimization_based_robotics/install/ob_robotics_interface/share/ob_robotics_interface/environment/ament_prefix_path.dsv
[69.108s] -- Up-to-date: /mnt/d/Documentos/PUC-Rio/Maestrado/ELE2363/Optimization_based_robotics/install/ob_robotics_interface/share/ob_robotics_interface/environment/path.sh
[69.159s] -- Up-to-date: /mnt/d/Documentos/PUC-Rio/Maestrado/ELE2363/Optimization_based_robotics/install/ob_robotics_interface/share/ob_robotics_interface/environment/path.dsv
[69.201s] -- Up-to-date: /mnt/d/Documentos/PUC-Rio/Maestrado/ELE2363/Optimization_based_robotics/install/ob_robotics_interface/share/ob_robotics_interface/local_setup.bash
[69.247s] -- Up-to-date: /mnt/d/Documentos/PUC-Rio/Maestrado/ELE2363/Optimization_based_robotics/install/ob_robotics_interface/share/ob_robotics_interface/local_setup.sh
[69.298s] -- Up-to-date: /mnt/d/Documentos/PUC-Rio/Maestrado/ELE2363/Optimization_based_robotics/install/ob_robotics_interface/share/ob_robotics_interface/local_setup.zsh
[69.345s] -- Up-to-date: /mnt/d/Documentos/PUC-Rio/Maestrado/ELE2363/Optimization_based_robotics/install/ob_robotics_interface/share/ob_robotics_interface/local_setup.dsv
[69.388s] -- Installing: /mnt/d/Documentos/PUC-Rio/Maestrado/ELE2363/Optimization_based_robotics/install/ob_robotics_interface/share/ob_robotics_interface/package.dsv
[69.583s] -- Up-to-date: /mnt/d/Documentos/PUC-Rio/Maestrado/ELE2363/Optimization_based_robotics/install/ob_robotics_interface/share/ament_index/resource_index/packages/ob_robotics_interface
[69.729s] -- Up-to-date: /mnt/d/Documentos/PUC-Rio/Maestrado/ELE2363/Optimization_based_robotics/install/ob_robotics_interface/share/ob_robotics_interface/cmake/export_ob_robotics_interface__rosidl_generator_cExport.cmake
[69.800s] -- Up-to-date: /mnt/d/Documentos/PUC-Rio/Maestrado/ELE2363/Optimization_based_robotics/install/ob_robotics_interface/share/ob_robotics_interface/cmake/export_ob_robotics_interface__rosidl_generator_cExport-noconfig.cmake
[69.942s] -- Up-to-date: /mnt/d/Documentos/PUC-Rio/Maestrado/ELE2363/Optimization_based_robotics/install/ob_robotics_interface/share/ob_robotics_interface/cmake/export_ob_robotics_interface__rosidl_typesupport_fastrtps_cExport.cmake
[69.996s] -- Up-to-date: /mnt/d/Documentos/PUC-Rio/Maestrado/ELE2363/Optimization_based_robotics/install/ob_robotics_interface/share/ob_robotics_interface/cmake/export_ob_robotics_interface__rosidl_typesupport_fastrtps_cExport-noconfig.cmake
[70.100s] -- Up-to-date: /mnt/d/Documentos/PUC-Rio/Maestrado/ELE2363/Optimization_based_robotics/install/ob_robotics_interface/share/ob_robotics_interface/cmake/export_ob_robotics_interface__rosidl_generator_cppExport.cmake
[70.201s] -- Up-to-date: /mnt/d/Documentos/PUC-Rio/Maestrado/ELE2363/Optimization_based_robotics/install/ob_robotics_interface/share/ob_robotics_interface/cmake/export_ob_robotics_interface__rosidl_typesupport_fastrtps_cppExport.cmake
[70.257s] -- Up-to-date: /mnt/d/Documentos/PUC-Rio/Maestrado/ELE2363/Optimization_based_robotics/install/ob_robotics_interface/share/ob_robotics_interface/cmake/export_ob_robotics_interface__rosidl_typesupport_fastrtps_cppExport-noconfig.cmake
[70.370s] -- Up-to-date: /mnt/d/Documentos/PUC-Rio/Maestrado/ELE2363/Optimization_based_robotics/install/ob_robotics_interface/share/ob_robotics_interface/cmake/ob_robotics_interface__rosidl_typesupport_introspection_cExport.cmake
[70.437s] -- Up-to-date: /mnt/d/Documentos/PUC-Rio/Maestrado/ELE2363/Optimization_based_robotics/install/ob_robotics_interface/share/ob_robotics_interface/cmake/ob_robotics_interface__rosidl_typesupport_introspection_cExport-noconfig.cmake
[70.559s] -- Up-to-date: /mnt/d/Documentos/PUC-Rio/Maestrado/ELE2363/Optimization_based_robotics/install/ob_robotics_interface/share/ob_robotics_interface/cmake/ob_robotics_interface__rosidl_typesupport_cExport.cmake
[70.625s] -- Up-to-date: /mnt/d/Documentos/PUC-Rio/Maestrado/ELE2363/Optimization_based_robotics/install/ob_robotics_interface/share/ob_robotics_interface/cmake/ob_robotics_interface__rosidl_typesupport_cExport-noconfig.cmake
[70.748s] -- Up-to-date: /mnt/d/Documentos/PUC-Rio/Maestrado/ELE2363/Optimization_based_robotics/install/ob_robotics_interface/share/ob_robotics_interface/cmake/ob_robotics_interface__rosidl_typesupport_introspection_cppExport.cmake
[70.959s] -- Up-to-date: /mnt/d/Documentos/PUC-Rio/Maestrado/ELE2363/Optimization_based_robotics/install/ob_robotics_interface/share/ob_robotics_interface/cmake/ob_robotics_interface__rosidl_typesupport_introspection_cppExport-noconfig.cmake
[71.168s] -- Up-to-date: /mnt/d/Documentos/PUC-Rio/Maestrado/ELE2363/Optimization_based_robotics/install/ob_robotics_interface/share/ob_robotics_interface/cmake/ob_robotics_interface__rosidl_typesupport_cppExport.cmake
[71.227s] -- Up-to-date: /mnt/d/Documentos/PUC-Rio/Maestrado/ELE2363/Optimization_based_robotics/install/ob_robotics_interface/share/ob_robotics_interface/cmake/ob_robotics_interface__rosidl_typesupport_cppExport-noconfig.cmake
[71.441s] -- Up-to-date: /mnt/d/Documentos/PUC-Rio/Maestrado/ELE2363/Optimization_based_robotics/install/ob_robotics_interface/share/ob_robotics_interface/cmake/export_ob_robotics_interface__rosidl_generator_pyExport.cmake
[71.509s] -- Up-to-date: /mnt/d/Documentos/PUC-Rio/Maestrado/ELE2363/Optimization_based_robotics/install/ob_robotics_interface/share/ob_robotics_interface/cmake/export_ob_robotics_interface__rosidl_generator_pyExport-noconfig.cmake
[71.556s] -- Up-to-date: /mnt/d/Documentos/PUC-Rio/Maestrado/ELE2363/Optimization_based_robotics/install/ob_robotics_interface/share/ob_robotics_interface/cmake/rosidl_cmake-extras.cmake
[71.610s] -- Up-to-date: /mnt/d/Documentos/PUC-Rio/Maestrado/ELE2363/Optimization_based_robotics/install/ob_robotics_interface/share/ob_robotics_interface/cmake/ament_cmake_export_dependencies-extras.cmake
[71.664s] -- Up-to-date: /mnt/d/Documentos/PUC-Rio/Maestrado/ELE2363/Optimization_based_robotics/install/ob_robotics_interface/share/ob_robotics_interface/cmake/ament_cmake_export_include_directories-extras.cmake
[71.712s] -- Up-to-date: /mnt/d/Documentos/PUC-Rio/Maestrado/ELE2363/Optimization_based_robotics/install/ob_robotics_interface/share/ob_robotics_interface/cmake/ament_cmake_export_libraries-extras.cmake
[71.762s] -- Up-to-date: /mnt/d/Documentos/PUC-Rio/Maestrado/ELE2363/Optimization_based_robotics/install/ob_robotics_interface/share/ob_robotics_interface/cmake/ament_cmake_export_targets-extras.cmake
[71.813s] -- Up-to-date: /mnt/d/Documentos/PUC-Rio/Maestrado/ELE2363/Optimization_based_robotics/install/ob_robotics_interface/share/ob_robotics_interface/cmake/rosidl_cmake_export_typesupport_targets-extras.cmake
[71.853s] -- Up-to-date: /mnt/d/Documentos/PUC-Rio/Maestrado/ELE2363/Optimization_based_robotics/install/ob_robotics_interface/share/ob_robotics_interface/cmake/rosidl_cmake_export_typesupport_libraries-extras.cmake
[71.902s] -- Up-to-date: /mnt/d/Documentos/PUC-Rio/Maestrado/ELE2363/Optimization_based_robotics/install/ob_robotics_interface/share/ob_robotics_interface/cmake/ob_robotics_interfaceConfig.cmake
[71.937s] -- Up-to-date: /mnt/d/Documentos/PUC-Rio/Maestrado/ELE2363/Optimization_based_robotics/install/ob_robotics_interface/share/ob_robotics_interface/cmake/ob_robotics_interfaceConfig-version.cmake
[71.981s] -- Up-to-date: /mnt/d/Documentos/PUC-Rio/Maestrado/ELE2363/Optimization_based_robotics/install/ob_robotics_interface/share/ob_robotics_interface/package.xml
[72.039s] Invoked command in '/mnt/d/Documentos/PUC-Rio/Maestrado/ELE2363/Optimization_based_robotics/build/ob_robotics_interface' returned '0': CMAKE_PREFIX_PATH=${CMAKE_PREFIX_PATH}:/mnt/d/Documentos/PUC-Rio/Maestrado/ELE2363/ros2_ws/install/turtlesim_test:/mnt/d/Documentos/PUC-Rio/Maestrado/ELE2363/ros2_ws/install/turtlesim_control:/mnt/d/Documentos/PUC-Rio/Maestrado/ELE2363/ros2_ws/install/gpg_virtual:/mnt/d/Documentos/PUC-Rio/Maestrado/ELE2363/ros2_ws/install/gpg_urdf:/mnt/d/Documentos/PUC-Rio/Maestrado/ELE2363/Optimization_based_robotics/install/Optimization_module:/opt/ros/jazzy /usr/bin/cmake --install /mnt/d/Documentos/PUC-Rio/Maestrado/ELE2363/Optimization_based_robotics/build/ob_robotics_interface
