[2.838s] Invoking command in '/mnt/d/Documentos/PUC-Rio/Maestrado/ELE2363/Optimization_based_robotics/build/ob_robotics_interface': CMAKE_PREFIX_PATH=${CMAKE_PREFIX_PATH}:/mnt/d/Documentos/PUC-Rio/Maestrado/ELE2363/ros2_ws/install/turtlesim_test:/mnt/d/Documentos/PUC-Rio/Maestrado/ELE2363/ros2_ws/install/turtlesim_control:/mnt/d/Documentos/PUC-Rio/Maestrado/ELE2363/ros2_ws/install/gpg_virtual:/mnt/d/Documentos/PUC-Rio/Maestrado/ELE2363/ros2_ws/install/gpg_urdf:/mnt/d/Documentos/PUC-Rio/Maestrado/ELE2363/Optimization_based_robotics/install/Optimization_module:/opt/ros/jazzy /usr/bin/cmake --build /mnt/d/Documentos/PUC-Rio/Maestrado/ELE2363/Optimization_based_robotics/build/ob_robotics_interface -- -j12 -l12
[4.527s] [  1%] Built target ob_robotics_interface__rosidl_generator_type_description
[5.427s] [  3%] Built target ob_robotics_interface__cpp
[5.692s] [  3%] Built target ament_cmake_python_copy_ob_robotics_interface
[5.999s] [ 25%] Built target ob_robotics_interface__rosidl_generator_c
[7.225s] [ 46%] Built target ob_robotics_interface__rosidl_typesupport_cpp
[7.233s] [ 50%] Built target ob_robotics_interface__rosidl_typesupport_c
[7.248s] [ 53%] Built target ob_robotics_interface__rosidl_typesupport_introspection_c
[7.377s] [ 62%] Built target ob_robotics_interface__rosidl_typesupport_fastrtps_cpp
[7.512s] [ 73%] Built target ob_robotics_interface__rosidl_typesupport_fastrtps_c
[7.532s] [ 81%] Built target ob_robotics_interface__rosidl_typesupport_introspection_cpp
[8.050s] [ 81%] Built target ob_robotics_interface
[8.650s] [ 82%] Built target ob_robotics_interface__py
[8.764s] running egg_info
[8.843s] writing ob_robotics_interface.egg-info/PKG-INFO
[8.848s] writing dependency_links to ob_robotics_interface.egg-info/dependency_links.txt
[8.854s] writing top-level names to ob_robotics_interface.egg-info/top_level.txt
[9.090s] reading manifest file 'ob_robotics_interface.egg-info/SOURCES.txt'
[9.136s] writing manifest file 'ob_robotics_interface.egg-info/SOURCES.txt'
[9.371s] [ 82%] Built target ament_cmake_python_build_ob_robotics_interface_egg
[10.170s] [ 90%] Built target ob_robotics_interface__rosidl_generator_py
[10.731s] [ 95%] Built target ob_robotics_interface_s__rosidl_typesupport_c
[10.735s] [ 96%] Built target ob_robotics_interface_s__rosidl_typesupport_fastrtps_c
[10.846s] [100%] Built target ob_robotics_interface_s__rosidl_typesupport_introspection_c
[11.512s] Invoked command in '/mnt/d/Documentos/PUC-Rio/Maestrado/ELE2363/Optimization_based_robotics/build/ob_robotics_interface' returned '0': CMAKE_PREFIX_PATH=${CMAKE_PREFIX_PATH}:/mnt/d/Documentos/PUC-Rio/Maestrado/ELE2363/ros2_ws/install/turtlesim_test:/mnt/d/Documentos/PUC-Rio/Maestrado/ELE2363/ros2_ws/install/turtlesim_control:/mnt/d/Documentos/PUC-Rio/Maestrado/ELE2363/ros2_ws/install/gpg_virtual:/mnt/d/Documentos/PUC-Rio/Maestrado/ELE2363/ros2_ws/install/gpg_urdf:/mnt/d/Documentos/PUC-Rio/Maestrado/ELE2363/Optimization_based_robotics/install/Optimization_module:/opt/ros/jazzy /usr/bin/cmake --build /mnt/d/Documentos/PUC-Rio/Maestrado/ELE2363/Optimization_based_robotics/build/ob_robotics_interface -- -j12 -l12
[17.082s] Invoking command in '/mnt/d/Documentos/PUC-Rio/Maestrado/ELE2363/Optimization_based_robotics/build/ob_robotics_interface': CMAKE_PREFIX_PATH=${CMAKE_PREFIX_PATH}:/mnt/d/Documentos/PUC-Rio/Maestrado/ELE2363/ros2_ws/install/turtlesim_test:/mnt/d/Documentos/PUC-Rio/Maestrado/ELE2363/ros2_ws/install/turtlesim_control:/mnt/d/Documentos/PUC-Rio/Maestrado/ELE2363/ros2_ws/install/gpg_virtual:/mnt/d/Documentos/PUC-Rio/Maestrado/ELE2363/ros2_ws/install/gpg_urdf:/mnt/d/Documentos/PUC-Rio/Maestrado/ELE2363/Optimization_based_robotics/install/Optimization_module:/opt/ros/jazzy /usr/bin/cmake --install /mnt/d/Documentos/PUC-Rio/Maestrado/ELE2363/Optimization_based_robotics/build/ob_robotics_interface
[17.574s] -- Install configuration: ""
[17.604s] -- Up-to-date: /mnt/d/Documentos/PUC-Rio/Maestrado/ELE2363/Optimization_based_robotics/install/ob_robotics_interface/share/ament_index/resource_index/rosidl_interfaces/ob_robotics_interface
[17.622s] -- Up-to-date: /mnt/d/Documentos/PUC-Rio/Maestrado/ELE2363/Optimization_based_robotics/install/ob_robotics_interface/share/ob_robotics_interface/msg/ModelProcessedData.json
[17.639s] -- Up-to-date: /mnt/d/Documentos/PUC-Rio/Maestrado/ELE2363/Optimization_based_robotics/install/ob_robotics_interface/share/ob_robotics_interface/msg/PerformanceData.json
[17.655s] -- Up-to-date: /mnt/d/Documentos/PUC-Rio/Maestrado/ELE2363/Optimization_based_robotics/install/ob_robotics_interface/share/ob_robotics_interface/msg/OptimizationData.json
[17.671s] -- Up-to-date: /mnt/d/Documentos/PUC-Rio/Maestrado/ELE2363/Optimization_based_robotics/install/ob_robotics_interface/share/ob_robotics_interface/msg/RobotModelInterface.json
[17.682s] -- Up-to-date: /mnt/d/Documentos/PUC-Rio/Maestrado/ELE2363/Optimization_based_robotics/install/ob_robotics_interface/include/ob_robotics_interface/ob_robotics_interface
[17.698s] -- Up-to-date: /mnt/d/Documentos/PUC-Rio/Maestrado/ELE2363/Optimization_based_robotics/install/ob_robotics_interface/include/ob_robotics_interface/ob_robotics_interface/msg
[17.719s] -- Up-to-date: /mnt/d/Documentos/PUC-Rio/Maestrado/ELE2363/Optimization_based_robotics/install/ob_robotics_interface/include/ob_robotics_interface/ob_robotics_interface/msg/detail
[17.745s] -- Up-to-date: /mnt/d/Documentos/PUC-Rio/Maestrado/ELE2363/Optimization_based_robotics/install/ob_robotics_interface/include/ob_robotics_interface/ob_robotics_interface/msg/detail/model_processed_data__description.c
[17.771s] -- Up-to-date: /mnt/d/Documentos/PUC-Rio/Maestrado/ELE2363/Optimization_based_robotics/install/ob_robotics_interface/include/ob_robotics_interface/ob_robotics_interface/msg/detail/model_processed_data__functions.c
[17.792s] -- Up-to-date: /mnt/d/Documentos/PUC-Rio/Maestrado/ELE2363/Optimization_based_robotics/install/ob_robotics_interface/include/ob_robotics_interface/ob_robotics_interface/msg/detail/model_processed_data__functions.h
[17.817s] -- Up-to-date: /mnt/d/Documentos/PUC-Rio/Maestrado/ELE2363/Optimization_based_robotics/install/ob_robotics_interface/include/ob_robotics_interface/ob_robotics_interface/msg/detail/model_processed_data__struct.h
[17.843s] -- Installing: /mnt/d/Documentos/PUC-Rio/Maestrado/ELE2363/Optimization_based_robotics/install/ob_robotics_interface/include/ob_robotics_interface/ob_robotics_interface/msg/detail/model_processed_data__type_support.c
[17.917s] -- Up-to-date: /mnt/d/Documentos/PUC-Rio/Maestrado/ELE2363/Optimization_based_robotics/install/ob_robotics_interface/include/ob_robotics_interface/ob_robotics_interface/msg/detail/model_processed_data__type_support.h
[17.937s] -- Up-to-date: /mnt/d/Documentos/PUC-Rio/Maestrado/ELE2363/Optimization_based_robotics/install/ob_robotics_interface/include/ob_robotics_interface/ob_robotics_interface/msg/detail/optimization_data__description.c
[17.958s] -- Up-to-date: /mnt/d/Documentos/PUC-Rio/Maestrado/ELE2363/Optimization_based_robotics/install/ob_robotics_interface/include/ob_robotics_interface/ob_robotics_interface/msg/detail/optimization_data__functions.c
[17.989s] -- Up-to-date: /mnt/d/Documentos/PUC-Rio/Maestrado/ELE2363/Optimization_based_robotics/install/ob_robotics_interface/include/ob_robotics_interface/ob_robotics_interface/msg/detail/optimization_data__functions.h
[18.032s] -- Up-to-date: /mnt/d/Documentos/PUC-Rio/Maestrado/ELE2363/Optimization_based_robotics/install/ob_robotics_interface/include/ob_robotics_interface/ob_robotics_interface/msg/detail/optimization_data__struct.h
[18.076s] -- Installing: /mnt/d/Documentos/PUC-Rio/Maestrado/ELE2363/Optimization_based_robotics/install/ob_robotics_interface/include/ob_robotics_interface/ob_robotics_interface/msg/detail/optimization_data__type_support.c
[18.195s] -- Up-to-date: /mnt/d/Documentos/PUC-Rio/Maestrado/ELE2363/Optimization_based_robotics/install/ob_robotics_interface/include/ob_robotics_interface/ob_robotics_interface/msg/detail/optimization_data__type_support.h
[18.220s] -- Up-to-date: /mnt/d/Documentos/PUC-Rio/Maestrado/ELE2363/Optimization_based_robotics/install/ob_robotics_interface/include/ob_robotics_interface/ob_robotics_interface/msg/detail/performance_data__description.c
[18.244s] -- Up-to-date: /mnt/d/Documentos/PUC-Rio/Maestrado/ELE2363/Optimization_based_robotics/install/ob_robotics_interface/include/ob_robotics_interface/ob_robotics_interface/msg/detail/performance_data__functions.c
[18.267s] -- Up-to-date: /mnt/d/Documentos/PUC-Rio/Maestrado/ELE2363/Optimization_based_robotics/install/ob_robotics_interface/include/ob_robotics_interface/ob_robotics_interface/msg/detail/performance_data__functions.h
[18.298s] -- Up-to-date: /mnt/d/Documentos/PUC-Rio/Maestrado/ELE2363/Optimization_based_robotics/install/ob_robotics_interface/include/ob_robotics_interface/ob_robotics_interface/msg/detail/performance_data__struct.h
[18.334s] -- Installing: /mnt/d/Documentos/PUC-Rio/Maestrado/ELE2363/Optimization_based_robotics/install/ob_robotics_interface/include/ob_robotics_interface/ob_robotics_interface/msg/detail/performance_data__type_support.c
[18.442s] -- Up-to-date: /mnt/d/Documentos/PUC-Rio/Maestrado/ELE2363/Optimization_based_robotics/install/ob_robotics_interface/include/ob_robotics_interface/ob_robotics_interface/msg/detail/performance_data__type_support.h
[18.466s] -- Up-to-date: /mnt/d/Documentos/PUC-Rio/Maestrado/ELE2363/Optimization_based_robotics/install/ob_robotics_interface/include/ob_robotics_interface/ob_robotics_interface/msg/detail/robot_model_interface__description.c
[18.492s] -- Up-to-date: /mnt/d/Documentos/PUC-Rio/Maestrado/ELE2363/Optimization_based_robotics/install/ob_robotics_interface/include/ob_robotics_interface/ob_robotics_interface/msg/detail/robot_model_interface__functions.c
[18.517s] -- Up-to-date: /mnt/d/Documentos/PUC-Rio/Maestrado/ELE2363/Optimization_based_robotics/install/ob_robotics_interface/include/ob_robotics_interface/ob_robotics_interface/msg/detail/robot_model_interface__functions.h
[18.553s] -- Up-to-date: /mnt/d/Documentos/PUC-Rio/Maestrado/ELE2363/Optimization_based_robotics/install/ob_robotics_interface/include/ob_robotics_interface/ob_robotics_interface/msg/detail/robot_model_interface__struct.h
[18.580s] -- Installing: /mnt/d/Documentos/PUC-Rio/Maestrado/ELE2363/Optimization_based_robotics/install/ob_robotics_interface/include/ob_robotics_interface/ob_robotics_interface/msg/detail/robot_model_interface__type_support.c
[18.687s] -- Up-to-date: /mnt/d/Documentos/PUC-Rio/Maestrado/ELE2363/Optimization_based_robotics/install/ob_robotics_interface/include/ob_robotics_interface/ob_robotics_interface/msg/detail/robot_model_interface__type_support.h
[18.713s] -- Up-to-date: /mnt/d/Documentos/PUC-Rio/Maestrado/ELE2363/Optimization_based_robotics/install/ob_robotics_interface/include/ob_robotics_interface/ob_robotics_interface/msg/model_processed_data.h
[18.745s] -- Up-to-date: /mnt/d/Documentos/PUC-Rio/Maestrado/ELE2363/Optimization_based_robotics/install/ob_robotics_interface/include/ob_robotics_interface/ob_robotics_interface/msg/optimization_data.h
[18.782s] -- Up-to-date: /mnt/d/Documentos/PUC-Rio/Maestrado/ELE2363/Optimization_based_robotics/install/ob_robotics_interface/include/ob_robotics_interface/ob_robotics_interface/msg/performance_data.h
[18.810s] -- Up-to-date: /mnt/d/Documentos/PUC-Rio/Maestrado/ELE2363/Optimization_based_robotics/install/ob_robotics_interface/include/ob_robotics_interface/ob_robotics_interface/msg/robot_model_interface.h
[18.846s] -- Up-to-date: /mnt/d/Documentos/PUC-Rio/Maestrado/ELE2363/Optimization_based_robotics/install/ob_robotics_interface/include/ob_robotics_interface/ob_robotics_interface/msg/rosidl_generator_c__visibility_control.h
[18.866s] -- Up-to-date: /mnt/d/Documentos/PUC-Rio/Maestrado/ELE2363/Optimization_based_robotics/install/ob_robotics_interface/share/ob_robotics_interface/environment/library_path.sh
[18.889s] -- Up-to-date: /mnt/d/Documentos/PUC-Rio/Maestrado/ELE2363/Optimization_based_robotics/install/ob_robotics_interface/share/ob_robotics_interface/environment/library_path.dsv
[18.937s] -- Up-to-date: /mnt/d/Documentos/PUC-Rio/Maestrado/ELE2363/Optimization_based_robotics/install/ob_robotics_interface/lib/libob_robotics_interface__rosidl_generator_c.so
[18.993s] -- Up-to-date: /mnt/d/Documentos/PUC-Rio/Maestrado/ELE2363/Optimization_based_robotics/install/ob_robotics_interface/include/ob_robotics_interface/ob_robotics_interface
[19.016s] -- Up-to-date: /mnt/d/Documentos/PUC-Rio/Maestrado/ELE2363/Optimization_based_robotics/install/ob_robotics_interface/include/ob_robotics_interface/ob_robotics_interface/msg
[19.044s] -- Up-to-date: /mnt/d/Documentos/PUC-Rio/Maestrado/ELE2363/Optimization_based_robotics/install/ob_robotics_interface/include/ob_robotics_interface/ob_robotics_interface/msg/detail
[19.082s] -- Up-to-date: /mnt/d/Documentos/PUC-Rio/Maestrado/ELE2363/Optimization_based_robotics/install/ob_robotics_interface/include/ob_robotics_interface/ob_robotics_interface/msg/detail/model_processed_data__rosidl_typesupport_fastrtps_c.h
[19.121s] -- Up-to-date: /mnt/d/Documentos/PUC-Rio/Maestrado/ELE2363/Optimization_based_robotics/install/ob_robotics_interface/include/ob_robotics_interface/ob_robotics_interface/msg/detail/optimization_data__rosidl_typesupport_fastrtps_c.h
[19.159s] -- Up-to-date: /mnt/d/Documentos/PUC-Rio/Maestrado/ELE2363/Optimization_based_robotics/install/ob_robotics_interface/include/ob_robotics_interface/ob_robotics_interface/msg/detail/performance_data__rosidl_typesupport_fastrtps_c.h
[19.190s] -- Up-to-date: /mnt/d/Documentos/PUC-Rio/Maestrado/ELE2363/Optimization_based_robotics/install/ob_robotics_interface/include/ob_robotics_interface/ob_robotics_interface/msg/detail/robot_model_interface__rosidl_typesupport_fastrtps_c.h
[19.210s] -- Up-to-date: /mnt/d/Documentos/PUC-Rio/Maestrado/ELE2363/Optimization_based_robotics/install/ob_robotics_interface/include/ob_robotics_interface/ob_robotics_interface/msg/rosidl_typesupport_fastrtps_c__visibility_control.h
[19.246s] -- Up-to-date: /mnt/d/Documentos/PUC-Rio/Maestrado/ELE2363/Optimization_based_robotics/install/ob_robotics_interface/lib/libob_robotics_interface__rosidl_typesupport_fastrtps_c.so
[19.284s] -- Up-to-date: /mnt/d/Documentos/PUC-Rio/Maestrado/ELE2363/Optimization_based_robotics/install/ob_robotics_interface/include/ob_robotics_interface/ob_robotics_interface
[19.305s] -- Up-to-date: /mnt/d/Documentos/PUC-Rio/Maestrado/ELE2363/Optimization_based_robotics/install/ob_robotics_interface/include/ob_robotics_interface/ob_robotics_interface/msg
[19.332s] -- Up-to-date: /mnt/d/Documentos/PUC-Rio/Maestrado/ELE2363/Optimization_based_robotics/install/ob_robotics_interface/include/ob_robotics_interface/ob_robotics_interface/msg/detail
[19.364s] -- Up-to-date: /mnt/d/Documentos/PUC-Rio/Maestrado/ELE2363/Optimization_based_robotics/install/ob_robotics_interface/include/ob_robotics_interface/ob_robotics_interface/msg/detail/model_processed_data__builder.hpp
[19.388s] -- Up-to-date: /mnt/d/Documentos/PUC-Rio/Maestrado/ELE2363/Optimization_based_robotics/install/ob_robotics_interface/include/ob_robotics_interface/ob_robotics_interface/msg/detail/model_processed_data__struct.hpp
[19.413s] -- Up-to-date: /mnt/d/Documentos/PUC-Rio/Maestrado/ELE2363/Optimization_based_robotics/install/ob_robotics_interface/include/ob_robotics_interface/ob_robotics_interface/msg/detail/model_processed_data__traits.hpp
[19.438s] -- Up-to-date: /mnt/d/Documentos/PUC-Rio/Maestrado/ELE2363/Optimization_based_robotics/install/ob_robotics_interface/include/ob_robotics_interface/ob_robotics_interface/msg/detail/model_processed_data__type_support.hpp
[19.462s] -- Up-to-date: /mnt/d/Documentos/PUC-Rio/Maestrado/ELE2363/Optimization_based_robotics/install/ob_robotics_interface/include/ob_robotics_interface/ob_robotics_interface/msg/detail/optimization_data__builder.hpp
[19.485s] -- Up-to-date: /mnt/d/Documentos/PUC-Rio/Maestrado/ELE2363/Optimization_based_robotics/install/ob_robotics_interface/include/ob_robotics_interface/ob_robotics_interface/msg/detail/optimization_data__struct.hpp
[19.508s] -- Up-to-date: /mnt/d/Documentos/PUC-Rio/Maestrado/ELE2363/Optimization_based_robotics/install/ob_robotics_interface/include/ob_robotics_interface/ob_robotics_interface/msg/detail/optimization_data__traits.hpp
[19.529s] -- Up-to-date: /mnt/d/Documentos/PUC-Rio/Maestrado/ELE2363/Optimization_based_robotics/install/ob_robotics_interface/include/ob_robotics_interface/ob_robotics_interface/msg/detail/optimization_data__type_support.hpp
[19.551s] -- Up-to-date: /mnt/d/Documentos/PUC-Rio/Maestrado/ELE2363/Optimization_based_robotics/install/ob_robotics_interface/include/ob_robotics_interface/ob_robotics_interface/msg/detail/performance_data__builder.hpp
[19.572s] -- Up-to-date: /mnt/d/Documentos/PUC-Rio/Maestrado/ELE2363/Optimization_based_robotics/install/ob_robotics_interface/include/ob_robotics_interface/ob_robotics_interface/msg/detail/performance_data__struct.hpp
[19.595s] -- Up-to-date: /mnt/d/Documentos/PUC-Rio/Maestrado/ELE2363/Optimization_based_robotics/install/ob_robotics_interface/include/ob_robotics_interface/ob_robotics_interface/msg/detail/performance_data__traits.hpp
[19.617s] -- Up-to-date: /mnt/d/Documentos/PUC-Rio/Maestrado/ELE2363/Optimization_based_robotics/install/ob_robotics_interface/include/ob_robotics_interface/ob_robotics_interface/msg/detail/performance_data__type_support.hpp
[19.637s] -- Up-to-date: /mnt/d/Documentos/PUC-Rio/Maestrado/ELE2363/Optimization_based_robotics/install/ob_robotics_interface/include/ob_robotics_interface/ob_robotics_interface/msg/detail/robot_model_interface__builder.hpp
[19.659s] -- Up-to-date: /mnt/d/Documentos/PUC-Rio/Maestrado/ELE2363/Optimization_based_robotics/install/ob_robotics_interface/include/ob_robotics_interface/ob_robotics_interface/msg/detail/robot_model_interface__struct.hpp
[19.681s] -- Up-to-date: /mnt/d/Documentos/PUC-Rio/Maestrado/ELE2363/Optimization_based_robotics/install/ob_robotics_interface/include/ob_robotics_interface/ob_robotics_interface/msg/detail/robot_model_interface__traits.hpp
[19.703s] -- Up-to-date: /mnt/d/Documentos/PUC-Rio/Maestrado/ELE2363/Optimization_based_robotics/install/ob_robotics_interface/include/ob_robotics_interface/ob_robotics_interface/msg/detail/robot_model_interface__type_support.hpp
[19.722s] -- Up-to-date: /mnt/d/Documentos/PUC-Rio/Maestrado/ELE2363/Optimization_based_robotics/install/ob_robotics_interface/include/ob_robotics_interface/ob_robotics_interface/msg/model_processed_data.hpp
[19.743s] -- Up-to-date: /mnt/d/Documentos/PUC-Rio/Maestrado/ELE2363/Optimization_based_robotics/install/ob_robotics_interface/include/ob_robotics_interface/ob_robotics_interface/msg/optimization_data.hpp
[19.764s] -- Up-to-date: /mnt/d/Documentos/PUC-Rio/Maestrado/ELE2363/Optimization_based_robotics/install/ob_robotics_interface/include/ob_robotics_interface/ob_robotics_interface/msg/performance_data.hpp
[19.785s] -- Up-to-date: /mnt/d/Documentos/PUC-Rio/Maestrado/ELE2363/Optimization_based_robotics/install/ob_robotics_interface/include/ob_robotics_interface/ob_robotics_interface/msg/robot_model_interface.hpp
[19.807s] -- Up-to-date: /mnt/d/Documentos/PUC-Rio/Maestrado/ELE2363/Optimization_based_robotics/install/ob_robotics_interface/include/ob_robotics_interface/ob_robotics_interface/msg/rosidl_generator_cpp__visibility_control.hpp
[19.822s] -- Up-to-date: /mnt/d/Documentos/PUC-Rio/Maestrado/ELE2363/Optimization_based_robotics/install/ob_robotics_interface/include/ob_robotics_interface/ob_robotics_interface
[19.842s] -- Up-to-date: /mnt/d/Documentos/PUC-Rio/Maestrado/ELE2363/Optimization_based_robotics/install/ob_robotics_interface/include/ob_robotics_interface/ob_robotics_interface/msg
[19.868s] -- Up-to-date: /mnt/d/Documentos/PUC-Rio/Maestrado/ELE2363/Optimization_based_robotics/install/ob_robotics_interface/include/ob_robotics_interface/ob_robotics_interface/msg/detail
[19.897s] -- Up-to-date: /mnt/d/Documentos/PUC-Rio/Maestrado/ELE2363/Optimization_based_robotics/install/ob_robotics_interface/include/ob_robotics_interface/ob_robotics_interface/msg/detail/dds_fastrtps
[19.928s] -- Up-to-date: /mnt/d/Documentos/PUC-Rio/Maestrado/ELE2363/Optimization_based_robotics/install/ob_robotics_interface/include/ob_robotics_interface/ob_robotics_interface/msg/detail/model_processed_data__rosidl_typesupport_fastrtps_cpp.hpp
[19.953s] -- Up-to-date: /mnt/d/Documentos/PUC-Rio/Maestrado/ELE2363/Optimization_based_robotics/install/ob_robotics_interface/include/ob_robotics_interface/ob_robotics_interface/msg/detail/optimization_data__rosidl_typesupport_fastrtps_cpp.hpp
[19.977s] -- Up-to-date: /mnt/d/Documentos/PUC-Rio/Maestrado/ELE2363/Optimization_based_robotics/install/ob_robotics_interface/include/ob_robotics_interface/ob_robotics_interface/msg/detail/performance_data__rosidl_typesupport_fastrtps_cpp.hpp
[19.997s] -- Up-to-date: /mnt/d/Documentos/PUC-Rio/Maestrado/ELE2363/Optimization_based_robotics/install/ob_robotics_interface/include/ob_robotics_interface/ob_robotics_interface/msg/detail/robot_model_interface__rosidl_typesupport_fastrtps_cpp.hpp
[20.014s] -- Up-to-date: /mnt/d/Documentos/PUC-Rio/Maestrado/ELE2363/Optimization_based_robotics/install/ob_robotics_interface/include/ob_robotics_interface/ob_robotics_interface/msg/rosidl_typesupport_fastrtps_cpp__visibility_control.h
[20.212s] -- Up-to-date: /mnt/d/Documentos/PUC-Rio/Maestrado/ELE2363/Optimization_based_robotics/install/ob_robotics_interface/lib/libob_robotics_interface__rosidl_typesupport_fastrtps_cpp.so
[20.239s] -- Up-to-date: /mnt/d/Documentos/PUC-Rio/Maestrado/ELE2363/Optimization_based_robotics/install/ob_robotics_interface/include/ob_robotics_interface/ob_robotics_interface
[20.255s] -- Up-to-date: /mnt/d/Documentos/PUC-Rio/Maestrado/ELE2363/Optimization_based_robotics/install/ob_robotics_interface/include/ob_robotics_interface/ob_robotics_interface/msg
[20.272s] -- Up-to-date: /mnt/d/Documentos/PUC-Rio/Maestrado/ELE2363/Optimization_based_robotics/install/ob_robotics_interface/include/ob_robotics_interface/ob_robotics_interface/msg/detail
[20.296s] -- Up-to-date: /mnt/d/Documentos/PUC-Rio/Maestrado/ELE2363/Optimization_based_robotics/install/ob_robotics_interface/include/ob_robotics_interface/ob_robotics_interface/msg/detail/model_processed_data__rosidl_typesupport_introspection_c.h
[20.314s] -- Installing: /mnt/d/Documentos/PUC-Rio/Maestrado/ELE2363/Optimization_based_robotics/install/ob_robotics_interface/include/ob_robotics_interface/ob_robotics_interface/msg/detail/model_processed_data__type_support.c
[20.431s] -- Up-to-date: /mnt/d/Documentos/PUC-Rio/Maestrado/ELE2363/Optimization_based_robotics/install/ob_robotics_interface/include/ob_robotics_interface/ob_robotics_interface/msg/detail/optimization_data__rosidl_typesupport_introspection_c.h
[20.449s] -- Installing: /mnt/d/Documentos/PUC-Rio/Maestrado/ELE2363/Optimization_based_robotics/install/ob_robotics_interface/include/ob_robotics_interface/ob_robotics_interface/msg/detail/optimization_data__type_support.c
[20.529s] -- Up-to-date: /mnt/d/Documentos/PUC-Rio/Maestrado/ELE2363/Optimization_based_robotics/install/ob_robotics_interface/include/ob_robotics_interface/ob_robotics_interface/msg/detail/performance_data__rosidl_typesupport_introspection_c.h
[20.548s] -- Installing: /mnt/d/Documentos/PUC-Rio/Maestrado/ELE2363/Optimization_based_robotics/install/ob_robotics_interface/include/ob_robotics_interface/ob_robotics_interface/msg/detail/performance_data__type_support.c
[20.620s] -- Up-to-date: /mnt/d/Documentos/PUC-Rio/Maestrado/ELE2363/Optimization_based_robotics/install/ob_robotics_interface/include/ob_robotics_interface/ob_robotics_interface/msg/detail/robot_model_interface__rosidl_typesupport_introspection_c.h
[20.640s] -- Installing: /mnt/d/Documentos/PUC-Rio/Maestrado/ELE2363/Optimization_based_robotics/install/ob_robotics_interface/include/ob_robotics_interface/ob_robotics_interface/msg/detail/robot_model_interface__type_support.c
[20.725s] -- Up-to-date: /mnt/d/Documentos/PUC-Rio/Maestrado/ELE2363/Optimization_based_robotics/install/ob_robotics_interface/include/ob_robotics_interface/ob_robotics_interface/msg/rosidl_typesupport_introspection_c__visibility_control.h
[20.763s] -- Up-to-date: /mnt/d/Documentos/PUC-Rio/Maestrado/ELE2363/Optimization_based_robotics/install/ob_robotics_interface/lib/libob_robotics_interface__rosidl_typesupport_introspection_c.so
[20.833s] -- Up-to-date: /mnt/d/Documentos/PUC-Rio/Maestrado/ELE2363/Optimization_based_robotics/install/ob_robotics_interface/lib/libob_robotics_interface__rosidl_typesupport_c.so
[20.870s] -- Up-to-date: /mnt/d/Documentos/PUC-Rio/Maestrado/ELE2363/Optimization_based_robotics/install/ob_robotics_interface/include/ob_robotics_interface/ob_robotics_interface
[20.889s] -- Up-to-date: /mnt/d/Documentos/PUC-Rio/Maestrado/ELE2363/Optimization_based_robotics/install/ob_robotics_interface/include/ob_robotics_interface/ob_robotics_interface/msg
[20.912s] -- Up-to-date: /mnt/d/Documentos/PUC-Rio/Maestrado/ELE2363/Optimization_based_robotics/install/ob_robotics_interface/include/ob_robotics_interface/ob_robotics_interface/msg/detail
[20.942s] -- Up-to-date: /mnt/d/Documentos/PUC-Rio/Maestrado/ELE2363/Optimization_based_robotics/install/ob_robotics_interface/include/ob_robotics_interface/ob_robotics_interface/msg/detail/model_processed_data__rosidl_typesupport_introspection_cpp.hpp
[20.964s] -- Up-to-date: /mnt/d/Documentos/PUC-Rio/Maestrado/ELE2363/Optimization_based_robotics/install/ob_robotics_interface/include/ob_robotics_interface/ob_robotics_interface/msg/detail/model_processed_data__type_support.cpp
[20.985s] -- Up-to-date: /mnt/d/Documentos/PUC-Rio/Maestrado/ELE2363/Optimization_based_robotics/install/ob_robotics_interface/include/ob_robotics_interface/ob_robotics_interface/msg/detail/optimization_data__rosidl_typesupport_introspection_cpp.hpp
[21.007s] -- Up-to-date: /mnt/d/Documentos/PUC-Rio/Maestrado/ELE2363/Optimization_based_robotics/install/ob_robotics_interface/include/ob_robotics_interface/ob_robotics_interface/msg/detail/optimization_data__type_support.cpp
[21.028s] -- Up-to-date: /mnt/d/Documentos/PUC-Rio/Maestrado/ELE2363/Optimization_based_robotics/install/ob_robotics_interface/include/ob_robotics_interface/ob_robotics_interface/msg/detail/performance_data__rosidl_typesupport_introspection_cpp.hpp
[21.048s] -- Up-to-date: /mnt/d/Documentos/PUC-Rio/Maestrado/ELE2363/Optimization_based_robotics/install/ob_robotics_interface/include/ob_robotics_interface/ob_robotics_interface/msg/detail/performance_data__type_support.cpp
[21.070s] -- Up-to-date: /mnt/d/Documentos/PUC-Rio/Maestrado/ELE2363/Optimization_based_robotics/install/ob_robotics_interface/include/ob_robotics_interface/ob_robotics_interface/msg/detail/robot_model_interface__rosidl_typesupport_introspection_cpp.hpp
[21.090s] -- Up-to-date: /mnt/d/Documentos/PUC-Rio/Maestrado/ELE2363/Optimization_based_robotics/install/ob_robotics_interface/include/ob_robotics_interface/ob_robotics_interface/msg/detail/robot_model_interface__type_support.cpp
[21.289s] -- Up-to-date: /mnt/d/Documentos/PUC-Rio/Maestrado/ELE2363/Optimization_based_robotics/install/ob_robotics_interface/lib/libob_robotics_interface__rosidl_typesupport_introspection_cpp.so
[21.356s] -- Up-to-date: /mnt/d/Documentos/PUC-Rio/Maestrado/ELE2363/Optimization_based_robotics/install/ob_robotics_interface/lib/libob_robotics_interface__rosidl_typesupport_cpp.so
[21.392s] -- Up-to-date: /mnt/d/Documentos/PUC-Rio/Maestrado/ELE2363/Optimization_based_robotics/install/ob_robotics_interface/share/ob_robotics_interface/environment/pythonpath.sh
[21.406s] -- Up-to-date: /mnt/d/Documentos/PUC-Rio/Maestrado/ELE2363/Optimization_based_robotics/install/ob_robotics_interface/share/ob_robotics_interface/environment/pythonpath.dsv
[21.418s] -- Up-to-date: /mnt/d/Documentos/PUC-Rio/Maestrado/ELE2363/Optimization_based_robotics/install/ob_robotics_interface/lib/python3.12/site-packages/ob_robotics_interface-0.0.0-py3.12.egg-info
[21.439s] -- Installing: /mnt/d/Documentos/PUC-Rio/Maestrado/ELE2363/Optimization_based_robotics/install/ob_robotics_interface/lib/python3.12/site-packages/ob_robotics_interface-0.0.0-py3.12.egg-info/dependency_links.txt
[21.501s] -- Installing: /mnt/d/Documentos/PUC-Rio/Maestrado/ELE2363/Optimization_based_robotics/install/ob_robotics_interface/lib/python3.12/site-packages/ob_robotics_interface-0.0.0-py3.12.egg-info/PKG-INFO
[21.562s] -- Installing: /mnt/d/Documentos/PUC-Rio/Maestrado/ELE2363/Optimization_based_robotics/install/ob_robotics_interface/lib/python3.12/site-packages/ob_robotics_interface-0.0.0-py3.12.egg-info/SOURCES.txt
[21.627s] -- Installing: /mnt/d/Documentos/PUC-Rio/Maestrado/ELE2363/Optimization_based_robotics/install/ob_robotics_interface/lib/python3.12/site-packages/ob_robotics_interface-0.0.0-py3.12.egg-info/top_level.txt
[21.683s] -- Up-to-date: /mnt/d/Documentos/PUC-Rio/Maestrado/ELE2363/Optimization_based_robotics/install/ob_robotics_interface/lib/python3.12/site-packages/ob_robotics_interface
[21.703s] -- Up-to-date: /mnt/d/Documentos/PUC-Rio/Maestrado/ELE2363/Optimization_based_robotics/install/ob_robotics_interface/lib/python3.12/site-packages/ob_robotics_interface/msg
[21.731s] -- Up-to-date: /mnt/d/Documentos/PUC-Rio/Maestrado/ELE2363/Optimization_based_robotics/install/ob_robotics_interface/lib/python3.12/site-packages/ob_robotics_interface/msg/_model_processed_data.py
[21.750s] -- Up-to-date: /mnt/d/Documentos/PUC-Rio/Maestrado/ELE2363/Optimization_based_robotics/install/ob_robotics_interface/lib/python3.12/site-packages/ob_robotics_interface/msg/_model_processed_data_s.c
[21.769s] -- Up-to-date: /mnt/d/Documentos/PUC-Rio/Maestrado/ELE2363/Optimization_based_robotics/install/ob_robotics_interface/lib/python3.12/site-packages/ob_robotics_interface/msg/_optimization_data.py
[21.787s] -- Up-to-date: /mnt/d/Documentos/PUC-Rio/Maestrado/ELE2363/Optimization_based_robotics/install/ob_robotics_interface/lib/python3.12/site-packages/ob_robotics_interface/msg/_optimization_data_s.c
[21.805s] -- Up-to-date: /mnt/d/Documentos/PUC-Rio/Maestrado/ELE2363/Optimization_based_robotics/install/ob_robotics_interface/lib/python3.12/site-packages/ob_robotics_interface/msg/_performance_data.py
[21.822s] -- Up-to-date: /mnt/d/Documentos/PUC-Rio/Maestrado/ELE2363/Optimization_based_robotics/install/ob_robotics_interface/lib/python3.12/site-packages/ob_robotics_interface/msg/_performance_data_s.c
[21.841s] -- Up-to-date: /mnt/d/Documentos/PUC-Rio/Maestrado/ELE2363/Optimization_based_robotics/install/ob_robotics_interface/lib/python3.12/site-packages/ob_robotics_interface/msg/_robot_model_interface.py
[21.860s] -- Up-to-date: /mnt/d/Documentos/PUC-Rio/Maestrado/ELE2363/Optimization_based_robotics/install/ob_robotics_interface/lib/python3.12/site-packages/ob_robotics_interface/msg/_robot_model_interface_s.c
[21.879s] -- Up-to-date: /mnt/d/Documentos/PUC-Rio/Maestrado/ELE2363/Optimization_based_robotics/install/ob_robotics_interface/lib/python3.12/site-packages/ob_robotics_interface/msg/__init__.py
[21.895s] -- Up-to-date: /mnt/d/Documentos/PUC-Rio/Maestrado/ELE2363/Optimization_based_robotics/install/ob_robotics_interface/lib/python3.12/site-packages/ob_robotics_interface/ob_robotics_interface_s__rosidl_typesupport_c.so
[21.911s] -- Up-to-date: /mnt/d/Documentos/PUC-Rio/Maestrado/ELE2363/Optimization_based_robotics/install/ob_robotics_interface/lib/python3.12/site-packages/ob_robotics_interface/ob_robotics_interface_s__rosidl_typesupport_fastrtps_c.so
[21.926s] -- Up-to-date: /mnt/d/Documentos/PUC-Rio/Maestrado/ELE2363/Optimization_based_robotics/install/ob_robotics_interface/lib/python3.12/site-packages/ob_robotics_interface/ob_robotics_interface_s__rosidl_typesupport_introspection_c.so
[21.943s] -- Up-to-date: /mnt/d/Documentos/PUC-Rio/Maestrado/ELE2363/Optimization_based_robotics/install/ob_robotics_interface/lib/python3.12/site-packages/ob_robotics_interface/_ob_robotics_interface_s.ep.rosidl_typesupport_c.c
[21.960s] -- Up-to-date: /mnt/d/Documentos/PUC-Rio/Maestrado/ELE2363/Optimization_based_robotics/install/ob_robotics_interface/lib/python3.12/site-packages/ob_robotics_interface/_ob_robotics_interface_s.ep.rosidl_typesupport_fastrtps_c.c
[21.978s] -- Up-to-date: /mnt/d/Documentos/PUC-Rio/Maestrado/ELE2363/Optimization_based_robotics/install/ob_robotics_interface/lib/python3.12/site-packages/ob_robotics_interface/_ob_robotics_interface_s.ep.rosidl_typesupport_introspection_c.c
[21.996s] -- Up-to-date: /mnt/d/Documentos/PUC-Rio/Maestrado/ELE2363/Optimization_based_robotics/install/ob_robotics_interface/lib/python3.12/site-packages/ob_robotics_interface/__init__.py
[23.180s] Listing '/mnt/d/Documentos/PUC-Rio/Maestrado/ELE2363/Optimization_based_robotics/install/ob_robotics_interface/lib/python3.12/site-packages/ob_robotics_interface'...
[23.182s] Listing '/mnt/d/Documentos/PUC-Rio/Maestrado/ELE2363/Optimization_based_robotics/install/ob_robotics_interface/lib/python3.12/site-packages/ob_robotics_interface/msg'...
[23.422s] -- Up-to-date: /mnt/d/Documentos/PUC-Rio/Maestrado/ELE2363/Optimization_based_robotics/install/ob_robotics_interface/lib/python3.12/site-packages/ob_robotics_interface/ob_robotics_interface_s__rosidl_typesupport_fastrtps_c.so
[23.608s] -- Up-to-date: /mnt/d/Documentos/PUC-Rio/Maestrado/ELE2363/Optimization_based_robotics/install/ob_robotics_interface/lib/python3.12/site-packages/ob_robotics_interface/ob_robotics_interface_s__rosidl_typesupport_introspection_c.so
[23.710s] -- Up-to-date: /mnt/d/Documentos/PUC-Rio/Maestrado/ELE2363/Optimization_based_robotics/install/ob_robotics_interface/lib/python3.12/site-packages/ob_robotics_interface/ob_robotics_interface_s__rosidl_typesupport_c.so
[23.775s] -- Up-to-date: /mnt/d/Documentos/PUC-Rio/Maestrado/ELE2363/Optimization_based_robotics/install/ob_robotics_interface/lib/libob_robotics_interface__rosidl_generator_py.so
[23.819s] -- Up-to-date: /mnt/d/Documentos/PUC-Rio/Maestrado/ELE2363/Optimization_based_robotics/install/ob_robotics_interface/share/ob_robotics_interface/msg/ModelProcessedData.idl
[23.838s] -- Up-to-date: /mnt/d/Documentos/PUC-Rio/Maestrado/ELE2363/Optimization_based_robotics/install/ob_robotics_interface/share/ob_robotics_interface/msg/PerformanceData.idl
[23.857s] -- Up-to-date: /mnt/d/Documentos/PUC-Rio/Maestrado/ELE2363/Optimization_based_robotics/install/ob_robotics_interface/share/ob_robotics_interface/msg/OptimizationData.idl
[23.876s] -- Up-to-date: /mnt/d/Documentos/PUC-Rio/Maestrado/ELE2363/Optimization_based_robotics/install/ob_robotics_interface/share/ob_robotics_interface/msg/RobotModelInterface.idl
[23.893s] -- Up-to-date: /mnt/d/Documentos/PUC-Rio/Maestrado/ELE2363/Optimization_based_robotics/install/ob_robotics_interface/share/ob_robotics_interface/msg/ModelProcessedData.msg
[23.911s] -- Up-to-date: /mnt/d/Documentos/PUC-Rio/Maestrado/ELE2363/Optimization_based_robotics/install/ob_robotics_interface/share/ob_robotics_interface/msg/PerformanceData.msg
[23.929s] -- Up-to-date: /mnt/d/Documentos/PUC-Rio/Maestrado/ELE2363/Optimization_based_robotics/install/ob_robotics_interface/share/ob_robotics_interface/msg/OptimizationData.msg
[23.946s] -- Up-to-date: /mnt/d/Documentos/PUC-Rio/Maestrado/ELE2363/Optimization_based_robotics/install/ob_robotics_interface/share/ob_robotics_interface/msg/RobotModelInterface.msg
[23.970s] -- Up-to-date: /mnt/d/Documentos/PUC-Rio/Maestrado/ELE2363/Optimization_based_robotics/install/ob_robotics_interface/share/ament_index/resource_index/package_run_dependencies/ob_robotics_interface
[23.993s] -- Up-to-date: /mnt/d/Documentos/PUC-Rio/Maestrado/ELE2363/Optimization_based_robotics/install/ob_robotics_interface/share/ament_index/resource_index/parent_prefix_path/ob_robotics_interface
[24.004s] -- Up-to-date: /mnt/d/Documentos/PUC-Rio/Maestrado/ELE2363/Optimization_based_robotics/install/ob_robotics_interface/share/ob_robotics_interface/environment/ament_prefix_path.sh
[24.019s] -- Up-to-date: /mnt/d/Documentos/PUC-Rio/Maestrado/ELE2363/Optimization_based_robotics/install/ob_robotics_interface/share/ob_robotics_interface/environment/ament_prefix_path.dsv
[24.029s] -- Up-to-date: /mnt/d/Documentos/PUC-Rio/Maestrado/ELE2363/Optimization_based_robotics/install/ob_robotics_interface/share/ob_robotics_interface/environment/path.sh
[24.044s] -- Up-to-date: /mnt/d/Documentos/PUC-Rio/Maestrado/ELE2363/Optimization_based_robotics/install/ob_robotics_interface/share/ob_robotics_interface/environment/path.dsv
[24.058s] -- Up-to-date: /mnt/d/Documentos/PUC-Rio/Maestrado/ELE2363/Optimization_based_robotics/install/ob_robotics_interface/share/ob_robotics_interface/local_setup.bash
[24.071s] -- Up-to-date: /mnt/d/Documentos/PUC-Rio/Maestrado/ELE2363/Optimization_based_robotics/install/ob_robotics_interface/share/ob_robotics_interface/local_setup.sh
[24.084s] -- Up-to-date: /mnt/d/Documentos/PUC-Rio/Maestrado/ELE2363/Optimization_based_robotics/install/ob_robotics_interface/share/ob_robotics_interface/local_setup.zsh
[24.099s] -- Up-to-date: /mnt/d/Documentos/PUC-Rio/Maestrado/ELE2363/Optimization_based_robotics/install/ob_robotics_interface/share/ob_robotics_interface/local_setup.dsv
[24.114s] -- Installing: /mnt/d/Documentos/PUC-Rio/Maestrado/ELE2363/Optimization_based_robotics/install/ob_robotics_interface/share/ob_robotics_interface/package.dsv
[24.187s] -- Up-to-date: /mnt/d/Documentos/PUC-Rio/Maestrado/ELE2363/Optimization_based_robotics/install/ob_robotics_interface/share/ament_index/resource_index/packages/ob_robotics_interface
[24.360s] -- Up-to-date: /mnt/d/Documentos/PUC-Rio/Maestrado/ELE2363/Optimization_based_robotics/install/ob_robotics_interface/share/ob_robotics_interface/cmake/export_ob_robotics_interface__rosidl_generator_cExport.cmake
[24.379s] -- Up-to-date: /mnt/d/Documentos/PUC-Rio/Maestrado/ELE2363/Optimization_based_robotics/install/ob_robotics_interface/share/ob_robotics_interface/cmake/export_ob_robotics_interface__rosidl_generator_cExport-noconfig.cmake
[24.405s] -- Up-to-date: /mnt/d/Documentos/PUC-Rio/Maestrado/ELE2363/Optimization_based_robotics/install/ob_robotics_interface/share/ob_robotics_interface/cmake/export_ob_robotics_interface__rosidl_typesupport_fastrtps_cExport.cmake
[24.422s] -- Up-to-date: /mnt/d/Documentos/PUC-Rio/Maestrado/ELE2363/Optimization_based_robotics/install/ob_robotics_interface/share/ob_robotics_interface/cmake/export_ob_robotics_interface__rosidl_typesupport_fastrtps_cExport-noconfig.cmake
[24.488s] -- Up-to-date: /mnt/d/Documentos/PUC-Rio/Maestrado/ELE2363/Optimization_based_robotics/install/ob_robotics_interface/share/ob_robotics_interface/cmake/export_ob_robotics_interface__rosidl_generator_cppExport.cmake
[24.513s] -- Up-to-date: /mnt/d/Documentos/PUC-Rio/Maestrado/ELE2363/Optimization_based_robotics/install/ob_robotics_interface/share/ob_robotics_interface/cmake/export_ob_robotics_interface__rosidl_typesupport_fastrtps_cppExport.cmake
[24.529s] -- Up-to-date: /mnt/d/Documentos/PUC-Rio/Maestrado/ELE2363/Optimization_based_robotics/install/ob_robotics_interface/share/ob_robotics_interface/cmake/export_ob_robotics_interface__rosidl_typesupport_fastrtps_cppExport-noconfig.cmake
[24.558s] -- Up-to-date: /mnt/d/Documentos/PUC-Rio/Maestrado/ELE2363/Optimization_based_robotics/install/ob_robotics_interface/share/ob_robotics_interface/cmake/ob_robotics_interface__rosidl_typesupport_introspection_cExport.cmake
[24.576s] -- Up-to-date: /mnt/d/Documentos/PUC-Rio/Maestrado/ELE2363/Optimization_based_robotics/install/ob_robotics_interface/share/ob_robotics_interface/cmake/ob_robotics_interface__rosidl_typesupport_introspection_cExport-noconfig.cmake
[24.607s] -- Up-to-date: /mnt/d/Documentos/PUC-Rio/Maestrado/ELE2363/Optimization_based_robotics/install/ob_robotics_interface/share/ob_robotics_interface/cmake/ob_robotics_interface__rosidl_typesupport_cExport.cmake
[24.626s] -- Up-to-date: /mnt/d/Documentos/PUC-Rio/Maestrado/ELE2363/Optimization_based_robotics/install/ob_robotics_interface/share/ob_robotics_interface/cmake/ob_robotics_interface__rosidl_typesupport_cExport-noconfig.cmake
[24.655s] -- Up-to-date: /mnt/d/Documentos/PUC-Rio/Maestrado/ELE2363/Optimization_based_robotics/install/ob_robotics_interface/share/ob_robotics_interface/cmake/ob_robotics_interface__rosidl_typesupport_introspection_cppExport.cmake
[24.674s] -- Up-to-date: /mnt/d/Documentos/PUC-Rio/Maestrado/ELE2363/Optimization_based_robotics/install/ob_robotics_interface/share/ob_robotics_interface/cmake/ob_robotics_interface__rosidl_typesupport_introspection_cppExport-noconfig.cmake
[24.703s] -- Up-to-date: /mnt/d/Documentos/PUC-Rio/Maestrado/ELE2363/Optimization_based_robotics/install/ob_robotics_interface/share/ob_robotics_interface/cmake/ob_robotics_interface__rosidl_typesupport_cppExport.cmake
[24.721s] -- Up-to-date: /mnt/d/Documentos/PUC-Rio/Maestrado/ELE2363/Optimization_based_robotics/install/ob_robotics_interface/share/ob_robotics_interface/cmake/ob_robotics_interface__rosidl_typesupport_cppExport-noconfig.cmake
[24.797s] -- Up-to-date: /mnt/d/Documentos/PUC-Rio/Maestrado/ELE2363/Optimization_based_robotics/install/ob_robotics_interface/share/ob_robotics_interface/cmake/export_ob_robotics_interface__rosidl_generator_pyExport.cmake
[24.813s] -- Up-to-date: /mnt/d/Documentos/PUC-Rio/Maestrado/ELE2363/Optimization_based_robotics/install/ob_robotics_interface/share/ob_robotics_interface/cmake/export_ob_robotics_interface__rosidl_generator_pyExport-noconfig.cmake
[24.826s] -- Up-to-date: /mnt/d/Documentos/PUC-Rio/Maestrado/ELE2363/Optimization_based_robotics/install/ob_robotics_interface/share/ob_robotics_interface/cmake/rosidl_cmake-extras.cmake
[24.839s] -- Up-to-date: /mnt/d/Documentos/PUC-Rio/Maestrado/ELE2363/Optimization_based_robotics/install/ob_robotics_interface/share/ob_robotics_interface/cmake/ament_cmake_export_dependencies-extras.cmake
[24.852s] -- Up-to-date: /mnt/d/Documentos/PUC-Rio/Maestrado/ELE2363/Optimization_based_robotics/install/ob_robotics_interface/share/ob_robotics_interface/cmake/ament_cmake_export_include_directories-extras.cmake
[24.867s] -- Up-to-date: /mnt/d/Documentos/PUC-Rio/Maestrado/ELE2363/Optimization_based_robotics/install/ob_robotics_interface/share/ob_robotics_interface/cmake/ament_cmake_export_libraries-extras.cmake
[24.882s] -- Up-to-date: /mnt/d/Documentos/PUC-Rio/Maestrado/ELE2363/Optimization_based_robotics/install/ob_robotics_interface/share/ob_robotics_interface/cmake/ament_cmake_export_targets-extras.cmake
[24.897s] -- Up-to-date: /mnt/d/Documentos/PUC-Rio/Maestrado/ELE2363/Optimization_based_robotics/install/ob_robotics_interface/share/ob_robotics_interface/cmake/rosidl_cmake_export_typesupport_targets-extras.cmake
[24.912s] -- Up-to-date: /mnt/d/Documentos/PUC-Rio/Maestrado/ELE2363/Optimization_based_robotics/install/ob_robotics_interface/share/ob_robotics_interface/cmake/rosidl_cmake_export_typesupport_libraries-extras.cmake
[24.927s] -- Up-to-date: /mnt/d/Documentos/PUC-Rio/Maestrado/ELE2363/Optimization_based_robotics/install/ob_robotics_interface/share/ob_robotics_interface/cmake/ob_robotics_interfaceConfig.cmake
[24.939s] -- Up-to-date: /mnt/d/Documentos/PUC-Rio/Maestrado/ELE2363/Optimization_based_robotics/install/ob_robotics_interface/share/ob_robotics_interface/cmake/ob_robotics_interfaceConfig-version.cmake
[24.954s] -- Up-to-date: /mnt/d/Documentos/PUC-Rio/Maestrado/ELE2363/Optimization_based_robotics/install/ob_robotics_interface/share/ob_robotics_interface/package.xml
[24.967s] Invoked command in '/mnt/d/Documentos/PUC-Rio/Maestrado/ELE2363/Optimization_based_robotics/build/ob_robotics_interface' returned '0': CMAKE_PREFIX_PATH=${CMAKE_PREFIX_PATH}:/mnt/d/Documentos/PUC-Rio/Maestrado/ELE2363/ros2_ws/install/turtlesim_test:/mnt/d/Documentos/PUC-Rio/Maestrado/ELE2363/ros2_ws/install/turtlesim_control:/mnt/d/Documentos/PUC-Rio/Maestrado/ELE2363/ros2_ws/install/gpg_virtual:/mnt/d/Documentos/PUC-Rio/Maestrado/ELE2363/ros2_ws/install/gpg_urdf:/mnt/d/Documentos/PUC-Rio/Maestrado/ELE2363/Optimization_based_robotics/install/Optimization_module:/opt/ros/jazzy /usr/bin/cmake --install /mnt/d/Documentos/PUC-Rio/Maestrado/ELE2363/Optimization_based_robotics/build/ob_robotics_interface
