[1.221s] DEBUG:colcon:Command line arguments: ['/usr/bin/colcon', 'build']
[1.221s] DEBUG:colcon:Parsed command line arguments: Namespace(log_base=None, log_level=None, verb_name='build', build_base='build', install_base='install', merge_install=False, symlink_install=False, test_result_base=None, continue_on_error=False, executor='parallel', parallel_workers=12, event_handlers=None, ignore_user_meta=False, metas=['./colcon.meta'], base_paths=['.'], packages_ignore=None, packages_ignore_regex=None, paths=None, packages_up_to=None, packages_up_to_regex=None, packages_above=None, packages_above_and_dependencies=None, packages_above_depth=None, packages_select_by_dep=None, packages_skip_by_dep=None, packages_skip_up_to=None, packages_select_build_failed=False, packages_skip_build_finished=False, packages_select_test_failures=False, packages_skip_test_passed=False, packages_select=None, packages_skip=None, packages_select_regex=None, packages_skip_regex=None, packages_start=None, packages_end=None, allow_overriding=[], cmake_args=None, cmake_target=None, cmake_target_skip_unavailable=False, cmake_clean_cache=False, cmake_clean_first=False, cmake_force_configure=False, ament_cmake_args=None, catkin_cmake_args=None, catkin_skip_building_tests=False, mixin_files=None, mixin=None, verb_parser=<colcon_mixin.mixin.mixin_argument.MixinArgumentDecorator object at 0x7ff5afbb52e0>, verb_extension=<colcon_core.verb.build.BuildVerb object at 0x7ff5afb56a80>, main=<bound method BuildVerb.main of <colcon_core.verb.build.BuildVerb object at 0x7ff5afb56a80>>, mixin_verb=('build',))
[1.403s] Level 1:colcon.colcon_core.package_discovery:discover_packages(colcon_meta) check parameters
[1.404s] Level 1:colcon.colcon_core.package_discovery:discover_packages(recursive) check parameters
[1.404s] Level 1:colcon.colcon_core.package_discovery:discover_packages(ignore) check parameters
[1.404s] Level 1:colcon.colcon_core.package_discovery:discover_packages(path) check parameters
[1.404s] Level 1:colcon.colcon_core.package_discovery:discover_packages(colcon_meta) discover
[1.404s] Level 1:colcon.colcon_core.package_discovery:discover_packages(recursive) discover
[1.405s] INFO:colcon.colcon_core.package_discovery:Crawling recursively for packages in '/mnt/d/Documentos/PUC-Rio/Maestrado/ELE2363/Optimization_based_robotics'
[1.406s] Level 1:colcon.colcon_core.package_identification:_identify(.) by extensions ['ignore', 'ignore_ament_install']
[1.406s] Level 1:colcon.colcon_core.package_identification:_identify(.) by extension 'ignore'
[1.406s] Level 1:colcon.colcon_core.package_identification:_identify(.) by extension 'ignore_ament_install'
[1.407s] Level 1:colcon.colcon_core.package_identification:_identify(.) by extensions ['colcon_pkg']
[1.407s] Level 1:colcon.colcon_core.package_identification:_identify(.) by extension 'colcon_pkg'
[1.407s] Level 1:colcon.colcon_core.package_identification:_identify(.) by extensions ['colcon_meta']
[1.407s] Level 1:colcon.colcon_core.package_identification:_identify(.) by extension 'colcon_meta'
[1.408s] Level 1:colcon.colcon_core.package_identification:_identify(.) by extensions ['ros']
[1.408s] Level 1:colcon.colcon_core.package_identification:_identify(.) by extension 'ros'
[1.518s] Level 1:colcon.colcon_core.package_identification:_identify(.) by extensions ['cmake', 'python']
[1.519s] Level 1:colcon.colcon_core.package_identification:_identify(.) by extension 'cmake'
[1.520s] Level 1:colcon.colcon_core.package_identification:_identify(.) by extension 'python'
[1.520s] Level 1:colcon.colcon_core.package_identification:_identify(.) by extensions ['python_setup_py']
[1.521s] Level 1:colcon.colcon_core.package_identification:_identify(.) by extension 'python_setup_py'
[1.524s] Level 1:colcon.colcon_core.package_identification:_identify(build) by extensions ['ignore', 'ignore_ament_install']
[1.525s] Level 1:colcon.colcon_core.package_identification:_identify(build) by extension 'ignore'
[1.526s] Level 1:colcon.colcon_core.package_identification:_identify(build) ignored
[1.529s] Level 1:colcon.colcon_core.package_identification:_identify(install) by extensions ['ignore', 'ignore_ament_install']
[1.529s] Level 1:colcon.colcon_core.package_identification:_identify(install) by extension 'ignore'
[1.531s] Level 1:colcon.colcon_core.package_identification:_identify(install) ignored
[1.534s] Level 1:colcon.colcon_core.package_identification:_identify(log) by extensions ['ignore', 'ignore_ament_install']
[1.534s] Level 1:colcon.colcon_core.package_identification:_identify(log) by extension 'ignore'
[1.535s] Level 1:colcon.colcon_core.package_identification:_identify(log) ignored
[1.536s] Level 1:colcon.colcon_core.package_identification:_identify(src) by extensions ['ignore', 'ignore_ament_install']
[1.537s] Level 1:colcon.colcon_core.package_identification:_identify(src) by extension 'ignore'
[1.537s] Level 1:colcon.colcon_core.package_identification:_identify(src) by extension 'ignore_ament_install'
[1.538s] Level 1:colcon.colcon_core.package_identification:_identify(src) by extensions ['colcon_pkg']
[1.539s] Level 1:colcon.colcon_core.package_identification:_identify(src) by extension 'colcon_pkg'
[1.539s] Level 1:colcon.colcon_core.package_identification:_identify(src) by extensions ['colcon_meta']
[1.539s] Level 1:colcon.colcon_core.package_identification:_identify(src) by extension 'colcon_meta'
[1.540s] Level 1:colcon.colcon_core.package_identification:_identify(src) by extensions ['ros']
[1.540s] Level 1:colcon.colcon_core.package_identification:_identify(src) by extension 'ros'
[1.542s] Level 1:colcon.colcon_core.package_identification:_identify(src) by extensions ['cmake', 'python']
[1.543s] Level 1:colcon.colcon_core.package_identification:_identify(src) by extension 'cmake'
[1.543s] Level 1:colcon.colcon_core.package_identification:_identify(src) by extension 'python'
[1.544s] Level 1:colcon.colcon_core.package_identification:_identify(src) by extensions ['python_setup_py']
[1.544s] Level 1:colcon.colcon_core.package_identification:_identify(src) by extension 'python_setup_py'
[1.548s] Level 1:colcon.colcon_core.package_identification:_identify(src/Optimization_module) by extensions ['ignore', 'ignore_ament_install']
[1.548s] Level 1:colcon.colcon_core.package_identification:_identify(src/Optimization_module) by extension 'ignore'
[1.549s] Level 1:colcon.colcon_core.package_identification:_identify(src/Optimization_module) by extension 'ignore_ament_install'
[1.550s] Level 1:colcon.colcon_core.package_identification:_identify(src/Optimization_module) by extensions ['colcon_pkg']
[1.551s] Level 1:colcon.colcon_core.package_identification:_identify(src/Optimization_module) by extension 'colcon_pkg'
[1.552s] Level 1:colcon.colcon_core.package_identification:_identify(src/Optimization_module) by extensions ['colcon_meta']
[1.552s] Level 1:colcon.colcon_core.package_identification:_identify(src/Optimization_module) by extension 'colcon_meta'
[1.553s] Level 1:colcon.colcon_core.package_identification:_identify(src/Optimization_module) by extensions ['ros']
[1.553s] Level 1:colcon.colcon_core.package_identification:_identify(src/Optimization_module) by extension 'ros'
[1.565s] DEBUG:colcon.colcon_core.package_identification:Package 'src/Optimization_module' with type 'ros.ament_python' and name 'Optimization_module'
[1.572s] Level 1:colcon.colcon_core.package_identification:_identify(src/ob_robotics_interface) by extensions ['ignore', 'ignore_ament_install']
[1.573s] Level 1:colcon.colcon_core.package_identification:_identify(src/ob_robotics_interface) by extension 'ignore'
[1.574s] Level 1:colcon.colcon_core.package_identification:_identify(src/ob_robotics_interface) by extension 'ignore_ament_install'
[1.577s] Level 1:colcon.colcon_core.package_identification:_identify(src/ob_robotics_interface) by extensions ['colcon_pkg']
[1.577s] Level 1:colcon.colcon_core.package_identification:_identify(src/ob_robotics_interface) by extension 'colcon_pkg'
[1.579s] Level 1:colcon.colcon_core.package_identification:_identify(src/ob_robotics_interface) by extensions ['colcon_meta']
[1.579s] Level 1:colcon.colcon_core.package_identification:_identify(src/ob_robotics_interface) by extension 'colcon_meta'
[1.581s] Level 1:colcon.colcon_core.package_identification:_identify(src/ob_robotics_interface) by extensions ['ros']
[1.581s] Level 1:colcon.colcon_core.package_identification:_identify(src/ob_robotics_interface) by extension 'ros'
[1.592s] DEBUG:colcon.colcon_core.package_identification:Package 'src/ob_robotics_interface' with type 'ros.ament_cmake' and name 'ob_robotics_interface'
[1.592s] Level 1:colcon.colcon_core.package_discovery:discover_packages(recursive) using defaults
[1.592s] Level 1:colcon.colcon_core.package_discovery:discover_packages(ignore) discover
[1.592s] Level 1:colcon.colcon_core.package_discovery:discover_packages(ignore) using defaults
[1.592s] Level 1:colcon.colcon_core.package_discovery:discover_packages(path) discover
[1.593s] Level 1:colcon.colcon_core.package_discovery:discover_packages(path) using defaults
[1.792s] Level 1:colcon.colcon_core.package_discovery:discover_packages(prefix_path) check parameters
[1.793s] Level 1:colcon.colcon_core.package_discovery:discover_packages(prefix_path) discover
[1.893s] DEBUG:colcon.colcon_installed_package_information.package_discovery:Found 2 installed packages in /mnt/d/Documentos/PUC-Rio/Maestrado/ELE2363/Optimization_based_robotics/install
[1.945s] DEBUG:colcon.colcon_installed_package_information.package_discovery:Found 7 installed packages in /mnt/d/Documentos/PUC-Rio/Maestrado/ELE2363/ros2_ws/install
[1.947s] DEBUG:colcon.colcon_installed_package_information.package_discovery:Found 358 installed packages in /opt/ros/jazzy
[1.949s] Level 1:colcon.colcon_core.package_discovery:discover_packages(prefix_path) using defaults
[2.123s] Level 5:colcon.colcon_core.verb:set package 'Optimization_module' build argument 'cmake_args' from command line to 'None'
[2.123s] Level 5:colcon.colcon_core.verb:set package 'Optimization_module' build argument 'cmake_target' from command line to 'None'
[2.124s] Level 5:colcon.colcon_core.verb:set package 'Optimization_module' build argument 'cmake_target_skip_unavailable' from command line to 'False'
[2.124s] Level 5:colcon.colcon_core.verb:set package 'Optimization_module' build argument 'cmake_clean_cache' from command line to 'False'
[2.124s] Level 5:colcon.colcon_core.verb:set package 'Optimization_module' build argument 'cmake_clean_first' from command line to 'False'
[2.125s] Level 5:colcon.colcon_core.verb:set package 'Optimization_module' build argument 'cmake_force_configure' from command line to 'False'
[2.125s] Level 5:colcon.colcon_core.verb:set package 'Optimization_module' build argument 'ament_cmake_args' from command line to 'None'
[2.126s] Level 5:colcon.colcon_core.verb:set package 'Optimization_module' build argument 'catkin_cmake_args' from command line to 'None'
[2.126s] Level 5:colcon.colcon_core.verb:set package 'Optimization_module' build argument 'catkin_skip_building_tests' from command line to 'False'
[2.126s] DEBUG:colcon.colcon_core.verb:Building package 'Optimization_module' with the following arguments: {'ament_cmake_args': None, 'build_base': '/mnt/d/Documentos/PUC-Rio/Maestrado/ELE2363/Optimization_based_robotics/build/Optimization_module', 'catkin_cmake_args': None, 'catkin_skip_building_tests': False, 'cmake_args': None, 'cmake_clean_cache': False, 'cmake_clean_first': False, 'cmake_force_configure': False, 'cmake_target': None, 'cmake_target_skip_unavailable': False, 'install_base': '/mnt/d/Documentos/PUC-Rio/Maestrado/ELE2363/Optimization_based_robotics/install/Optimization_module', 'merge_install': False, 'path': '/mnt/d/Documentos/PUC-Rio/Maestrado/ELE2363/Optimization_based_robotics/src/Optimization_module', 'symlink_install': False, 'test_result_base': None}
[2.127s] Level 5:colcon.colcon_core.verb:set package 'ob_robotics_interface' build argument 'cmake_args' from command line to 'None'
[2.127s] Level 5:colcon.colcon_core.verb:set package 'ob_robotics_interface' build argument 'cmake_target' from command line to 'None'
[2.128s] Level 5:colcon.colcon_core.verb:set package 'ob_robotics_interface' build argument 'cmake_target_skip_unavailable' from command line to 'False'
[2.128s] Level 5:colcon.colcon_core.verb:set package 'ob_robotics_interface' build argument 'cmake_clean_cache' from command line to 'False'
[2.128s] Level 5:colcon.colcon_core.verb:set package 'ob_robotics_interface' build argument 'cmake_clean_first' from command line to 'False'
[2.129s] Level 5:colcon.colcon_core.verb:set package 'ob_robotics_interface' build argument 'cmake_force_configure' from command line to 'False'
[2.129s] Level 5:colcon.colcon_core.verb:set package 'ob_robotics_interface' build argument 'ament_cmake_args' from command line to 'None'
[2.129s] Level 5:colcon.colcon_core.verb:set package 'ob_robotics_interface' build argument 'catkin_cmake_args' from command line to 'None'
[2.130s] Level 5:colcon.colcon_core.verb:set package 'ob_robotics_interface' build argument 'catkin_skip_building_tests' from command line to 'False'
[2.130s] DEBUG:colcon.colcon_core.verb:Building package 'ob_robotics_interface' with the following arguments: {'ament_cmake_args': None, 'build_base': '/mnt/d/Documentos/PUC-Rio/Maestrado/ELE2363/Optimization_based_robotics/build/ob_robotics_interface', 'catkin_cmake_args': None, 'catkin_skip_building_tests': False, 'cmake_args': None, 'cmake_clean_cache': False, 'cmake_clean_first': False, 'cmake_force_configure': False, 'cmake_target': None, 'cmake_target_skip_unavailable': False, 'install_base': '/mnt/d/Documentos/PUC-Rio/Maestrado/ELE2363/Optimization_based_robotics/install/ob_robotics_interface', 'merge_install': False, 'path': '/mnt/d/Documentos/PUC-Rio/Maestrado/ELE2363/Optimization_based_robotics/src/ob_robotics_interface', 'symlink_install': False, 'test_result_base': None}
[2.130s] INFO:colcon.colcon_core.executor:Executing jobs using 'parallel' executor
[2.131s] DEBUG:colcon.colcon_parallel_executor.executor.parallel:run_until_complete
[2.132s] INFO:colcon.colcon_ros.task.ament_python.build:Building ROS package in '/mnt/d/Documentos/PUC-Rio/Maestrado/ELE2363/Optimization_based_robotics/src/Optimization_module' with build type 'ament_python'
[2.132s] Level 1:colcon.colcon_core.shell:create_environment_hook('Optimization_module', 'ament_prefix_path')
[2.165s] INFO:colcon.colcon_core.plugin_system:Skipping extension 'colcon_core.shell.bat': Not used on non-Windows systems
[2.165s] INFO:colcon.colcon_core.shell:Creating environment hook '/mnt/d/Documentos/PUC-Rio/Maestrado/ELE2363/Optimization_based_robotics/install/Optimization_module/share/Optimization_module/hook/ament_prefix_path.ps1'
[2.177s] INFO:colcon.colcon_core.shell:Creating environment descriptor '/mnt/d/Documentos/PUC-Rio/Maestrado/ELE2363/Optimization_based_robotics/install/Optimization_module/share/Optimization_module/hook/ament_prefix_path.dsv'
[2.188s] INFO:colcon.colcon_core.shell:Creating environment hook '/mnt/d/Documentos/PUC-Rio/Maestrado/ELE2363/Optimization_based_robotics/install/Optimization_module/share/Optimization_module/hook/ament_prefix_path.sh'
[2.201s] INFO:colcon.colcon_core.shell:Skip shell extension 'powershell' for command environment: Not usable outside of PowerShell
[2.202s] DEBUG:colcon.colcon_core.shell:Skip shell extension 'dsv' for command environment
[2.337s] INFO:colcon.colcon_ros.task.ament_cmake.build:Building ROS package in '/mnt/d/Documentos/PUC-Rio/Maestrado/ELE2363/Optimization_based_robotics/src/ob_robotics_interface' with build type 'ament_cmake'
[2.337s] INFO:colcon.colcon_cmake.task.cmake.build:Building CMake package in '/mnt/d/Documentos/PUC-Rio/Maestrado/ELE2363/Optimization_based_robotics/src/ob_robotics_interface'
[2.338s] INFO:colcon.colcon_core.shell:Skip shell extension 'powershell' for command environment: Not usable outside of PowerShell
[2.338s] DEBUG:colcon.colcon_core.shell:Skip shell extension 'dsv' for command environment
[4.486s] INFO:colcon.colcon_core.task.python.build:Building Python package in '/mnt/d/Documentos/PUC-Rio/Maestrado/ELE2363/Optimization_based_robotics/src/Optimization_module'
[4.486s] INFO:colcon.colcon_core.shell:Skip shell extension 'powershell' for command environment: Not usable outside of PowerShell
[4.487s] DEBUG:colcon.colcon_core.shell:Skip shell extension 'dsv' for command environment
[4.665s] DEBUG:colcon.colcon_core.event_handler.log_command:Invoking command in '/mnt/d/Documentos/PUC-Rio/Maestrado/ELE2363/Optimization_based_robotics/build/ob_robotics_interface': CMAKE_PREFIX_PATH=${CMAKE_PREFIX_PATH}:/mnt/d/Documentos/PUC-Rio/Maestrado/ELE2363/Optimization_based_robotics/install/Optimization_module:/mnt/d/Documentos/PUC-Rio/Maestrado/ELE2363/ros2_ws/install/turtlesim_test:/mnt/d/Documentos/PUC-Rio/Maestrado/ELE2363/ros2_ws/install/turtlesim_control:/mnt/d/Documentos/PUC-Rio/Maestrado/ELE2363/ros2_ws/install/gpg_virtual:/mnt/d/Documentos/PUC-Rio/Maestrado/ELE2363/ros2_ws/install/gpg_urdf:/opt/ros/jazzy /usr/bin/cmake --build /mnt/d/Documentos/PUC-Rio/Maestrado/ELE2363/Optimization_based_robotics/build/ob_robotics_interface -- -j12 -l12
[9.657s] DEBUG:colcon.colcon_core.event_handler.log_command:Invoking command in '/mnt/d/Documentos/PUC-Rio/Maestrado/ELE2363/Optimization_based_robotics/src/Optimization_module': PYTHONPATH=/mnt/d/Documentos/PUC-Rio/Maestrado/ELE2363/Optimization_based_robotics/build/Optimization_module/prefix_override:/usr/lib/python3/dist-packages/colcon_core/task/python/colcon_distutils_commands:/mnt/d/Documentos/PUC-Rio/Maestrado/ELE2363/Optimization_based_robotics/install/Optimization_module/lib/python3.12/site-packages:${PYTHONPATH} /usr/bin/python3 -W ignore:setup.py install is deprecated setup.py egg_info --egg-base ../../build/Optimization_module build --build-base /mnt/d/Documentos/PUC-Rio/Maestrado/ELE2363/Optimization_based_robotics/build/Optimization_module/build install --record /mnt/d/Documentos/PUC-Rio/Maestrado/ELE2363/Optimization_based_robotics/build/Optimization_module/install.log --single-version-externally-managed install_data
[12.833s] DEBUG:colcon.colcon_core.event_handler.log_command:Invoked command in '/mnt/d/Documentos/PUC-Rio/Maestrado/ELE2363/Optimization_based_robotics/build/ob_robotics_interface' returned '0': CMAKE_PREFIX_PATH=${CMAKE_PREFIX_PATH}:/mnt/d/Documentos/PUC-Rio/Maestrado/ELE2363/Optimization_based_robotics/install/Optimization_module:/mnt/d/Documentos/PUC-Rio/Maestrado/ELE2363/ros2_ws/install/turtlesim_test:/mnt/d/Documentos/PUC-Rio/Maestrado/ELE2363/ros2_ws/install/turtlesim_control:/mnt/d/Documentos/PUC-Rio/Maestrado/ELE2363/ros2_ws/install/gpg_virtual:/mnt/d/Documentos/PUC-Rio/Maestrado/ELE2363/ros2_ws/install/gpg_urdf:/opt/ros/jazzy /usr/bin/cmake --build /mnt/d/Documentos/PUC-Rio/Maestrado/ELE2363/Optimization_based_robotics/build/ob_robotics_interface -- -j12 -l12
[15.676s] DEBUG:colcon.colcon_core.event_handler.log_command:Invoked command in '/mnt/d/Documentos/PUC-Rio/Maestrado/ELE2363/Optimization_based_robotics/src/Optimization_module' returned '0': PYTHONPATH=/mnt/d/Documentos/PUC-Rio/Maestrado/ELE2363/Optimization_based_robotics/build/Optimization_module/prefix_override:/usr/lib/python3/dist-packages/colcon_core/task/python/colcon_distutils_commands:/mnt/d/Documentos/PUC-Rio/Maestrado/ELE2363/Optimization_based_robotics/install/Optimization_module/lib/python3.12/site-packages:${PYTHONPATH} /usr/bin/python3 -W ignore:setup.py install is deprecated setup.py egg_info --egg-base ../../build/Optimization_module build --build-base /mnt/d/Documentos/PUC-Rio/Maestrado/ELE2363/Optimization_based_robotics/build/Optimization_module/build install --record /mnt/d/Documentos/PUC-Rio/Maestrado/ELE2363/Optimization_based_robotics/build/Optimization_module/install.log --single-version-externally-managed install_data
[15.709s] Level 1:colcon.colcon_core.environment:checking '/mnt/d/Documentos/PUC-Rio/Maestrado/ELE2363/Optimization_based_robotics/install/Optimization_module' for CMake module files
[15.764s] Level 1:colcon.colcon_core.environment:checking '/mnt/d/Documentos/PUC-Rio/Maestrado/ELE2363/Optimization_based_robotics/install/Optimization_module' for CMake config files
[15.856s] Level 1:colcon.colcon_core.environment:checking '/mnt/d/Documentos/PUC-Rio/Maestrado/ELE2363/Optimization_based_robotics/install/Optimization_module/lib'
[15.861s] Level 1:colcon.colcon_core.environment:checking '/mnt/d/Documentos/PUC-Rio/Maestrado/ELE2363/Optimization_based_robotics/install/Optimization_module/bin'
[15.862s] Level 1:colcon.colcon_core.environment:checking '/mnt/d/Documentos/PUC-Rio/Maestrado/ELE2363/Optimization_based_robotics/install/Optimization_module/lib/pkgconfig/Optimization_module.pc'
[15.865s] Level 1:colcon.colcon_core.environment:checking '/mnt/d/Documentos/PUC-Rio/Maestrado/ELE2363/Optimization_based_robotics/install/Optimization_module/lib/python3.12/site-packages'
[15.868s] Level 1:colcon.colcon_core.shell:create_environment_hook('Optimization_module', 'pythonpath')
[15.868s] INFO:colcon.colcon_core.shell:Creating environment hook '/mnt/d/Documentos/PUC-Rio/Maestrado/ELE2363/Optimization_based_robotics/install/Optimization_module/share/Optimization_module/hook/pythonpath.ps1'
[15.883s] INFO:colcon.colcon_core.shell:Creating environment descriptor '/mnt/d/Documentos/PUC-Rio/Maestrado/ELE2363/Optimization_based_robotics/install/Optimization_module/share/Optimization_module/hook/pythonpath.dsv'
[15.896s] INFO:colcon.colcon_core.shell:Creating environment hook '/mnt/d/Documentos/PUC-Rio/Maestrado/ELE2363/Optimization_based_robotics/install/Optimization_module/share/Optimization_module/hook/pythonpath.sh'
[15.912s] Level 1:colcon.colcon_core.environment:checking '/mnt/d/Documentos/PUC-Rio/Maestrado/ELE2363/Optimization_based_robotics/install/Optimization_module/bin'
[15.914s] Level 1:colcon.colcon_core.environment:create_environment_scripts_only(Optimization_module)
[15.914s] INFO:colcon.colcon_core.shell:Creating package script '/mnt/d/Documentos/PUC-Rio/Maestrado/ELE2363/Optimization_based_robotics/install/Optimization_module/share/Optimization_module/package.ps1'
[15.926s] INFO:colcon.colcon_core.shell:Creating package descriptor '/mnt/d/Documentos/PUC-Rio/Maestrado/ELE2363/Optimization_based_robotics/install/Optimization_module/share/Optimization_module/package.dsv'
[15.938s] INFO:colcon.colcon_core.shell:Creating package script '/mnt/d/Documentos/PUC-Rio/Maestrado/ELE2363/Optimization_based_robotics/install/Optimization_module/share/Optimization_module/package.sh'
[15.950s] INFO:colcon.colcon_core.shell:Creating package script '/mnt/d/Documentos/PUC-Rio/Maestrado/ELE2363/Optimization_based_robotics/install/Optimization_module/share/Optimization_module/package.bash'
[15.963s] INFO:colcon.colcon_core.shell:Creating package script '/mnt/d/Documentos/PUC-Rio/Maestrado/ELE2363/Optimization_based_robotics/install/Optimization_module/share/Optimization_module/package.zsh'
[15.977s] Level 1:colcon.colcon_core.environment:create_file_with_runtime_dependencies(/mnt/d/Documentos/PUC-Rio/Maestrado/ELE2363/Optimization_based_robotics/install/Optimization_module/share/colcon-core/packages/Optimization_module)
[18.175s] DEBUG:colcon.colcon_core.event_handler.log_command:Invoking command in '/mnt/d/Documentos/PUC-Rio/Maestrado/ELE2363/Optimization_based_robotics/build/ob_robotics_interface': CMAKE_PREFIX_PATH=${CMAKE_PREFIX_PATH}:/mnt/d/Documentos/PUC-Rio/Maestrado/ELE2363/Optimization_based_robotics/install/Optimization_module:/mnt/d/Documentos/PUC-Rio/Maestrado/ELE2363/ros2_ws/install/turtlesim_test:/mnt/d/Documentos/PUC-Rio/Maestrado/ELE2363/ros2_ws/install/turtlesim_control:/mnt/d/Documentos/PUC-Rio/Maestrado/ELE2363/ros2_ws/install/gpg_virtual:/mnt/d/Documentos/PUC-Rio/Maestrado/ELE2363/ros2_ws/install/gpg_urdf:/opt/ros/jazzy /usr/bin/cmake --install /mnt/d/Documentos/PUC-Rio/Maestrado/ELE2363/Optimization_based_robotics/build/ob_robotics_interface
[24.420s] Level 1:colcon.colcon_core.environment:create_environment_scripts_only(ob_robotics_interface)
[24.421s] Level 1:colcon.colcon_core.environment:checking '/mnt/d/Documentos/PUC-Rio/Maestrado/ELE2363/Optimization_based_robotics/install/ob_robotics_interface' for CMake module files
[24.421s] DEBUG:colcon.colcon_core.event_handler.log_command:Invoked command in '/mnt/d/Documentos/PUC-Rio/Maestrado/ELE2363/Optimization_based_robotics/build/ob_robotics_interface' returned '0': CMAKE_PREFIX_PATH=${CMAKE_PREFIX_PATH}:/mnt/d/Documentos/PUC-Rio/Maestrado/ELE2363/Optimization_based_robotics/install/Optimization_module:/mnt/d/Documentos/PUC-Rio/Maestrado/ELE2363/ros2_ws/install/turtlesim_test:/mnt/d/Documentos/PUC-Rio/Maestrado/ELE2363/ros2_ws/install/turtlesim_control:/mnt/d/Documentos/PUC-Rio/Maestrado/ELE2363/ros2_ws/install/gpg_virtual:/mnt/d/Documentos/PUC-Rio/Maestrado/ELE2363/ros2_ws/install/gpg_urdf:/opt/ros/jazzy /usr/bin/cmake --install /mnt/d/Documentos/PUC-Rio/Maestrado/ELE2363/Optimization_based_robotics/build/ob_robotics_interface
[24.602s] Level 1:colcon.colcon_core.environment:checking '/mnt/d/Documentos/PUC-Rio/Maestrado/ELE2363/Optimization_based_robotics/install/ob_robotics_interface' for CMake config files
[24.736s] Level 1:colcon.colcon_core.shell:create_environment_hook('ob_robotics_interface', 'cmake_prefix_path')
[24.736s] INFO:colcon.colcon_core.shell:Creating environment hook '/mnt/d/Documentos/PUC-Rio/Maestrado/ELE2363/Optimization_based_robotics/install/ob_robotics_interface/share/ob_robotics_interface/hook/cmake_prefix_path.ps1'
[24.748s] INFO:colcon.colcon_core.shell:Creating environment descriptor '/mnt/d/Documentos/PUC-Rio/Maestrado/ELE2363/Optimization_based_robotics/install/ob_robotics_interface/share/ob_robotics_interface/hook/cmake_prefix_path.dsv'
[24.759s] INFO:colcon.colcon_core.shell:Creating environment hook '/mnt/d/Documentos/PUC-Rio/Maestrado/ELE2363/Optimization_based_robotics/install/ob_robotics_interface/share/ob_robotics_interface/hook/cmake_prefix_path.sh'
[24.774s] Level 1:colcon.colcon_core.environment:checking '/mnt/d/Documentos/PUC-Rio/Maestrado/ELE2363/Optimization_based_robotics/install/ob_robotics_interface/lib'
[24.778s] Level 1:colcon.colcon_core.shell:create_environment_hook('ob_robotics_interface', 'ld_library_path_lib')
[24.778s] INFO:colcon.colcon_core.shell:Creating environment hook '/mnt/d/Documentos/PUC-Rio/Maestrado/ELE2363/Optimization_based_robotics/install/ob_robotics_interface/share/ob_robotics_interface/hook/ld_library_path_lib.ps1'
[24.791s] INFO:colcon.colcon_core.shell:Creating environment descriptor '/mnt/d/Documentos/PUC-Rio/Maestrado/ELE2363/Optimization_based_robotics/install/ob_robotics_interface/share/ob_robotics_interface/hook/ld_library_path_lib.dsv'
[24.803s] INFO:colcon.colcon_core.shell:Creating environment hook '/mnt/d/Documentos/PUC-Rio/Maestrado/ELE2363/Optimization_based_robotics/install/ob_robotics_interface/share/ob_robotics_interface/hook/ld_library_path_lib.sh'
[24.817s] Level 1:colcon.colcon_core.environment:checking '/mnt/d/Documentos/PUC-Rio/Maestrado/ELE2363/Optimization_based_robotics/install/ob_robotics_interface/bin'
[24.819s] Level 1:colcon.colcon_core.environment:checking '/mnt/d/Documentos/PUC-Rio/Maestrado/ELE2363/Optimization_based_robotics/install/ob_robotics_interface/lib/pkgconfig/ob_robotics_interface.pc'
[24.820s] Level 1:colcon.colcon_core.environment:checking '/mnt/d/Documentos/PUC-Rio/Maestrado/ELE2363/Optimization_based_robotics/install/ob_robotics_interface/lib/python3.12/site-packages'
[24.822s] Level 1:colcon.colcon_core.shell:create_environment_hook('ob_robotics_interface', 'pythonpath')
[24.823s] INFO:colcon.colcon_core.shell:Creating environment hook '/mnt/d/Documentos/PUC-Rio/Maestrado/ELE2363/Optimization_based_robotics/install/ob_robotics_interface/share/ob_robotics_interface/hook/pythonpath.ps1'
[24.835s] INFO:colcon.colcon_core.shell:Creating environment descriptor '/mnt/d/Documentos/PUC-Rio/Maestrado/ELE2363/Optimization_based_robotics/install/ob_robotics_interface/share/ob_robotics_interface/hook/pythonpath.dsv'
[24.846s] INFO:colcon.colcon_core.shell:Creating environment hook '/mnt/d/Documentos/PUC-Rio/Maestrado/ELE2363/Optimization_based_robotics/install/ob_robotics_interface/share/ob_robotics_interface/hook/pythonpath.sh'
[24.860s] Level 1:colcon.colcon_core.environment:checking '/mnt/d/Documentos/PUC-Rio/Maestrado/ELE2363/Optimization_based_robotics/install/ob_robotics_interface/bin'
[24.861s] INFO:colcon.colcon_core.shell:Creating package script '/mnt/d/Documentos/PUC-Rio/Maestrado/ELE2363/Optimization_based_robotics/install/ob_robotics_interface/share/ob_robotics_interface/package.ps1'
[24.871s] INFO:colcon.colcon_core.shell:Creating package descriptor '/mnt/d/Documentos/PUC-Rio/Maestrado/ELE2363/Optimization_based_robotics/install/ob_robotics_interface/share/ob_robotics_interface/package.dsv'
[24.881s] INFO:colcon.colcon_core.shell:Creating package script '/mnt/d/Documentos/PUC-Rio/Maestrado/ELE2363/Optimization_based_robotics/install/ob_robotics_interface/share/ob_robotics_interface/package.sh'
[24.892s] INFO:colcon.colcon_core.shell:Creating package script '/mnt/d/Documentos/PUC-Rio/Maestrado/ELE2363/Optimization_based_robotics/install/ob_robotics_interface/share/ob_robotics_interface/package.bash'
[24.903s] INFO:colcon.colcon_core.shell:Creating package script '/mnt/d/Documentos/PUC-Rio/Maestrado/ELE2363/Optimization_based_robotics/install/ob_robotics_interface/share/ob_robotics_interface/package.zsh'
[24.916s] Level 1:colcon.colcon_core.environment:create_file_with_runtime_dependencies(/mnt/d/Documentos/PUC-Rio/Maestrado/ELE2363/Optimization_based_robotics/install/ob_robotics_interface/share/colcon-core/packages/ob_robotics_interface)
[28.810s] Level 1:colcon.colcon_core.environment:create_environment_scripts_only(ob_robotics_interface)
[28.811s] Level 1:colcon.colcon_core.environment:checking '/mnt/d/Documentos/PUC-Rio/Maestrado/ELE2363/Optimization_based_robotics/install/ob_robotics_interface' for CMake module files
[29.001s] Level 1:colcon.colcon_core.environment:checking '/mnt/d/Documentos/PUC-Rio/Maestrado/ELE2363/Optimization_based_robotics/install/ob_robotics_interface' for CMake config files
[29.129s] Level 1:colcon.colcon_core.shell:create_environment_hook('ob_robotics_interface', 'cmake_prefix_path')
[29.130s] INFO:colcon.colcon_core.shell:Creating environment hook '/mnt/d/Documentos/PUC-Rio/Maestrado/ELE2363/Optimization_based_robotics/install/ob_robotics_interface/share/ob_robotics_interface/hook/cmake_prefix_path.ps1'
[29.141s] INFO:colcon.colcon_core.shell:Creating environment descriptor '/mnt/d/Documentos/PUC-Rio/Maestrado/ELE2363/Optimization_based_robotics/install/ob_robotics_interface/share/ob_robotics_interface/hook/cmake_prefix_path.dsv'
[29.153s] INFO:colcon.colcon_core.shell:Creating environment hook '/mnt/d/Documentos/PUC-Rio/Maestrado/ELE2363/Optimization_based_robotics/install/ob_robotics_interface/share/ob_robotics_interface/hook/cmake_prefix_path.sh'
[29.167s] Level 1:colcon.colcon_core.environment:checking '/mnt/d/Documentos/PUC-Rio/Maestrado/ELE2363/Optimization_based_robotics/install/ob_robotics_interface/lib'
[29.171s] Level 1:colcon.colcon_core.shell:create_environment_hook('ob_robotics_interface', 'ld_library_path_lib')
[29.171s] INFO:colcon.colcon_core.shell:Creating environment hook '/mnt/d/Documentos/PUC-Rio/Maestrado/ELE2363/Optimization_based_robotics/install/ob_robotics_interface/share/ob_robotics_interface/hook/ld_library_path_lib.ps1'
[29.183s] INFO:colcon.colcon_core.shell:Creating environment descriptor '/mnt/d/Documentos/PUC-Rio/Maestrado/ELE2363/Optimization_based_robotics/install/ob_robotics_interface/share/ob_robotics_interface/hook/ld_library_path_lib.dsv'
[29.199s] INFO:colcon.colcon_core.shell:Creating environment hook '/mnt/d/Documentos/PUC-Rio/Maestrado/ELE2363/Optimization_based_robotics/install/ob_robotics_interface/share/ob_robotics_interface/hook/ld_library_path_lib.sh'
[29.213s] Level 1:colcon.colcon_core.environment:checking '/mnt/d/Documentos/PUC-Rio/Maestrado/ELE2363/Optimization_based_robotics/install/ob_robotics_interface/bin'
[29.214s] Level 1:colcon.colcon_core.environment:checking '/mnt/d/Documentos/PUC-Rio/Maestrado/ELE2363/Optimization_based_robotics/install/ob_robotics_interface/lib/pkgconfig/ob_robotics_interface.pc'
[29.216s] Level 1:colcon.colcon_core.environment:checking '/mnt/d/Documentos/PUC-Rio/Maestrado/ELE2363/Optimization_based_robotics/install/ob_robotics_interface/lib/python3.12/site-packages'
[29.218s] Level 1:colcon.colcon_core.shell:create_environment_hook('ob_robotics_interface', 'pythonpath')
[29.218s] INFO:colcon.colcon_core.shell:Creating environment hook '/mnt/d/Documentos/PUC-Rio/Maestrado/ELE2363/Optimization_based_robotics/install/ob_robotics_interface/share/ob_robotics_interface/hook/pythonpath.ps1'
[29.230s] INFO:colcon.colcon_core.shell:Creating environment descriptor '/mnt/d/Documentos/PUC-Rio/Maestrado/ELE2363/Optimization_based_robotics/install/ob_robotics_interface/share/ob_robotics_interface/hook/pythonpath.dsv'
[29.241s] INFO:colcon.colcon_core.shell:Creating environment hook '/mnt/d/Documentos/PUC-Rio/Maestrado/ELE2363/Optimization_based_robotics/install/ob_robotics_interface/share/ob_robotics_interface/hook/pythonpath.sh'
[29.252s] Level 1:colcon.colcon_core.environment:checking '/mnt/d/Documentos/PUC-Rio/Maestrado/ELE2363/Optimization_based_robotics/install/ob_robotics_interface/bin'
[29.254s] INFO:colcon.colcon_core.shell:Creating package script '/mnt/d/Documentos/PUC-Rio/Maestrado/ELE2363/Optimization_based_robotics/install/ob_robotics_interface/share/ob_robotics_interface/package.ps1'
[29.265s] INFO:colcon.colcon_core.shell:Creating package descriptor '/mnt/d/Documentos/PUC-Rio/Maestrado/ELE2363/Optimization_based_robotics/install/ob_robotics_interface/share/ob_robotics_interface/package.dsv'
[29.284s] INFO:colcon.colcon_core.shell:Creating package script '/mnt/d/Documentos/PUC-Rio/Maestrado/ELE2363/Optimization_based_robotics/install/ob_robotics_interface/share/ob_robotics_interface/package.sh'
[29.299s] INFO:colcon.colcon_core.shell:Creating package script '/mnt/d/Documentos/PUC-Rio/Maestrado/ELE2363/Optimization_based_robotics/install/ob_robotics_interface/share/ob_robotics_interface/package.bash'
[29.311s] INFO:colcon.colcon_core.shell:Creating package script '/mnt/d/Documentos/PUC-Rio/Maestrado/ELE2363/Optimization_based_robotics/install/ob_robotics_interface/share/ob_robotics_interface/package.zsh'
[29.321s] Level 1:colcon.colcon_core.environment:create_file_with_runtime_dependencies(/mnt/d/Documentos/PUC-Rio/Maestrado/ELE2363/Optimization_based_robotics/install/ob_robotics_interface/share/colcon-core/packages/ob_robotics_interface)
[29.329s] DEBUG:colcon.colcon_parallel_executor.executor.parallel:closing loop
[29.329s] DEBUG:colcon.colcon_parallel_executor.executor.parallel:loop closed
[29.330s] DEBUG:colcon.colcon_parallel_executor.executor.parallel:run_until_complete finished with '0'
[29.330s] DEBUG:colcon.colcon_core.event_reactor:joining thread
[29.515s] INFO:colcon.colcon_core.plugin_system:Skipping extension 'colcon_notification.desktop_notification.notify_send': Could not find 'notify-send'
[29.515s] INFO:colcon.colcon_core.plugin_system:Skipping extension 'colcon_notification.desktop_notification.terminal_notifier': Not used on non-Darwin systems
[29.516s] INFO:colcon.colcon_core.plugin_system:Skipping extension 'colcon_notification.desktop_notification.win32': Not used on non-Windows systems
[29.516s] INFO:colcon.colcon_notification.desktop_notification:Sending desktop notification using 'notify2'
[29.517s] DEBUG:colcon.colcon_notification.desktop_notification.notify2:Failed to initialize notify2: org.freedesktop.DBus.Error.ServiceUnknown: The name org.freedesktop.Notifications was not provided by any .service files
[29.517s] DEBUG:colcon.colcon_core.event_reactor:joined thread
[29.518s] INFO:colcon.colcon_core.shell:Creating prefix script '/mnt/d/Documentos/PUC-Rio/Maestrado/ELE2363/Optimization_based_robotics/install/local_setup.ps1'
[29.524s] INFO:colcon.colcon_core.shell:Creating prefix util module '/mnt/d/Documentos/PUC-Rio/Maestrado/ELE2363/Optimization_based_robotics/install/_local_setup_util_ps1.py'
[29.529s] INFO:colcon.colcon_core.shell:Creating prefix chain script '/mnt/d/Documentos/PUC-Rio/Maestrado/ELE2363/Optimization_based_robotics/install/setup.ps1'
[29.589s] INFO:colcon.colcon_core.shell:Creating prefix script '/mnt/d/Documentos/PUC-Rio/Maestrado/ELE2363/Optimization_based_robotics/install/local_setup.sh'
[29.594s] INFO:colcon.colcon_core.shell:Creating prefix util module '/mnt/d/Documentos/PUC-Rio/Maestrado/ELE2363/Optimization_based_robotics/install/_local_setup_util_sh.py'
[29.598s] INFO:colcon.colcon_core.shell:Creating prefix chain script '/mnt/d/Documentos/PUC-Rio/Maestrado/ELE2363/Optimization_based_robotics/install/setup.sh'
[29.660s] INFO:colcon.colcon_core.shell:Creating prefix script '/mnt/d/Documentos/PUC-Rio/Maestrado/ELE2363/Optimization_based_robotics/install/local_setup.bash'
[29.666s] INFO:colcon.colcon_core.shell:Creating prefix chain script '/mnt/d/Documentos/PUC-Rio/Maestrado/ELE2363/Optimization_based_robotics/install/setup.bash'
[29.726s] INFO:colcon.colcon_core.shell:Creating prefix script '/mnt/d/Documentos/PUC-Rio/Maestrado/ELE2363/Optimization_based_robotics/install/local_setup.zsh'
[29.730s] INFO:colcon.colcon_core.shell:Creating prefix chain script '/mnt/d/Documentos/PUC-Rio/Maestrado/ELE2363/Optimization_based_robotics/install/setup.zsh'
