-- Found ament_cmake: 2.5.2 (/opt/ros/jazzy/share/ament_cmake/cmake)
-- Found rosidl_default_generators: 1.6.0 (/opt/ros/jazzy/share/rosidl_default_generators/cmake)
-- Using all available rosidl_typesupport_c: rosidl_typesupport_fastrtps_c;rosidl_typesupport_introspection_c
-- Using all available rosidl_typesupport_cpp: rosidl_typesupport_fastrtps_cpp;rosidl_typesupport_introspection_cpp
-- Found rosidl_adapter: 4.6.4 (/opt/ros/jazzy/share/rosidl_adapter/cmake)
-- Found ament_cmake_ros: 0.12.0 (/opt/ros/jazzy/share/ament_cmake_ros/cmake)
-- Using all available rosidl_typesupport_c: rosidl_typesupport_fastrtps_c;rosidl_typesupport_introspection_c
-- Using all available rosidl_typesupport_cpp: rosidl_typesupport_fastrtps_cpp;rosidl_typesupport_introspection_cpp
-- Found python_cmake_module: 0.11.1 (/opt/ros/jazzy/share/python_cmake_module/cmake)
-- Found PythonExtra: /usr/bin/python3  
-- Found Python3: /usr/bin/python3 (found version "3.12.3") found components: Interpreter Development NumPy Development.Module Development.Embed 
-- Found ament_lint_auto: 0.17.1 (/opt/ros/jazzy/share/ament_lint_auto/cmake)
-- Added test 'lint_cmake' to check CMake code style
-- Added test 'xmllint' to check XML markup files
-- Configuring done (8.6s)
-- Generating done (2.1s)
-- Build files have been written to: /mnt/d/Documentos/PUC-Rio/Maestrado/ELE2363/Optimization_based_robotics/build/ob_robotics_interface
[  1%] [34m[1mGenerating type hashes for ROS interfaces[0m
[  1%] Built target ament_cmake_python_copy_ob_robotics_interface
running egg_info
creating ob_robotics_interface.egg-info
writing ob_robotics_interface.egg-info/PKG-INFO
writing dependency_links to ob_robotics_interface.egg-info/dependency_links.txt
writing top-level names to ob_robotics_interface.egg-info/top_level.txt
writing manifest file 'ob_robotics_interface.egg-info/SOURCES.txt'
reading manifest file 'ob_robotics_interface.egg-info/SOURCES.txt'
writing manifest file 'ob_robotics_interface.egg-info/SOURCES.txt'
[  1%] Built target ament_cmake_python_build_ob_robotics_interface_egg
Traceback (most recent call last):
  File "/opt/ros/jazzy/lib/rosidl_generator_type_description/rosidl_generator_type_description", line 50, in <module>
    sys.exit(main())
             ^^^^^^
  File "/opt/ros/jazzy/lib/rosidl_generator_type_description/rosidl_generator_type_description", line 46, in main
    generate_type_hash(args.generator_arguments_file)
  File "/opt/ros/jazzy/lib/python3.12/site-packages/rosidl_generator_type_description/__init__.py", line 160, in generate_type_hash
    pkg_dir = include_map[pkg]
              ~~~~~~~~~~~^^^^^
KeyError: 'builtin_interfaces'
gmake[2]: *** [CMakeFiles/ob_robotics_interface__rosidl_generator_type_description.dir/build.make:81: rosidl_generator_type_description/ob_robotics_interface/msg/ModelProcessedData.json] Error 1
gmake[1]: *** [CMakeFiles/Makefile2:215: CMakeFiles/ob_robotics_interface__rosidl_generator_type_description.dir/all] Error 2
gmake: *** [Makefile:146: all] Error 2
