[24.247s] Invoking command in '/mnt/d/Documentos/PUC-Rio/Maestrado/ELE2363/Optimization_based_robotics/src/Optimization_module': PYTHONPATH=/mnt/d/Documentos/PUC-Rio/Maestrado/ELE2363/Optimization_based_robotics/build/Optimization_module/prefix_override:/usr/lib/python3/dist-packages/colcon_core/task/python/colcon_distutils_commands:/mnt/d/Documentos/PUC-Rio/Maestrado/ELE2363/Optimization_based_robotics/install/Optimization_module/lib/python3.12/site-packages:${PYTHONPATH} /usr/bin/python3 -W ignore:setup.py install is deprecated setup.py egg_info --egg-base ../../build/Optimization_module build --build-base /mnt/d/Documentos/PUC-Rio/Maestrado/ELE2363/Optimization_based_robotics/build/Optimization_module/build install --record /mnt/d/Documentos/PUC-Rio/Maestrado/ELE2363/Optimization_based_robotics/build/Optimization_module/install.log --single-version-externally-managed install_data
[32.995s] running egg_info
[33.348s] writing ../../build/Optimization_module/Optimization_module.egg-info/PKG-INFO
[33.379s] writing dependency_links to ../../build/Optimization_module/Optimization_module.egg-info/dependency_links.txt
[33.398s] writing entry points to ../../build/Optimization_module/Optimization_module.egg-info/entry_points.txt
[33.418s] writing requirements to ../../build/Optimization_module/Optimization_module.egg-info/requires.txt
[33.431s] writing top-level names to ../../build/Optimization_module/Optimization_module.egg-info/top_level.txt
[34.166s] reading manifest file '../../build/Optimization_module/Optimization_module.egg-info/SOURCES.txt'
[34.482s] writing manifest file '../../build/Optimization_module/Optimization_module.egg-info/SOURCES.txt'
[34.515s] running build
[34.519s] running build_py
[34.707s] copying Optimization_module/PID_model_node.py -> /mnt/d/Documentos/PUC-Rio/Maestrado/ELE2363/Optimization_based_robotics/build/Optimization_module/build/lib/Optimization_module
[34.937s] running install
[35.012s] running install_lib
[35.702s] copying /mnt/d/Documentos/PUC-Rio/Maestrado/ELE2363/Optimization_based_robotics/build/Optimization_module/build/lib/Optimization_module/PID_model_node.py -> /mnt/d/Documentos/PUC-Rio/Maestrado/ELE2363/Optimization_based_robotics/install/Optimization_module/lib/python3.12/site-packages/Optimization_module
[36.365s] byte-compiling /mnt/d/Documentos/PUC-Rio/Maestrado/ELE2363/Optimization_based_robotics/install/Optimization_module/lib/python3.12/site-packages/Optimization_module/PID_model_node.py to PID_model_node.cpython-312.pyc
[36.692s] running install_data
[36.789s] running install_egg_info
[37.162s] removing '/mnt/d/Documentos/PUC-Rio/Maestrado/ELE2363/Optimization_based_robotics/install/Optimization_module/lib/python3.12/site-packages/Optimization_module-0.0.0-py3.12.egg-info' (and everything under it)
[37.365s] Copying ../../build/Optimization_module/Optimization_module.egg-info to /mnt/d/Documentos/PUC-Rio/Maestrado/ELE2363/Optimization_based_robotics/install/Optimization_module/lib/python3.12/site-packages/Optimization_module-0.0.0-py3.12.egg-info
[38.155s] running install_scripts
[41.097s] Installing IMU_proxy_node script to /mnt/d/Documentos/PUC-Rio/Maestrado/ELE2363/Optimization_based_robotics/install/Optimization_module/lib/Optimization_module
[41.126s] Installing PID_model_node script to /mnt/d/Documentos/PUC-Rio/Maestrado/ELE2363/Optimization_based_robotics/install/Optimization_module/lib/Optimization_module
[41.160s] Installing model_node script to /mnt/d/Documentos/PUC-Rio/Maestrado/ELE2363/Optimization_based_robotics/install/Optimization_module/lib/Optimization_module
[41.199s] Installing objective_node script to /mnt/d/Documentos/PUC-Rio/Maestrado/ELE2363/Optimization_based_robotics/install/Optimization_module/lib/Optimization_module
[41.240s] Installing proxy_node script to /mnt/d/Documentos/PUC-Rio/Maestrado/ELE2363/Optimization_based_robotics/install/Optimization_module/lib/Optimization_module
[41.271s] Installing stability_objective_node script to /mnt/d/Documentos/PUC-Rio/Maestrado/ELE2363/Optimization_based_robotics/install/Optimization_module/lib/Optimization_module
[41.311s] writing list of installed files to '/mnt/d/Documentos/PUC-Rio/Maestrado/ELE2363/Optimization_based_robotics/build/Optimization_module/install.log'
[41.835s] Invoked command in '/mnt/d/Documentos/PUC-Rio/Maestrado/ELE2363/Optimization_based_robotics/src/Optimization_module' returned '0': PYTHONPATH=/mnt/d/Documentos/PUC-Rio/Maestrado/ELE2363/Optimization_based_robotics/build/Optimization_module/prefix_override:/usr/lib/python3/dist-packages/colcon_core/task/python/colcon_distutils_commands:/mnt/d/Documentos/PUC-Rio/Maestrado/ELE2363/Optimization_based_robotics/install/Optimization_module/lib/python3.12/site-packages:${PYTHONPATH} /usr/bin/python3 -W ignore:setup.py install is deprecated setup.py egg_info --egg-base ../../build/Optimization_module build --build-base /mnt/d/Documentos/PUC-Rio/Maestrado/ELE2363/Optimization_based_robotics/build/Optimization_module/build install --record /mnt/d/Documentos/PUC-Rio/Maestrado/ELE2363/Optimization_based_robotics/build/Optimization_module/install.log --single-version-externally-managed install_data
