[2.187s] Invoking command in '/mnt/d/Documentos/PUC-Rio/Maestrado/ELE2363/Optimization_based_robotics/src/Optimization_module': PYTHONPATH=/mnt/d/Documentos/PUC-Rio/Maestrado/ELE2363/Optimization_based_robotics/build/Optimization_module/prefix_override:/usr/lib/python3/dist-packages/colcon_core/task/python/colcon_distutils_commands:/mnt/d/Documentos/PUC-Rio/Maestrado/ELE2363/Optimization_based_robotics/install/Optimization_module/lib/python3.12/site-packages:${PYTHONPATH} /usr/bin/python3 -W ignore:setup.py install is deprecated setup.py egg_info --egg-base ../../build/Optimization_module build --build-base /mnt/d/Documentos/PUC-Rio/Maestrado/ELE2363/Optimization_based_robotics/build/Optimization_module/build install --record /mnt/d/Documentos/PUC-Rio/Maestrado/ELE2363/Optimization_based_robotics/build/Optimization_module/install.log --single-version-externally-managed install_data
[3.051s] running egg_info
[3.087s] writing ../../build/Optimization_module/Optimization_module.egg-info/PKG-INFO
[3.095s] writing dependency_links to ../../build/Optimization_module/Optimization_module.egg-info/dependency_links.txt
[3.100s] writing entry points to ../../build/Optimization_module/Optimization_module.egg-info/entry_points.txt
[3.104s] writing requirements to ../../build/Optimization_module/Optimization_module.egg-info/requires.txt
[3.107s] writing top-level names to ../../build/Optimization_module/Optimization_module.egg-info/top_level.txt
[3.214s] reading manifest file '../../build/Optimization_module/Optimization_module.egg-info/SOURCES.txt'
[3.293s] writing manifest file '../../build/Optimization_module/Optimization_module.egg-info/SOURCES.txt'
[3.297s] running build
[3.299s] running build_py
[3.399s] running install
[3.409s] running install_lib
[3.716s] byte-compiling /mnt/d/Documentos/PUC-Rio/Maestrado/ELE2363/Optimization_based_robotics/install/Optimization_module/lib/python3.12/site-packages/Optimization_module/PID_model_node.py to PID_model_node.cpython-312.pyc
[3.737s]   File "/mnt/d/Documentos/PUC-Rio/Maestrado/ELE2363/Optimization_based_robotics/install/Optimization_module/lib/python3.12/site-packages/Optimization_module/PID_model_node.py", line 45
[3.738s]     Kd=0.1,
[3.739s]     ^^^^^^
[3.741s] SyntaxError: keyword argument repeated: Kd
[3.741s] 
[3.776s] running install_data
[3.803s] running install_egg_info
[3.852s] removing '/mnt/d/Documentos/PUC-Rio/Maestrado/ELE2363/Optimization_based_robotics/install/Optimization_module/lib/python3.12/site-packages/Optimization_module-0.0.0-py3.12.egg-info' (and everything under it)
[3.915s] Copying ../../build/Optimization_module/Optimization_module.egg-info to /mnt/d/Documentos/PUC-Rio/Maestrado/ELE2363/Optimization_based_robotics/install/Optimization_module/lib/python3.12/site-packages/Optimization_module-0.0.0-py3.12.egg-info
[4.197s] running install_scripts
[4.581s] Installing IMU_proxy_node script to /mnt/d/Documentos/PUC-Rio/Maestrado/ELE2363/Optimization_based_robotics/install/Optimization_module/lib/Optimization_module
[4.597s] Installing PID_model_node script to /mnt/d/Documentos/PUC-Rio/Maestrado/ELE2363/Optimization_based_robotics/install/Optimization_module/lib/Optimization_module
[4.615s] Installing model_node script to /mnt/d/Documentos/PUC-Rio/Maestrado/ELE2363/Optimization_based_robotics/install/Optimization_module/lib/Optimization_module
[4.632s] Installing objective_node script to /mnt/d/Documentos/PUC-Rio/Maestrado/ELE2363/Optimization_based_robotics/install/Optimization_module/lib/Optimization_module
[4.648s] Installing proxy_node script to /mnt/d/Documentos/PUC-Rio/Maestrado/ELE2363/Optimization_based_robotics/install/Optimization_module/lib/Optimization_module
[4.664s] Installing stability_objective_node script to /mnt/d/Documentos/PUC-Rio/Maestrado/ELE2363/Optimization_based_robotics/install/Optimization_module/lib/Optimization_module
[4.682s] writing list of installed files to '/mnt/d/Documentos/PUC-Rio/Maestrado/ELE2363/Optimization_based_robotics/build/Optimization_module/install.log'
[4.714s] Invoked command in '/mnt/d/Documentos/PUC-Rio/Maestrado/ELE2363/Optimization_based_robotics/src/Optimization_module' returned '0': PYTHONPATH=/mnt/d/Documentos/PUC-Rio/Maestrado/ELE2363/Optimization_based_robotics/build/Optimization_module/prefix_override:/usr/lib/python3/dist-packages/colcon_core/task/python/colcon_distutils_commands:/mnt/d/Documentos/PUC-Rio/Maestrado/ELE2363/Optimization_based_robotics/install/Optimization_module/lib/python3.12/site-packages:${PYTHONPATH} /usr/bin/python3 -W ignore:setup.py install is deprecated setup.py egg_info --egg-base ../../build/Optimization_module build --build-base /mnt/d/Documentos/PUC-Rio/Maestrado/ELE2363/Optimization_based_robotics/build/Optimization_module/build install --record /mnt/d/Documentos/PUC-Rio/Maestrado/ELE2363/Optimization_based_robotics/build/Optimization_module/install.log --single-version-externally-managed install_data
