[15.869s] Invoking command in '/mnt/d/Documentos/PUC-Rio/Maestrado/ELE2363/Optimization_based_robotics/src/Optimization_module': PYTHONPATH=/mnt/d/Documentos/PUC-Rio/Maestrado/ELE2363/Optimization_based_robotics/build/Optimization_module/prefix_override:/usr/lib/python3/dist-packages/colcon_core/task/python/colcon_distutils_commands:/mnt/d/Documentos/PUC-Rio/Maestrado/ELE2363/Optimization_based_robotics/install/Optimization_module/lib/python3.12/site-packages:${PYTHONPATH} /usr/bin/python3 -W ignore:setup.py install is deprecated setup.py egg_info --egg-base ../../build/Optimization_module build --build-base /mnt/d/Documentos/PUC-Rio/Maestrado/ELE2363/Optimization_based_robotics/build/Optimization_module/build install --record /mnt/d/Documentos/PUC-Rio/Maestrado/ELE2363/Optimization_based_robotics/build/Optimization_module/install.log --single-version-externally-managed install_data
[21.291s] running egg_info
[21.457s] writing ../../build/Optimization_module/Optimization_module.egg-info/PKG-INFO
[21.469s] writing dependency_links to ../../build/Optimization_module/Optimization_module.egg-info/dependency_links.txt
[21.478s] writing entry points to ../../build/Optimization_module/Optimization_module.egg-info/entry_points.txt
[21.487s] writing requirements to ../../build/Optimization_module/Optimization_module.egg-info/requires.txt
[21.495s] writing top-level names to ../../build/Optimization_module/Optimization_module.egg-info/top_level.txt
[21.902s] reading manifest file '../../build/Optimization_module/Optimization_module.egg-info/SOURCES.txt'
[22.065s] writing manifest file '../../build/Optimization_module/Optimization_module.egg-info/SOURCES.txt'
[22.075s] running build
[22.077s] running build_py
[22.128s] copying Optimization_module/model_node.py -> /mnt/d/Documentos/PUC-Rio/Maestrado/ELE2363/Optimization_based_robotics/build/Optimization_module/build/lib/Optimization_module
[22.460s] running install
[22.509s] running install_lib
[22.775s] copying /mnt/d/Documentos/PUC-Rio/Maestrado/ELE2363/Optimization_based_robotics/build/Optimization_module/build/lib/Optimization_module/model_node.py -> /mnt/d/Documentos/PUC-Rio/Maestrado/ELE2363/Optimization_based_robotics/install/Optimization_module/lib/python3.12/site-packages/Optimization_module
[23.259s] byte-compiling /mnt/d/Documentos/PUC-Rio/Maestrado/ELE2363/Optimization_based_robotics/install/Optimization_module/lib/python3.12/site-packages/Optimization_module/model_node.py to model_node.cpython-312.pyc
[23.503s] running install_data
[23.551s] running install_egg_info
[23.768s] removing '/mnt/d/Documentos/PUC-Rio/Maestrado/ELE2363/Optimization_based_robotics/install/Optimization_module/lib/python3.12/site-packages/Optimization_module-0.0.0-py3.12.egg-info' (and everything under it)
[23.878s] Copying ../../build/Optimization_module/Optimization_module.egg-info to /mnt/d/Documentos/PUC-Rio/Maestrado/ELE2363/Optimization_based_robotics/install/Optimization_module/lib/python3.12/site-packages/Optimization_module-0.0.0-py3.12.egg-info
[24.352s] running install_scripts
[26.184s] Installing IMU_proxy_node script to /mnt/d/Documentos/PUC-Rio/Maestrado/ELE2363/Optimization_based_robotics/install/Optimization_module/lib/Optimization_module
[26.205s] Installing PID_model_node script to /mnt/d/Documentos/PUC-Rio/Maestrado/ELE2363/Optimization_based_robotics/install/Optimization_module/lib/Optimization_module
[26.222s] Installing model_node script to /mnt/d/Documentos/PUC-Rio/Maestrado/ELE2363/Optimization_based_robotics/install/Optimization_module/lib/Optimization_module
[26.244s] Installing objective_node script to /mnt/d/Documentos/PUC-Rio/Maestrado/ELE2363/Optimization_based_robotics/install/Optimization_module/lib/Optimization_module
[26.265s] Installing proxy_node script to /mnt/d/Documentos/PUC-Rio/Maestrado/ELE2363/Optimization_based_robotics/install/Optimization_module/lib/Optimization_module
[26.287s] Installing stability_objective_node script to /mnt/d/Documentos/PUC-Rio/Maestrado/ELE2363/Optimization_based_robotics/install/Optimization_module/lib/Optimization_module
[26.312s] writing list of installed files to '/mnt/d/Documentos/PUC-Rio/Maestrado/ELE2363/Optimization_based_robotics/build/Optimization_module/install.log'
[26.402s] Invoked command in '/mnt/d/Documentos/PUC-Rio/Maestrado/ELE2363/Optimization_based_robotics/src/Optimization_module' returned '0': PYTHONPATH=/mnt/d/Documentos/PUC-Rio/Maestrado/ELE2363/Optimization_based_robotics/build/Optimization_module/prefix_override:/usr/lib/python3/dist-packages/colcon_core/task/python/colcon_distutils_commands:/mnt/d/Documentos/PUC-Rio/Maestrado/ELE2363/Optimization_based_robotics/install/Optimization_module/lib/python3.12/site-packages:${PYTHONPATH} /usr/bin/python3 -W ignore:setup.py install is deprecated setup.py egg_info --egg-base ../../build/Optimization_module build --build-base /mnt/d/Documentos/PUC-Rio/Maestrado/ELE2363/Optimization_based_robotics/build/Optimization_module/build install --record /mnt/d/Documentos/PUC-Rio/Maestrado/ELE2363/Optimization_based_robotics/build/Optimization_module/install.log --single-version-externally-managed install_data
