[4.701s] Invoking command in '/mnt/d/Documentos/PUC-Rio/Maestrado/ELE2363/Optimization_based_robotics/build/ob_robotics_interface': CMAKE_PREFIX_PATH=${CMAKE_PREFIX_PATH}:/mnt/d/Documentos/PUC-Rio/Maestrado/ELE2363/Optimization_based_robotics/install/Optimization_module:/mnt/d/Documentos/PUC-Rio/Maestrado/ELE2363/ros2_ws/install/turtlesim_test:/mnt/d/Documentos/PUC-Rio/Maestrado/ELE2363/ros2_ws/install/turtlesim_control:/mnt/d/Documentos/PUC-Rio/Maestrado/ELE2363/ros2_ws/install/gpg_virtual:/mnt/d/Documentos/PUC-Rio/Maestrado/ELE2363/ros2_ws/install/gpg_urdf:/opt/ros/jazzy /usr/bin/cmake --build /mnt/d/Documentos/PUC-Rio/Maestrado/ELE2363/Optimization_based_robotics/build/ob_robotics_interface -- -j12 -l12
[7.732s] [  1%] Built target ob_robotics_interface__rosidl_generator_type_description
[9.543s] [  3%] Built target ob_robotics_interface__cpp
[9.900s] [  3%] Built target ament_cmake_python_copy_ob_robotics_interface
[10.355s] [ 25%] Built target ob_robotics_interface__rosidl_generator_c
[12.160s] [ 34%] Built target ob_robotics_interface__rosidl_typesupport_c
[12.213s] [ 53%] Built target ob_robotics_interface__rosidl_typesupport_introspection_c
[12.216s] [ 53%] Built target ob_robotics_interface__rosidl_typesupport_cpp
[12.303s] [ 62%] Built target ob_robotics_interface__rosidl_typesupport_introspection_cpp
[12.407s] [ 81%] Built target ob_robotics_interface__rosidl_typesupport_fastrtps_c
[12.411s] [ 81%] Built target ob_robotics_interface__rosidl_typesupport_fastrtps_cpp
[13.718s] [ 81%] Built target ob_robotics_interface
[15.072s] [ 82%] Built target ob_robotics_interface__py
[16.109s] running egg_info
[16.322s] writing ob_robotics_interface.egg-info/PKG-INFO
[16.334s] writing dependency_links to ob_robotics_interface.egg-info/dependency_links.txt
[16.347s] writing top-level names to ob_robotics_interface.egg-info/top_level.txt
[16.630s] [ 90%] Built target ob_robotics_interface__rosidl_generator_py
[17.094s] reading manifest file 'ob_robotics_interface.egg-info/SOURCES.txt'
[17.232s] writing manifest file 'ob_robotics_interface.egg-info/SOURCES.txt'
[17.860s] [ 90%] Built target ament_cmake_python_build_ob_robotics_interface_egg
[17.948s] [ 95%] Built target ob_robotics_interface_s__rosidl_typesupport_c
[18.034s] [ 96%] Built target ob_robotics_interface_s__rosidl_typesupport_introspection_c
[18.057s] [100%] Built target ob_robotics_interface_s__rosidl_typesupport_fastrtps_c
[19.359s] Invoked command in '/mnt/d/Documentos/PUC-Rio/Maestrado/ELE2363/Optimization_based_robotics/build/ob_robotics_interface' returned '0': CMAKE_PREFIX_PATH=${CMAKE_PREFIX_PATH}:/mnt/d/Documentos/PUC-Rio/Maestrado/ELE2363/Optimization_based_robotics/install/Optimization_module:/mnt/d/Documentos/PUC-Rio/Maestrado/ELE2363/ros2_ws/install/turtlesim_test:/mnt/d/Documentos/PUC-Rio/Maestrado/ELE2363/ros2_ws/install/turtlesim_control:/mnt/d/Documentos/PUC-Rio/Maestrado/ELE2363/ros2_ws/install/gpg_virtual:/mnt/d/Documentos/PUC-Rio/Maestrado/ELE2363/ros2_ws/install/gpg_urdf:/opt/ros/jazzy /usr/bin/cmake --build /mnt/d/Documentos/PUC-Rio/Maestrado/ELE2363/Optimization_based_robotics/build/ob_robotics_interface -- -j12 -l12
[30.577s] Invoking command in '/mnt/d/Documentos/PUC-Rio/Maestrado/ELE2363/Optimization_based_robotics/build/ob_robotics_interface': CMAKE_PREFIX_PATH=${CMAKE_PREFIX_PATH}:/mnt/d/Documentos/PUC-Rio/Maestrado/ELE2363/Optimization_based_robotics/install/Optimization_module:/mnt/d/Documentos/PUC-Rio/Maestrado/ELE2363/ros2_ws/install/turtlesim_test:/mnt/d/Documentos/PUC-Rio/Maestrado/ELE2363/ros2_ws/install/turtlesim_control:/mnt/d/Documentos/PUC-Rio/Maestrado/ELE2363/ros2_ws/install/gpg_virtual:/mnt/d/Documentos/PUC-Rio/Maestrado/ELE2363/ros2_ws/install/gpg_urdf:/opt/ros/jazzy /usr/bin/cmake --install /mnt/d/Documentos/PUC-Rio/Maestrado/ELE2363/Optimization_based_robotics/build/ob_robotics_interface
[31.048s] -- Install configuration: ""
[31.092s] -- Up-to-date: /mnt/d/Documentos/PUC-Rio/Maestrado/ELE2363/Optimization_based_robotics/install/ob_robotics_interface/share/ament_index/resource_index/rosidl_interfaces/ob_robotics_interface
[31.139s] -- Up-to-date: /mnt/d/Documentos/PUC-Rio/Maestrado/ELE2363/Optimization_based_robotics/install/ob_robotics_interface/share/ob_robotics_interface/msg/ModelProcessedData.json
[31.183s] -- Up-to-date: /mnt/d/Documentos/PUC-Rio/Maestrado/ELE2363/Optimization_based_robotics/install/ob_robotics_interface/share/ob_robotics_interface/msg/PerformanceData.json
[31.228s] -- Up-to-date: /mnt/d/Documentos/PUC-Rio/Maestrado/ELE2363/Optimization_based_robotics/install/ob_robotics_interface/share/ob_robotics_interface/msg/OptimizationData.json
[31.269s] -- Up-to-date: /mnt/d/Documentos/PUC-Rio/Maestrado/ELE2363/Optimization_based_robotics/install/ob_robotics_interface/share/ob_robotics_interface/msg/RobotModelInterface.json
[31.298s] -- Up-to-date: /mnt/d/Documentos/PUC-Rio/Maestrado/ELE2363/Optimization_based_robotics/install/ob_robotics_interface/include/ob_robotics_interface/ob_robotics_interface
[31.342s] -- Up-to-date: /mnt/d/Documentos/PUC-Rio/Maestrado/ELE2363/Optimization_based_robotics/install/ob_robotics_interface/include/ob_robotics_interface/ob_robotics_interface/msg
[31.398s] -- Up-to-date: /mnt/d/Documentos/PUC-Rio/Maestrado/ELE2363/Optimization_based_robotics/install/ob_robotics_interface/include/ob_robotics_interface/ob_robotics_interface/msg/detail
[31.467s] -- Up-to-date: /mnt/d/Documentos/PUC-Rio/Maestrado/ELE2363/Optimization_based_robotics/install/ob_robotics_interface/include/ob_robotics_interface/ob_robotics_interface/msg/detail/model_processed_data__description.c
[31.513s] -- Up-to-date: /mnt/d/Documentos/PUC-Rio/Maestrado/ELE2363/Optimization_based_robotics/install/ob_robotics_interface/include/ob_robotics_interface/ob_robotics_interface/msg/detail/model_processed_data__functions.c
[31.553s] -- Up-to-date: /mnt/d/Documentos/PUC-Rio/Maestrado/ELE2363/Optimization_based_robotics/install/ob_robotics_interface/include/ob_robotics_interface/ob_robotics_interface/msg/detail/model_processed_data__functions.h
[31.593s] -- Up-to-date: /mnt/d/Documentos/PUC-Rio/Maestrado/ELE2363/Optimization_based_robotics/install/ob_robotics_interface/include/ob_robotics_interface/ob_robotics_interface/msg/detail/model_processed_data__struct.h
[31.642s] -- Installing: /mnt/d/Documentos/PUC-Rio/Maestrado/ELE2363/Optimization_based_robotics/install/ob_robotics_interface/include/ob_robotics_interface/ob_robotics_interface/msg/detail/model_processed_data__type_support.c
[31.808s] -- Up-to-date: /mnt/d/Documentos/PUC-Rio/Maestrado/ELE2363/Optimization_based_robotics/install/ob_robotics_interface/include/ob_robotics_interface/ob_robotics_interface/msg/detail/model_processed_data__type_support.h
[31.854s] -- Up-to-date: /mnt/d/Documentos/PUC-Rio/Maestrado/ELE2363/Optimization_based_robotics/install/ob_robotics_interface/include/ob_robotics_interface/ob_robotics_interface/msg/detail/optimization_data__description.c
[31.896s] -- Up-to-date: /mnt/d/Documentos/PUC-Rio/Maestrado/ELE2363/Optimization_based_robotics/install/ob_robotics_interface/include/ob_robotics_interface/ob_robotics_interface/msg/detail/optimization_data__functions.c
[31.944s] -- Up-to-date: /mnt/d/Documentos/PUC-Rio/Maestrado/ELE2363/Optimization_based_robotics/install/ob_robotics_interface/include/ob_robotics_interface/ob_robotics_interface/msg/detail/optimization_data__functions.h
[31.993s] -- Up-to-date: /mnt/d/Documentos/PUC-Rio/Maestrado/ELE2363/Optimization_based_robotics/install/ob_robotics_interface/include/ob_robotics_interface/ob_robotics_interface/msg/detail/optimization_data__struct.h
[32.043s] -- Installing: /mnt/d/Documentos/PUC-Rio/Maestrado/ELE2363/Optimization_based_robotics/install/ob_robotics_interface/include/ob_robotics_interface/ob_robotics_interface/msg/detail/optimization_data__type_support.c
[32.216s] -- Up-to-date: /mnt/d/Documentos/PUC-Rio/Maestrado/ELE2363/Optimization_based_robotics/install/ob_robotics_interface/include/ob_robotics_interface/ob_robotics_interface/msg/detail/optimization_data__type_support.h
[32.262s] -- Up-to-date: /mnt/d/Documentos/PUC-Rio/Maestrado/ELE2363/Optimization_based_robotics/install/ob_robotics_interface/include/ob_robotics_interface/ob_robotics_interface/msg/detail/performance_data__description.c
[32.312s] -- Up-to-date: /mnt/d/Documentos/PUC-Rio/Maestrado/ELE2363/Optimization_based_robotics/install/ob_robotics_interface/include/ob_robotics_interface/ob_robotics_interface/msg/detail/performance_data__functions.c
[32.362s] -- Up-to-date: /mnt/d/Documentos/PUC-Rio/Maestrado/ELE2363/Optimization_based_robotics/install/ob_robotics_interface/include/ob_robotics_interface/ob_robotics_interface/msg/detail/performance_data__functions.h
[32.415s] -- Up-to-date: /mnt/d/Documentos/PUC-Rio/Maestrado/ELE2363/Optimization_based_robotics/install/ob_robotics_interface/include/ob_robotics_interface/ob_robotics_interface/msg/detail/performance_data__struct.h
[32.472s] -- Installing: /mnt/d/Documentos/PUC-Rio/Maestrado/ELE2363/Optimization_based_robotics/install/ob_robotics_interface/include/ob_robotics_interface/ob_robotics_interface/msg/detail/performance_data__type_support.c
[32.644s] -- Up-to-date: /mnt/d/Documentos/PUC-Rio/Maestrado/ELE2363/Optimization_based_robotics/install/ob_robotics_interface/include/ob_robotics_interface/ob_robotics_interface/msg/detail/performance_data__type_support.h
[32.693s] -- Up-to-date: /mnt/d/Documentos/PUC-Rio/Maestrado/ELE2363/Optimization_based_robotics/install/ob_robotics_interface/include/ob_robotics_interface/ob_robotics_interface/msg/detail/robot_model_interface__description.c
[32.741s] -- Up-to-date: /mnt/d/Documentos/PUC-Rio/Maestrado/ELE2363/Optimization_based_robotics/install/ob_robotics_interface/include/ob_robotics_interface/ob_robotics_interface/msg/detail/robot_model_interface__functions.c
[32.789s] -- Up-to-date: /mnt/d/Documentos/PUC-Rio/Maestrado/ELE2363/Optimization_based_robotics/install/ob_robotics_interface/include/ob_robotics_interface/ob_robotics_interface/msg/detail/robot_model_interface__functions.h
[32.841s] -- Up-to-date: /mnt/d/Documentos/PUC-Rio/Maestrado/ELE2363/Optimization_based_robotics/install/ob_robotics_interface/include/ob_robotics_interface/ob_robotics_interface/msg/detail/robot_model_interface__struct.h
[32.897s] -- Installing: /mnt/d/Documentos/PUC-Rio/Maestrado/ELE2363/Optimization_based_robotics/install/ob_robotics_interface/include/ob_robotics_interface/ob_robotics_interface/msg/detail/robot_model_interface__type_support.c
[33.067s] -- Up-to-date: /mnt/d/Documentos/PUC-Rio/Maestrado/ELE2363/Optimization_based_robotics/install/ob_robotics_interface/include/ob_robotics_interface/ob_robotics_interface/msg/detail/robot_model_interface__type_support.h
[33.107s] -- Up-to-date: /mnt/d/Documentos/PUC-Rio/Maestrado/ELE2363/Optimization_based_robotics/install/ob_robotics_interface/include/ob_robotics_interface/ob_robotics_interface/msg/model_processed_data.h
[33.144s] -- Up-to-date: /mnt/d/Documentos/PUC-Rio/Maestrado/ELE2363/Optimization_based_robotics/install/ob_robotics_interface/include/ob_robotics_interface/ob_robotics_interface/msg/optimization_data.h
[33.185s] -- Up-to-date: /mnt/d/Documentos/PUC-Rio/Maestrado/ELE2363/Optimization_based_robotics/install/ob_robotics_interface/include/ob_robotics_interface/ob_robotics_interface/msg/performance_data.h
[33.222s] -- Up-to-date: /mnt/d/Documentos/PUC-Rio/Maestrado/ELE2363/Optimization_based_robotics/install/ob_robotics_interface/include/ob_robotics_interface/ob_robotics_interface/msg/robot_model_interface.h
[33.257s] -- Up-to-date: /mnt/d/Documentos/PUC-Rio/Maestrado/ELE2363/Optimization_based_robotics/install/ob_robotics_interface/include/ob_robotics_interface/ob_robotics_interface/msg/rosidl_generator_c__visibility_control.h
[33.282s] -- Up-to-date: /mnt/d/Documentos/PUC-Rio/Maestrado/ELE2363/Optimization_based_robotics/install/ob_robotics_interface/share/ob_robotics_interface/environment/library_path.sh
[33.316s] -- Up-to-date: /mnt/d/Documentos/PUC-Rio/Maestrado/ELE2363/Optimization_based_robotics/install/ob_robotics_interface/share/ob_robotics_interface/environment/library_path.dsv
[33.425s] -- Up-to-date: /mnt/d/Documentos/PUC-Rio/Maestrado/ELE2363/Optimization_based_robotics/install/ob_robotics_interface/lib/libob_robotics_interface__rosidl_generator_c.so
[33.557s] -- Up-to-date: /mnt/d/Documentos/PUC-Rio/Maestrado/ELE2363/Optimization_based_robotics/install/ob_robotics_interface/include/ob_robotics_interface/ob_robotics_interface
[33.597s] -- Up-to-date: /mnt/d/Documentos/PUC-Rio/Maestrado/ELE2363/Optimization_based_robotics/install/ob_robotics_interface/include/ob_robotics_interface/ob_robotics_interface/msg
[33.655s] -- Up-to-date: /mnt/d/Documentos/PUC-Rio/Maestrado/ELE2363/Optimization_based_robotics/install/ob_robotics_interface/include/ob_robotics_interface/ob_robotics_interface/msg/detail
[33.718s] -- Up-to-date: /mnt/d/Documentos/PUC-Rio/Maestrado/ELE2363/Optimization_based_robotics/install/ob_robotics_interface/include/ob_robotics_interface/ob_robotics_interface/msg/detail/model_processed_data__rosidl_typesupport_fastrtps_c.h
[33.767s] -- Up-to-date: /mnt/d/Documentos/PUC-Rio/Maestrado/ELE2363/Optimization_based_robotics/install/ob_robotics_interface/include/ob_robotics_interface/ob_robotics_interface/msg/detail/optimization_data__rosidl_typesupport_fastrtps_c.h
[33.810s] -- Up-to-date: /mnt/d/Documentos/PUC-Rio/Maestrado/ELE2363/Optimization_based_robotics/install/ob_robotics_interface/include/ob_robotics_interface/ob_robotics_interface/msg/detail/performance_data__rosidl_typesupport_fastrtps_c.h
[33.855s] -- Up-to-date: /mnt/d/Documentos/PUC-Rio/Maestrado/ELE2363/Optimization_based_robotics/install/ob_robotics_interface/include/ob_robotics_interface/ob_robotics_interface/msg/detail/robot_model_interface__rosidl_typesupport_fastrtps_c.h
[33.893s] -- Up-to-date: /mnt/d/Documentos/PUC-Rio/Maestrado/ELE2363/Optimization_based_robotics/install/ob_robotics_interface/include/ob_robotics_interface/ob_robotics_interface/msg/rosidl_typesupport_fastrtps_c__visibility_control.h
[34.006s] -- Up-to-date: /mnt/d/Documentos/PUC-Rio/Maestrado/ELE2363/Optimization_based_robotics/install/ob_robotics_interface/lib/libob_robotics_interface__rosidl_typesupport_fastrtps_c.so
[34.139s] -- Up-to-date: /mnt/d/Documentos/PUC-Rio/Maestrado/ELE2363/Optimization_based_robotics/install/ob_robotics_interface/include/ob_robotics_interface/ob_robotics_interface
[34.179s] -- Up-to-date: /mnt/d/Documentos/PUC-Rio/Maestrado/ELE2363/Optimization_based_robotics/install/ob_robotics_interface/include/ob_robotics_interface/ob_robotics_interface/msg
[34.226s] -- Up-to-date: /mnt/d/Documentos/PUC-Rio/Maestrado/ELE2363/Optimization_based_robotics/install/ob_robotics_interface/include/ob_robotics_interface/ob_robotics_interface/msg/detail
[34.290s] -- Up-to-date: /mnt/d/Documentos/PUC-Rio/Maestrado/ELE2363/Optimization_based_robotics/install/ob_robotics_interface/include/ob_robotics_interface/ob_robotics_interface/msg/detail/model_processed_data__builder.hpp
[34.338s] -- Up-to-date: /mnt/d/Documentos/PUC-Rio/Maestrado/ELE2363/Optimization_based_robotics/install/ob_robotics_interface/include/ob_robotics_interface/ob_robotics_interface/msg/detail/model_processed_data__struct.hpp
[34.378s] -- Up-to-date: /mnt/d/Documentos/PUC-Rio/Maestrado/ELE2363/Optimization_based_robotics/install/ob_robotics_interface/include/ob_robotics_interface/ob_robotics_interface/msg/detail/model_processed_data__traits.hpp
[34.421s] -- Up-to-date: /mnt/d/Documentos/PUC-Rio/Maestrado/ELE2363/Optimization_based_robotics/install/ob_robotics_interface/include/ob_robotics_interface/ob_robotics_interface/msg/detail/model_processed_data__type_support.hpp
[34.472s] -- Up-to-date: /mnt/d/Documentos/PUC-Rio/Maestrado/ELE2363/Optimization_based_robotics/install/ob_robotics_interface/include/ob_robotics_interface/ob_robotics_interface/msg/detail/optimization_data__builder.hpp
[34.519s] -- Up-to-date: /mnt/d/Documentos/PUC-Rio/Maestrado/ELE2363/Optimization_based_robotics/install/ob_robotics_interface/include/ob_robotics_interface/ob_robotics_interface/msg/detail/optimization_data__struct.hpp
[34.566s] -- Up-to-date: /mnt/d/Documentos/PUC-Rio/Maestrado/ELE2363/Optimization_based_robotics/install/ob_robotics_interface/include/ob_robotics_interface/ob_robotics_interface/msg/detail/optimization_data__traits.hpp
[34.613s] -- Up-to-date: /mnt/d/Documentos/PUC-Rio/Maestrado/ELE2363/Optimization_based_robotics/install/ob_robotics_interface/include/ob_robotics_interface/ob_robotics_interface/msg/detail/optimization_data__type_support.hpp
[34.661s] -- Up-to-date: /mnt/d/Documentos/PUC-Rio/Maestrado/ELE2363/Optimization_based_robotics/install/ob_robotics_interface/include/ob_robotics_interface/ob_robotics_interface/msg/detail/performance_data__builder.hpp
[34.706s] -- Up-to-date: /mnt/d/Documentos/PUC-Rio/Maestrado/ELE2363/Optimization_based_robotics/install/ob_robotics_interface/include/ob_robotics_interface/ob_robotics_interface/msg/detail/performance_data__struct.hpp
[34.759s] -- Up-to-date: /mnt/d/Documentos/PUC-Rio/Maestrado/ELE2363/Optimization_based_robotics/install/ob_robotics_interface/include/ob_robotics_interface/ob_robotics_interface/msg/detail/performance_data__traits.hpp
[34.817s] -- Up-to-date: /mnt/d/Documentos/PUC-Rio/Maestrado/ELE2363/Optimization_based_robotics/install/ob_robotics_interface/include/ob_robotics_interface/ob_robotics_interface/msg/detail/performance_data__type_support.hpp
[34.870s] -- Up-to-date: /mnt/d/Documentos/PUC-Rio/Maestrado/ELE2363/Optimization_based_robotics/install/ob_robotics_interface/include/ob_robotics_interface/ob_robotics_interface/msg/detail/robot_model_interface__builder.hpp
[34.918s] -- Up-to-date: /mnt/d/Documentos/PUC-Rio/Maestrado/ELE2363/Optimization_based_robotics/install/ob_robotics_interface/include/ob_robotics_interface/ob_robotics_interface/msg/detail/robot_model_interface__struct.hpp
[34.964s] -- Up-to-date: /mnt/d/Documentos/PUC-Rio/Maestrado/ELE2363/Optimization_based_robotics/install/ob_robotics_interface/include/ob_robotics_interface/ob_robotics_interface/msg/detail/robot_model_interface__traits.hpp
[35.010s] -- Up-to-date: /mnt/d/Documentos/PUC-Rio/Maestrado/ELE2363/Optimization_based_robotics/install/ob_robotics_interface/include/ob_robotics_interface/ob_robotics_interface/msg/detail/robot_model_interface__type_support.hpp
[35.054s] -- Up-to-date: /mnt/d/Documentos/PUC-Rio/Maestrado/ELE2363/Optimization_based_robotics/install/ob_robotics_interface/include/ob_robotics_interface/ob_robotics_interface/msg/model_processed_data.hpp
[35.104s] -- Up-to-date: /mnt/d/Documentos/PUC-Rio/Maestrado/ELE2363/Optimization_based_robotics/install/ob_robotics_interface/include/ob_robotics_interface/ob_robotics_interface/msg/optimization_data.hpp
[35.144s] -- Up-to-date: /mnt/d/Documentos/PUC-Rio/Maestrado/ELE2363/Optimization_based_robotics/install/ob_robotics_interface/include/ob_robotics_interface/ob_robotics_interface/msg/performance_data.hpp
[35.182s] -- Up-to-date: /mnt/d/Documentos/PUC-Rio/Maestrado/ELE2363/Optimization_based_robotics/install/ob_robotics_interface/include/ob_robotics_interface/ob_robotics_interface/msg/robot_model_interface.hpp
[35.225s] -- Up-to-date: /mnt/d/Documentos/PUC-Rio/Maestrado/ELE2363/Optimization_based_robotics/install/ob_robotics_interface/include/ob_robotics_interface/ob_robotics_interface/msg/rosidl_generator_cpp__visibility_control.hpp
[35.255s] -- Up-to-date: /mnt/d/Documentos/PUC-Rio/Maestrado/ELE2363/Optimization_based_robotics/install/ob_robotics_interface/include/ob_robotics_interface/ob_robotics_interface
[35.298s] -- Up-to-date: /mnt/d/Documentos/PUC-Rio/Maestrado/ELE2363/Optimization_based_robotics/install/ob_robotics_interface/include/ob_robotics_interface/ob_robotics_interface/msg
[35.350s] -- Up-to-date: /mnt/d/Documentos/PUC-Rio/Maestrado/ELE2363/Optimization_based_robotics/install/ob_robotics_interface/include/ob_robotics_interface/ob_robotics_interface/msg/detail
[35.409s] -- Up-to-date: /mnt/d/Documentos/PUC-Rio/Maestrado/ELE2363/Optimization_based_robotics/install/ob_robotics_interface/include/ob_robotics_interface/ob_robotics_interface/msg/detail/dds_fastrtps
[35.481s] -- Up-to-date: /mnt/d/Documentos/PUC-Rio/Maestrado/ELE2363/Optimization_based_robotics/install/ob_robotics_interface/include/ob_robotics_interface/ob_robotics_interface/msg/detail/model_processed_data__rosidl_typesupport_fastrtps_cpp.hpp
[35.531s] -- Up-to-date: /mnt/d/Documentos/PUC-Rio/Maestrado/ELE2363/Optimization_based_robotics/install/ob_robotics_interface/include/ob_robotics_interface/ob_robotics_interface/msg/detail/optimization_data__rosidl_typesupport_fastrtps_cpp.hpp
[35.579s] -- Up-to-date: /mnt/d/Documentos/PUC-Rio/Maestrado/ELE2363/Optimization_based_robotics/install/ob_robotics_interface/include/ob_robotics_interface/ob_robotics_interface/msg/detail/performance_data__rosidl_typesupport_fastrtps_cpp.hpp
[35.624s] -- Up-to-date: /mnt/d/Documentos/PUC-Rio/Maestrado/ELE2363/Optimization_based_robotics/install/ob_robotics_interface/include/ob_robotics_interface/ob_robotics_interface/msg/detail/robot_model_interface__rosidl_typesupport_fastrtps_cpp.hpp
[35.669s] -- Up-to-date: /mnt/d/Documentos/PUC-Rio/Maestrado/ELE2363/Optimization_based_robotics/install/ob_robotics_interface/include/ob_robotics_interface/ob_robotics_interface/msg/rosidl_typesupport_fastrtps_cpp__visibility_control.h
[35.744s] -- Up-to-date: /mnt/d/Documentos/PUC-Rio/Maestrado/ELE2363/Optimization_based_robotics/install/ob_robotics_interface/lib/libob_robotics_interface__rosidl_typesupport_fastrtps_cpp.so
[35.819s] -- Up-to-date: /mnt/d/Documentos/PUC-Rio/Maestrado/ELE2363/Optimization_based_robotics/install/ob_robotics_interface/include/ob_robotics_interface/ob_robotics_interface
[35.887s] -- Up-to-date: /mnt/d/Documentos/PUC-Rio/Maestrado/ELE2363/Optimization_based_robotics/install/ob_robotics_interface/include/ob_robotics_interface/ob_robotics_interface/msg
[35.985s] -- Up-to-date: /mnt/d/Documentos/PUC-Rio/Maestrado/ELE2363/Optimization_based_robotics/install/ob_robotics_interface/include/ob_robotics_interface/ob_robotics_interface/msg/detail
[36.061s] -- Up-to-date: /mnt/d/Documentos/PUC-Rio/Maestrado/ELE2363/Optimization_based_robotics/install/ob_robotics_interface/include/ob_robotics_interface/ob_robotics_interface/msg/detail/model_processed_data__rosidl_typesupport_introspection_c.h
[36.124s] -- Installing: /mnt/d/Documentos/PUC-Rio/Maestrado/ELE2363/Optimization_based_robotics/install/ob_robotics_interface/include/ob_robotics_interface/ob_robotics_interface/msg/detail/model_processed_data__type_support.c
[36.292s] -- Up-to-date: /mnt/d/Documentos/PUC-Rio/Maestrado/ELE2363/Optimization_based_robotics/install/ob_robotics_interface/include/ob_robotics_interface/ob_robotics_interface/msg/detail/optimization_data__rosidl_typesupport_introspection_c.h
[36.341s] -- Installing: /mnt/d/Documentos/PUC-Rio/Maestrado/ELE2363/Optimization_based_robotics/install/ob_robotics_interface/include/ob_robotics_interface/ob_robotics_interface/msg/detail/optimization_data__type_support.c
[36.490s] -- Up-to-date: /mnt/d/Documentos/PUC-Rio/Maestrado/ELE2363/Optimization_based_robotics/install/ob_robotics_interface/include/ob_robotics_interface/ob_robotics_interface/msg/detail/performance_data__rosidl_typesupport_introspection_c.h
[36.541s] -- Installing: /mnt/d/Documentos/PUC-Rio/Maestrado/ELE2363/Optimization_based_robotics/install/ob_robotics_interface/include/ob_robotics_interface/ob_robotics_interface/msg/detail/performance_data__type_support.c
[36.706s] -- Up-to-date: /mnt/d/Documentos/PUC-Rio/Maestrado/ELE2363/Optimization_based_robotics/install/ob_robotics_interface/include/ob_robotics_interface/ob_robotics_interface/msg/detail/robot_model_interface__rosidl_typesupport_introspection_c.h
[36.752s] -- Installing: /mnt/d/Documentos/PUC-Rio/Maestrado/ELE2363/Optimization_based_robotics/install/ob_robotics_interface/include/ob_robotics_interface/ob_robotics_interface/msg/detail/robot_model_interface__type_support.c
[36.908s] -- Up-to-date: /mnt/d/Documentos/PUC-Rio/Maestrado/ELE2363/Optimization_based_robotics/install/ob_robotics_interface/include/ob_robotics_interface/ob_robotics_interface/msg/rosidl_typesupport_introspection_c__visibility_control.h
[37.020s] -- Up-to-date: /mnt/d/Documentos/PUC-Rio/Maestrado/ELE2363/Optimization_based_robotics/install/ob_robotics_interface/lib/libob_robotics_interface__rosidl_typesupport_introspection_c.so
[37.228s] -- Up-to-date: /mnt/d/Documentos/PUC-Rio/Maestrado/ELE2363/Optimization_based_robotics/install/ob_robotics_interface/lib/libob_robotics_interface__rosidl_typesupport_c.so
[37.352s] -- Up-to-date: /mnt/d/Documentos/PUC-Rio/Maestrado/ELE2363/Optimization_based_robotics/install/ob_robotics_interface/include/ob_robotics_interface/ob_robotics_interface
[37.391s] -- Up-to-date: /mnt/d/Documentos/PUC-Rio/Maestrado/ELE2363/Optimization_based_robotics/install/ob_robotics_interface/include/ob_robotics_interface/ob_robotics_interface/msg
[37.438s] -- Up-to-date: /mnt/d/Documentos/PUC-Rio/Maestrado/ELE2363/Optimization_based_robotics/install/ob_robotics_interface/include/ob_robotics_interface/ob_robotics_interface/msg/detail
[37.496s] -- Up-to-date: /mnt/d/Documentos/PUC-Rio/Maestrado/ELE2363/Optimization_based_robotics/install/ob_robotics_interface/include/ob_robotics_interface/ob_robotics_interface/msg/detail/model_processed_data__rosidl_typesupport_introspection_cpp.hpp
[37.542s] -- Up-to-date: /mnt/d/Documentos/PUC-Rio/Maestrado/ELE2363/Optimization_based_robotics/install/ob_robotics_interface/include/ob_robotics_interface/ob_robotics_interface/msg/detail/model_processed_data__type_support.cpp
[37.591s] -- Up-to-date: /mnt/d/Documentos/PUC-Rio/Maestrado/ELE2363/Optimization_based_robotics/install/ob_robotics_interface/include/ob_robotics_interface/ob_robotics_interface/msg/detail/optimization_data__rosidl_typesupport_introspection_cpp.hpp
[37.639s] -- Up-to-date: /mnt/d/Documentos/PUC-Rio/Maestrado/ELE2363/Optimization_based_robotics/install/ob_robotics_interface/include/ob_robotics_interface/ob_robotics_interface/msg/detail/optimization_data__type_support.cpp
[37.683s] -- Up-to-date: /mnt/d/Documentos/PUC-Rio/Maestrado/ELE2363/Optimization_based_robotics/install/ob_robotics_interface/include/ob_robotics_interface/ob_robotics_interface/msg/detail/performance_data__rosidl_typesupport_introspection_cpp.hpp
[37.726s] -- Up-to-date: /mnt/d/Documentos/PUC-Rio/Maestrado/ELE2363/Optimization_based_robotics/install/ob_robotics_interface/include/ob_robotics_interface/ob_robotics_interface/msg/detail/performance_data__type_support.cpp
[37.773s] -- Up-to-date: /mnt/d/Documentos/PUC-Rio/Maestrado/ELE2363/Optimization_based_robotics/install/ob_robotics_interface/include/ob_robotics_interface/ob_robotics_interface/msg/detail/robot_model_interface__rosidl_typesupport_introspection_cpp.hpp
[37.817s] -- Up-to-date: /mnt/d/Documentos/PUC-Rio/Maestrado/ELE2363/Optimization_based_robotics/install/ob_robotics_interface/include/ob_robotics_interface/ob_robotics_interface/msg/detail/robot_model_interface__type_support.cpp
[37.891s] -- Up-to-date: /mnt/d/Documentos/PUC-Rio/Maestrado/ELE2363/Optimization_based_robotics/install/ob_robotics_interface/lib/libob_robotics_interface__rosidl_typesupport_introspection_cpp.so
[37.999s] -- Up-to-date: /mnt/d/Documentos/PUC-Rio/Maestrado/ELE2363/Optimization_based_robotics/install/ob_robotics_interface/lib/libob_robotics_interface__rosidl_typesupport_cpp.so
[38.081s] -- Up-to-date: /mnt/d/Documentos/PUC-Rio/Maestrado/ELE2363/Optimization_based_robotics/install/ob_robotics_interface/share/ob_robotics_interface/environment/pythonpath.sh
[38.119s] -- Up-to-date: /mnt/d/Documentos/PUC-Rio/Maestrado/ELE2363/Optimization_based_robotics/install/ob_robotics_interface/share/ob_robotics_interface/environment/pythonpath.dsv
[38.157s] -- Up-to-date: /mnt/d/Documentos/PUC-Rio/Maestrado/ELE2363/Optimization_based_robotics/install/ob_robotics_interface/lib/python3.12/site-packages/ob_robotics_interface-0.0.0-py3.12.egg-info
[38.208s] -- Installing: /mnt/d/Documentos/PUC-Rio/Maestrado/ELE2363/Optimization_based_robotics/install/ob_robotics_interface/lib/python3.12/site-packages/ob_robotics_interface-0.0.0-py3.12.egg-info/dependency_links.txt
[38.348s] -- Installing: /mnt/d/Documentos/PUC-Rio/Maestrado/ELE2363/Optimization_based_robotics/install/ob_robotics_interface/lib/python3.12/site-packages/ob_robotics_interface-0.0.0-py3.12.egg-info/PKG-INFO
[38.494s] -- Installing: /mnt/d/Documentos/PUC-Rio/Maestrado/ELE2363/Optimization_based_robotics/install/ob_robotics_interface/lib/python3.12/site-packages/ob_robotics_interface-0.0.0-py3.12.egg-info/SOURCES.txt
[38.635s] -- Installing: /mnt/d/Documentos/PUC-Rio/Maestrado/ELE2363/Optimization_based_robotics/install/ob_robotics_interface/lib/python3.12/site-packages/ob_robotics_interface-0.0.0-py3.12.egg-info/top_level.txt
[38.758s] -- Up-to-date: /mnt/d/Documentos/PUC-Rio/Maestrado/ELE2363/Optimization_based_robotics/install/ob_robotics_interface/lib/python3.12/site-packages/ob_robotics_interface
[38.801s] -- Up-to-date: /mnt/d/Documentos/PUC-Rio/Maestrado/ELE2363/Optimization_based_robotics/install/ob_robotics_interface/lib/python3.12/site-packages/ob_robotics_interface/msg
[38.854s] -- Up-to-date: /mnt/d/Documentos/PUC-Rio/Maestrado/ELE2363/Optimization_based_robotics/install/ob_robotics_interface/lib/python3.12/site-packages/ob_robotics_interface/msg/_model_processed_data.py
[38.898s] -- Up-to-date: /mnt/d/Documentos/PUC-Rio/Maestrado/ELE2363/Optimization_based_robotics/install/ob_robotics_interface/lib/python3.12/site-packages/ob_robotics_interface/msg/_model_processed_data_s.c
[38.943s] -- Up-to-date: /mnt/d/Documentos/PUC-Rio/Maestrado/ELE2363/Optimization_based_robotics/install/ob_robotics_interface/lib/python3.12/site-packages/ob_robotics_interface/msg/_optimization_data.py
[38.986s] -- Up-to-date: /mnt/d/Documentos/PUC-Rio/Maestrado/ELE2363/Optimization_based_robotics/install/ob_robotics_interface/lib/python3.12/site-packages/ob_robotics_interface/msg/_optimization_data_s.c
[39.027s] -- Up-to-date: /mnt/d/Documentos/PUC-Rio/Maestrado/ELE2363/Optimization_based_robotics/install/ob_robotics_interface/lib/python3.12/site-packages/ob_robotics_interface/msg/_performance_data.py
[39.071s] -- Up-to-date: /mnt/d/Documentos/PUC-Rio/Maestrado/ELE2363/Optimization_based_robotics/install/ob_robotics_interface/lib/python3.12/site-packages/ob_robotics_interface/msg/_performance_data_s.c
[39.112s] -- Up-to-date: /mnt/d/Documentos/PUC-Rio/Maestrado/ELE2363/Optimization_based_robotics/install/ob_robotics_interface/lib/python3.12/site-packages/ob_robotics_interface/msg/_robot_model_interface.py
[39.152s] -- Up-to-date: /mnt/d/Documentos/PUC-Rio/Maestrado/ELE2363/Optimization_based_robotics/install/ob_robotics_interface/lib/python3.12/site-packages/ob_robotics_interface/msg/_robot_model_interface_s.c
[39.193s] -- Up-to-date: /mnt/d/Documentos/PUC-Rio/Maestrado/ELE2363/Optimization_based_robotics/install/ob_robotics_interface/lib/python3.12/site-packages/ob_robotics_interface/msg/__init__.py
[39.246s] -- Up-to-date: /mnt/d/Documentos/PUC-Rio/Maestrado/ELE2363/Optimization_based_robotics/install/ob_robotics_interface/lib/python3.12/site-packages/ob_robotics_interface/ob_robotics_interface_s__rosidl_typesupport_c.so
[39.298s] -- Up-to-date: /mnt/d/Documentos/PUC-Rio/Maestrado/ELE2363/Optimization_based_robotics/install/ob_robotics_interface/lib/python3.12/site-packages/ob_robotics_interface/ob_robotics_interface_s__rosidl_typesupport_fastrtps_c.so
[39.334s] -- Up-to-date: /mnt/d/Documentos/PUC-Rio/Maestrado/ELE2363/Optimization_based_robotics/install/ob_robotics_interface/lib/python3.12/site-packages/ob_robotics_interface/ob_robotics_interface_s__rosidl_typesupport_introspection_c.so
[39.368s] -- Up-to-date: /mnt/d/Documentos/PUC-Rio/Maestrado/ELE2363/Optimization_based_robotics/install/ob_robotics_interface/lib/python3.12/site-packages/ob_robotics_interface/_ob_robotics_interface_s.ep.rosidl_typesupport_c.c
[39.406s] -- Up-to-date: /mnt/d/Documentos/PUC-Rio/Maestrado/ELE2363/Optimization_based_robotics/install/ob_robotics_interface/lib/python3.12/site-packages/ob_robotics_interface/_ob_robotics_interface_s.ep.rosidl_typesupport_fastrtps_c.c
[39.438s] -- Up-to-date: /mnt/d/Documentos/PUC-Rio/Maestrado/ELE2363/Optimization_based_robotics/install/ob_robotics_interface/lib/python3.12/site-packages/ob_robotics_interface/_ob_robotics_interface_s.ep.rosidl_typesupport_introspection_c.c
[39.473s] -- Up-to-date: /mnt/d/Documentos/PUC-Rio/Maestrado/ELE2363/Optimization_based_robotics/install/ob_robotics_interface/lib/python3.12/site-packages/ob_robotics_interface/__init__.py
[41.731s] Listing '/mnt/d/Documentos/PUC-Rio/Maestrado/ELE2363/Optimization_based_robotics/install/ob_robotics_interface/lib/python3.12/site-packages/ob_robotics_interface'...
[41.732s] Listing '/mnt/d/Documentos/PUC-Rio/Maestrado/ELE2363/Optimization_based_robotics/install/ob_robotics_interface/lib/python3.12/site-packages/ob_robotics_interface/msg'...
[41.841s] -- Up-to-date: /mnt/d/Documentos/PUC-Rio/Maestrado/ELE2363/Optimization_based_robotics/install/ob_robotics_interface/lib/python3.12/site-packages/ob_robotics_interface/ob_robotics_interface_s__rosidl_typesupport_fastrtps_c.so
[42.025s] -- Up-to-date: /mnt/d/Documentos/PUC-Rio/Maestrado/ELE2363/Optimization_based_robotics/install/ob_robotics_interface/lib/python3.12/site-packages/ob_robotics_interface/ob_robotics_interface_s__rosidl_typesupport_introspection_c.so
[42.247s] -- Up-to-date: /mnt/d/Documentos/PUC-Rio/Maestrado/ELE2363/Optimization_based_robotics/install/ob_robotics_interface/lib/python3.12/site-packages/ob_robotics_interface/ob_robotics_interface_s__rosidl_typesupport_c.so
[42.495s] -- Up-to-date: /mnt/d/Documentos/PUC-Rio/Maestrado/ELE2363/Optimization_based_robotics/install/ob_robotics_interface/lib/libob_robotics_interface__rosidl_generator_py.so
[42.642s] -- Up-to-date: /mnt/d/Documentos/PUC-Rio/Maestrado/ELE2363/Optimization_based_robotics/install/ob_robotics_interface/share/ob_robotics_interface/msg/ModelProcessedData.idl
[42.684s] -- Up-to-date: /mnt/d/Documentos/PUC-Rio/Maestrado/ELE2363/Optimization_based_robotics/install/ob_robotics_interface/share/ob_robotics_interface/msg/PerformanceData.idl
[42.723s] -- Up-to-date: /mnt/d/Documentos/PUC-Rio/Maestrado/ELE2363/Optimization_based_robotics/install/ob_robotics_interface/share/ob_robotics_interface/msg/OptimizationData.idl
[42.763s] -- Up-to-date: /mnt/d/Documentos/PUC-Rio/Maestrado/ELE2363/Optimization_based_robotics/install/ob_robotics_interface/share/ob_robotics_interface/msg/RobotModelInterface.idl
[42.802s] -- Up-to-date: /mnt/d/Documentos/PUC-Rio/Maestrado/ELE2363/Optimization_based_robotics/install/ob_robotics_interface/share/ob_robotics_interface/msg/ModelProcessedData.msg
[42.849s] -- Up-to-date: /mnt/d/Documentos/PUC-Rio/Maestrado/ELE2363/Optimization_based_robotics/install/ob_robotics_interface/share/ob_robotics_interface/msg/PerformanceData.msg
[42.889s] -- Up-to-date: /mnt/d/Documentos/PUC-Rio/Maestrado/ELE2363/Optimization_based_robotics/install/ob_robotics_interface/share/ob_robotics_interface/msg/OptimizationData.msg
[42.936s] -- Up-to-date: /mnt/d/Documentos/PUC-Rio/Maestrado/ELE2363/Optimization_based_robotics/install/ob_robotics_interface/share/ob_robotics_interface/msg/RobotModelInterface.msg
[42.991s] -- Up-to-date: /mnt/d/Documentos/PUC-Rio/Maestrado/ELE2363/Optimization_based_robotics/install/ob_robotics_interface/share/ament_index/resource_index/package_run_dependencies/ob_robotics_interface
[43.046s] -- Up-to-date: /mnt/d/Documentos/PUC-Rio/Maestrado/ELE2363/Optimization_based_robotics/install/ob_robotics_interface/share/ament_index/resource_index/parent_prefix_path/ob_robotics_interface
[43.077s] -- Up-to-date: /mnt/d/Documentos/PUC-Rio/Maestrado/ELE2363/Optimization_based_robotics/install/ob_robotics_interface/share/ob_robotics_interface/environment/ament_prefix_path.sh
[43.117s] -- Up-to-date: /mnt/d/Documentos/PUC-Rio/Maestrado/ELE2363/Optimization_based_robotics/install/ob_robotics_interface/share/ob_robotics_interface/environment/ament_prefix_path.dsv
[43.144s] -- Up-to-date: /mnt/d/Documentos/PUC-Rio/Maestrado/ELE2363/Optimization_based_robotics/install/ob_robotics_interface/share/ob_robotics_interface/environment/path.sh
[43.177s] -- Up-to-date: /mnt/d/Documentos/PUC-Rio/Maestrado/ELE2363/Optimization_based_robotics/install/ob_robotics_interface/share/ob_robotics_interface/environment/path.dsv
[43.210s] -- Up-to-date: /mnt/d/Documentos/PUC-Rio/Maestrado/ELE2363/Optimization_based_robotics/install/ob_robotics_interface/share/ob_robotics_interface/local_setup.bash
[43.238s] -- Up-to-date: /mnt/d/Documentos/PUC-Rio/Maestrado/ELE2363/Optimization_based_robotics/install/ob_robotics_interface/share/ob_robotics_interface/local_setup.sh
[43.268s] -- Up-to-date: /mnt/d/Documentos/PUC-Rio/Maestrado/ELE2363/Optimization_based_robotics/install/ob_robotics_interface/share/ob_robotics_interface/local_setup.zsh
[43.294s] -- Up-to-date: /mnt/d/Documentos/PUC-Rio/Maestrado/ELE2363/Optimization_based_robotics/install/ob_robotics_interface/share/ob_robotics_interface/local_setup.dsv
[43.324s] -- Installing: /mnt/d/Documentos/PUC-Rio/Maestrado/ELE2363/Optimization_based_robotics/install/ob_robotics_interface/share/ob_robotics_interface/package.dsv
[43.443s] -- Up-to-date: /mnt/d/Documentos/PUC-Rio/Maestrado/ELE2363/Optimization_based_robotics/install/ob_robotics_interface/share/ament_index/resource_index/packages/ob_robotics_interface
[43.514s] -- Up-to-date: /mnt/d/Documentos/PUC-Rio/Maestrado/ELE2363/Optimization_based_robotics/install/ob_robotics_interface/share/ob_robotics_interface/cmake/export_ob_robotics_interface__rosidl_generator_cExport.cmake
[43.566s] -- Up-to-date: /mnt/d/Documentos/PUC-Rio/Maestrado/ELE2363/Optimization_based_robotics/install/ob_robotics_interface/share/ob_robotics_interface/cmake/export_ob_robotics_interface__rosidl_generator_cExport-noconfig.cmake
[43.639s] -- Up-to-date: /mnt/d/Documentos/PUC-Rio/Maestrado/ELE2363/Optimization_based_robotics/install/ob_robotics_interface/share/ob_robotics_interface/cmake/export_ob_robotics_interface__rosidl_typesupport_fastrtps_cExport.cmake
[43.685s] -- Up-to-date: /mnt/d/Documentos/PUC-Rio/Maestrado/ELE2363/Optimization_based_robotics/install/ob_robotics_interface/share/ob_robotics_interface/cmake/export_ob_robotics_interface__rosidl_typesupport_fastrtps_cExport-noconfig.cmake
[43.762s] -- Up-to-date: /mnt/d/Documentos/PUC-Rio/Maestrado/ELE2363/Optimization_based_robotics/install/ob_robotics_interface/share/ob_robotics_interface/cmake/export_ob_robotics_interface__rosidl_generator_cppExport.cmake
[43.832s] -- Up-to-date: /mnt/d/Documentos/PUC-Rio/Maestrado/ELE2363/Optimization_based_robotics/install/ob_robotics_interface/share/ob_robotics_interface/cmake/export_ob_robotics_interface__rosidl_typesupport_fastrtps_cppExport.cmake
[43.877s] -- Up-to-date: /mnt/d/Documentos/PUC-Rio/Maestrado/ELE2363/Optimization_based_robotics/install/ob_robotics_interface/share/ob_robotics_interface/cmake/export_ob_robotics_interface__rosidl_typesupport_fastrtps_cppExport-noconfig.cmake
[43.944s] -- Up-to-date: /mnt/d/Documentos/PUC-Rio/Maestrado/ELE2363/Optimization_based_robotics/install/ob_robotics_interface/share/ob_robotics_interface/cmake/ob_robotics_interface__rosidl_typesupport_introspection_cExport.cmake
[43.990s] -- Up-to-date: /mnt/d/Documentos/PUC-Rio/Maestrado/ELE2363/Optimization_based_robotics/install/ob_robotics_interface/share/ob_robotics_interface/cmake/ob_robotics_interface__rosidl_typesupport_introspection_cExport-noconfig.cmake
[44.057s] -- Up-to-date: /mnt/d/Documentos/PUC-Rio/Maestrado/ELE2363/Optimization_based_robotics/install/ob_robotics_interface/share/ob_robotics_interface/cmake/ob_robotics_interface__rosidl_typesupport_cExport.cmake
[44.104s] -- Up-to-date: /mnt/d/Documentos/PUC-Rio/Maestrado/ELE2363/Optimization_based_robotics/install/ob_robotics_interface/share/ob_robotics_interface/cmake/ob_robotics_interface__rosidl_typesupport_cExport-noconfig.cmake
[44.174s] -- Up-to-date: /mnt/d/Documentos/PUC-Rio/Maestrado/ELE2363/Optimization_based_robotics/install/ob_robotics_interface/share/ob_robotics_interface/cmake/ob_robotics_interface__rosidl_typesupport_introspection_cppExport.cmake
[44.226s] -- Up-to-date: /mnt/d/Documentos/PUC-Rio/Maestrado/ELE2363/Optimization_based_robotics/install/ob_robotics_interface/share/ob_robotics_interface/cmake/ob_robotics_interface__rosidl_typesupport_introspection_cppExport-noconfig.cmake
[44.304s] -- Up-to-date: /mnt/d/Documentos/PUC-Rio/Maestrado/ELE2363/Optimization_based_robotics/install/ob_robotics_interface/share/ob_robotics_interface/cmake/ob_robotics_interface__rosidl_typesupport_cppExport.cmake
[44.356s] -- Up-to-date: /mnt/d/Documentos/PUC-Rio/Maestrado/ELE2363/Optimization_based_robotics/install/ob_robotics_interface/share/ob_robotics_interface/cmake/ob_robotics_interface__rosidl_typesupport_cppExport-noconfig.cmake
[44.432s] -- Up-to-date: /mnt/d/Documentos/PUC-Rio/Maestrado/ELE2363/Optimization_based_robotics/install/ob_robotics_interface/share/ob_robotics_interface/cmake/export_ob_robotics_interface__rosidl_generator_pyExport.cmake
[44.486s] -- Up-to-date: /mnt/d/Documentos/PUC-Rio/Maestrado/ELE2363/Optimization_based_robotics/install/ob_robotics_interface/share/ob_robotics_interface/cmake/export_ob_robotics_interface__rosidl_generator_pyExport-noconfig.cmake
[44.527s] -- Up-to-date: /mnt/d/Documentos/PUC-Rio/Maestrado/ELE2363/Optimization_based_robotics/install/ob_robotics_interface/share/ob_robotics_interface/cmake/rosidl_cmake-extras.cmake
[44.581s] -- Up-to-date: /mnt/d/Documentos/PUC-Rio/Maestrado/ELE2363/Optimization_based_robotics/install/ob_robotics_interface/share/ob_robotics_interface/cmake/ament_cmake_export_dependencies-extras.cmake
[44.619s] -- Up-to-date: /mnt/d/Documentos/PUC-Rio/Maestrado/ELE2363/Optimization_based_robotics/install/ob_robotics_interface/share/ob_robotics_interface/cmake/ament_cmake_export_include_directories-extras.cmake
[44.657s] -- Up-to-date: /mnt/d/Documentos/PUC-Rio/Maestrado/ELE2363/Optimization_based_robotics/install/ob_robotics_interface/share/ob_robotics_interface/cmake/ament_cmake_export_libraries-extras.cmake
[44.695s] -- Up-to-date: /mnt/d/Documentos/PUC-Rio/Maestrado/ELE2363/Optimization_based_robotics/install/ob_robotics_interface/share/ob_robotics_interface/cmake/ament_cmake_export_targets-extras.cmake
[45.274s] -- Up-to-date: /mnt/d/Documentos/PUC-Rio/Maestrado/ELE2363/Optimization_based_robotics/install/ob_robotics_interface/share/ob_robotics_interface/cmake/rosidl_cmake_export_typesupport_targets-extras.cmake
[45.310s] -- Up-to-date: /mnt/d/Documentos/PUC-Rio/Maestrado/ELE2363/Optimization_based_robotics/install/ob_robotics_interface/share/ob_robotics_interface/cmake/rosidl_cmake_export_typesupport_libraries-extras.cmake
[45.341s] -- Up-to-date: /mnt/d/Documentos/PUC-Rio/Maestrado/ELE2363/Optimization_based_robotics/install/ob_robotics_interface/share/ob_robotics_interface/cmake/ob_robotics_interfaceConfig.cmake
[45.371s] -- Up-to-date: /mnt/d/Documentos/PUC-Rio/Maestrado/ELE2363/Optimization_based_robotics/install/ob_robotics_interface/share/ob_robotics_interface/cmake/ob_robotics_interfaceConfig-version.cmake
[45.412s] -- Up-to-date: /mnt/d/Documentos/PUC-Rio/Maestrado/ELE2363/Optimization_based_robotics/install/ob_robotics_interface/share/ob_robotics_interface/package.xml
[45.442s] Invoked command in '/mnt/d/Documentos/PUC-Rio/Maestrado/ELE2363/Optimization_based_robotics/build/ob_robotics_interface' returned '0': CMAKE_PREFIX_PATH=${CMAKE_PREFIX_PATH}:/mnt/d/Documentos/PUC-Rio/Maestrado/ELE2363/Optimization_based_robotics/install/Optimization_module:/mnt/d/Documentos/PUC-Rio/Maestrado/ELE2363/ros2_ws/install/turtlesim_test:/mnt/d/Documentos/PUC-Rio/Maestrado/ELE2363/ros2_ws/install/turtlesim_control:/mnt/d/Documentos/PUC-Rio/Maestrado/ELE2363/ros2_ws/install/gpg_virtual:/mnt/d/Documentos/PUC-Rio/Maestrado/ELE2363/ros2_ws/install/gpg_urdf:/opt/ros/jazzy /usr/bin/cmake --install /mnt/d/Documentos/PUC-Rio/Maestrado/ELE2363/Optimization_based_robotics/build/ob_robotics_interface
