[9.646s] Invoking command in '/mnt/d/Documentos/PUC-Rio/Maestrado/ELE2363/Optimization_based_robotics/build/ob_robotics_interface': CMAKE_PREFIX_PATH=${CMAKE_PREFIX_PATH}:/mnt/d/Documentos/PUC-Rio/Maestrado/ELE2363/Optimization_based_robotics/install/Optimization_module:/mnt/d/Documentos/PUC-Rio/Maestrado/ELE2363/ros2_ws/install/turtlesim_test:/mnt/d/Documentos/PUC-Rio/Maestrado/ELE2363/ros2_ws/install/turtlesim_control:/mnt/d/Documentos/PUC-Rio/Maestrado/ELE2363/ros2_ws/install/gpg_virtual:/mnt/d/Documentos/PUC-Rio/Maestrado/ELE2363/ros2_ws/install/gpg_urdf:/opt/ros/jazzy /usr/bin/cmake --build /mnt/d/Documentos/PUC-Rio/Maestrado/ELE2363/Optimization_based_robotics/build/ob_robotics_interface -- -j12 -l12
[15.498s] [  1%] Built target ob_robotics_interface__rosidl_generator_type_description
[16.881s] [  1%] Built target ament_cmake_python_copy_ob_robotics_interface
[18.624s] [ 23%] Built target ob_robotics_interface__rosidl_generator_c
[18.830s] [ 25%] Built target ob_robotics_interface__cpp
[20.839s] [ 34%] Built target ob_robotics_interface__rosidl_typesupport_cpp
[21.670s] [ 43%] Built target ob_robotics_interface__rosidl_typesupport_fastrtps_cpp
[22.144s] [ 53%] Built target ob_robotics_interface__rosidl_typesupport_introspection_c
[22.396s] [ 68%] Built target ob_robotics_interface__rosidl_typesupport_introspection_cpp
[22.412s] [ 73%] Built target ob_robotics_interface__rosidl_typesupport_c
[22.461s] [ 81%] Built target ob_robotics_interface__rosidl_typesupport_fastrtps_c
[23.793s] [ 81%] Built target ob_robotics_interface
[25.552s] [ 82%] Built target ob_robotics_interface__py
[26.361s] running egg_info
[26.552s] writing ob_robotics_interface.egg-info/PKG-INFO
[26.561s] writing dependency_links to ob_robotics_interface.egg-info/dependency_links.txt
[26.575s] writing top-level names to ob_robotics_interface.egg-info/top_level.txt
[27.303s] reading manifest file 'ob_robotics_interface.egg-info/SOURCES.txt'
[27.539s] writing manifest file 'ob_robotics_interface.egg-info/SOURCES.txt'
[28.016s] [ 90%] Built target ob_robotics_interface__rosidl_generator_py
[28.155s] [ 90%] Built target ament_cmake_python_build_ob_robotics_interface_egg
[29.161s] [ 96%] Built target ob_robotics_interface_s__rosidl_typesupport_introspection_c
[29.164s] [ 96%] Built target ob_robotics_interface_s__rosidl_typesupport_fastrtps_c
[29.347s] [100%] Built target ob_robotics_interface_s__rosidl_typesupport_c
[30.355s] Invoked command in '/mnt/d/Documentos/PUC-Rio/Maestrado/ELE2363/Optimization_based_robotics/build/ob_robotics_interface' returned '0': CMAKE_PREFIX_PATH=${CMAKE_PREFIX_PATH}:/mnt/d/Documentos/PUC-Rio/Maestrado/ELE2363/Optimization_based_robotics/install/Optimization_module:/mnt/d/Documentos/PUC-Rio/Maestrado/ELE2363/ros2_ws/install/turtlesim_test:/mnt/d/Documentos/PUC-Rio/Maestrado/ELE2363/ros2_ws/install/turtlesim_control:/mnt/d/Documentos/PUC-Rio/Maestrado/ELE2363/ros2_ws/install/gpg_virtual:/mnt/d/Documentos/PUC-Rio/Maestrado/ELE2363/ros2_ws/install/gpg_urdf:/opt/ros/jazzy /usr/bin/cmake --build /mnt/d/Documentos/PUC-Rio/Maestrado/ELE2363/Optimization_based_robotics/build/ob_robotics_interface -- -j12 -l12
[41.040s] Invoking command in '/mnt/d/Documentos/PUC-Rio/Maestrado/ELE2363/Optimization_based_robotics/build/ob_robotics_interface': CMAKE_PREFIX_PATH=${CMAKE_PREFIX_PATH}:/mnt/d/Documentos/PUC-Rio/Maestrado/ELE2363/Optimization_based_robotics/install/Optimization_module:/mnt/d/Documentos/PUC-Rio/Maestrado/ELE2363/ros2_ws/install/turtlesim_test:/mnt/d/Documentos/PUC-Rio/Maestrado/ELE2363/ros2_ws/install/turtlesim_control:/mnt/d/Documentos/PUC-Rio/Maestrado/ELE2363/ros2_ws/install/gpg_virtual:/mnt/d/Documentos/PUC-Rio/Maestrado/ELE2363/ros2_ws/install/gpg_urdf:/opt/ros/jazzy /usr/bin/cmake --install /mnt/d/Documentos/PUC-Rio/Maestrado/ELE2363/Optimization_based_robotics/build/ob_robotics_interface
[41.535s] -- Install configuration: ""
[41.584s] -- Up-to-date: /mnt/d/Documentos/PUC-Rio/Maestrado/ELE2363/Optimization_based_robotics/install/ob_robotics_interface/share/ament_index/resource_index/rosidl_interfaces/ob_robotics_interface
[41.625s] -- Up-to-date: /mnt/d/Documentos/PUC-Rio/Maestrado/ELE2363/Optimization_based_robotics/install/ob_robotics_interface/share/ob_robotics_interface/msg/ModelProcessedData.json
[41.670s] -- Up-to-date: /mnt/d/Documentos/PUC-Rio/Maestrado/ELE2363/Optimization_based_robotics/install/ob_robotics_interface/share/ob_robotics_interface/msg/PerformanceData.json
[41.711s] -- Up-to-date: /mnt/d/Documentos/PUC-Rio/Maestrado/ELE2363/Optimization_based_robotics/install/ob_robotics_interface/share/ob_robotics_interface/msg/OptimizationData.json
[41.753s] -- Up-to-date: /mnt/d/Documentos/PUC-Rio/Maestrado/ELE2363/Optimization_based_robotics/install/ob_robotics_interface/share/ob_robotics_interface/msg/RobotModelInterface.json
[41.782s] -- Up-to-date: /mnt/d/Documentos/PUC-Rio/Maestrado/ELE2363/Optimization_based_robotics/install/ob_robotics_interface/include/ob_robotics_interface/ob_robotics_interface
[41.824s] -- Up-to-date: /mnt/d/Documentos/PUC-Rio/Maestrado/ELE2363/Optimization_based_robotics/install/ob_robotics_interface/include/ob_robotics_interface/ob_robotics_interface/msg
[41.900s] -- Up-to-date: /mnt/d/Documentos/PUC-Rio/Maestrado/ELE2363/Optimization_based_robotics/install/ob_robotics_interface/include/ob_robotics_interface/ob_robotics_interface/msg/detail
[41.978s] -- Up-to-date: /mnt/d/Documentos/PUC-Rio/Maestrado/ELE2363/Optimization_based_robotics/install/ob_robotics_interface/include/ob_robotics_interface/ob_robotics_interface/msg/detail/model_processed_data__description.c
[42.031s] -- Up-to-date: /mnt/d/Documentos/PUC-Rio/Maestrado/ELE2363/Optimization_based_robotics/install/ob_robotics_interface/include/ob_robotics_interface/ob_robotics_interface/msg/detail/model_processed_data__functions.c
[42.094s] -- Up-to-date: /mnt/d/Documentos/PUC-Rio/Maestrado/ELE2363/Optimization_based_robotics/install/ob_robotics_interface/include/ob_robotics_interface/ob_robotics_interface/msg/detail/model_processed_data__functions.h
[42.165s] -- Up-to-date: /mnt/d/Documentos/PUC-Rio/Maestrado/ELE2363/Optimization_based_robotics/install/ob_robotics_interface/include/ob_robotics_interface/ob_robotics_interface/msg/detail/model_processed_data__struct.h
[42.224s] -- Installing: /mnt/d/Documentos/PUC-Rio/Maestrado/ELE2363/Optimization_based_robotics/install/ob_robotics_interface/include/ob_robotics_interface/ob_robotics_interface/msg/detail/model_processed_data__type_support.c
[42.387s] -- Up-to-date: /mnt/d/Documentos/PUC-Rio/Maestrado/ELE2363/Optimization_based_robotics/install/ob_robotics_interface/include/ob_robotics_interface/ob_robotics_interface/msg/detail/model_processed_data__type_support.h
[42.446s] -- Up-to-date: /mnt/d/Documentos/PUC-Rio/Maestrado/ELE2363/Optimization_based_robotics/install/ob_robotics_interface/include/ob_robotics_interface/ob_robotics_interface/msg/detail/optimization_data__description.c
[42.493s] -- Up-to-date: /mnt/d/Documentos/PUC-Rio/Maestrado/ELE2363/Optimization_based_robotics/install/ob_robotics_interface/include/ob_robotics_interface/ob_robotics_interface/msg/detail/optimization_data__functions.c
[42.539s] -- Up-to-date: /mnt/d/Documentos/PUC-Rio/Maestrado/ELE2363/Optimization_based_robotics/install/ob_robotics_interface/include/ob_robotics_interface/ob_robotics_interface/msg/detail/optimization_data__functions.h
[42.584s] -- Up-to-date: /mnt/d/Documentos/PUC-Rio/Maestrado/ELE2363/Optimization_based_robotics/install/ob_robotics_interface/include/ob_robotics_interface/ob_robotics_interface/msg/detail/optimization_data__struct.h
[42.636s] -- Installing: /mnt/d/Documentos/PUC-Rio/Maestrado/ELE2363/Optimization_based_robotics/install/ob_robotics_interface/include/ob_robotics_interface/ob_robotics_interface/msg/detail/optimization_data__type_support.c
[42.794s] -- Up-to-date: /mnt/d/Documentos/PUC-Rio/Maestrado/ELE2363/Optimization_based_robotics/install/ob_robotics_interface/include/ob_robotics_interface/ob_robotics_interface/msg/detail/optimization_data__type_support.h
[42.840s] -- Up-to-date: /mnt/d/Documentos/PUC-Rio/Maestrado/ELE2363/Optimization_based_robotics/install/ob_robotics_interface/include/ob_robotics_interface/ob_robotics_interface/msg/detail/performance_data__description.c
[42.890s] -- Up-to-date: /mnt/d/Documentos/PUC-Rio/Maestrado/ELE2363/Optimization_based_robotics/install/ob_robotics_interface/include/ob_robotics_interface/ob_robotics_interface/msg/detail/performance_data__functions.c
[42.958s] -- Up-to-date: /mnt/d/Documentos/PUC-Rio/Maestrado/ELE2363/Optimization_based_robotics/install/ob_robotics_interface/include/ob_robotics_interface/ob_robotics_interface/msg/detail/performance_data__functions.h
[43.016s] -- Up-to-date: /mnt/d/Documentos/PUC-Rio/Maestrado/ELE2363/Optimization_based_robotics/install/ob_robotics_interface/include/ob_robotics_interface/ob_robotics_interface/msg/detail/performance_data__struct.h
[43.068s] -- Installing: /mnt/d/Documentos/PUC-Rio/Maestrado/ELE2363/Optimization_based_robotics/install/ob_robotics_interface/include/ob_robotics_interface/ob_robotics_interface/msg/detail/performance_data__type_support.c
[43.252s] -- Up-to-date: /mnt/d/Documentos/PUC-Rio/Maestrado/ELE2363/Optimization_based_robotics/install/ob_robotics_interface/include/ob_robotics_interface/ob_robotics_interface/msg/detail/performance_data__type_support.h
[43.298s] -- Up-to-date: /mnt/d/Documentos/PUC-Rio/Maestrado/ELE2363/Optimization_based_robotics/install/ob_robotics_interface/include/ob_robotics_interface/ob_robotics_interface/msg/detail/robot_model_interface__description.c
[43.347s] -- Up-to-date: /mnt/d/Documentos/PUC-Rio/Maestrado/ELE2363/Optimization_based_robotics/install/ob_robotics_interface/include/ob_robotics_interface/ob_robotics_interface/msg/detail/robot_model_interface__functions.c
[43.393s] -- Up-to-date: /mnt/d/Documentos/PUC-Rio/Maestrado/ELE2363/Optimization_based_robotics/install/ob_robotics_interface/include/ob_robotics_interface/ob_robotics_interface/msg/detail/robot_model_interface__functions.h
[43.439s] -- Up-to-date: /mnt/d/Documentos/PUC-Rio/Maestrado/ELE2363/Optimization_based_robotics/install/ob_robotics_interface/include/ob_robotics_interface/ob_robotics_interface/msg/detail/robot_model_interface__struct.h
[43.488s] -- Installing: /mnt/d/Documentos/PUC-Rio/Maestrado/ELE2363/Optimization_based_robotics/install/ob_robotics_interface/include/ob_robotics_interface/ob_robotics_interface/msg/detail/robot_model_interface__type_support.c
[43.642s] -- Up-to-date: /mnt/d/Documentos/PUC-Rio/Maestrado/ELE2363/Optimization_based_robotics/install/ob_robotics_interface/include/ob_robotics_interface/ob_robotics_interface/msg/detail/robot_model_interface__type_support.h
[43.678s] -- Up-to-date: /mnt/d/Documentos/PUC-Rio/Maestrado/ELE2363/Optimization_based_robotics/install/ob_robotics_interface/include/ob_robotics_interface/ob_robotics_interface/msg/model_processed_data.h
[43.709s] -- Up-to-date: /mnt/d/Documentos/PUC-Rio/Maestrado/ELE2363/Optimization_based_robotics/install/ob_robotics_interface/include/ob_robotics_interface/ob_robotics_interface/msg/optimization_data.h
[43.750s] -- Up-to-date: /mnt/d/Documentos/PUC-Rio/Maestrado/ELE2363/Optimization_based_robotics/install/ob_robotics_interface/include/ob_robotics_interface/ob_robotics_interface/msg/performance_data.h
[43.802s] -- Up-to-date: /mnt/d/Documentos/PUC-Rio/Maestrado/ELE2363/Optimization_based_robotics/install/ob_robotics_interface/include/ob_robotics_interface/ob_robotics_interface/msg/robot_model_interface.h
[43.847s] -- Up-to-date: /mnt/d/Documentos/PUC-Rio/Maestrado/ELE2363/Optimization_based_robotics/install/ob_robotics_interface/include/ob_robotics_interface/ob_robotics_interface/msg/rosidl_generator_c__visibility_control.h
[43.874s] -- Up-to-date: /mnt/d/Documentos/PUC-Rio/Maestrado/ELE2363/Optimization_based_robotics/install/ob_robotics_interface/share/ob_robotics_interface/environment/library_path.sh
[43.908s] -- Up-to-date: /mnt/d/Documentos/PUC-Rio/Maestrado/ELE2363/Optimization_based_robotics/install/ob_robotics_interface/share/ob_robotics_interface/environment/library_path.dsv
[44.029s] -- Up-to-date: /mnt/d/Documentos/PUC-Rio/Maestrado/ELE2363/Optimization_based_robotics/install/ob_robotics_interface/lib/libob_robotics_interface__rosidl_generator_c.so
[44.176s] -- Up-to-date: /mnt/d/Documentos/PUC-Rio/Maestrado/ELE2363/Optimization_based_robotics/install/ob_robotics_interface/include/ob_robotics_interface/ob_robotics_interface
[44.220s] -- Up-to-date: /mnt/d/Documentos/PUC-Rio/Maestrado/ELE2363/Optimization_based_robotics/install/ob_robotics_interface/include/ob_robotics_interface/ob_robotics_interface/msg
[44.272s] -- Up-to-date: /mnt/d/Documentos/PUC-Rio/Maestrado/ELE2363/Optimization_based_robotics/install/ob_robotics_interface/include/ob_robotics_interface/ob_robotics_interface/msg/detail
[44.333s] -- Up-to-date: /mnt/d/Documentos/PUC-Rio/Maestrado/ELE2363/Optimization_based_robotics/install/ob_robotics_interface/include/ob_robotics_interface/ob_robotics_interface/msg/detail/model_processed_data__rosidl_typesupport_fastrtps_c.h
[44.383s] -- Up-to-date: /mnt/d/Documentos/PUC-Rio/Maestrado/ELE2363/Optimization_based_robotics/install/ob_robotics_interface/include/ob_robotics_interface/ob_robotics_interface/msg/detail/optimization_data__rosidl_typesupport_fastrtps_c.h
[44.433s] -- Up-to-date: /mnt/d/Documentos/PUC-Rio/Maestrado/ELE2363/Optimization_based_robotics/install/ob_robotics_interface/include/ob_robotics_interface/ob_robotics_interface/msg/detail/performance_data__rosidl_typesupport_fastrtps_c.h
[44.480s] -- Up-to-date: /mnt/d/Documentos/PUC-Rio/Maestrado/ELE2363/Optimization_based_robotics/install/ob_robotics_interface/include/ob_robotics_interface/ob_robotics_interface/msg/detail/robot_model_interface__rosidl_typesupport_fastrtps_c.h
[44.521s] -- Up-to-date: /mnt/d/Documentos/PUC-Rio/Maestrado/ELE2363/Optimization_based_robotics/install/ob_robotics_interface/include/ob_robotics_interface/ob_robotics_interface/msg/rosidl_typesupport_fastrtps_c__visibility_control.h
[44.636s] -- Up-to-date: /mnt/d/Documentos/PUC-Rio/Maestrado/ELE2363/Optimization_based_robotics/install/ob_robotics_interface/lib/libob_robotics_interface__rosidl_typesupport_fastrtps_c.so
[44.751s] -- Up-to-date: /mnt/d/Documentos/PUC-Rio/Maestrado/ELE2363/Optimization_based_robotics/install/ob_robotics_interface/include/ob_robotics_interface/ob_robotics_interface
[44.791s] -- Up-to-date: /mnt/d/Documentos/PUC-Rio/Maestrado/ELE2363/Optimization_based_robotics/install/ob_robotics_interface/include/ob_robotics_interface/ob_robotics_interface/msg
[44.836s] -- Up-to-date: /mnt/d/Documentos/PUC-Rio/Maestrado/ELE2363/Optimization_based_robotics/install/ob_robotics_interface/include/ob_robotics_interface/ob_robotics_interface/msg/detail
[44.938s] -- Up-to-date: /mnt/d/Documentos/PUC-Rio/Maestrado/ELE2363/Optimization_based_robotics/install/ob_robotics_interface/include/ob_robotics_interface/ob_robotics_interface/msg/detail/model_processed_data__builder.hpp
[45.041s] -- Up-to-date: /mnt/d/Documentos/PUC-Rio/Maestrado/ELE2363/Optimization_based_robotics/install/ob_robotics_interface/include/ob_robotics_interface/ob_robotics_interface/msg/detail/model_processed_data__struct.hpp
[45.090s] -- Up-to-date: /mnt/d/Documentos/PUC-Rio/Maestrado/ELE2363/Optimization_based_robotics/install/ob_robotics_interface/include/ob_robotics_interface/ob_robotics_interface/msg/detail/model_processed_data__traits.hpp
[45.133s] -- Up-to-date: /mnt/d/Documentos/PUC-Rio/Maestrado/ELE2363/Optimization_based_robotics/install/ob_robotics_interface/include/ob_robotics_interface/ob_robotics_interface/msg/detail/model_processed_data__type_support.hpp
[45.176s] -- Up-to-date: /mnt/d/Documentos/PUC-Rio/Maestrado/ELE2363/Optimization_based_robotics/install/ob_robotics_interface/include/ob_robotics_interface/ob_robotics_interface/msg/detail/optimization_data__builder.hpp
[45.217s] -- Up-to-date: /mnt/d/Documentos/PUC-Rio/Maestrado/ELE2363/Optimization_based_robotics/install/ob_robotics_interface/include/ob_robotics_interface/ob_robotics_interface/msg/detail/optimization_data__struct.hpp
[45.264s] -- Up-to-date: /mnt/d/Documentos/PUC-Rio/Maestrado/ELE2363/Optimization_based_robotics/install/ob_robotics_interface/include/ob_robotics_interface/ob_robotics_interface/msg/detail/optimization_data__traits.hpp
[45.311s] -- Up-to-date: /mnt/d/Documentos/PUC-Rio/Maestrado/ELE2363/Optimization_based_robotics/install/ob_robotics_interface/include/ob_robotics_interface/ob_robotics_interface/msg/detail/optimization_data__type_support.hpp
[45.353s] -- Up-to-date: /mnt/d/Documentos/PUC-Rio/Maestrado/ELE2363/Optimization_based_robotics/install/ob_robotics_interface/include/ob_robotics_interface/ob_robotics_interface/msg/detail/performance_data__builder.hpp
[45.395s] -- Up-to-date: /mnt/d/Documentos/PUC-Rio/Maestrado/ELE2363/Optimization_based_robotics/install/ob_robotics_interface/include/ob_robotics_interface/ob_robotics_interface/msg/detail/performance_data__struct.hpp
[45.438s] -- Up-to-date: /mnt/d/Documentos/PUC-Rio/Maestrado/ELE2363/Optimization_based_robotics/install/ob_robotics_interface/include/ob_robotics_interface/ob_robotics_interface/msg/detail/performance_data__traits.hpp
[45.479s] -- Up-to-date: /mnt/d/Documentos/PUC-Rio/Maestrado/ELE2363/Optimization_based_robotics/install/ob_robotics_interface/include/ob_robotics_interface/ob_robotics_interface/msg/detail/performance_data__type_support.hpp
[45.531s] -- Up-to-date: /mnt/d/Documentos/PUC-Rio/Maestrado/ELE2363/Optimization_based_robotics/install/ob_robotics_interface/include/ob_robotics_interface/ob_robotics_interface/msg/detail/robot_model_interface__builder.hpp
[45.579s] -- Up-to-date: /mnt/d/Documentos/PUC-Rio/Maestrado/ELE2363/Optimization_based_robotics/install/ob_robotics_interface/include/ob_robotics_interface/ob_robotics_interface/msg/detail/robot_model_interface__struct.hpp
[45.628s] -- Up-to-date: /mnt/d/Documentos/PUC-Rio/Maestrado/ELE2363/Optimization_based_robotics/install/ob_robotics_interface/include/ob_robotics_interface/ob_robotics_interface/msg/detail/robot_model_interface__traits.hpp
[45.679s] -- Up-to-date: /mnt/d/Documentos/PUC-Rio/Maestrado/ELE2363/Optimization_based_robotics/install/ob_robotics_interface/include/ob_robotics_interface/ob_robotics_interface/msg/detail/robot_model_interface__type_support.hpp
[45.720s] -- Up-to-date: /mnt/d/Documentos/PUC-Rio/Maestrado/ELE2363/Optimization_based_robotics/install/ob_robotics_interface/include/ob_robotics_interface/ob_robotics_interface/msg/model_processed_data.hpp
[45.759s] -- Up-to-date: /mnt/d/Documentos/PUC-Rio/Maestrado/ELE2363/Optimization_based_robotics/install/ob_robotics_interface/include/ob_robotics_interface/ob_robotics_interface/msg/optimization_data.hpp
[45.804s] -- Up-to-date: /mnt/d/Documentos/PUC-Rio/Maestrado/ELE2363/Optimization_based_robotics/install/ob_robotics_interface/include/ob_robotics_interface/ob_robotics_interface/msg/performance_data.hpp
[45.842s] -- Up-to-date: /mnt/d/Documentos/PUC-Rio/Maestrado/ELE2363/Optimization_based_robotics/install/ob_robotics_interface/include/ob_robotics_interface/ob_robotics_interface/msg/robot_model_interface.hpp
[45.884s] -- Up-to-date: /mnt/d/Documentos/PUC-Rio/Maestrado/ELE2363/Optimization_based_robotics/install/ob_robotics_interface/include/ob_robotics_interface/ob_robotics_interface/msg/rosidl_generator_cpp__visibility_control.hpp
[45.914s] -- Up-to-date: /mnt/d/Documentos/PUC-Rio/Maestrado/ELE2363/Optimization_based_robotics/install/ob_robotics_interface/include/ob_robotics_interface/ob_robotics_interface
[45.952s] -- Up-to-date: /mnt/d/Documentos/PUC-Rio/Maestrado/ELE2363/Optimization_based_robotics/install/ob_robotics_interface/include/ob_robotics_interface/ob_robotics_interface/msg
[46.000s] -- Up-to-date: /mnt/d/Documentos/PUC-Rio/Maestrado/ELE2363/Optimization_based_robotics/install/ob_robotics_interface/include/ob_robotics_interface/ob_robotics_interface/msg/detail
[46.055s] -- Up-to-date: /mnt/d/Documentos/PUC-Rio/Maestrado/ELE2363/Optimization_based_robotics/install/ob_robotics_interface/include/ob_robotics_interface/ob_robotics_interface/msg/detail/dds_fastrtps
[46.118s] -- Up-to-date: /mnt/d/Documentos/PUC-Rio/Maestrado/ELE2363/Optimization_based_robotics/install/ob_robotics_interface/include/ob_robotics_interface/ob_robotics_interface/msg/detail/model_processed_data__rosidl_typesupport_fastrtps_cpp.hpp
[46.173s] -- Up-to-date: /mnt/d/Documentos/PUC-Rio/Maestrado/ELE2363/Optimization_based_robotics/install/ob_robotics_interface/include/ob_robotics_interface/ob_robotics_interface/msg/detail/optimization_data__rosidl_typesupport_fastrtps_cpp.hpp
[46.219s] -- Up-to-date: /mnt/d/Documentos/PUC-Rio/Maestrado/ELE2363/Optimization_based_robotics/install/ob_robotics_interface/include/ob_robotics_interface/ob_robotics_interface/msg/detail/performance_data__rosidl_typesupport_fastrtps_cpp.hpp
[46.271s] -- Up-to-date: /mnt/d/Documentos/PUC-Rio/Maestrado/ELE2363/Optimization_based_robotics/install/ob_robotics_interface/include/ob_robotics_interface/ob_robotics_interface/msg/detail/robot_model_interface__rosidl_typesupport_fastrtps_cpp.hpp
[46.311s] -- Up-to-date: /mnt/d/Documentos/PUC-Rio/Maestrado/ELE2363/Optimization_based_robotics/install/ob_robotics_interface/include/ob_robotics_interface/ob_robotics_interface/msg/rosidl_typesupport_fastrtps_cpp__visibility_control.h
[46.390s] -- Up-to-date: /mnt/d/Documentos/PUC-Rio/Maestrado/ELE2363/Optimization_based_robotics/install/ob_robotics_interface/lib/libob_robotics_interface__rosidl_typesupport_fastrtps_cpp.so
[46.470s] -- Up-to-date: /mnt/d/Documentos/PUC-Rio/Maestrado/ELE2363/Optimization_based_robotics/install/ob_robotics_interface/include/ob_robotics_interface/ob_robotics_interface
[46.523s] -- Up-to-date: /mnt/d/Documentos/PUC-Rio/Maestrado/ELE2363/Optimization_based_robotics/install/ob_robotics_interface/include/ob_robotics_interface/ob_robotics_interface/msg
[46.591s] -- Up-to-date: /mnt/d/Documentos/PUC-Rio/Maestrado/ELE2363/Optimization_based_robotics/install/ob_robotics_interface/include/ob_robotics_interface/ob_robotics_interface/msg/detail
[46.672s] -- Up-to-date: /mnt/d/Documentos/PUC-Rio/Maestrado/ELE2363/Optimization_based_robotics/install/ob_robotics_interface/include/ob_robotics_interface/ob_robotics_interface/msg/detail/model_processed_data__rosidl_typesupport_introspection_c.h
[46.715s] -- Installing: /mnt/d/Documentos/PUC-Rio/Maestrado/ELE2363/Optimization_based_robotics/install/ob_robotics_interface/include/ob_robotics_interface/ob_robotics_interface/msg/detail/model_processed_data__type_support.c
[46.881s] -- Up-to-date: /mnt/d/Documentos/PUC-Rio/Maestrado/ELE2363/Optimization_based_robotics/install/ob_robotics_interface/include/ob_robotics_interface/ob_robotics_interface/msg/detail/optimization_data__rosidl_typesupport_introspection_c.h
[46.924s] -- Installing: /mnt/d/Documentos/PUC-Rio/Maestrado/ELE2363/Optimization_based_robotics/install/ob_robotics_interface/include/ob_robotics_interface/ob_robotics_interface/msg/detail/optimization_data__type_support.c
[47.109s] -- Up-to-date: /mnt/d/Documentos/PUC-Rio/Maestrado/ELE2363/Optimization_based_robotics/install/ob_robotics_interface/include/ob_robotics_interface/ob_robotics_interface/msg/detail/performance_data__rosidl_typesupport_introspection_c.h
[47.172s] -- Installing: /mnt/d/Documentos/PUC-Rio/Maestrado/ELE2363/Optimization_based_robotics/install/ob_robotics_interface/include/ob_robotics_interface/ob_robotics_interface/msg/detail/performance_data__type_support.c
[47.381s] -- Up-to-date: /mnt/d/Documentos/PUC-Rio/Maestrado/ELE2363/Optimization_based_robotics/install/ob_robotics_interface/include/ob_robotics_interface/ob_robotics_interface/msg/detail/robot_model_interface__rosidl_typesupport_introspection_c.h
[47.428s] -- Installing: /mnt/d/Documentos/PUC-Rio/Maestrado/ELE2363/Optimization_based_robotics/install/ob_robotics_interface/include/ob_robotics_interface/ob_robotics_interface/msg/detail/robot_model_interface__type_support.c
[47.597s] -- Up-to-date: /mnt/d/Documentos/PUC-Rio/Maestrado/ELE2363/Optimization_based_robotics/install/ob_robotics_interface/include/ob_robotics_interface/ob_robotics_interface/msg/rosidl_typesupport_introspection_c__visibility_control.h
[47.722s] -- Up-to-date: /mnt/d/Documentos/PUC-Rio/Maestrado/ELE2363/Optimization_based_robotics/install/ob_robotics_interface/lib/libob_robotics_interface__rosidl_typesupport_introspection_c.so
[47.933s] -- Up-to-date: /mnt/d/Documentos/PUC-Rio/Maestrado/ELE2363/Optimization_based_robotics/install/ob_robotics_interface/lib/libob_robotics_interface__rosidl_typesupport_c.so
[48.051s] -- Up-to-date: /mnt/d/Documentos/PUC-Rio/Maestrado/ELE2363/Optimization_based_robotics/install/ob_robotics_interface/include/ob_robotics_interface/ob_robotics_interface
[48.090s] -- Up-to-date: /mnt/d/Documentos/PUC-Rio/Maestrado/ELE2363/Optimization_based_robotics/install/ob_robotics_interface/include/ob_robotics_interface/ob_robotics_interface/msg
[48.150s] -- Up-to-date: /mnt/d/Documentos/PUC-Rio/Maestrado/ELE2363/Optimization_based_robotics/install/ob_robotics_interface/include/ob_robotics_interface/ob_robotics_interface/msg/detail
[48.274s] -- Up-to-date: /mnt/d/Documentos/PUC-Rio/Maestrado/ELE2363/Optimization_based_robotics/install/ob_robotics_interface/include/ob_robotics_interface/ob_robotics_interface/msg/detail/model_processed_data__rosidl_typesupport_introspection_cpp.hpp
[48.354s] -- Up-to-date: /mnt/d/Documentos/PUC-Rio/Maestrado/ELE2363/Optimization_based_robotics/install/ob_robotics_interface/include/ob_robotics_interface/ob_robotics_interface/msg/detail/model_processed_data__type_support.cpp
[48.418s] -- Up-to-date: /mnt/d/Documentos/PUC-Rio/Maestrado/ELE2363/Optimization_based_robotics/install/ob_robotics_interface/include/ob_robotics_interface/ob_robotics_interface/msg/detail/optimization_data__rosidl_typesupport_introspection_cpp.hpp
[48.486s] -- Up-to-date: /mnt/d/Documentos/PUC-Rio/Maestrado/ELE2363/Optimization_based_robotics/install/ob_robotics_interface/include/ob_robotics_interface/ob_robotics_interface/msg/detail/optimization_data__type_support.cpp
[48.547s] -- Up-to-date: /mnt/d/Documentos/PUC-Rio/Maestrado/ELE2363/Optimization_based_robotics/install/ob_robotics_interface/include/ob_robotics_interface/ob_robotics_interface/msg/detail/performance_data__rosidl_typesupport_introspection_cpp.hpp
[48.601s] -- Up-to-date: /mnt/d/Documentos/PUC-Rio/Maestrado/ELE2363/Optimization_based_robotics/install/ob_robotics_interface/include/ob_robotics_interface/ob_robotics_interface/msg/detail/performance_data__type_support.cpp
[48.691s] -- Up-to-date: /mnt/d/Documentos/PUC-Rio/Maestrado/ELE2363/Optimization_based_robotics/install/ob_robotics_interface/include/ob_robotics_interface/ob_robotics_interface/msg/detail/robot_model_interface__rosidl_typesupport_introspection_cpp.hpp
[48.749s] -- Up-to-date: /mnt/d/Documentos/PUC-Rio/Maestrado/ELE2363/Optimization_based_robotics/install/ob_robotics_interface/include/ob_robotics_interface/ob_robotics_interface/msg/detail/robot_model_interface__type_support.cpp
[48.911s] -- Up-to-date: /mnt/d/Documentos/PUC-Rio/Maestrado/ELE2363/Optimization_based_robotics/install/ob_robotics_interface/lib/libob_robotics_interface__rosidl_typesupport_introspection_cpp.so
[49.126s] -- Up-to-date: /mnt/d/Documentos/PUC-Rio/Maestrado/ELE2363/Optimization_based_robotics/install/ob_robotics_interface/lib/libob_robotics_interface__rosidl_typesupport_cpp.so
[49.224s] -- Up-to-date: /mnt/d/Documentos/PUC-Rio/Maestrado/ELE2363/Optimization_based_robotics/install/ob_robotics_interface/share/ob_robotics_interface/environment/pythonpath.sh
[49.267s] -- Up-to-date: /mnt/d/Documentos/PUC-Rio/Maestrado/ELE2363/Optimization_based_robotics/install/ob_robotics_interface/share/ob_robotics_interface/environment/pythonpath.dsv
[49.308s] -- Up-to-date: /mnt/d/Documentos/PUC-Rio/Maestrado/ELE2363/Optimization_based_robotics/install/ob_robotics_interface/lib/python3.12/site-packages/ob_robotics_interface-0.0.0-py3.12.egg-info
[49.384s] -- Installing: /mnt/d/Documentos/PUC-Rio/Maestrado/ELE2363/Optimization_based_robotics/install/ob_robotics_interface/lib/python3.12/site-packages/ob_robotics_interface-0.0.0-py3.12.egg-info/dependency_links.txt
[49.569s] -- Installing: /mnt/d/Documentos/PUC-Rio/Maestrado/ELE2363/Optimization_based_robotics/install/ob_robotics_interface/lib/python3.12/site-packages/ob_robotics_interface-0.0.0-py3.12.egg-info/PKG-INFO
[49.770s] -- Installing: /mnt/d/Documentos/PUC-Rio/Maestrado/ELE2363/Optimization_based_robotics/install/ob_robotics_interface/lib/python3.12/site-packages/ob_robotics_interface-0.0.0-py3.12.egg-info/SOURCES.txt
[49.936s] -- Installing: /mnt/d/Documentos/PUC-Rio/Maestrado/ELE2363/Optimization_based_robotics/install/ob_robotics_interface/lib/python3.12/site-packages/ob_robotics_interface-0.0.0-py3.12.egg-info/top_level.txt
[50.075s] -- Up-to-date: /mnt/d/Documentos/PUC-Rio/Maestrado/ELE2363/Optimization_based_robotics/install/ob_robotics_interface/lib/python3.12/site-packages/ob_robotics_interface
[50.124s] -- Up-to-date: /mnt/d/Documentos/PUC-Rio/Maestrado/ELE2363/Optimization_based_robotics/install/ob_robotics_interface/lib/python3.12/site-packages/ob_robotics_interface/msg
[50.203s] -- Up-to-date: /mnt/d/Documentos/PUC-Rio/Maestrado/ELE2363/Optimization_based_robotics/install/ob_robotics_interface/lib/python3.12/site-packages/ob_robotics_interface/msg/_model_processed_data.py
[50.252s] -- Up-to-date: /mnt/d/Documentos/PUC-Rio/Maestrado/ELE2363/Optimization_based_robotics/install/ob_robotics_interface/lib/python3.12/site-packages/ob_robotics_interface/msg/_model_processed_data_s.c
[50.308s] -- Up-to-date: /mnt/d/Documentos/PUC-Rio/Maestrado/ELE2363/Optimization_based_robotics/install/ob_robotics_interface/lib/python3.12/site-packages/ob_robotics_interface/msg/_optimization_data.py
[50.379s] -- Up-to-date: /mnt/d/Documentos/PUC-Rio/Maestrado/ELE2363/Optimization_based_robotics/install/ob_robotics_interface/lib/python3.12/site-packages/ob_robotics_interface/msg/_optimization_data_s.c
[50.441s] -- Up-to-date: /mnt/d/Documentos/PUC-Rio/Maestrado/ELE2363/Optimization_based_robotics/install/ob_robotics_interface/lib/python3.12/site-packages/ob_robotics_interface/msg/_performance_data.py
[50.489s] -- Up-to-date: /mnt/d/Documentos/PUC-Rio/Maestrado/ELE2363/Optimization_based_robotics/install/ob_robotics_interface/lib/python3.12/site-packages/ob_robotics_interface/msg/_performance_data_s.c
[50.546s] -- Up-to-date: /mnt/d/Documentos/PUC-Rio/Maestrado/ELE2363/Optimization_based_robotics/install/ob_robotics_interface/lib/python3.12/site-packages/ob_robotics_interface/msg/_robot_model_interface.py
[50.612s] -- Up-to-date: /mnt/d/Documentos/PUC-Rio/Maestrado/ELE2363/Optimization_based_robotics/install/ob_robotics_interface/lib/python3.12/site-packages/ob_robotics_interface/msg/_robot_model_interface_s.c
[50.667s] -- Up-to-date: /mnt/d/Documentos/PUC-Rio/Maestrado/ELE2363/Optimization_based_robotics/install/ob_robotics_interface/lib/python3.12/site-packages/ob_robotics_interface/msg/__init__.py
[50.739s] -- Up-to-date: /mnt/d/Documentos/PUC-Rio/Maestrado/ELE2363/Optimization_based_robotics/install/ob_robotics_interface/lib/python3.12/site-packages/ob_robotics_interface/ob_robotics_interface_s__rosidl_typesupport_c.so
[50.796s] -- Up-to-date: /mnt/d/Documentos/PUC-Rio/Maestrado/ELE2363/Optimization_based_robotics/install/ob_robotics_interface/lib/python3.12/site-packages/ob_robotics_interface/ob_robotics_interface_s__rosidl_typesupport_fastrtps_c.so
[50.837s] -- Up-to-date: /mnt/d/Documentos/PUC-Rio/Maestrado/ELE2363/Optimization_based_robotics/install/ob_robotics_interface/lib/python3.12/site-packages/ob_robotics_interface/ob_robotics_interface_s__rosidl_typesupport_introspection_c.so
[50.940s] -- Up-to-date: /mnt/d/Documentos/PUC-Rio/Maestrado/ELE2363/Optimization_based_robotics/install/ob_robotics_interface/lib/python3.12/site-packages/ob_robotics_interface/_ob_robotics_interface_s.ep.rosidl_typesupport_c.c
[50.963s] -- Up-to-date: /mnt/d/Documentos/PUC-Rio/Maestrado/ELE2363/Optimization_based_robotics/install/ob_robotics_interface/lib/python3.12/site-packages/ob_robotics_interface/_ob_robotics_interface_s.ep.rosidl_typesupport_fastrtps_c.c
[51.009s] -- Up-to-date: /mnt/d/Documentos/PUC-Rio/Maestrado/ELE2363/Optimization_based_robotics/install/ob_robotics_interface/lib/python3.12/site-packages/ob_robotics_interface/_ob_robotics_interface_s.ep.rosidl_typesupport_introspection_c.c
[51.067s] -- Up-to-date: /mnt/d/Documentos/PUC-Rio/Maestrado/ELE2363/Optimization_based_robotics/install/ob_robotics_interface/lib/python3.12/site-packages/ob_robotics_interface/__init__.py
[53.504s] Listing '/mnt/d/Documentos/PUC-Rio/Maestrado/ELE2363/Optimization_based_robotics/install/ob_robotics_interface/lib/python3.12/site-packages/ob_robotics_interface'...
[53.506s] Listing '/mnt/d/Documentos/PUC-Rio/Maestrado/ELE2363/Optimization_based_robotics/install/ob_robotics_interface/lib/python3.12/site-packages/ob_robotics_interface/msg'...
[53.620s] -- Up-to-date: /mnt/d/Documentos/PUC-Rio/Maestrado/ELE2363/Optimization_based_robotics/install/ob_robotics_interface/lib/python3.12/site-packages/ob_robotics_interface/ob_robotics_interface_s__rosidl_typesupport_fastrtps_c.so
[53.822s] -- Up-to-date: /mnt/d/Documentos/PUC-Rio/Maestrado/ELE2363/Optimization_based_robotics/install/ob_robotics_interface/lib/python3.12/site-packages/ob_robotics_interface/ob_robotics_interface_s__rosidl_typesupport_introspection_c.so
[54.050s] -- Up-to-date: /mnt/d/Documentos/PUC-Rio/Maestrado/ELE2363/Optimization_based_robotics/install/ob_robotics_interface/lib/python3.12/site-packages/ob_robotics_interface/ob_robotics_interface_s__rosidl_typesupport_c.so
[54.285s] -- Up-to-date: /mnt/d/Documentos/PUC-Rio/Maestrado/ELE2363/Optimization_based_robotics/install/ob_robotics_interface/lib/libob_robotics_interface__rosidl_generator_py.so
[54.431s] -- Up-to-date: /mnt/d/Documentos/PUC-Rio/Maestrado/ELE2363/Optimization_based_robotics/install/ob_robotics_interface/share/ob_robotics_interface/msg/ModelProcessedData.idl
[54.480s] -- Up-to-date: /mnt/d/Documentos/PUC-Rio/Maestrado/ELE2363/Optimization_based_robotics/install/ob_robotics_interface/share/ob_robotics_interface/msg/PerformanceData.idl
[54.529s] -- Up-to-date: /mnt/d/Documentos/PUC-Rio/Maestrado/ELE2363/Optimization_based_robotics/install/ob_robotics_interface/share/ob_robotics_interface/msg/OptimizationData.idl
[54.579s] -- Up-to-date: /mnt/d/Documentos/PUC-Rio/Maestrado/ELE2363/Optimization_based_robotics/install/ob_robotics_interface/share/ob_robotics_interface/msg/RobotModelInterface.idl
[54.634s] -- Up-to-date: /mnt/d/Documentos/PUC-Rio/Maestrado/ELE2363/Optimization_based_robotics/install/ob_robotics_interface/share/ob_robotics_interface/msg/ModelProcessedData.msg
[54.680s] -- Up-to-date: /mnt/d/Documentos/PUC-Rio/Maestrado/ELE2363/Optimization_based_robotics/install/ob_robotics_interface/share/ob_robotics_interface/msg/PerformanceData.msg
[54.735s] -- Up-to-date: /mnt/d/Documentos/PUC-Rio/Maestrado/ELE2363/Optimization_based_robotics/install/ob_robotics_interface/share/ob_robotics_interface/msg/OptimizationData.msg
[54.787s] -- Up-to-date: /mnt/d/Documentos/PUC-Rio/Maestrado/ELE2363/Optimization_based_robotics/install/ob_robotics_interface/share/ob_robotics_interface/msg/RobotModelInterface.msg
[54.863s] -- Up-to-date: /mnt/d/Documentos/PUC-Rio/Maestrado/ELE2363/Optimization_based_robotics/install/ob_robotics_interface/share/ament_index/resource_index/package_run_dependencies/ob_robotics_interface
[54.963s] -- Up-to-date: /mnt/d/Documentos/PUC-Rio/Maestrado/ELE2363/Optimization_based_robotics/install/ob_robotics_interface/share/ament_index/resource_index/parent_prefix_path/ob_robotics_interface
[55.006s] -- Up-to-date: /mnt/d/Documentos/PUC-Rio/Maestrado/ELE2363/Optimization_based_robotics/install/ob_robotics_interface/share/ob_robotics_interface/environment/ament_prefix_path.sh
[55.059s] -- Up-to-date: /mnt/d/Documentos/PUC-Rio/Maestrado/ELE2363/Optimization_based_robotics/install/ob_robotics_interface/share/ob_robotics_interface/environment/ament_prefix_path.dsv
[55.092s] -- Up-to-date: /mnt/d/Documentos/PUC-Rio/Maestrado/ELE2363/Optimization_based_robotics/install/ob_robotics_interface/share/ob_robotics_interface/environment/path.sh
[55.137s] -- Up-to-date: /mnt/d/Documentos/PUC-Rio/Maestrado/ELE2363/Optimization_based_robotics/install/ob_robotics_interface/share/ob_robotics_interface/environment/path.dsv
[55.176s] -- Up-to-date: /mnt/d/Documentos/PUC-Rio/Maestrado/ELE2363/Optimization_based_robotics/install/ob_robotics_interface/share/ob_robotics_interface/local_setup.bash
[55.208s] -- Up-to-date: /mnt/d/Documentos/PUC-Rio/Maestrado/ELE2363/Optimization_based_robotics/install/ob_robotics_interface/share/ob_robotics_interface/local_setup.sh
[55.243s] -- Up-to-date: /mnt/d/Documentos/PUC-Rio/Maestrado/ELE2363/Optimization_based_robotics/install/ob_robotics_interface/share/ob_robotics_interface/local_setup.zsh
[55.283s] -- Up-to-date: /mnt/d/Documentos/PUC-Rio/Maestrado/ELE2363/Optimization_based_robotics/install/ob_robotics_interface/share/ob_robotics_interface/local_setup.dsv
[55.326s] -- Installing: /mnt/d/Documentos/PUC-Rio/Maestrado/ELE2363/Optimization_based_robotics/install/ob_robotics_interface/share/ob_robotics_interface/package.dsv
[55.454s] -- Up-to-date: /mnt/d/Documentos/PUC-Rio/Maestrado/ELE2363/Optimization_based_robotics/install/ob_robotics_interface/share/ament_index/resource_index/packages/ob_robotics_interface
[55.529s] -- Up-to-date: /mnt/d/Documentos/PUC-Rio/Maestrado/ELE2363/Optimization_based_robotics/install/ob_robotics_interface/share/ob_robotics_interface/cmake/export_ob_robotics_interface__rosidl_generator_cExport.cmake
[55.575s] -- Up-to-date: /mnt/d/Documentos/PUC-Rio/Maestrado/ELE2363/Optimization_based_robotics/install/ob_robotics_interface/share/ob_robotics_interface/cmake/export_ob_robotics_interface__rosidl_generator_cExport-noconfig.cmake
[55.653s] -- Up-to-date: /mnt/d/Documentos/PUC-Rio/Maestrado/ELE2363/Optimization_based_robotics/install/ob_robotics_interface/share/ob_robotics_interface/cmake/export_ob_robotics_interface__rosidl_typesupport_fastrtps_cExport.cmake
[55.704s] -- Up-to-date: /mnt/d/Documentos/PUC-Rio/Maestrado/ELE2363/Optimization_based_robotics/install/ob_robotics_interface/share/ob_robotics_interface/cmake/export_ob_robotics_interface__rosidl_typesupport_fastrtps_cExport-noconfig.cmake
[55.784s] -- Up-to-date: /mnt/d/Documentos/PUC-Rio/Maestrado/ELE2363/Optimization_based_robotics/install/ob_robotics_interface/share/ob_robotics_interface/cmake/export_ob_robotics_interface__rosidl_generator_cppExport.cmake
[55.867s] -- Up-to-date: /mnt/d/Documentos/PUC-Rio/Maestrado/ELE2363/Optimization_based_robotics/install/ob_robotics_interface/share/ob_robotics_interface/cmake/export_ob_robotics_interface__rosidl_typesupport_fastrtps_cppExport.cmake
[55.924s] -- Up-to-date: /mnt/d/Documentos/PUC-Rio/Maestrado/ELE2363/Optimization_based_robotics/install/ob_robotics_interface/share/ob_robotics_interface/cmake/export_ob_robotics_interface__rosidl_typesupport_fastrtps_cppExport-noconfig.cmake
[56.006s] -- Up-to-date: /mnt/d/Documentos/PUC-Rio/Maestrado/ELE2363/Optimization_based_robotics/install/ob_robotics_interface/share/ob_robotics_interface/cmake/ob_robotics_interface__rosidl_typesupport_introspection_cExport.cmake
[56.057s] -- Up-to-date: /mnt/d/Documentos/PUC-Rio/Maestrado/ELE2363/Optimization_based_robotics/install/ob_robotics_interface/share/ob_robotics_interface/cmake/ob_robotics_interface__rosidl_typesupport_introspection_cExport-noconfig.cmake
[56.137s] -- Up-to-date: /mnt/d/Documentos/PUC-Rio/Maestrado/ELE2363/Optimization_based_robotics/install/ob_robotics_interface/share/ob_robotics_interface/cmake/ob_robotics_interface__rosidl_typesupport_cExport.cmake
[56.198s] -- Up-to-date: /mnt/d/Documentos/PUC-Rio/Maestrado/ELE2363/Optimization_based_robotics/install/ob_robotics_interface/share/ob_robotics_interface/cmake/ob_robotics_interface__rosidl_typesupport_cExport-noconfig.cmake
[56.286s] -- Up-to-date: /mnt/d/Documentos/PUC-Rio/Maestrado/ELE2363/Optimization_based_robotics/install/ob_robotics_interface/share/ob_robotics_interface/cmake/ob_robotics_interface__rosidl_typesupport_introspection_cppExport.cmake
[56.327s] -- Up-to-date: /mnt/d/Documentos/PUC-Rio/Maestrado/ELE2363/Optimization_based_robotics/install/ob_robotics_interface/share/ob_robotics_interface/cmake/ob_robotics_interface__rosidl_typesupport_introspection_cppExport-noconfig.cmake
[56.402s] -- Up-to-date: /mnt/d/Documentos/PUC-Rio/Maestrado/ELE2363/Optimization_based_robotics/install/ob_robotics_interface/share/ob_robotics_interface/cmake/ob_robotics_interface__rosidl_typesupport_cppExport.cmake
[56.448s] -- Up-to-date: /mnt/d/Documentos/PUC-Rio/Maestrado/ELE2363/Optimization_based_robotics/install/ob_robotics_interface/share/ob_robotics_interface/cmake/ob_robotics_interface__rosidl_typesupport_cppExport-noconfig.cmake
[56.525s] -- Up-to-date: /mnt/d/Documentos/PUC-Rio/Maestrado/ELE2363/Optimization_based_robotics/install/ob_robotics_interface/share/ob_robotics_interface/cmake/export_ob_robotics_interface__rosidl_generator_pyExport.cmake
[56.568s] -- Up-to-date: /mnt/d/Documentos/PUC-Rio/Maestrado/ELE2363/Optimization_based_robotics/install/ob_robotics_interface/share/ob_robotics_interface/cmake/export_ob_robotics_interface__rosidl_generator_pyExport-noconfig.cmake
[56.611s] -- Up-to-date: /mnt/d/Documentos/PUC-Rio/Maestrado/ELE2363/Optimization_based_robotics/install/ob_robotics_interface/share/ob_robotics_interface/cmake/rosidl_cmake-extras.cmake
[56.672s] -- Up-to-date: /mnt/d/Documentos/PUC-Rio/Maestrado/ELE2363/Optimization_based_robotics/install/ob_robotics_interface/share/ob_robotics_interface/cmake/ament_cmake_export_dependencies-extras.cmake
[56.816s] -- Up-to-date: /mnt/d/Documentos/PUC-Rio/Maestrado/ELE2363/Optimization_based_robotics/install/ob_robotics_interface/share/ob_robotics_interface/cmake/ament_cmake_export_include_directories-extras.cmake
[56.853s] -- Up-to-date: /mnt/d/Documentos/PUC-Rio/Maestrado/ELE2363/Optimization_based_robotics/install/ob_robotics_interface/share/ob_robotics_interface/cmake/ament_cmake_export_libraries-extras.cmake
[56.889s] -- Up-to-date: /mnt/d/Documentos/PUC-Rio/Maestrado/ELE2363/Optimization_based_robotics/install/ob_robotics_interface/share/ob_robotics_interface/cmake/ament_cmake_export_targets-extras.cmake
[56.922s] -- Up-to-date: /mnt/d/Documentos/PUC-Rio/Maestrado/ELE2363/Optimization_based_robotics/install/ob_robotics_interface/share/ob_robotics_interface/cmake/rosidl_cmake_export_typesupport_targets-extras.cmake
[56.956s] -- Up-to-date: /mnt/d/Documentos/PUC-Rio/Maestrado/ELE2363/Optimization_based_robotics/install/ob_robotics_interface/share/ob_robotics_interface/cmake/rosidl_cmake_export_typesupport_libraries-extras.cmake
[56.989s] -- Up-to-date: /mnt/d/Documentos/PUC-Rio/Maestrado/ELE2363/Optimization_based_robotics/install/ob_robotics_interface/share/ob_robotics_interface/cmake/ob_robotics_interfaceConfig.cmake
[57.025s] -- Up-to-date: /mnt/d/Documentos/PUC-Rio/Maestrado/ELE2363/Optimization_based_robotics/install/ob_robotics_interface/share/ob_robotics_interface/cmake/ob_robotics_interfaceConfig-version.cmake
[57.063s] -- Up-to-date: /mnt/d/Documentos/PUC-Rio/Maestrado/ELE2363/Optimization_based_robotics/install/ob_robotics_interface/share/ob_robotics_interface/package.xml
[57.090s] Invoked command in '/mnt/d/Documentos/PUC-Rio/Maestrado/ELE2363/Optimization_based_robotics/build/ob_robotics_interface' returned '0': CMAKE_PREFIX_PATH=${CMAKE_PREFIX_PATH}:/mnt/d/Documentos/PUC-Rio/Maestrado/ELE2363/Optimization_based_robotics/install/Optimization_module:/mnt/d/Documentos/PUC-Rio/Maestrado/ELE2363/ros2_ws/install/turtlesim_test:/mnt/d/Documentos/PUC-Rio/Maestrado/ELE2363/ros2_ws/install/turtlesim_control:/mnt/d/Documentos/PUC-Rio/Maestrado/ELE2363/ros2_ws/install/gpg_virtual:/mnt/d/Documentos/PUC-Rio/Maestrado/ELE2363/ros2_ws/install/gpg_urdf:/opt/ros/jazzy /usr/bin/cmake --install /mnt/d/Documentos/PUC-Rio/Maestrado/ELE2363/Optimization_based_robotics/build/ob_robotics_interface
