[6.281s] Invoking command in '/mnt/d/Documentos/PUC-Rio/Maestrado/ELE2363/Optimization_based_robotics/build/ob_robotics_interface': CMAKE_PREFIX_PATH=${CMAKE_PREFIX_PATH}:/mnt/d/Documentos/PUC-Rio/Maestrado/ELE2363/Optimization_based_robotics/install/Optimization_module:/mnt/d/Documentos/PUC-Rio/Maestrado/ELE2363/ros2_ws/install/turtlesim_test:/mnt/d/Documentos/PUC-Rio/Maestrado/ELE2363/ros2_ws/install/turtlesim_control:/mnt/d/Documentos/PUC-Rio/Maestrado/ELE2363/ros2_ws/install/gpg_virtual:/mnt/d/Documentos/PUC-Rio/Maestrado/ELE2363/ros2_ws/install/gpg_urdf:/opt/ros/jazzy /usr/bin/cmake --build /mnt/d/Documentos/PUC-Rio/Maestrado/ELE2363/Optimization_based_robotics/build/ob_robotics_interface -- -j12 -l12
[10.123s] [  1%] Built target ob_robotics_interface__rosidl_generator_type_description
[12.223s] [  3%] Built target ob_robotics_interface__cpp
[12.403s] [  3%] Built target ament_cmake_python_copy_ob_robotics_interface
[13.051s] [ 25%] Built target ob_robotics_interface__rosidl_generator_c
[15.141s] [ 43%] Built target ob_robotics_interface__rosidl_typesupport_cpp
[15.150s] [ 43%] Built target ob_robotics_interface__rosidl_typesupport_c
[15.218s] [ 62%] Built target ob_robotics_interface__rosidl_typesupport_introspection_c
[15.222s] [ 62%] Built target ob_robotics_interface__rosidl_typesupport_introspection_cpp
[16.041s] [ 73%] Built target ob_robotics_interface__rosidl_typesupport_fastrtps_c
[16.094s] [ 81%] Built target ob_robotics_interface__rosidl_typesupport_fastrtps_cpp
[17.669s] [ 81%] Built target ob_robotics_interface
[19.392s] running egg_info
[19.419s] [ 82%] Built target ob_robotics_interface__py
[19.591s] writing ob_robotics_interface.egg-info/PKG-INFO
[19.603s] writing dependency_links to ob_robotics_interface.egg-info/dependency_links.txt
[19.618s] writing top-level names to ob_robotics_interface.egg-info/top_level.txt
[20.238s] reading manifest file 'ob_robotics_interface.egg-info/SOURCES.txt'
[20.346s] writing manifest file 'ob_robotics_interface.egg-info/SOURCES.txt'
[20.987s] [ 82%] Built target ament_cmake_python_build_ob_robotics_interface_egg
[21.193s] [ 90%] Built target ob_robotics_interface__rosidl_generator_py
[22.538s] [ 96%] Built target ob_robotics_interface_s__rosidl_typesupport_c
[22.540s] [ 96%] Built target ob_robotics_interface_s__rosidl_typesupport_fastrtps_c
[22.816s] [100%] Built target ob_robotics_interface_s__rosidl_typesupport_introspection_c
[23.952s] Invoked command in '/mnt/d/Documentos/PUC-Rio/Maestrado/ELE2363/Optimization_based_robotics/build/ob_robotics_interface' returned '0': CMAKE_PREFIX_PATH=${CMAKE_PREFIX_PATH}:/mnt/d/Documentos/PUC-Rio/Maestrado/ELE2363/Optimization_based_robotics/install/Optimization_module:/mnt/d/Documentos/PUC-Rio/Maestrado/ELE2363/ros2_ws/install/turtlesim_test:/mnt/d/Documentos/PUC-Rio/Maestrado/ELE2363/ros2_ws/install/turtlesim_control:/mnt/d/Documentos/PUC-Rio/Maestrado/ELE2363/ros2_ws/install/gpg_virtual:/mnt/d/Documentos/PUC-Rio/Maestrado/ELE2363/ros2_ws/install/gpg_urdf:/opt/ros/jazzy /usr/bin/cmake --build /mnt/d/Documentos/PUC-Rio/Maestrado/ELE2363/Optimization_based_robotics/build/ob_robotics_interface -- -j12 -l12
[38.308s] Invoking command in '/mnt/d/Documentos/PUC-Rio/Maestrado/ELE2363/Optimization_based_robotics/build/ob_robotics_interface': CMAKE_PREFIX_PATH=${CMAKE_PREFIX_PATH}:/mnt/d/Documentos/PUC-Rio/Maestrado/ELE2363/Optimization_based_robotics/install/Optimization_module:/mnt/d/Documentos/PUC-Rio/Maestrado/ELE2363/ros2_ws/install/turtlesim_test:/mnt/d/Documentos/PUC-Rio/Maestrado/ELE2363/ros2_ws/install/turtlesim_control:/mnt/d/Documentos/PUC-Rio/Maestrado/ELE2363/ros2_ws/install/gpg_virtual:/mnt/d/Documentos/PUC-Rio/Maestrado/ELE2363/ros2_ws/install/gpg_urdf:/opt/ros/jazzy /usr/bin/cmake --install /mnt/d/Documentos/PUC-Rio/Maestrado/ELE2363/Optimization_based_robotics/build/ob_robotics_interface
[38.998s] -- Install configuration: ""
[39.042s] -- Up-to-date: /mnt/d/Documentos/PUC-Rio/Maestrado/ELE2363/Optimization_based_robotics/install/ob_robotics_interface/share/ament_index/resource_index/rosidl_interfaces/ob_robotics_interface
[39.096s] -- Up-to-date: /mnt/d/Documentos/PUC-Rio/Maestrado/ELE2363/Optimization_based_robotics/install/ob_robotics_interface/share/ob_robotics_interface/msg/ModelProcessedData.json
[39.144s] -- Up-to-date: /mnt/d/Documentos/PUC-Rio/Maestrado/ELE2363/Optimization_based_robotics/install/ob_robotics_interface/share/ob_robotics_interface/msg/PerformanceData.json
[39.195s] -- Up-to-date: /mnt/d/Documentos/PUC-Rio/Maestrado/ELE2363/Optimization_based_robotics/install/ob_robotics_interface/share/ob_robotics_interface/msg/OptimizationData.json
[39.248s] -- Up-to-date: /mnt/d/Documentos/PUC-Rio/Maestrado/ELE2363/Optimization_based_robotics/install/ob_robotics_interface/share/ob_robotics_interface/msg/RobotModelInterface.json
[39.283s] -- Up-to-date: /mnt/d/Documentos/PUC-Rio/Maestrado/ELE2363/Optimization_based_robotics/install/ob_robotics_interface/include/ob_robotics_interface/ob_robotics_interface
[39.324s] -- Up-to-date: /mnt/d/Documentos/PUC-Rio/Maestrado/ELE2363/Optimization_based_robotics/install/ob_robotics_interface/include/ob_robotics_interface/ob_robotics_interface/msg
[39.378s] -- Up-to-date: /mnt/d/Documentos/PUC-Rio/Maestrado/ELE2363/Optimization_based_robotics/install/ob_robotics_interface/include/ob_robotics_interface/ob_robotics_interface/msg/detail
[39.454s] -- Up-to-date: /mnt/d/Documentos/PUC-Rio/Maestrado/ELE2363/Optimization_based_robotics/install/ob_robotics_interface/include/ob_robotics_interface/ob_robotics_interface/msg/detail/model_processed_data__description.c
[39.511s] -- Up-to-date: /mnt/d/Documentos/PUC-Rio/Maestrado/ELE2363/Optimization_based_robotics/install/ob_robotics_interface/include/ob_robotics_interface/ob_robotics_interface/msg/detail/model_processed_data__functions.c
[39.561s] -- Up-to-date: /mnt/d/Documentos/PUC-Rio/Maestrado/ELE2363/Optimization_based_robotics/install/ob_robotics_interface/include/ob_robotics_interface/ob_robotics_interface/msg/detail/model_processed_data__functions.h
[39.612s] -- Up-to-date: /mnt/d/Documentos/PUC-Rio/Maestrado/ELE2363/Optimization_based_robotics/install/ob_robotics_interface/include/ob_robotics_interface/ob_robotics_interface/msg/detail/model_processed_data__struct.h
[39.675s] -- Installing: /mnt/d/Documentos/PUC-Rio/Maestrado/ELE2363/Optimization_based_robotics/install/ob_robotics_interface/include/ob_robotics_interface/ob_robotics_interface/msg/detail/model_processed_data__type_support.c
[39.884s] -- Up-to-date: /mnt/d/Documentos/PUC-Rio/Maestrado/ELE2363/Optimization_based_robotics/install/ob_robotics_interface/include/ob_robotics_interface/ob_robotics_interface/msg/detail/model_processed_data__type_support.h
[39.971s] -- Up-to-date: /mnt/d/Documentos/PUC-Rio/Maestrado/ELE2363/Optimization_based_robotics/install/ob_robotics_interface/include/ob_robotics_interface/ob_robotics_interface/msg/detail/optimization_data__description.c
[40.029s] -- Up-to-date: /mnt/d/Documentos/PUC-Rio/Maestrado/ELE2363/Optimization_based_robotics/install/ob_robotics_interface/include/ob_robotics_interface/ob_robotics_interface/msg/detail/optimization_data__functions.c
[40.078s] -- Up-to-date: /mnt/d/Documentos/PUC-Rio/Maestrado/ELE2363/Optimization_based_robotics/install/ob_robotics_interface/include/ob_robotics_interface/ob_robotics_interface/msg/detail/optimization_data__functions.h
[40.125s] -- Up-to-date: /mnt/d/Documentos/PUC-Rio/Maestrado/ELE2363/Optimization_based_robotics/install/ob_robotics_interface/include/ob_robotics_interface/ob_robotics_interface/msg/detail/optimization_data__struct.h
[40.169s] -- Installing: /mnt/d/Documentos/PUC-Rio/Maestrado/ELE2363/Optimization_based_robotics/install/ob_robotics_interface/include/ob_robotics_interface/ob_robotics_interface/msg/detail/optimization_data__type_support.c
[40.355s] -- Up-to-date: /mnt/d/Documentos/PUC-Rio/Maestrado/ELE2363/Optimization_based_robotics/install/ob_robotics_interface/include/ob_robotics_interface/ob_robotics_interface/msg/detail/optimization_data__type_support.h
[40.402s] -- Up-to-date: /mnt/d/Documentos/PUC-Rio/Maestrado/ELE2363/Optimization_based_robotics/install/ob_robotics_interface/include/ob_robotics_interface/ob_robotics_interface/msg/detail/performance_data__description.c
[40.452s] -- Up-to-date: /mnt/d/Documentos/PUC-Rio/Maestrado/ELE2363/Optimization_based_robotics/install/ob_robotics_interface/include/ob_robotics_interface/ob_robotics_interface/msg/detail/performance_data__functions.c
[40.499s] -- Up-to-date: /mnt/d/Documentos/PUC-Rio/Maestrado/ELE2363/Optimization_based_robotics/install/ob_robotics_interface/include/ob_robotics_interface/ob_robotics_interface/msg/detail/performance_data__functions.h
[40.547s] -- Up-to-date: /mnt/d/Documentos/PUC-Rio/Maestrado/ELE2363/Optimization_based_robotics/install/ob_robotics_interface/include/ob_robotics_interface/ob_robotics_interface/msg/detail/performance_data__struct.h
[40.591s] -- Installing: /mnt/d/Documentos/PUC-Rio/Maestrado/ELE2363/Optimization_based_robotics/install/ob_robotics_interface/include/ob_robotics_interface/ob_robotics_interface/msg/detail/performance_data__type_support.c
[40.781s] -- Up-to-date: /mnt/d/Documentos/PUC-Rio/Maestrado/ELE2363/Optimization_based_robotics/install/ob_robotics_interface/include/ob_robotics_interface/ob_robotics_interface/msg/detail/performance_data__type_support.h
[40.835s] -- Up-to-date: /mnt/d/Documentos/PUC-Rio/Maestrado/ELE2363/Optimization_based_robotics/install/ob_robotics_interface/include/ob_robotics_interface/ob_robotics_interface/msg/detail/robot_model_interface__description.c
[40.888s] -- Up-to-date: /mnt/d/Documentos/PUC-Rio/Maestrado/ELE2363/Optimization_based_robotics/install/ob_robotics_interface/include/ob_robotics_interface/ob_robotics_interface/msg/detail/robot_model_interface__functions.c
[40.943s] -- Up-to-date: /mnt/d/Documentos/PUC-Rio/Maestrado/ELE2363/Optimization_based_robotics/install/ob_robotics_interface/include/ob_robotics_interface/ob_robotics_interface/msg/detail/robot_model_interface__functions.h
[40.994s] -- Up-to-date: /mnt/d/Documentos/PUC-Rio/Maestrado/ELE2363/Optimization_based_robotics/install/ob_robotics_interface/include/ob_robotics_interface/ob_robotics_interface/msg/detail/robot_model_interface__struct.h
[41.048s] -- Installing: /mnt/d/Documentos/PUC-Rio/Maestrado/ELE2363/Optimization_based_robotics/install/ob_robotics_interface/include/ob_robotics_interface/ob_robotics_interface/msg/detail/robot_model_interface__type_support.c
[41.241s] -- Up-to-date: /mnt/d/Documentos/PUC-Rio/Maestrado/ELE2363/Optimization_based_robotics/install/ob_robotics_interface/include/ob_robotics_interface/ob_robotics_interface/msg/detail/robot_model_interface__type_support.h
[41.294s] -- Up-to-date: /mnt/d/Documentos/PUC-Rio/Maestrado/ELE2363/Optimization_based_robotics/install/ob_robotics_interface/include/ob_robotics_interface/ob_robotics_interface/msg/model_processed_data.h
[41.341s] -- Up-to-date: /mnt/d/Documentos/PUC-Rio/Maestrado/ELE2363/Optimization_based_robotics/install/ob_robotics_interface/include/ob_robotics_interface/ob_robotics_interface/msg/optimization_data.h
[41.384s] -- Up-to-date: /mnt/d/Documentos/PUC-Rio/Maestrado/ELE2363/Optimization_based_robotics/install/ob_robotics_interface/include/ob_robotics_interface/ob_robotics_interface/msg/performance_data.h
[41.423s] -- Up-to-date: /mnt/d/Documentos/PUC-Rio/Maestrado/ELE2363/Optimization_based_robotics/install/ob_robotics_interface/include/ob_robotics_interface/ob_robotics_interface/msg/robot_model_interface.h
[41.465s] -- Up-to-date: /mnt/d/Documentos/PUC-Rio/Maestrado/ELE2363/Optimization_based_robotics/install/ob_robotics_interface/include/ob_robotics_interface/ob_robotics_interface/msg/rosidl_generator_c__visibility_control.h
[41.498s] -- Up-to-date: /mnt/d/Documentos/PUC-Rio/Maestrado/ELE2363/Optimization_based_robotics/install/ob_robotics_interface/share/ob_robotics_interface/environment/library_path.sh
[41.541s] -- Up-to-date: /mnt/d/Documentos/PUC-Rio/Maestrado/ELE2363/Optimization_based_robotics/install/ob_robotics_interface/share/ob_robotics_interface/environment/library_path.dsv
[41.622s] -- Up-to-date: /mnt/d/Documentos/PUC-Rio/Maestrado/ELE2363/Optimization_based_robotics/install/ob_robotics_interface/lib/libob_robotics_interface__rosidl_generator_c.so
[41.707s] -- Up-to-date: /mnt/d/Documentos/PUC-Rio/Maestrado/ELE2363/Optimization_based_robotics/install/ob_robotics_interface/include/ob_robotics_interface/ob_robotics_interface
[41.762s] -- Up-to-date: /mnt/d/Documentos/PUC-Rio/Maestrado/ELE2363/Optimization_based_robotics/install/ob_robotics_interface/include/ob_robotics_interface/ob_robotics_interface/msg
[41.817s] -- Up-to-date: /mnt/d/Documentos/PUC-Rio/Maestrado/ELE2363/Optimization_based_robotics/install/ob_robotics_interface/include/ob_robotics_interface/ob_robotics_interface/msg/detail
[41.894s] -- Up-to-date: /mnt/d/Documentos/PUC-Rio/Maestrado/ELE2363/Optimization_based_robotics/install/ob_robotics_interface/include/ob_robotics_interface/ob_robotics_interface/msg/detail/model_processed_data__rosidl_typesupport_fastrtps_c.h
[41.952s] -- Up-to-date: /mnt/d/Documentos/PUC-Rio/Maestrado/ELE2363/Optimization_based_robotics/install/ob_robotics_interface/include/ob_robotics_interface/ob_robotics_interface/msg/detail/optimization_data__rosidl_typesupport_fastrtps_c.h
[42.008s] -- Up-to-date: /mnt/d/Documentos/PUC-Rio/Maestrado/ELE2363/Optimization_based_robotics/install/ob_robotics_interface/include/ob_robotics_interface/ob_robotics_interface/msg/detail/performance_data__rosidl_typesupport_fastrtps_c.h
[42.060s] -- Up-to-date: /mnt/d/Documentos/PUC-Rio/Maestrado/ELE2363/Optimization_based_robotics/install/ob_robotics_interface/include/ob_robotics_interface/ob_robotics_interface/msg/detail/robot_model_interface__rosidl_typesupport_fastrtps_c.h
[42.107s] -- Up-to-date: /mnt/d/Documentos/PUC-Rio/Maestrado/ELE2363/Optimization_based_robotics/install/ob_robotics_interface/include/ob_robotics_interface/ob_robotics_interface/msg/rosidl_typesupport_fastrtps_c__visibility_control.h
[42.198s] -- Up-to-date: /mnt/d/Documentos/PUC-Rio/Maestrado/ELE2363/Optimization_based_robotics/install/ob_robotics_interface/lib/libob_robotics_interface__rosidl_typesupport_fastrtps_c.so
[42.279s] -- Up-to-date: /mnt/d/Documentos/PUC-Rio/Maestrado/ELE2363/Optimization_based_robotics/install/ob_robotics_interface/include/ob_robotics_interface/ob_robotics_interface
[42.328s] -- Up-to-date: /mnt/d/Documentos/PUC-Rio/Maestrado/ELE2363/Optimization_based_robotics/install/ob_robotics_interface/include/ob_robotics_interface/ob_robotics_interface/msg
[42.384s] -- Up-to-date: /mnt/d/Documentos/PUC-Rio/Maestrado/ELE2363/Optimization_based_robotics/install/ob_robotics_interface/include/ob_robotics_interface/ob_robotics_interface/msg/detail
[42.453s] -- Up-to-date: /mnt/d/Documentos/PUC-Rio/Maestrado/ELE2363/Optimization_based_robotics/install/ob_robotics_interface/include/ob_robotics_interface/ob_robotics_interface/msg/detail/model_processed_data__builder.hpp
[42.504s] -- Up-to-date: /mnt/d/Documentos/PUC-Rio/Maestrado/ELE2363/Optimization_based_robotics/install/ob_robotics_interface/include/ob_robotics_interface/ob_robotics_interface/msg/detail/model_processed_data__struct.hpp
[42.554s] -- Up-to-date: /mnt/d/Documentos/PUC-Rio/Maestrado/ELE2363/Optimization_based_robotics/install/ob_robotics_interface/include/ob_robotics_interface/ob_robotics_interface/msg/detail/model_processed_data__traits.hpp
[42.605s] -- Up-to-date: /mnt/d/Documentos/PUC-Rio/Maestrado/ELE2363/Optimization_based_robotics/install/ob_robotics_interface/include/ob_robotics_interface/ob_robotics_interface/msg/detail/model_processed_data__type_support.hpp
[42.664s] -- Up-to-date: /mnt/d/Documentos/PUC-Rio/Maestrado/ELE2363/Optimization_based_robotics/install/ob_robotics_interface/include/ob_robotics_interface/ob_robotics_interface/msg/detail/optimization_data__builder.hpp
[42.725s] -- Up-to-date: /mnt/d/Documentos/PUC-Rio/Maestrado/ELE2363/Optimization_based_robotics/install/ob_robotics_interface/include/ob_robotics_interface/ob_robotics_interface/msg/detail/optimization_data__struct.hpp
[42.775s] -- Up-to-date: /mnt/d/Documentos/PUC-Rio/Maestrado/ELE2363/Optimization_based_robotics/install/ob_robotics_interface/include/ob_robotics_interface/ob_robotics_interface/msg/detail/optimization_data__traits.hpp
[42.829s] -- Up-to-date: /mnt/d/Documentos/PUC-Rio/Maestrado/ELE2363/Optimization_based_robotics/install/ob_robotics_interface/include/ob_robotics_interface/ob_robotics_interface/msg/detail/optimization_data__type_support.hpp
[42.894s] -- Up-to-date: /mnt/d/Documentos/PUC-Rio/Maestrado/ELE2363/Optimization_based_robotics/install/ob_robotics_interface/include/ob_robotics_interface/ob_robotics_interface/msg/detail/performance_data__builder.hpp
[42.947s] -- Up-to-date: /mnt/d/Documentos/PUC-Rio/Maestrado/ELE2363/Optimization_based_robotics/install/ob_robotics_interface/include/ob_robotics_interface/ob_robotics_interface/msg/detail/performance_data__struct.hpp
[43.005s] -- Up-to-date: /mnt/d/Documentos/PUC-Rio/Maestrado/ELE2363/Optimization_based_robotics/install/ob_robotics_interface/include/ob_robotics_interface/ob_robotics_interface/msg/detail/performance_data__traits.hpp
[43.060s] -- Up-to-date: /mnt/d/Documentos/PUC-Rio/Maestrado/ELE2363/Optimization_based_robotics/install/ob_robotics_interface/include/ob_robotics_interface/ob_robotics_interface/msg/detail/performance_data__type_support.hpp
[43.112s] -- Up-to-date: /mnt/d/Documentos/PUC-Rio/Maestrado/ELE2363/Optimization_based_robotics/install/ob_robotics_interface/include/ob_robotics_interface/ob_robotics_interface/msg/detail/robot_model_interface__builder.hpp
[43.164s] -- Up-to-date: /mnt/d/Documentos/PUC-Rio/Maestrado/ELE2363/Optimization_based_robotics/install/ob_robotics_interface/include/ob_robotics_interface/ob_robotics_interface/msg/detail/robot_model_interface__struct.hpp
[43.217s] -- Up-to-date: /mnt/d/Documentos/PUC-Rio/Maestrado/ELE2363/Optimization_based_robotics/install/ob_robotics_interface/include/ob_robotics_interface/ob_robotics_interface/msg/detail/robot_model_interface__traits.hpp
[43.267s] -- Up-to-date: /mnt/d/Documentos/PUC-Rio/Maestrado/ELE2363/Optimization_based_robotics/install/ob_robotics_interface/include/ob_robotics_interface/ob_robotics_interface/msg/detail/robot_model_interface__type_support.hpp
[43.318s] -- Up-to-date: /mnt/d/Documentos/PUC-Rio/Maestrado/ELE2363/Optimization_based_robotics/install/ob_robotics_interface/include/ob_robotics_interface/ob_robotics_interface/msg/model_processed_data.hpp
[43.367s] -- Up-to-date: /mnt/d/Documentos/PUC-Rio/Maestrado/ELE2363/Optimization_based_robotics/install/ob_robotics_interface/include/ob_robotics_interface/ob_robotics_interface/msg/optimization_data.hpp
[43.408s] -- Up-to-date: /mnt/d/Documentos/PUC-Rio/Maestrado/ELE2363/Optimization_based_robotics/install/ob_robotics_interface/include/ob_robotics_interface/ob_robotics_interface/msg/performance_data.hpp
[43.452s] -- Up-to-date: /mnt/d/Documentos/PUC-Rio/Maestrado/ELE2363/Optimization_based_robotics/install/ob_robotics_interface/include/ob_robotics_interface/ob_robotics_interface/msg/robot_model_interface.hpp
[43.490s] -- Up-to-date: /mnt/d/Documentos/PUC-Rio/Maestrado/ELE2363/Optimization_based_robotics/install/ob_robotics_interface/include/ob_robotics_interface/ob_robotics_interface/msg/rosidl_generator_cpp__visibility_control.hpp
[43.516s] -- Up-to-date: /mnt/d/Documentos/PUC-Rio/Maestrado/ELE2363/Optimization_based_robotics/install/ob_robotics_interface/include/ob_robotics_interface/ob_robotics_interface
[43.562s] -- Up-to-date: /mnt/d/Documentos/PUC-Rio/Maestrado/ELE2363/Optimization_based_robotics/install/ob_robotics_interface/include/ob_robotics_interface/ob_robotics_interface/msg
[43.620s] -- Up-to-date: /mnt/d/Documentos/PUC-Rio/Maestrado/ELE2363/Optimization_based_robotics/install/ob_robotics_interface/include/ob_robotics_interface/ob_robotics_interface/msg/detail
[43.688s] -- Up-to-date: /mnt/d/Documentos/PUC-Rio/Maestrado/ELE2363/Optimization_based_robotics/install/ob_robotics_interface/include/ob_robotics_interface/ob_robotics_interface/msg/detail/dds_fastrtps
[43.761s] -- Up-to-date: /mnt/d/Documentos/PUC-Rio/Maestrado/ELE2363/Optimization_based_robotics/install/ob_robotics_interface/include/ob_robotics_interface/ob_robotics_interface/msg/detail/model_processed_data__rosidl_typesupport_fastrtps_cpp.hpp
[43.810s] -- Up-to-date: /mnt/d/Documentos/PUC-Rio/Maestrado/ELE2363/Optimization_based_robotics/install/ob_robotics_interface/include/ob_robotics_interface/ob_robotics_interface/msg/detail/optimization_data__rosidl_typesupport_fastrtps_cpp.hpp
[43.866s] -- Up-to-date: /mnt/d/Documentos/PUC-Rio/Maestrado/ELE2363/Optimization_based_robotics/install/ob_robotics_interface/include/ob_robotics_interface/ob_robotics_interface/msg/detail/performance_data__rosidl_typesupport_fastrtps_cpp.hpp
[43.923s] -- Up-to-date: /mnt/d/Documentos/PUC-Rio/Maestrado/ELE2363/Optimization_based_robotics/install/ob_robotics_interface/include/ob_robotics_interface/ob_robotics_interface/msg/detail/robot_model_interface__rosidl_typesupport_fastrtps_cpp.hpp
[43.975s] -- Up-to-date: /mnt/d/Documentos/PUC-Rio/Maestrado/ELE2363/Optimization_based_robotics/install/ob_robotics_interface/include/ob_robotics_interface/ob_robotics_interface/msg/rosidl_typesupport_fastrtps_cpp__visibility_control.h
[44.062s] -- Up-to-date: /mnt/d/Documentos/PUC-Rio/Maestrado/ELE2363/Optimization_based_robotics/install/ob_robotics_interface/lib/libob_robotics_interface__rosidl_typesupport_fastrtps_cpp.so
[44.153s] -- Up-to-date: /mnt/d/Documentos/PUC-Rio/Maestrado/ELE2363/Optimization_based_robotics/install/ob_robotics_interface/include/ob_robotics_interface/ob_robotics_interface
[44.197s] -- Up-to-date: /mnt/d/Documentos/PUC-Rio/Maestrado/ELE2363/Optimization_based_robotics/install/ob_robotics_interface/include/ob_robotics_interface/ob_robotics_interface/msg
[44.248s] -- Up-to-date: /mnt/d/Documentos/PUC-Rio/Maestrado/ELE2363/Optimization_based_robotics/install/ob_robotics_interface/include/ob_robotics_interface/ob_robotics_interface/msg/detail
[44.310s] -- Up-to-date: /mnt/d/Documentos/PUC-Rio/Maestrado/ELE2363/Optimization_based_robotics/install/ob_robotics_interface/include/ob_robotics_interface/ob_robotics_interface/msg/detail/model_processed_data__rosidl_typesupport_introspection_c.h
[44.359s] -- Installing: /mnt/d/Documentos/PUC-Rio/Maestrado/ELE2363/Optimization_based_robotics/install/ob_robotics_interface/include/ob_robotics_interface/ob_robotics_interface/msg/detail/model_processed_data__type_support.c
[44.536s] -- Up-to-date: /mnt/d/Documentos/PUC-Rio/Maestrado/ELE2363/Optimization_based_robotics/install/ob_robotics_interface/include/ob_robotics_interface/ob_robotics_interface/msg/detail/optimization_data__rosidl_typesupport_introspection_c.h
[44.592s] -- Installing: /mnt/d/Documentos/PUC-Rio/Maestrado/ELE2363/Optimization_based_robotics/install/ob_robotics_interface/include/ob_robotics_interface/ob_robotics_interface/msg/detail/optimization_data__type_support.c
[44.768s] -- Up-to-date: /mnt/d/Documentos/PUC-Rio/Maestrado/ELE2363/Optimization_based_robotics/install/ob_robotics_interface/include/ob_robotics_interface/ob_robotics_interface/msg/detail/performance_data__rosidl_typesupport_introspection_c.h
[44.823s] -- Installing: /mnt/d/Documentos/PUC-Rio/Maestrado/ELE2363/Optimization_based_robotics/install/ob_robotics_interface/include/ob_robotics_interface/ob_robotics_interface/msg/detail/performance_data__type_support.c
[45.021s] -- Up-to-date: /mnt/d/Documentos/PUC-Rio/Maestrado/ELE2363/Optimization_based_robotics/install/ob_robotics_interface/include/ob_robotics_interface/ob_robotics_interface/msg/detail/robot_model_interface__rosidl_typesupport_introspection_c.h
[45.069s] -- Installing: /mnt/d/Documentos/PUC-Rio/Maestrado/ELE2363/Optimization_based_robotics/install/ob_robotics_interface/include/ob_robotics_interface/ob_robotics_interface/msg/detail/robot_model_interface__type_support.c
[45.250s] -- Up-to-date: /mnt/d/Documentos/PUC-Rio/Maestrado/ELE2363/Optimization_based_robotics/install/ob_robotics_interface/include/ob_robotics_interface/ob_robotics_interface/msg/rosidl_typesupport_introspection_c__visibility_control.h
[45.323s] -- Up-to-date: /mnt/d/Documentos/PUC-Rio/Maestrado/ELE2363/Optimization_based_robotics/install/ob_robotics_interface/lib/libob_robotics_interface__rosidl_typesupport_introspection_c.so
[45.435s] -- Up-to-date: /mnt/d/Documentos/PUC-Rio/Maestrado/ELE2363/Optimization_based_robotics/install/ob_robotics_interface/lib/libob_robotics_interface__rosidl_typesupport_c.so
[45.502s] -- Up-to-date: /mnt/d/Documentos/PUC-Rio/Maestrado/ELE2363/Optimization_based_robotics/install/ob_robotics_interface/include/ob_robotics_interface/ob_robotics_interface
[45.544s] -- Up-to-date: /mnt/d/Documentos/PUC-Rio/Maestrado/ELE2363/Optimization_based_robotics/install/ob_robotics_interface/include/ob_robotics_interface/ob_robotics_interface/msg
[45.594s] -- Up-to-date: /mnt/d/Documentos/PUC-Rio/Maestrado/ELE2363/Optimization_based_robotics/install/ob_robotics_interface/include/ob_robotics_interface/ob_robotics_interface/msg/detail
[45.656s] -- Up-to-date: /mnt/d/Documentos/PUC-Rio/Maestrado/ELE2363/Optimization_based_robotics/install/ob_robotics_interface/include/ob_robotics_interface/ob_robotics_interface/msg/detail/model_processed_data__rosidl_typesupport_introspection_cpp.hpp
[45.706s] -- Up-to-date: /mnt/d/Documentos/PUC-Rio/Maestrado/ELE2363/Optimization_based_robotics/install/ob_robotics_interface/include/ob_robotics_interface/ob_robotics_interface/msg/detail/model_processed_data__type_support.cpp
[45.755s] -- Up-to-date: /mnt/d/Documentos/PUC-Rio/Maestrado/ELE2363/Optimization_based_robotics/install/ob_robotics_interface/include/ob_robotics_interface/ob_robotics_interface/msg/detail/optimization_data__rosidl_typesupport_introspection_cpp.hpp
[45.807s] -- Up-to-date: /mnt/d/Documentos/PUC-Rio/Maestrado/ELE2363/Optimization_based_robotics/install/ob_robotics_interface/include/ob_robotics_interface/ob_robotics_interface/msg/detail/optimization_data__type_support.cpp
[45.862s] -- Up-to-date: /mnt/d/Documentos/PUC-Rio/Maestrado/ELE2363/Optimization_based_robotics/install/ob_robotics_interface/include/ob_robotics_interface/ob_robotics_interface/msg/detail/performance_data__rosidl_typesupport_introspection_cpp.hpp
[45.924s] -- Up-to-date: /mnt/d/Documentos/PUC-Rio/Maestrado/ELE2363/Optimization_based_robotics/install/ob_robotics_interface/include/ob_robotics_interface/ob_robotics_interface/msg/detail/performance_data__type_support.cpp
[45.980s] -- Up-to-date: /mnt/d/Documentos/PUC-Rio/Maestrado/ELE2363/Optimization_based_robotics/install/ob_robotics_interface/include/ob_robotics_interface/ob_robotics_interface/msg/detail/robot_model_interface__rosidl_typesupport_introspection_cpp.hpp
[46.032s] -- Up-to-date: /mnt/d/Documentos/PUC-Rio/Maestrado/ELE2363/Optimization_based_robotics/install/ob_robotics_interface/include/ob_robotics_interface/ob_robotics_interface/msg/detail/robot_model_interface__type_support.cpp
[46.116s] -- Up-to-date: /mnt/d/Documentos/PUC-Rio/Maestrado/ELE2363/Optimization_based_robotics/install/ob_robotics_interface/lib/libob_robotics_interface__rosidl_typesupport_introspection_cpp.so
[46.253s] -- Up-to-date: /mnt/d/Documentos/PUC-Rio/Maestrado/ELE2363/Optimization_based_robotics/install/ob_robotics_interface/lib/libob_robotics_interface__rosidl_typesupport_cpp.so
[46.350s] -- Up-to-date: /mnt/d/Documentos/PUC-Rio/Maestrado/ELE2363/Optimization_based_robotics/install/ob_robotics_interface/share/ob_robotics_interface/environment/pythonpath.sh
[46.391s] -- Up-to-date: /mnt/d/Documentos/PUC-Rio/Maestrado/ELE2363/Optimization_based_robotics/install/ob_robotics_interface/share/ob_robotics_interface/environment/pythonpath.dsv
[46.425s] -- Up-to-date: /mnt/d/Documentos/PUC-Rio/Maestrado/ELE2363/Optimization_based_robotics/install/ob_robotics_interface/lib/python3.12/site-packages/ob_robotics_interface-0.0.0-py3.12.egg-info
[46.479s] -- Installing: /mnt/d/Documentos/PUC-Rio/Maestrado/ELE2363/Optimization_based_robotics/install/ob_robotics_interface/lib/python3.12/site-packages/ob_robotics_interface-0.0.0-py3.12.egg-info/dependency_links.txt
[46.631s] -- Installing: /mnt/d/Documentos/PUC-Rio/Maestrado/ELE2363/Optimization_based_robotics/install/ob_robotics_interface/lib/python3.12/site-packages/ob_robotics_interface-0.0.0-py3.12.egg-info/PKG-INFO
[46.779s] -- Installing: /mnt/d/Documentos/PUC-Rio/Maestrado/ELE2363/Optimization_based_robotics/install/ob_robotics_interface/lib/python3.12/site-packages/ob_robotics_interface-0.0.0-py3.12.egg-info/SOURCES.txt
[46.946s] -- Installing: /mnt/d/Documentos/PUC-Rio/Maestrado/ELE2363/Optimization_based_robotics/install/ob_robotics_interface/lib/python3.12/site-packages/ob_robotics_interface-0.0.0-py3.12.egg-info/top_level.txt
[47.108s] -- Up-to-date: /mnt/d/Documentos/PUC-Rio/Maestrado/ELE2363/Optimization_based_robotics/install/ob_robotics_interface/lib/python3.12/site-packages/ob_robotics_interface
[47.178s] -- Up-to-date: /mnt/d/Documentos/PUC-Rio/Maestrado/ELE2363/Optimization_based_robotics/install/ob_robotics_interface/lib/python3.12/site-packages/ob_robotics_interface/msg
[47.280s] -- Up-to-date: /mnt/d/Documentos/PUC-Rio/Maestrado/ELE2363/Optimization_based_robotics/install/ob_robotics_interface/lib/python3.12/site-packages/ob_robotics_interface/msg/_model_processed_data.py
[47.325s] -- Up-to-date: /mnt/d/Documentos/PUC-Rio/Maestrado/ELE2363/Optimization_based_robotics/install/ob_robotics_interface/lib/python3.12/site-packages/ob_robotics_interface/msg/_model_processed_data_s.c
[47.370s] -- Up-to-date: /mnt/d/Documentos/PUC-Rio/Maestrado/ELE2363/Optimization_based_robotics/install/ob_robotics_interface/lib/python3.12/site-packages/ob_robotics_interface/msg/_optimization_data.py
[47.417s] -- Up-to-date: /mnt/d/Documentos/PUC-Rio/Maestrado/ELE2363/Optimization_based_robotics/install/ob_robotics_interface/lib/python3.12/site-packages/ob_robotics_interface/msg/_optimization_data_s.c
[47.462s] -- Up-to-date: /mnt/d/Documentos/PUC-Rio/Maestrado/ELE2363/Optimization_based_robotics/install/ob_robotics_interface/lib/python3.12/site-packages/ob_robotics_interface/msg/_performance_data.py
[47.509s] -- Up-to-date: /mnt/d/Documentos/PUC-Rio/Maestrado/ELE2363/Optimization_based_robotics/install/ob_robotics_interface/lib/python3.12/site-packages/ob_robotics_interface/msg/_performance_data_s.c
[47.555s] -- Up-to-date: /mnt/d/Documentos/PUC-Rio/Maestrado/ELE2363/Optimization_based_robotics/install/ob_robotics_interface/lib/python3.12/site-packages/ob_robotics_interface/msg/_robot_model_interface.py
[47.607s] -- Up-to-date: /mnt/d/Documentos/PUC-Rio/Maestrado/ELE2363/Optimization_based_robotics/install/ob_robotics_interface/lib/python3.12/site-packages/ob_robotics_interface/msg/_robot_model_interface_s.c
[47.653s] -- Up-to-date: /mnt/d/Documentos/PUC-Rio/Maestrado/ELE2363/Optimization_based_robotics/install/ob_robotics_interface/lib/python3.12/site-packages/ob_robotics_interface/msg/__init__.py
[47.690s] -- Up-to-date: /mnt/d/Documentos/PUC-Rio/Maestrado/ELE2363/Optimization_based_robotics/install/ob_robotics_interface/lib/python3.12/site-packages/ob_robotics_interface/ob_robotics_interface_s__rosidl_typesupport_c.so
[47.726s] -- Up-to-date: /mnt/d/Documentos/PUC-Rio/Maestrado/ELE2363/Optimization_based_robotics/install/ob_robotics_interface/lib/python3.12/site-packages/ob_robotics_interface/ob_robotics_interface_s__rosidl_typesupport_fastrtps_c.so
[47.762s] -- Up-to-date: /mnt/d/Documentos/PUC-Rio/Maestrado/ELE2363/Optimization_based_robotics/install/ob_robotics_interface/lib/python3.12/site-packages/ob_robotics_interface/ob_robotics_interface_s__rosidl_typesupport_introspection_c.so
[47.795s] -- Up-to-date: /mnt/d/Documentos/PUC-Rio/Maestrado/ELE2363/Optimization_based_robotics/install/ob_robotics_interface/lib/python3.12/site-packages/ob_robotics_interface/_ob_robotics_interface_s.ep.rosidl_typesupport_c.c
[47.834s] -- Up-to-date: /mnt/d/Documentos/PUC-Rio/Maestrado/ELE2363/Optimization_based_robotics/install/ob_robotics_interface/lib/python3.12/site-packages/ob_robotics_interface/_ob_robotics_interface_s.ep.rosidl_typesupport_fastrtps_c.c
[47.872s] -- Up-to-date: /mnt/d/Documentos/PUC-Rio/Maestrado/ELE2363/Optimization_based_robotics/install/ob_robotics_interface/lib/python3.12/site-packages/ob_robotics_interface/_ob_robotics_interface_s.ep.rosidl_typesupport_introspection_c.c
[47.914s] -- Up-to-date: /mnt/d/Documentos/PUC-Rio/Maestrado/ELE2363/Optimization_based_robotics/install/ob_robotics_interface/lib/python3.12/site-packages/ob_robotics_interface/__init__.py
[50.772s] Listing '/mnt/d/Documentos/PUC-Rio/Maestrado/ELE2363/Optimization_based_robotics/install/ob_robotics_interface/lib/python3.12/site-packages/ob_robotics_interface'...
[50.774s] Listing '/mnt/d/Documentos/PUC-Rio/Maestrado/ELE2363/Optimization_based_robotics/install/ob_robotics_interface/lib/python3.12/site-packages/ob_robotics_interface/msg'...
[50.891s] -- Up-to-date: /mnt/d/Documentos/PUC-Rio/Maestrado/ELE2363/Optimization_based_robotics/install/ob_robotics_interface/lib/python3.12/site-packages/ob_robotics_interface/ob_robotics_interface_s__rosidl_typesupport_fastrtps_c.so
[51.103s] -- Up-to-date: /mnt/d/Documentos/PUC-Rio/Maestrado/ELE2363/Optimization_based_robotics/install/ob_robotics_interface/lib/python3.12/site-packages/ob_robotics_interface/ob_robotics_interface_s__rosidl_typesupport_introspection_c.so
[51.282s] -- Up-to-date: /mnt/d/Documentos/PUC-Rio/Maestrado/ELE2363/Optimization_based_robotics/install/ob_robotics_interface/lib/python3.12/site-packages/ob_robotics_interface/ob_robotics_interface_s__rosidl_typesupport_c.so
[51.430s] -- Up-to-date: /mnt/d/Documentos/PUC-Rio/Maestrado/ELE2363/Optimization_based_robotics/install/ob_robotics_interface/lib/libob_robotics_interface__rosidl_generator_py.so
[51.525s] -- Up-to-date: /mnt/d/Documentos/PUC-Rio/Maestrado/ELE2363/Optimization_based_robotics/install/ob_robotics_interface/share/ob_robotics_interface/msg/ModelProcessedData.idl
[51.571s] -- Up-to-date: /mnt/d/Documentos/PUC-Rio/Maestrado/ELE2363/Optimization_based_robotics/install/ob_robotics_interface/share/ob_robotics_interface/msg/PerformanceData.idl
[51.618s] -- Up-to-date: /mnt/d/Documentos/PUC-Rio/Maestrado/ELE2363/Optimization_based_robotics/install/ob_robotics_interface/share/ob_robotics_interface/msg/OptimizationData.idl
[51.664s] -- Up-to-date: /mnt/d/Documentos/PUC-Rio/Maestrado/ELE2363/Optimization_based_robotics/install/ob_robotics_interface/share/ob_robotics_interface/msg/RobotModelInterface.idl
[51.712s] -- Up-to-date: /mnt/d/Documentos/PUC-Rio/Maestrado/ELE2363/Optimization_based_robotics/install/ob_robotics_interface/share/ob_robotics_interface/msg/ModelProcessedData.msg
[51.758s] -- Up-to-date: /mnt/d/Documentos/PUC-Rio/Maestrado/ELE2363/Optimization_based_robotics/install/ob_robotics_interface/share/ob_robotics_interface/msg/PerformanceData.msg
[51.804s] -- Up-to-date: /mnt/d/Documentos/PUC-Rio/Maestrado/ELE2363/Optimization_based_robotics/install/ob_robotics_interface/share/ob_robotics_interface/msg/OptimizationData.msg
[51.843s] -- Up-to-date: /mnt/d/Documentos/PUC-Rio/Maestrado/ELE2363/Optimization_based_robotics/install/ob_robotics_interface/share/ob_robotics_interface/msg/RobotModelInterface.msg
[51.900s] -- Up-to-date: /mnt/d/Documentos/PUC-Rio/Maestrado/ELE2363/Optimization_based_robotics/install/ob_robotics_interface/share/ament_index/resource_index/package_run_dependencies/ob_robotics_interface
[51.962s] -- Up-to-date: /mnt/d/Documentos/PUC-Rio/Maestrado/ELE2363/Optimization_based_robotics/install/ob_robotics_interface/share/ament_index/resource_index/parent_prefix_path/ob_robotics_interface
[51.998s] -- Up-to-date: /mnt/d/Documentos/PUC-Rio/Maestrado/ELE2363/Optimization_based_robotics/install/ob_robotics_interface/share/ob_robotics_interface/environment/ament_prefix_path.sh
[52.037s] -- Up-to-date: /mnt/d/Documentos/PUC-Rio/Maestrado/ELE2363/Optimization_based_robotics/install/ob_robotics_interface/share/ob_robotics_interface/environment/ament_prefix_path.dsv
[52.069s] -- Up-to-date: /mnt/d/Documentos/PUC-Rio/Maestrado/ELE2363/Optimization_based_robotics/install/ob_robotics_interface/share/ob_robotics_interface/environment/path.sh
[52.114s] -- Up-to-date: /mnt/d/Documentos/PUC-Rio/Maestrado/ELE2363/Optimization_based_robotics/install/ob_robotics_interface/share/ob_robotics_interface/environment/path.dsv
[52.163s] -- Up-to-date: /mnt/d/Documentos/PUC-Rio/Maestrado/ELE2363/Optimization_based_robotics/install/ob_robotics_interface/share/ob_robotics_interface/local_setup.bash
[52.202s] -- Up-to-date: /mnt/d/Documentos/PUC-Rio/Maestrado/ELE2363/Optimization_based_robotics/install/ob_robotics_interface/share/ob_robotics_interface/local_setup.sh
[52.238s] -- Up-to-date: /mnt/d/Documentos/PUC-Rio/Maestrado/ELE2363/Optimization_based_robotics/install/ob_robotics_interface/share/ob_robotics_interface/local_setup.zsh
[52.274s] -- Up-to-date: /mnt/d/Documentos/PUC-Rio/Maestrado/ELE2363/Optimization_based_robotics/install/ob_robotics_interface/share/ob_robotics_interface/local_setup.dsv
[52.313s] -- Installing: /mnt/d/Documentos/PUC-Rio/Maestrado/ELE2363/Optimization_based_robotics/install/ob_robotics_interface/share/ob_robotics_interface/package.dsv
[52.456s] -- Up-to-date: /mnt/d/Documentos/PUC-Rio/Maestrado/ELE2363/Optimization_based_robotics/install/ob_robotics_interface/share/ament_index/resource_index/packages/ob_robotics_interface
[52.521s] -- Up-to-date: /mnt/d/Documentos/PUC-Rio/Maestrado/ELE2363/Optimization_based_robotics/install/ob_robotics_interface/share/ob_robotics_interface/cmake/export_ob_robotics_interface__rosidl_generator_cExport.cmake
[52.566s] -- Up-to-date: /mnt/d/Documentos/PUC-Rio/Maestrado/ELE2363/Optimization_based_robotics/install/ob_robotics_interface/share/ob_robotics_interface/cmake/export_ob_robotics_interface__rosidl_generator_cExport-noconfig.cmake
[52.637s] -- Up-to-date: /mnt/d/Documentos/PUC-Rio/Maestrado/ELE2363/Optimization_based_robotics/install/ob_robotics_interface/share/ob_robotics_interface/cmake/export_ob_robotics_interface__rosidl_typesupport_fastrtps_cExport.cmake
[52.686s] -- Up-to-date: /mnt/d/Documentos/PUC-Rio/Maestrado/ELE2363/Optimization_based_robotics/install/ob_robotics_interface/share/ob_robotics_interface/cmake/export_ob_robotics_interface__rosidl_typesupport_fastrtps_cExport-noconfig.cmake
[52.756s] -- Up-to-date: /mnt/d/Documentos/PUC-Rio/Maestrado/ELE2363/Optimization_based_robotics/install/ob_robotics_interface/share/ob_robotics_interface/cmake/export_ob_robotics_interface__rosidl_generator_cppExport.cmake
[52.828s] -- Up-to-date: /mnt/d/Documentos/PUC-Rio/Maestrado/ELE2363/Optimization_based_robotics/install/ob_robotics_interface/share/ob_robotics_interface/cmake/export_ob_robotics_interface__rosidl_typesupport_fastrtps_cppExport.cmake
[52.876s] -- Up-to-date: /mnt/d/Documentos/PUC-Rio/Maestrado/ELE2363/Optimization_based_robotics/install/ob_robotics_interface/share/ob_robotics_interface/cmake/export_ob_robotics_interface__rosidl_typesupport_fastrtps_cppExport-noconfig.cmake
[52.952s] -- Up-to-date: /mnt/d/Documentos/PUC-Rio/Maestrado/ELE2363/Optimization_based_robotics/install/ob_robotics_interface/share/ob_robotics_interface/cmake/ob_robotics_interface__rosidl_typesupport_introspection_cExport.cmake
[53.008s] -- Up-to-date: /mnt/d/Documentos/PUC-Rio/Maestrado/ELE2363/Optimization_based_robotics/install/ob_robotics_interface/share/ob_robotics_interface/cmake/ob_robotics_interface__rosidl_typesupport_introspection_cExport-noconfig.cmake
[53.088s] -- Up-to-date: /mnt/d/Documentos/PUC-Rio/Maestrado/ELE2363/Optimization_based_robotics/install/ob_robotics_interface/share/ob_robotics_interface/cmake/ob_robotics_interface__rosidl_typesupport_cExport.cmake
[53.148s] -- Up-to-date: /mnt/d/Documentos/PUC-Rio/Maestrado/ELE2363/Optimization_based_robotics/install/ob_robotics_interface/share/ob_robotics_interface/cmake/ob_robotics_interface__rosidl_typesupport_cExport-noconfig.cmake
[53.224s] -- Up-to-date: /mnt/d/Documentos/PUC-Rio/Maestrado/ELE2363/Optimization_based_robotics/install/ob_robotics_interface/share/ob_robotics_interface/cmake/ob_robotics_interface__rosidl_typesupport_introspection_cppExport.cmake
[53.278s] -- Up-to-date: /mnt/d/Documentos/PUC-Rio/Maestrado/ELE2363/Optimization_based_robotics/install/ob_robotics_interface/share/ob_robotics_interface/cmake/ob_robotics_interface__rosidl_typesupport_introspection_cppExport-noconfig.cmake
[53.349s] -- Up-to-date: /mnt/d/Documentos/PUC-Rio/Maestrado/ELE2363/Optimization_based_robotics/install/ob_robotics_interface/share/ob_robotics_interface/cmake/ob_robotics_interface__rosidl_typesupport_cppExport.cmake
[53.403s] -- Up-to-date: /mnt/d/Documentos/PUC-Rio/Maestrado/ELE2363/Optimization_based_robotics/install/ob_robotics_interface/share/ob_robotics_interface/cmake/ob_robotics_interface__rosidl_typesupport_cppExport-noconfig.cmake
[53.479s] -- Up-to-date: /mnt/d/Documentos/PUC-Rio/Maestrado/ELE2363/Optimization_based_robotics/install/ob_robotics_interface/share/ob_robotics_interface/cmake/export_ob_robotics_interface__rosidl_generator_pyExport.cmake
[53.531s] -- Up-to-date: /mnt/d/Documentos/PUC-Rio/Maestrado/ELE2363/Optimization_based_robotics/install/ob_robotics_interface/share/ob_robotics_interface/cmake/export_ob_robotics_interface__rosidl_generator_pyExport-noconfig.cmake
[53.579s] -- Up-to-date: /mnt/d/Documentos/PUC-Rio/Maestrado/ELE2363/Optimization_based_robotics/install/ob_robotics_interface/share/ob_robotics_interface/cmake/rosidl_cmake-extras.cmake
[53.623s] -- Up-to-date: /mnt/d/Documentos/PUC-Rio/Maestrado/ELE2363/Optimization_based_robotics/install/ob_robotics_interface/share/ob_robotics_interface/cmake/ament_cmake_export_dependencies-extras.cmake
[53.668s] -- Up-to-date: /mnt/d/Documentos/PUC-Rio/Maestrado/ELE2363/Optimization_based_robotics/install/ob_robotics_interface/share/ob_robotics_interface/cmake/ament_cmake_export_include_directories-extras.cmake
[53.719s] -- Up-to-date: /mnt/d/Documentos/PUC-Rio/Maestrado/ELE2363/Optimization_based_robotics/install/ob_robotics_interface/share/ob_robotics_interface/cmake/ament_cmake_export_libraries-extras.cmake
[53.773s] -- Up-to-date: /mnt/d/Documentos/PUC-Rio/Maestrado/ELE2363/Optimization_based_robotics/install/ob_robotics_interface/share/ob_robotics_interface/cmake/ament_cmake_export_targets-extras.cmake
[53.816s] -- Up-to-date: /mnt/d/Documentos/PUC-Rio/Maestrado/ELE2363/Optimization_based_robotics/install/ob_robotics_interface/share/ob_robotics_interface/cmake/rosidl_cmake_export_typesupport_targets-extras.cmake
[53.865s] -- Up-to-date: /mnt/d/Documentos/PUC-Rio/Maestrado/ELE2363/Optimization_based_robotics/install/ob_robotics_interface/share/ob_robotics_interface/cmake/rosidl_cmake_export_typesupport_libraries-extras.cmake
[53.910s] -- Up-to-date: /mnt/d/Documentos/PUC-Rio/Maestrado/ELE2363/Optimization_based_robotics/install/ob_robotics_interface/share/ob_robotics_interface/cmake/ob_robotics_interfaceConfig.cmake
[53.944s] -- Up-to-date: /mnt/d/Documentos/PUC-Rio/Maestrado/ELE2363/Optimization_based_robotics/install/ob_robotics_interface/share/ob_robotics_interface/cmake/ob_robotics_interfaceConfig-version.cmake
[53.992s] -- Up-to-date: /mnt/d/Documentos/PUC-Rio/Maestrado/ELE2363/Optimization_based_robotics/install/ob_robotics_interface/share/ob_robotics_interface/package.xml
[54.028s] Invoked command in '/mnt/d/Documentos/PUC-Rio/Maestrado/ELE2363/Optimization_based_robotics/build/ob_robotics_interface' returned '0': CMAKE_PREFIX_PATH=${CMAKE_PREFIX_PATH}:/mnt/d/Documentos/PUC-Rio/Maestrado/ELE2363/Optimization_based_robotics/install/Optimization_module:/mnt/d/Documentos/PUC-Rio/Maestrado/ELE2363/ros2_ws/install/turtlesim_test:/mnt/d/Documentos/PUC-Rio/Maestrado/ELE2363/ros2_ws/install/turtlesim_control:/mnt/d/Documentos/PUC-Rio/Maestrado/ELE2363/ros2_ws/install/gpg_virtual:/mnt/d/Documentos/PUC-Rio/Maestrado/ELE2363/ros2_ws/install/gpg_urdf:/opt/ros/jazzy /usr/bin/cmake --install /mnt/d/Documentos/PUC-Rio/Maestrado/ELE2363/Optimization_based_robotics/build/ob_robotics_interface
