[2.583s] DEBUG:colcon:Command line arguments: ['/usr/bin/colcon', 'build']
[2.583s] DEBUG:colcon:Parsed command line arguments: Namespace(log_base=None, log_level=None, verb_name='build', build_base='build', install_base='install', merge_install=False, symlink_install=False, test_result_base=None, continue_on_error=False, executor='parallel', parallel_workers=12, event_handlers=None, ignore_user_meta=False, metas=['./colcon.meta'], base_paths=['.'], packages_ignore=None, packages_ignore_regex=None, paths=None, packages_up_to=None, packages_up_to_regex=None, packages_above=None, packages_above_and_dependencies=None, packages_above_depth=None, packages_select_by_dep=None, packages_skip_by_dep=None, packages_skip_up_to=None, packages_select_build_failed=False, packages_skip_build_finished=False, packages_select_test_failures=False, packages_skip_test_passed=False, packages_select=None, packages_skip=None, packages_select_regex=None, packages_skip_regex=None, packages_start=None, packages_end=None, allow_overriding=[], cmake_args=None, cmake_target=None, cmake_target_skip_unavailable=False, cmake_clean_cache=False, cmake_clean_first=False, cmake_force_configure=False, ament_cmake_args=None, catkin_cmake_args=None, catkin_skip_building_tests=False, mixin_files=None, mixin=None, verb_parser=<colcon_mixin.mixin.mixin_argument.MixinArgumentDecorator object at 0x7f7422dbd2b0>, verb_extension=<colcon_core.verb.build.BuildVerb object at 0x7f7422d5eb10>, main=<bound method BuildVerb.main of <colcon_core.verb.build.BuildVerb object at 0x7f7422d5eb10>>, mixin_verb=('build',))
[2.900s] Level 1:colcon.colcon_core.package_discovery:discover_packages(colcon_meta) check parameters
[2.901s] Level 1:colcon.colcon_core.package_discovery:discover_packages(recursive) check parameters
[2.901s] Level 1:colcon.colcon_core.package_discovery:discover_packages(ignore) check parameters
[2.902s] Level 1:colcon.colcon_core.package_discovery:discover_packages(path) check parameters
[2.902s] Level 1:colcon.colcon_core.package_discovery:discover_packages(colcon_meta) discover
[2.903s] Level 1:colcon.colcon_core.package_discovery:discover_packages(recursive) discover
[2.903s] INFO:colcon.colcon_core.package_discovery:Crawling recursively for packages in '/mnt/d/Documentos/PUC-Rio/Maestrado/ELE2363/Optimization_based_robotics'
[2.906s] Level 1:colcon.colcon_core.package_identification:_identify(.) by extensions ['ignore', 'ignore_ament_install']
[2.907s] Level 1:colcon.colcon_core.package_identification:_identify(.) by extension 'ignore'
[2.908s] Level 1:colcon.colcon_core.package_identification:_identify(.) by extension 'ignore_ament_install'
[2.909s] Level 1:colcon.colcon_core.package_identification:_identify(.) by extensions ['colcon_pkg']
[2.910s] Level 1:colcon.colcon_core.package_identification:_identify(.) by extension 'colcon_pkg'
[2.911s] Level 1:colcon.colcon_core.package_identification:_identify(.) by extensions ['colcon_meta']
[2.911s] Level 1:colcon.colcon_core.package_identification:_identify(.) by extension 'colcon_meta'
[2.911s] Level 1:colcon.colcon_core.package_identification:_identify(.) by extensions ['ros']
[2.912s] Level 1:colcon.colcon_core.package_identification:_identify(.) by extension 'ros'
[3.124s] Level 1:colcon.colcon_core.package_identification:_identify(.) by extensions ['cmake', 'python']
[3.124s] Level 1:colcon.colcon_core.package_identification:_identify(.) by extension 'cmake'
[3.125s] Level 1:colcon.colcon_core.package_identification:_identify(.) by extension 'python'
[3.126s] Level 1:colcon.colcon_core.package_identification:_identify(.) by extensions ['python_setup_py']
[3.126s] Level 1:colcon.colcon_core.package_identification:_identify(.) by extension 'python_setup_py'
[3.132s] Level 1:colcon.colcon_core.package_identification:_identify(build) by extensions ['ignore', 'ignore_ament_install']
[3.133s] Level 1:colcon.colcon_core.package_identification:_identify(build) by extension 'ignore'
[3.135s] Level 1:colcon.colcon_core.package_identification:_identify(build) ignored
[3.138s] Level 1:colcon.colcon_core.package_identification:_identify(install) by extensions ['ignore', 'ignore_ament_install']
[3.139s] Level 1:colcon.colcon_core.package_identification:_identify(install) by extension 'ignore'
[3.140s] Level 1:colcon.colcon_core.package_identification:_identify(install) ignored
[3.150s] Level 1:colcon.colcon_core.package_identification:_identify(log) by extensions ['ignore', 'ignore_ament_install']
[3.151s] Level 1:colcon.colcon_core.package_identification:_identify(log) by extension 'ignore'
[3.153s] Level 1:colcon.colcon_core.package_identification:_identify(log) ignored
[3.157s] Level 1:colcon.colcon_core.package_identification:_identify(src) by extensions ['ignore', 'ignore_ament_install']
[3.158s] Level 1:colcon.colcon_core.package_identification:_identify(src) by extension 'ignore'
[3.160s] Level 1:colcon.colcon_core.package_identification:_identify(src) by extension 'ignore_ament_install'
[3.163s] Level 1:colcon.colcon_core.package_identification:_identify(src) by extensions ['colcon_pkg']
[3.164s] Level 1:colcon.colcon_core.package_identification:_identify(src) by extension 'colcon_pkg'
[3.166s] Level 1:colcon.colcon_core.package_identification:_identify(src) by extensions ['colcon_meta']
[3.166s] Level 1:colcon.colcon_core.package_identification:_identify(src) by extension 'colcon_meta'
[3.168s] Level 1:colcon.colcon_core.package_identification:_identify(src) by extensions ['ros']
[3.169s] Level 1:colcon.colcon_core.package_identification:_identify(src) by extension 'ros'
[3.175s] Level 1:colcon.colcon_core.package_identification:_identify(src) by extensions ['cmake', 'python']
[3.177s] Level 1:colcon.colcon_core.package_identification:_identify(src) by extension 'cmake'
[3.180s] Level 1:colcon.colcon_core.package_identification:_identify(src) by extension 'python'
[3.182s] Level 1:colcon.colcon_core.package_identification:_identify(src) by extensions ['python_setup_py']
[3.182s] Level 1:colcon.colcon_core.package_identification:_identify(src) by extension 'python_setup_py'
[3.190s] Level 1:colcon.colcon_core.package_identification:_identify(src/Optimization_module) by extensions ['ignore', 'ignore_ament_install']
[3.191s] Level 1:colcon.colcon_core.package_identification:_identify(src/Optimization_module) by extension 'ignore'
[3.194s] Level 1:colcon.colcon_core.package_identification:_identify(src/Optimization_module) by extension 'ignore_ament_install'
[3.200s] Level 1:colcon.colcon_core.package_identification:_identify(src/Optimization_module) by extensions ['colcon_pkg']
[3.201s] Level 1:colcon.colcon_core.package_identification:_identify(src/Optimization_module) by extension 'colcon_pkg'
[3.204s] Level 1:colcon.colcon_core.package_identification:_identify(src/Optimization_module) by extensions ['colcon_meta']
[3.205s] Level 1:colcon.colcon_core.package_identification:_identify(src/Optimization_module) by extension 'colcon_meta'
[3.210s] Level 1:colcon.colcon_core.package_identification:_identify(src/Optimization_module) by extensions ['ros']
[3.210s] Level 1:colcon.colcon_core.package_identification:_identify(src/Optimization_module) by extension 'ros'
[3.245s] DEBUG:colcon.colcon_core.package_identification:Package 'src/Optimization_module' with type 'ros.ament_python' and name 'Optimization_module'
[3.256s] Level 1:colcon.colcon_core.package_identification:_identify(src/ob_robotics_interface) by extensions ['ignore', 'ignore_ament_install']
[3.257s] Level 1:colcon.colcon_core.package_identification:_identify(src/ob_robotics_interface) by extension 'ignore'
[3.259s] Level 1:colcon.colcon_core.package_identification:_identify(src/ob_robotics_interface) by extension 'ignore_ament_install'
[3.268s] Level 1:colcon.colcon_core.package_identification:_identify(src/ob_robotics_interface) by extensions ['colcon_pkg']
[3.270s] Level 1:colcon.colcon_core.package_identification:_identify(src/ob_robotics_interface) by extension 'colcon_pkg'
[3.273s] Level 1:colcon.colcon_core.package_identification:_identify(src/ob_robotics_interface) by extensions ['colcon_meta']
[3.274s] Level 1:colcon.colcon_core.package_identification:_identify(src/ob_robotics_interface) by extension 'colcon_meta'
[3.279s] Level 1:colcon.colcon_core.package_identification:_identify(src/ob_robotics_interface) by extensions ['ros']
[3.280s] Level 1:colcon.colcon_core.package_identification:_identify(src/ob_robotics_interface) by extension 'ros'
[3.315s] DEBUG:colcon.colcon_core.package_identification:Package 'src/ob_robotics_interface' with type 'ros.ament_cmake' and name 'ob_robotics_interface'
[3.316s] Level 1:colcon.colcon_core.package_discovery:discover_packages(recursive) using defaults
[3.316s] Level 1:colcon.colcon_core.package_discovery:discover_packages(ignore) discover
[3.317s] Level 1:colcon.colcon_core.package_discovery:discover_packages(ignore) using defaults
[3.317s] Level 1:colcon.colcon_core.package_discovery:discover_packages(path) discover
[3.317s] Level 1:colcon.colcon_core.package_discovery:discover_packages(path) using defaults
[3.721s] Level 1:colcon.colcon_core.package_discovery:discover_packages(prefix_path) check parameters
[3.722s] Level 1:colcon.colcon_core.package_discovery:discover_packages(prefix_path) discover
[3.868s] DEBUG:colcon.colcon_installed_package_information.package_discovery:Found 2 installed packages in /mnt/d/Documentos/PUC-Rio/Maestrado/ELE2363/Optimization_based_robotics/install
[3.968s] DEBUG:colcon.colcon_installed_package_information.package_discovery:Found 7 installed packages in /mnt/d/Documentos/PUC-Rio/Maestrado/ELE2363/ros2_ws/install
[3.972s] DEBUG:colcon.colcon_installed_package_information.package_discovery:Found 358 installed packages in /opt/ros/jazzy
[3.978s] Level 1:colcon.colcon_core.package_discovery:discover_packages(prefix_path) using defaults
[4.290s] Level 5:colcon.colcon_core.verb:set package 'Optimization_module' build argument 'cmake_args' from command line to 'None'
[4.291s] Level 5:colcon.colcon_core.verb:set package 'Optimization_module' build argument 'cmake_target' from command line to 'None'
[4.291s] Level 5:colcon.colcon_core.verb:set package 'Optimization_module' build argument 'cmake_target_skip_unavailable' from command line to 'False'
[4.292s] Level 5:colcon.colcon_core.verb:set package 'Optimization_module' build argument 'cmake_clean_cache' from command line to 'False'
[4.292s] Level 5:colcon.colcon_core.verb:set package 'Optimization_module' build argument 'cmake_clean_first' from command line to 'False'
[4.293s] Level 5:colcon.colcon_core.verb:set package 'Optimization_module' build argument 'cmake_force_configure' from command line to 'False'
[4.293s] Level 5:colcon.colcon_core.verb:set package 'Optimization_module' build argument 'ament_cmake_args' from command line to 'None'
[4.293s] Level 5:colcon.colcon_core.verb:set package 'Optimization_module' build argument 'catkin_cmake_args' from command line to 'None'
[4.294s] Level 5:colcon.colcon_core.verb:set package 'Optimization_module' build argument 'catkin_skip_building_tests' from command line to 'False'
[4.294s] DEBUG:colcon.colcon_core.verb:Building package 'Optimization_module' with the following arguments: {'ament_cmake_args': None, 'build_base': '/mnt/d/Documentos/PUC-Rio/Maestrado/ELE2363/Optimization_based_robotics/build/Optimization_module', 'catkin_cmake_args': None, 'catkin_skip_building_tests': False, 'cmake_args': None, 'cmake_clean_cache': False, 'cmake_clean_first': False, 'cmake_force_configure': False, 'cmake_target': None, 'cmake_target_skip_unavailable': False, 'install_base': '/mnt/d/Documentos/PUC-Rio/Maestrado/ELE2363/Optimization_based_robotics/install/Optimization_module', 'merge_install': False, 'path': '/mnt/d/Documentos/PUC-Rio/Maestrado/ELE2363/Optimization_based_robotics/src/Optimization_module', 'symlink_install': False, 'test_result_base': None}
[4.295s] Level 5:colcon.colcon_core.verb:set package 'ob_robotics_interface' build argument 'cmake_args' from command line to 'None'
[4.295s] Level 5:colcon.colcon_core.verb:set package 'ob_robotics_interface' build argument 'cmake_target' from command line to 'None'
[4.295s] Level 5:colcon.colcon_core.verb:set package 'ob_robotics_interface' build argument 'cmake_target_skip_unavailable' from command line to 'False'
[4.296s] Level 5:colcon.colcon_core.verb:set package 'ob_robotics_interface' build argument 'cmake_clean_cache' from command line to 'False'
[4.296s] Level 5:colcon.colcon_core.verb:set package 'ob_robotics_interface' build argument 'cmake_clean_first' from command line to 'False'
[4.296s] Level 5:colcon.colcon_core.verb:set package 'ob_robotics_interface' build argument 'cmake_force_configure' from command line to 'False'
[4.297s] Level 5:colcon.colcon_core.verb:set package 'ob_robotics_interface' build argument 'ament_cmake_args' from command line to 'None'
[4.297s] Level 5:colcon.colcon_core.verb:set package 'ob_robotics_interface' build argument 'catkin_cmake_args' from command line to 'None'
[4.298s] Level 5:colcon.colcon_core.verb:set package 'ob_robotics_interface' build argument 'catkin_skip_building_tests' from command line to 'False'
[4.298s] DEBUG:colcon.colcon_core.verb:Building package 'ob_robotics_interface' with the following arguments: {'ament_cmake_args': None, 'build_base': '/mnt/d/Documentos/PUC-Rio/Maestrado/ELE2363/Optimization_based_robotics/build/ob_robotics_interface', 'catkin_cmake_args': None, 'catkin_skip_building_tests': False, 'cmake_args': None, 'cmake_clean_cache': False, 'cmake_clean_first': False, 'cmake_force_configure': False, 'cmake_target': None, 'cmake_target_skip_unavailable': False, 'install_base': '/mnt/d/Documentos/PUC-Rio/Maestrado/ELE2363/Optimization_based_robotics/install/ob_robotics_interface', 'merge_install': False, 'path': '/mnt/d/Documentos/PUC-Rio/Maestrado/ELE2363/Optimization_based_robotics/src/ob_robotics_interface', 'symlink_install': False, 'test_result_base': None}
[4.299s] INFO:colcon.colcon_core.executor:Executing jobs using 'parallel' executor
[4.301s] DEBUG:colcon.colcon_parallel_executor.executor.parallel:run_until_complete
[4.302s] INFO:colcon.colcon_ros.task.ament_python.build:Building ROS package in '/mnt/d/Documentos/PUC-Rio/Maestrado/ELE2363/Optimization_based_robotics/src/Optimization_module' with build type 'ament_python'
[4.303s] Level 1:colcon.colcon_core.shell:create_environment_hook('Optimization_module', 'ament_prefix_path')
[4.368s] INFO:colcon.colcon_core.plugin_system:Skipping extension 'colcon_core.shell.bat': Not used on non-Windows systems
[4.369s] INFO:colcon.colcon_core.shell:Creating environment hook '/mnt/d/Documentos/PUC-Rio/Maestrado/ELE2363/Optimization_based_robotics/install/Optimization_module/share/Optimization_module/hook/ament_prefix_path.ps1'
[4.394s] INFO:colcon.colcon_core.shell:Creating environment descriptor '/mnt/d/Documentos/PUC-Rio/Maestrado/ELE2363/Optimization_based_robotics/install/Optimization_module/share/Optimization_module/hook/ament_prefix_path.dsv'
[4.418s] INFO:colcon.colcon_core.shell:Creating environment hook '/mnt/d/Documentos/PUC-Rio/Maestrado/ELE2363/Optimization_based_robotics/install/Optimization_module/share/Optimization_module/hook/ament_prefix_path.sh'
[4.441s] INFO:colcon.colcon_core.shell:Skip shell extension 'powershell' for command environment: Not usable outside of PowerShell
[4.441s] DEBUG:colcon.colcon_core.shell:Skip shell extension 'dsv' for command environment
[4.719s] INFO:colcon.colcon_ros.task.ament_cmake.build:Building ROS package in '/mnt/d/Documentos/PUC-Rio/Maestrado/ELE2363/Optimization_based_robotics/src/ob_robotics_interface' with build type 'ament_cmake'
[4.720s] INFO:colcon.colcon_cmake.task.cmake.build:Building CMake package in '/mnt/d/Documentos/PUC-Rio/Maestrado/ELE2363/Optimization_based_robotics/src/ob_robotics_interface'
[4.721s] INFO:colcon.colcon_core.shell:Skip shell extension 'powershell' for command environment: Not usable outside of PowerShell
[4.721s] DEBUG:colcon.colcon_core.shell:Skip shell extension 'dsv' for command environment
[9.080s] INFO:colcon.colcon_core.task.python.build:Building Python package in '/mnt/d/Documentos/PUC-Rio/Maestrado/ELE2363/Optimization_based_robotics/src/Optimization_module'
[9.081s] INFO:colcon.colcon_core.shell:Skip shell extension 'powershell' for command environment: Not usable outside of PowerShell
[9.081s] DEBUG:colcon.colcon_core.shell:Skip shell extension 'dsv' for command environment
[9.422s] DEBUG:colcon.colcon_core.event_handler.log_command:Invoking command in '/mnt/d/Documentos/PUC-Rio/Maestrado/ELE2363/Optimization_based_robotics/build/ob_robotics_interface': CMAKE_PREFIX_PATH=${CMAKE_PREFIX_PATH}:/mnt/d/Documentos/PUC-Rio/Maestrado/ELE2363/Optimization_based_robotics/install/Optimization_module:/mnt/d/Documentos/PUC-Rio/Maestrado/ELE2363/ros2_ws/install/turtlesim_test:/mnt/d/Documentos/PUC-Rio/Maestrado/ELE2363/ros2_ws/install/turtlesim_control:/mnt/d/Documentos/PUC-Rio/Maestrado/ELE2363/ros2_ws/install/gpg_virtual:/mnt/d/Documentos/PUC-Rio/Maestrado/ELE2363/ros2_ws/install/gpg_urdf:/opt/ros/jazzy /usr/bin/cmake --build /mnt/d/Documentos/PUC-Rio/Maestrado/ELE2363/Optimization_based_robotics/build/ob_robotics_interface -- -j12 -l12
[24.432s] DEBUG:colcon.colcon_core.event_handler.log_command:Invoking command in '/mnt/d/Documentos/PUC-Rio/Maestrado/ELE2363/Optimization_based_robotics/src/Optimization_module': PYTHONPATH=/mnt/d/Documentos/PUC-Rio/Maestrado/ELE2363/Optimization_based_robotics/build/Optimization_module/prefix_override:/usr/lib/python3/dist-packages/colcon_core/task/python/colcon_distutils_commands:/mnt/d/Documentos/PUC-Rio/Maestrado/ELE2363/Optimization_based_robotics/install/Optimization_module/lib/python3.12/site-packages:${PYTHONPATH} /usr/bin/python3 -W ignore:setup.py install is deprecated setup.py egg_info --egg-base ../../build/Optimization_module build --build-base /mnt/d/Documentos/PUC-Rio/Maestrado/ELE2363/Optimization_based_robotics/build/Optimization_module/build install --record /mnt/d/Documentos/PUC-Rio/Maestrado/ELE2363/Optimization_based_robotics/build/Optimization_module/install.log --single-version-externally-managed install_data
[28.920s] DEBUG:colcon.colcon_core.event_handler.log_command:Invoked command in '/mnt/d/Documentos/PUC-Rio/Maestrado/ELE2363/Optimization_based_robotics/build/ob_robotics_interface' returned '0': CMAKE_PREFIX_PATH=${CMAKE_PREFIX_PATH}:/mnt/d/Documentos/PUC-Rio/Maestrado/ELE2363/Optimization_based_robotics/install/Optimization_module:/mnt/d/Documentos/PUC-Rio/Maestrado/ELE2363/ros2_ws/install/turtlesim_test:/mnt/d/Documentos/PUC-Rio/Maestrado/ELE2363/ros2_ws/install/turtlesim_control:/mnt/d/Documentos/PUC-Rio/Maestrado/ELE2363/ros2_ws/install/gpg_virtual:/mnt/d/Documentos/PUC-Rio/Maestrado/ELE2363/ros2_ws/install/gpg_urdf:/opt/ros/jazzy /usr/bin/cmake --build /mnt/d/Documentos/PUC-Rio/Maestrado/ELE2363/Optimization_based_robotics/build/ob_robotics_interface -- -j12 -l12
[43.379s] DEBUG:colcon.colcon_core.event_handler.log_command:Invoked command in '/mnt/d/Documentos/PUC-Rio/Maestrado/ELE2363/Optimization_based_robotics/src/Optimization_module' returned '0': PYTHONPATH=/mnt/d/Documentos/PUC-Rio/Maestrado/ELE2363/Optimization_based_robotics/build/Optimization_module/prefix_override:/usr/lib/python3/dist-packages/colcon_core/task/python/colcon_distutils_commands:/mnt/d/Documentos/PUC-Rio/Maestrado/ELE2363/Optimization_based_robotics/install/Optimization_module/lib/python3.12/site-packages:${PYTHONPATH} /usr/bin/python3 -W ignore:setup.py install is deprecated setup.py egg_info --egg-base ../../build/Optimization_module build --build-base /mnt/d/Documentos/PUC-Rio/Maestrado/ELE2363/Optimization_based_robotics/build/Optimization_module/build install --record /mnt/d/Documentos/PUC-Rio/Maestrado/ELE2363/Optimization_based_robotics/build/Optimization_module/install.log --single-version-externally-managed install_data
[43.514s] Level 1:colcon.colcon_core.environment:checking '/mnt/d/Documentos/PUC-Rio/Maestrado/ELE2363/Optimization_based_robotics/install/Optimization_module' for CMake module files
[43.831s] Level 1:colcon.colcon_core.environment:checking '/mnt/d/Documentos/PUC-Rio/Maestrado/ELE2363/Optimization_based_robotics/install/Optimization_module' for CMake config files
[44.087s] Level 1:colcon.colcon_core.environment:checking '/mnt/d/Documentos/PUC-Rio/Maestrado/ELE2363/Optimization_based_robotics/install/Optimization_module/lib'
[44.098s] Level 1:colcon.colcon_core.environment:checking '/mnt/d/Documentos/PUC-Rio/Maestrado/ELE2363/Optimization_based_robotics/install/Optimization_module/bin'
[44.101s] Level 1:colcon.colcon_core.environment:checking '/mnt/d/Documentos/PUC-Rio/Maestrado/ELE2363/Optimization_based_robotics/install/Optimization_module/lib/pkgconfig/Optimization_module.pc'
[44.106s] Level 1:colcon.colcon_core.environment:checking '/mnt/d/Documentos/PUC-Rio/Maestrado/ELE2363/Optimization_based_robotics/install/Optimization_module/lib/python3.12/site-packages'
[44.114s] Level 1:colcon.colcon_core.shell:create_environment_hook('Optimization_module', 'pythonpath')
[44.115s] INFO:colcon.colcon_core.shell:Creating environment hook '/mnt/d/Documentos/PUC-Rio/Maestrado/ELE2363/Optimization_based_robotics/install/Optimization_module/share/Optimization_module/hook/pythonpath.ps1'
[44.149s] INFO:colcon.colcon_core.shell:Creating environment descriptor '/mnt/d/Documentos/PUC-Rio/Maestrado/ELE2363/Optimization_based_robotics/install/Optimization_module/share/Optimization_module/hook/pythonpath.dsv'
[44.184s] INFO:colcon.colcon_core.shell:Creating environment hook '/mnt/d/Documentos/PUC-Rio/Maestrado/ELE2363/Optimization_based_robotics/install/Optimization_module/share/Optimization_module/hook/pythonpath.sh'
[44.226s] Level 1:colcon.colcon_core.environment:checking '/mnt/d/Documentos/PUC-Rio/Maestrado/ELE2363/Optimization_based_robotics/install/Optimization_module/bin'
[44.230s] Level 1:colcon.colcon_core.environment:create_environment_scripts_only(Optimization_module)
[44.232s] INFO:colcon.colcon_core.shell:Creating package script '/mnt/d/Documentos/PUC-Rio/Maestrado/ELE2363/Optimization_based_robotics/install/Optimization_module/share/Optimization_module/package.ps1'
[44.279s] INFO:colcon.colcon_core.shell:Creating package descriptor '/mnt/d/Documentos/PUC-Rio/Maestrado/ELE2363/Optimization_based_robotics/install/Optimization_module/share/Optimization_module/package.dsv'
[44.328s] INFO:colcon.colcon_core.shell:Creating package script '/mnt/d/Documentos/PUC-Rio/Maestrado/ELE2363/Optimization_based_robotics/install/Optimization_module/share/Optimization_module/package.sh'
[44.357s] INFO:colcon.colcon_core.shell:Creating package script '/mnt/d/Documentos/PUC-Rio/Maestrado/ELE2363/Optimization_based_robotics/install/Optimization_module/share/Optimization_module/package.bash'
[44.400s] INFO:colcon.colcon_core.shell:Creating package script '/mnt/d/Documentos/PUC-Rio/Maestrado/ELE2363/Optimization_based_robotics/install/Optimization_module/share/Optimization_module/package.zsh'
[44.438s] Level 1:colcon.colcon_core.environment:create_file_with_runtime_dependencies(/mnt/d/Documentos/PUC-Rio/Maestrado/ELE2363/Optimization_based_robotics/install/Optimization_module/share/colcon-core/packages/Optimization_module)
[46.177s] DEBUG:colcon.colcon_core.event_handler.log_command:Invoking command in '/mnt/d/Documentos/PUC-Rio/Maestrado/ELE2363/Optimization_based_robotics/build/ob_robotics_interface': CMAKE_PREFIX_PATH=${CMAKE_PREFIX_PATH}:/mnt/d/Documentos/PUC-Rio/Maestrado/ELE2363/Optimization_based_robotics/install/Optimization_module:/mnt/d/Documentos/PUC-Rio/Maestrado/ELE2363/ros2_ws/install/turtlesim_test:/mnt/d/Documentos/PUC-Rio/Maestrado/ELE2363/ros2_ws/install/turtlesim_control:/mnt/d/Documentos/PUC-Rio/Maestrado/ELE2363/ros2_ws/install/gpg_virtual:/mnt/d/Documentos/PUC-Rio/Maestrado/ELE2363/ros2_ws/install/gpg_urdf:/opt/ros/jazzy /usr/bin/cmake --install /mnt/d/Documentos/PUC-Rio/Maestrado/ELE2363/Optimization_based_robotics/build/ob_robotics_interface
[66.006s] Level 1:colcon.colcon_core.environment:create_environment_scripts_only(ob_robotics_interface)
[66.008s] Level 1:colcon.colcon_core.environment:checking '/mnt/d/Documentos/PUC-Rio/Maestrado/ELE2363/Optimization_based_robotics/install/ob_robotics_interface' for CMake module files
[66.009s] DEBUG:colcon.colcon_core.event_handler.log_command:Invoked command in '/mnt/d/Documentos/PUC-Rio/Maestrado/ELE2363/Optimization_based_robotics/build/ob_robotics_interface' returned '0': CMAKE_PREFIX_PATH=${CMAKE_PREFIX_PATH}:/mnt/d/Documentos/PUC-Rio/Maestrado/ELE2363/Optimization_based_robotics/install/Optimization_module:/mnt/d/Documentos/PUC-Rio/Maestrado/ELE2363/ros2_ws/install/turtlesim_test:/mnt/d/Documentos/PUC-Rio/Maestrado/ELE2363/ros2_ws/install/turtlesim_control:/mnt/d/Documentos/PUC-Rio/Maestrado/ELE2363/ros2_ws/install/gpg_virtual:/mnt/d/Documentos/PUC-Rio/Maestrado/ELE2363/ros2_ws/install/gpg_urdf:/opt/ros/jazzy /usr/bin/cmake --install /mnt/d/Documentos/PUC-Rio/Maestrado/ELE2363/Optimization_based_robotics/build/ob_robotics_interface
[66.499s] Level 1:colcon.colcon_core.environment:checking '/mnt/d/Documentos/PUC-Rio/Maestrado/ELE2363/Optimization_based_robotics/install/ob_robotics_interface' for CMake config files
[66.833s] Level 1:colcon.colcon_core.shell:create_environment_hook('ob_robotics_interface', 'cmake_prefix_path')
[66.835s] INFO:colcon.colcon_core.shell:Creating environment hook '/mnt/d/Documentos/PUC-Rio/Maestrado/ELE2363/Optimization_based_robotics/install/ob_robotics_interface/share/ob_robotics_interface/hook/cmake_prefix_path.ps1'
[66.868s] INFO:colcon.colcon_core.shell:Creating environment descriptor '/mnt/d/Documentos/PUC-Rio/Maestrado/ELE2363/Optimization_based_robotics/install/ob_robotics_interface/share/ob_robotics_interface/hook/cmake_prefix_path.dsv'
[66.902s] INFO:colcon.colcon_core.shell:Creating environment hook '/mnt/d/Documentos/PUC-Rio/Maestrado/ELE2363/Optimization_based_robotics/install/ob_robotics_interface/share/ob_robotics_interface/hook/cmake_prefix_path.sh'
[66.942s] Level 1:colcon.colcon_core.environment:checking '/mnt/d/Documentos/PUC-Rio/Maestrado/ELE2363/Optimization_based_robotics/install/ob_robotics_interface/lib'
[66.950s] Level 1:colcon.colcon_core.shell:create_environment_hook('ob_robotics_interface', 'ld_library_path_lib')
[66.951s] INFO:colcon.colcon_core.shell:Creating environment hook '/mnt/d/Documentos/PUC-Rio/Maestrado/ELE2363/Optimization_based_robotics/install/ob_robotics_interface/share/ob_robotics_interface/hook/ld_library_path_lib.ps1'
[66.982s] INFO:colcon.colcon_core.shell:Creating environment descriptor '/mnt/d/Documentos/PUC-Rio/Maestrado/ELE2363/Optimization_based_robotics/install/ob_robotics_interface/share/ob_robotics_interface/hook/ld_library_path_lib.dsv'
[67.015s] INFO:colcon.colcon_core.shell:Creating environment hook '/mnt/d/Documentos/PUC-Rio/Maestrado/ELE2363/Optimization_based_robotics/install/ob_robotics_interface/share/ob_robotics_interface/hook/ld_library_path_lib.sh'
[67.046s] Level 1:colcon.colcon_core.environment:checking '/mnt/d/Documentos/PUC-Rio/Maestrado/ELE2363/Optimization_based_robotics/install/ob_robotics_interface/bin'
[67.050s] Level 1:colcon.colcon_core.environment:checking '/mnt/d/Documentos/PUC-Rio/Maestrado/ELE2363/Optimization_based_robotics/install/ob_robotics_interface/lib/pkgconfig/ob_robotics_interface.pc'
[67.056s] Level 1:colcon.colcon_core.environment:checking '/mnt/d/Documentos/PUC-Rio/Maestrado/ELE2363/Optimization_based_robotics/install/ob_robotics_interface/lib/python3.12/site-packages'
[67.062s] Level 1:colcon.colcon_core.shell:create_environment_hook('ob_robotics_interface', 'pythonpath')
[67.063s] INFO:colcon.colcon_core.shell:Creating environment hook '/mnt/d/Documentos/PUC-Rio/Maestrado/ELE2363/Optimization_based_robotics/install/ob_robotics_interface/share/ob_robotics_interface/hook/pythonpath.ps1'
[67.089s] INFO:colcon.colcon_core.shell:Creating environment descriptor '/mnt/d/Documentos/PUC-Rio/Maestrado/ELE2363/Optimization_based_robotics/install/ob_robotics_interface/share/ob_robotics_interface/hook/pythonpath.dsv'
[67.113s] INFO:colcon.colcon_core.shell:Creating environment hook '/mnt/d/Documentos/PUC-Rio/Maestrado/ELE2363/Optimization_based_robotics/install/ob_robotics_interface/share/ob_robotics_interface/hook/pythonpath.sh'
[67.146s] Level 1:colcon.colcon_core.environment:checking '/mnt/d/Documentos/PUC-Rio/Maestrado/ELE2363/Optimization_based_robotics/install/ob_robotics_interface/bin'
[67.149s] INFO:colcon.colcon_core.shell:Creating package script '/mnt/d/Documentos/PUC-Rio/Maestrado/ELE2363/Optimization_based_robotics/install/ob_robotics_interface/share/ob_robotics_interface/package.ps1'
[67.174s] INFO:colcon.colcon_core.shell:Creating package descriptor '/mnt/d/Documentos/PUC-Rio/Maestrado/ELE2363/Optimization_based_robotics/install/ob_robotics_interface/share/ob_robotics_interface/package.dsv'
[67.211s] INFO:colcon.colcon_core.shell:Creating package script '/mnt/d/Documentos/PUC-Rio/Maestrado/ELE2363/Optimization_based_robotics/install/ob_robotics_interface/share/ob_robotics_interface/package.sh'
[67.240s] INFO:colcon.colcon_core.shell:Creating package script '/mnt/d/Documentos/PUC-Rio/Maestrado/ELE2363/Optimization_based_robotics/install/ob_robotics_interface/share/ob_robotics_interface/package.bash'
[67.267s] INFO:colcon.colcon_core.shell:Creating package script '/mnt/d/Documentos/PUC-Rio/Maestrado/ELE2363/Optimization_based_robotics/install/ob_robotics_interface/share/ob_robotics_interface/package.zsh'
[67.290s] Level 1:colcon.colcon_core.environment:create_file_with_runtime_dependencies(/mnt/d/Documentos/PUC-Rio/Maestrado/ELE2363/Optimization_based_robotics/install/ob_robotics_interface/share/colcon-core/packages/ob_robotics_interface)
[81.181s] Level 1:colcon.colcon_core.environment:create_environment_scripts_only(ob_robotics_interface)
[81.182s] Level 1:colcon.colcon_core.environment:checking '/mnt/d/Documentos/PUC-Rio/Maestrado/ELE2363/Optimization_based_robotics/install/ob_robotics_interface' for CMake module files
[81.617s] Level 1:colcon.colcon_core.environment:checking '/mnt/d/Documentos/PUC-Rio/Maestrado/ELE2363/Optimization_based_robotics/install/ob_robotics_interface' for CMake config files
[81.919s] Level 1:colcon.colcon_core.shell:create_environment_hook('ob_robotics_interface', 'cmake_prefix_path')
[81.920s] INFO:colcon.colcon_core.shell:Creating environment hook '/mnt/d/Documentos/PUC-Rio/Maestrado/ELE2363/Optimization_based_robotics/install/ob_robotics_interface/share/ob_robotics_interface/hook/cmake_prefix_path.ps1'
[81.946s] INFO:colcon.colcon_core.shell:Creating environment descriptor '/mnt/d/Documentos/PUC-Rio/Maestrado/ELE2363/Optimization_based_robotics/install/ob_robotics_interface/share/ob_robotics_interface/hook/cmake_prefix_path.dsv'
[81.971s] INFO:colcon.colcon_core.shell:Creating environment hook '/mnt/d/Documentos/PUC-Rio/Maestrado/ELE2363/Optimization_based_robotics/install/ob_robotics_interface/share/ob_robotics_interface/hook/cmake_prefix_path.sh'
[82.000s] Level 1:colcon.colcon_core.environment:checking '/mnt/d/Documentos/PUC-Rio/Maestrado/ELE2363/Optimization_based_robotics/install/ob_robotics_interface/lib'
[82.006s] Level 1:colcon.colcon_core.shell:create_environment_hook('ob_robotics_interface', 'ld_library_path_lib')
[82.007s] INFO:colcon.colcon_core.shell:Creating environment hook '/mnt/d/Documentos/PUC-Rio/Maestrado/ELE2363/Optimization_based_robotics/install/ob_robotics_interface/share/ob_robotics_interface/hook/ld_library_path_lib.ps1'
[82.036s] INFO:colcon.colcon_core.shell:Creating environment descriptor '/mnt/d/Documentos/PUC-Rio/Maestrado/ELE2363/Optimization_based_robotics/install/ob_robotics_interface/share/ob_robotics_interface/hook/ld_library_path_lib.dsv'
[82.061s] INFO:colcon.colcon_core.shell:Creating environment hook '/mnt/d/Documentos/PUC-Rio/Maestrado/ELE2363/Optimization_based_robotics/install/ob_robotics_interface/share/ob_robotics_interface/hook/ld_library_path_lib.sh'
[82.086s] Level 1:colcon.colcon_core.environment:checking '/mnt/d/Documentos/PUC-Rio/Maestrado/ELE2363/Optimization_based_robotics/install/ob_robotics_interface/bin'
[82.088s] Level 1:colcon.colcon_core.environment:checking '/mnt/d/Documentos/PUC-Rio/Maestrado/ELE2363/Optimization_based_robotics/install/ob_robotics_interface/lib/pkgconfig/ob_robotics_interface.pc'
[82.092s] Level 1:colcon.colcon_core.environment:checking '/mnt/d/Documentos/PUC-Rio/Maestrado/ELE2363/Optimization_based_robotics/install/ob_robotics_interface/lib/python3.12/site-packages'
[82.096s] Level 1:colcon.colcon_core.shell:create_environment_hook('ob_robotics_interface', 'pythonpath')
[82.097s] INFO:colcon.colcon_core.shell:Creating environment hook '/mnt/d/Documentos/PUC-Rio/Maestrado/ELE2363/Optimization_based_robotics/install/ob_robotics_interface/share/ob_robotics_interface/hook/pythonpath.ps1'
[82.123s] INFO:colcon.colcon_core.shell:Creating environment descriptor '/mnt/d/Documentos/PUC-Rio/Maestrado/ELE2363/Optimization_based_robotics/install/ob_robotics_interface/share/ob_robotics_interface/hook/pythonpath.dsv'
[82.148s] INFO:colcon.colcon_core.shell:Creating environment hook '/mnt/d/Documentos/PUC-Rio/Maestrado/ELE2363/Optimization_based_robotics/install/ob_robotics_interface/share/ob_robotics_interface/hook/pythonpath.sh'
[82.176s] Level 1:colcon.colcon_core.environment:checking '/mnt/d/Documentos/PUC-Rio/Maestrado/ELE2363/Optimization_based_robotics/install/ob_robotics_interface/bin'
[82.179s] INFO:colcon.colcon_core.shell:Creating package script '/mnt/d/Documentos/PUC-Rio/Maestrado/ELE2363/Optimization_based_robotics/install/ob_robotics_interface/share/ob_robotics_interface/package.ps1'
[82.205s] INFO:colcon.colcon_core.shell:Creating package descriptor '/mnt/d/Documentos/PUC-Rio/Maestrado/ELE2363/Optimization_based_robotics/install/ob_robotics_interface/share/ob_robotics_interface/package.dsv'
[82.227s] INFO:colcon.colcon_core.shell:Creating package script '/mnt/d/Documentos/PUC-Rio/Maestrado/ELE2363/Optimization_based_robotics/install/ob_robotics_interface/share/ob_robotics_interface/package.sh'
[82.246s] INFO:colcon.colcon_core.shell:Creating package script '/mnt/d/Documentos/PUC-Rio/Maestrado/ELE2363/Optimization_based_robotics/install/ob_robotics_interface/share/ob_robotics_interface/package.bash'
[82.269s] INFO:colcon.colcon_core.shell:Creating package script '/mnt/d/Documentos/PUC-Rio/Maestrado/ELE2363/Optimization_based_robotics/install/ob_robotics_interface/share/ob_robotics_interface/package.zsh'
[82.288s] Level 1:colcon.colcon_core.environment:create_file_with_runtime_dependencies(/mnt/d/Documentos/PUC-Rio/Maestrado/ELE2363/Optimization_based_robotics/install/ob_robotics_interface/share/colcon-core/packages/ob_robotics_interface)
[82.304s] DEBUG:colcon.colcon_parallel_executor.executor.parallel:closing loop
[82.305s] DEBUG:colcon.colcon_parallel_executor.executor.parallel:loop closed
[82.306s] DEBUG:colcon.colcon_parallel_executor.executor.parallel:run_until_complete finished with '0'
[82.306s] DEBUG:colcon.colcon_core.event_reactor:joining thread
[82.764s] INFO:colcon.colcon_core.plugin_system:Skipping extension 'colcon_notification.desktop_notification.notify_send': Could not find 'notify-send'
[82.765s] INFO:colcon.colcon_core.plugin_system:Skipping extension 'colcon_notification.desktop_notification.terminal_notifier': Not used on non-Darwin systems
[82.766s] INFO:colcon.colcon_core.plugin_system:Skipping extension 'colcon_notification.desktop_notification.win32': Not used on non-Windows systems
[82.767s] INFO:colcon.colcon_notification.desktop_notification:Sending desktop notification using 'notify2'
[82.770s] DEBUG:colcon.colcon_notification.desktop_notification.notify2:Failed to initialize notify2: org.freedesktop.DBus.Error.ServiceUnknown: The name org.freedesktop.Notifications was not provided by any .service files
[82.771s] DEBUG:colcon.colcon_core.event_reactor:joined thread
[82.772s] INFO:colcon.colcon_core.shell:Creating prefix script '/mnt/d/Documentos/PUC-Rio/Maestrado/ELE2363/Optimization_based_robotics/install/local_setup.ps1'
[82.785s] INFO:colcon.colcon_core.shell:Creating prefix util module '/mnt/d/Documentos/PUC-Rio/Maestrado/ELE2363/Optimization_based_robotics/install/_local_setup_util_ps1.py'
[82.802s] INFO:colcon.colcon_core.shell:Creating prefix chain script '/mnt/d/Documentos/PUC-Rio/Maestrado/ELE2363/Optimization_based_robotics/install/setup.ps1'
[82.998s] INFO:colcon.colcon_core.shell:Creating prefix script '/mnt/d/Documentos/PUC-Rio/Maestrado/ELE2363/Optimization_based_robotics/install/local_setup.sh'
[83.008s] INFO:colcon.colcon_core.shell:Creating prefix util module '/mnt/d/Documentos/PUC-Rio/Maestrado/ELE2363/Optimization_based_robotics/install/_local_setup_util_sh.py'
[83.015s] INFO:colcon.colcon_core.shell:Creating prefix chain script '/mnt/d/Documentos/PUC-Rio/Maestrado/ELE2363/Optimization_based_robotics/install/setup.sh'
[83.174s] INFO:colcon.colcon_core.shell:Creating prefix script '/mnt/d/Documentos/PUC-Rio/Maestrado/ELE2363/Optimization_based_robotics/install/local_setup.bash'
[83.188s] INFO:colcon.colcon_core.shell:Creating prefix chain script '/mnt/d/Documentos/PUC-Rio/Maestrado/ELE2363/Optimization_based_robotics/install/setup.bash'
[83.373s] INFO:colcon.colcon_core.shell:Creating prefix script '/mnt/d/Documentos/PUC-Rio/Maestrado/ELE2363/Optimization_based_robotics/install/local_setup.zsh'
[83.389s] INFO:colcon.colcon_core.shell:Creating prefix chain script '/mnt/d/Documentos/PUC-Rio/Maestrado/ELE2363/Optimization_based_robotics/install/setup.zsh'
