[3.839s] DEBUG:colcon:Command line arguments: ['/usr/bin/colcon', 'build']
[3.841s] DEBUG:colcon:Parsed command line arguments: Namespace(log_base=None, log_level=None, verb_name='build', build_base='build', install_base='install', merge_install=False, symlink_install=False, test_result_base=None, continue_on_error=False, executor='parallel', parallel_workers=12, event_handlers=None, ignore_user_meta=False, metas=['./colcon.meta'], base_paths=['.'], packages_ignore=None, packages_ignore_regex=None, paths=None, packages_up_to=None, packages_up_to_regex=None, packages_above=None, packages_above_and_dependencies=None, packages_above_depth=None, packages_select_by_dep=None, packages_skip_by_dep=None, packages_skip_up_to=None, packages_select_build_failed=False, packages_skip_build_finished=False, packages_select_test_failures=False, packages_skip_test_passed=False, packages_select=None, packages_skip=None, packages_select_regex=None, packages_skip_regex=None, packages_start=None, packages_end=None, allow_overriding=[], cmake_args=None, cmake_target=None, cmake_target_skip_unavailable=False, cmake_clean_cache=False, cmake_clean_first=False, cmake_force_configure=False, ament_cmake_args=None, catkin_cmake_args=None, catkin_skip_building_tests=False, mixin_files=None, mixin=None, verb_parser=<colcon_mixin.mixin.mixin_argument.MixinArgumentDecorator object at 0x7f0858110fe0>, verb_extension=<colcon_core.verb.build.BuildVerb object at 0x7f08580b6780>, main=<bound method BuildVerb.main of <colcon_core.verb.build.BuildVerb object at 0x7f08580b6780>>, mixin_verb=('build',))
[4.411s] Level 1:colcon.colcon_core.package_discovery:discover_packages(colcon_meta) check parameters
[4.413s] Level 1:colcon.colcon_core.package_discovery:discover_packages(recursive) check parameters
[4.413s] Level 1:colcon.colcon_core.package_discovery:discover_packages(ignore) check parameters
[4.414s] Level 1:colcon.colcon_core.package_discovery:discover_packages(path) check parameters
[4.415s] Level 1:colcon.colcon_core.package_discovery:discover_packages(colcon_meta) discover
[4.415s] Level 1:colcon.colcon_core.package_discovery:discover_packages(recursive) discover
[4.416s] INFO:colcon.colcon_core.package_discovery:Crawling recursively for packages in '/mnt/d/Documentos/PUC-Rio/Maestrado/ELE2363/Optimization_based_robotics'
[4.420s] Level 1:colcon.colcon_core.package_identification:_identify(.) by extensions ['ignore', 'ignore_ament_install']
[4.421s] Level 1:colcon.colcon_core.package_identification:_identify(.) by extension 'ignore'
[4.423s] Level 1:colcon.colcon_core.package_identification:_identify(.) by extension 'ignore_ament_install'
[4.426s] Level 1:colcon.colcon_core.package_identification:_identify(.) by extensions ['colcon_pkg']
[4.427s] Level 1:colcon.colcon_core.package_identification:_identify(.) by extension 'colcon_pkg'
[4.428s] Level 1:colcon.colcon_core.package_identification:_identify(.) by extensions ['colcon_meta']
[4.430s] Level 1:colcon.colcon_core.package_identification:_identify(.) by extension 'colcon_meta'
[4.431s] Level 1:colcon.colcon_core.package_identification:_identify(.) by extensions ['ros']
[4.432s] Level 1:colcon.colcon_core.package_identification:_identify(.) by extension 'ros'
[4.789s] Level 1:colcon.colcon_core.package_identification:_identify(.) by extensions ['cmake', 'python']
[4.789s] Level 1:colcon.colcon_core.package_identification:_identify(.) by extension 'cmake'
[4.790s] Level 1:colcon.colcon_core.package_identification:_identify(.) by extension 'python'
[4.791s] Level 1:colcon.colcon_core.package_identification:_identify(.) by extensions ['python_setup_py']
[4.792s] Level 1:colcon.colcon_core.package_identification:_identify(.) by extension 'python_setup_py'
[4.799s] Level 1:colcon.colcon_core.package_identification:_identify(build) by extensions ['ignore', 'ignore_ament_install']
[4.799s] Level 1:colcon.colcon_core.package_identification:_identify(build) by extension 'ignore'
[4.803s] Level 1:colcon.colcon_core.package_identification:_identify(build) ignored
[4.807s] Level 1:colcon.colcon_core.package_identification:_identify(install) by extensions ['ignore', 'ignore_ament_install']
[4.808s] Level 1:colcon.colcon_core.package_identification:_identify(install) by extension 'ignore'
[4.809s] Level 1:colcon.colcon_core.package_identification:_identify(install) ignored
[4.820s] Level 1:colcon.colcon_core.package_identification:_identify(log) by extensions ['ignore', 'ignore_ament_install']
[4.821s] Level 1:colcon.colcon_core.package_identification:_identify(log) by extension 'ignore'
[4.823s] Level 1:colcon.colcon_core.package_identification:_identify(log) ignored
[4.829s] Level 1:colcon.colcon_core.package_identification:_identify(src) by extensions ['ignore', 'ignore_ament_install']
[4.830s] Level 1:colcon.colcon_core.package_identification:_identify(src) by extension 'ignore'
[4.832s] Level 1:colcon.colcon_core.package_identification:_identify(src) by extension 'ignore_ament_install'
[4.835s] Level 1:colcon.colcon_core.package_identification:_identify(src) by extensions ['colcon_pkg']
[4.836s] Level 1:colcon.colcon_core.package_identification:_identify(src) by extension 'colcon_pkg'
[4.837s] Level 1:colcon.colcon_core.package_identification:_identify(src) by extensions ['colcon_meta']
[4.838s] Level 1:colcon.colcon_core.package_identification:_identify(src) by extension 'colcon_meta'
[4.841s] Level 1:colcon.colcon_core.package_identification:_identify(src) by extensions ['ros']
[4.842s] Level 1:colcon.colcon_core.package_identification:_identify(src) by extension 'ros'
[4.849s] Level 1:colcon.colcon_core.package_identification:_identify(src) by extensions ['cmake', 'python']
[4.850s] Level 1:colcon.colcon_core.package_identification:_identify(src) by extension 'cmake'
[4.851s] Level 1:colcon.colcon_core.package_identification:_identify(src) by extension 'python'
[4.854s] Level 1:colcon.colcon_core.package_identification:_identify(src) by extensions ['python_setup_py']
[4.854s] Level 1:colcon.colcon_core.package_identification:_identify(src) by extension 'python_setup_py'
[4.866s] Level 1:colcon.colcon_core.package_identification:_identify(src/Optimization_module) by extensions ['ignore', 'ignore_ament_install']
[4.867s] Level 1:colcon.colcon_core.package_identification:_identify(src/Optimization_module) by extension 'ignore'
[4.870s] Level 1:colcon.colcon_core.package_identification:_identify(src/Optimization_module) by extension 'ignore_ament_install'
[4.877s] Level 1:colcon.colcon_core.package_identification:_identify(src/Optimization_module) by extensions ['colcon_pkg']
[4.878s] Level 1:colcon.colcon_core.package_identification:_identify(src/Optimization_module) by extension 'colcon_pkg'
[4.882s] Level 1:colcon.colcon_core.package_identification:_identify(src/Optimization_module) by extensions ['colcon_meta']
[4.882s] Level 1:colcon.colcon_core.package_identification:_identify(src/Optimization_module) by extension 'colcon_meta'
[4.886s] Level 1:colcon.colcon_core.package_identification:_identify(src/Optimization_module) by extensions ['ros']
[4.886s] Level 1:colcon.colcon_core.package_identification:_identify(src/Optimization_module) by extension 'ros'
[4.918s] DEBUG:colcon.colcon_core.package_identification:Package 'src/Optimization_module' with type 'ros.ament_python' and name 'Optimization_module'
[4.929s] Level 1:colcon.colcon_core.package_identification:_identify(src/ob_robotics_interface) by extensions ['ignore', 'ignore_ament_install']
[4.930s] Level 1:colcon.colcon_core.package_identification:_identify(src/ob_robotics_interface) by extension 'ignore'
[4.933s] Level 1:colcon.colcon_core.package_identification:_identify(src/ob_robotics_interface) by extension 'ignore_ament_install'
[4.938s] Level 1:colcon.colcon_core.package_identification:_identify(src/ob_robotics_interface) by extensions ['colcon_pkg']
[4.938s] Level 1:colcon.colcon_core.package_identification:_identify(src/ob_robotics_interface) by extension 'colcon_pkg'
[4.941s] Level 1:colcon.colcon_core.package_identification:_identify(src/ob_robotics_interface) by extensions ['colcon_meta']
[4.942s] Level 1:colcon.colcon_core.package_identification:_identify(src/ob_robotics_interface) by extension 'colcon_meta'
[4.948s] Level 1:colcon.colcon_core.package_identification:_identify(src/ob_robotics_interface) by extensions ['ros']
[4.949s] Level 1:colcon.colcon_core.package_identification:_identify(src/ob_robotics_interface) by extension 'ros'
[4.978s] DEBUG:colcon.colcon_core.package_identification:Package 'src/ob_robotics_interface' with type 'ros.ament_cmake' and name 'ob_robotics_interface'
[4.979s] Level 1:colcon.colcon_core.package_discovery:discover_packages(recursive) using defaults
[4.980s] Level 1:colcon.colcon_core.package_discovery:discover_packages(ignore) discover
[4.980s] Level 1:colcon.colcon_core.package_discovery:discover_packages(ignore) using defaults
[4.981s] Level 1:colcon.colcon_core.package_discovery:discover_packages(path) discover
[4.981s] Level 1:colcon.colcon_core.package_discovery:discover_packages(path) using defaults
[5.528s] Level 1:colcon.colcon_core.package_discovery:discover_packages(prefix_path) check parameters
[5.529s] Level 1:colcon.colcon_core.package_discovery:discover_packages(prefix_path) discover
[5.748s] DEBUG:colcon.colcon_installed_package_information.package_discovery:Found 2 installed packages in /mnt/d/Documentos/PUC-Rio/Maestrado/ELE2363/Optimization_based_robotics/install
[5.914s] DEBUG:colcon.colcon_installed_package_information.package_discovery:Found 7 installed packages in /mnt/d/Documentos/PUC-Rio/Maestrado/ELE2363/ros2_ws/install
[5.922s] DEBUG:colcon.colcon_installed_package_information.package_discovery:Found 358 installed packages in /opt/ros/jazzy
[5.929s] Level 1:colcon.colcon_core.package_discovery:discover_packages(prefix_path) using defaults
[6.424s] Level 5:colcon.colcon_core.verb:set package 'Optimization_module' build argument 'cmake_args' from command line to 'None'
[6.425s] Level 5:colcon.colcon_core.verb:set package 'Optimization_module' build argument 'cmake_target' from command line to 'None'
[6.426s] Level 5:colcon.colcon_core.verb:set package 'Optimization_module' build argument 'cmake_target_skip_unavailable' from command line to 'False'
[6.427s] Level 5:colcon.colcon_core.verb:set package 'Optimization_module' build argument 'cmake_clean_cache' from command line to 'False'
[6.427s] Level 5:colcon.colcon_core.verb:set package 'Optimization_module' build argument 'cmake_clean_first' from command line to 'False'
[6.428s] Level 5:colcon.colcon_core.verb:set package 'Optimization_module' build argument 'cmake_force_configure' from command line to 'False'
[6.428s] Level 5:colcon.colcon_core.verb:set package 'Optimization_module' build argument 'ament_cmake_args' from command line to 'None'
[6.429s] Level 5:colcon.colcon_core.verb:set package 'Optimization_module' build argument 'catkin_cmake_args' from command line to 'None'
[6.429s] Level 5:colcon.colcon_core.verb:set package 'Optimization_module' build argument 'catkin_skip_building_tests' from command line to 'False'
[6.430s] DEBUG:colcon.colcon_core.verb:Building package 'Optimization_module' with the following arguments: {'ament_cmake_args': None, 'build_base': '/mnt/d/Documentos/PUC-Rio/Maestrado/ELE2363/Optimization_based_robotics/build/Optimization_module', 'catkin_cmake_args': None, 'catkin_skip_building_tests': False, 'cmake_args': None, 'cmake_clean_cache': False, 'cmake_clean_first': False, 'cmake_force_configure': False, 'cmake_target': None, 'cmake_target_skip_unavailable': False, 'install_base': '/mnt/d/Documentos/PUC-Rio/Maestrado/ELE2363/Optimization_based_robotics/install/Optimization_module', 'merge_install': False, 'path': '/mnt/d/Documentos/PUC-Rio/Maestrado/ELE2363/Optimization_based_robotics/src/Optimization_module', 'symlink_install': False, 'test_result_base': None}
[6.432s] Level 5:colcon.colcon_core.verb:set package 'ob_robotics_interface' build argument 'cmake_args' from command line to 'None'
[6.433s] Level 5:colcon.colcon_core.verb:set package 'ob_robotics_interface' build argument 'cmake_target' from command line to 'None'
[6.433s] Level 5:colcon.colcon_core.verb:set package 'ob_robotics_interface' build argument 'cmake_target_skip_unavailable' from command line to 'False'
[6.434s] Level 5:colcon.colcon_core.verb:set package 'ob_robotics_interface' build argument 'cmake_clean_cache' from command line to 'False'
[6.435s] Level 5:colcon.colcon_core.verb:set package 'ob_robotics_interface' build argument 'cmake_clean_first' from command line to 'False'
[6.436s] Level 5:colcon.colcon_core.verb:set package 'ob_robotics_interface' build argument 'cmake_force_configure' from command line to 'False'
[6.437s] Level 5:colcon.colcon_core.verb:set package 'ob_robotics_interface' build argument 'ament_cmake_args' from command line to 'None'
[6.438s] Level 5:colcon.colcon_core.verb:set package 'ob_robotics_interface' build argument 'catkin_cmake_args' from command line to 'None'
[6.438s] Level 5:colcon.colcon_core.verb:set package 'ob_robotics_interface' build argument 'catkin_skip_building_tests' from command line to 'False'
[6.439s] DEBUG:colcon.colcon_core.verb:Building package 'ob_robotics_interface' with the following arguments: {'ament_cmake_args': None, 'build_base': '/mnt/d/Documentos/PUC-Rio/Maestrado/ELE2363/Optimization_based_robotics/build/ob_robotics_interface', 'catkin_cmake_args': None, 'catkin_skip_building_tests': False, 'cmake_args': None, 'cmake_clean_cache': False, 'cmake_clean_first': False, 'cmake_force_configure': False, 'cmake_target': None, 'cmake_target_skip_unavailable': False, 'install_base': '/mnt/d/Documentos/PUC-Rio/Maestrado/ELE2363/Optimization_based_robotics/install/ob_robotics_interface', 'merge_install': False, 'path': '/mnt/d/Documentos/PUC-Rio/Maestrado/ELE2363/Optimization_based_robotics/src/ob_robotics_interface', 'symlink_install': False, 'test_result_base': None}
[6.439s] INFO:colcon.colcon_core.executor:Executing jobs using 'parallel' executor
[6.443s] DEBUG:colcon.colcon_parallel_executor.executor.parallel:run_until_complete
[6.444s] INFO:colcon.colcon_ros.task.ament_python.build:Building ROS package in '/mnt/d/Documentos/PUC-Rio/Maestrado/ELE2363/Optimization_based_robotics/src/Optimization_module' with build type 'ament_python'
[6.445s] Level 1:colcon.colcon_core.shell:create_environment_hook('Optimization_module', 'ament_prefix_path')
[6.569s] INFO:colcon.colcon_core.plugin_system:Skipping extension 'colcon_core.shell.bat': Not used on non-Windows systems
[6.570s] INFO:colcon.colcon_core.shell:Creating environment hook '/mnt/d/Documentos/PUC-Rio/Maestrado/ELE2363/Optimization_based_robotics/install/Optimization_module/share/Optimization_module/hook/ament_prefix_path.ps1'
[6.621s] INFO:colcon.colcon_core.shell:Creating environment descriptor '/mnt/d/Documentos/PUC-Rio/Maestrado/ELE2363/Optimization_based_robotics/install/Optimization_module/share/Optimization_module/hook/ament_prefix_path.dsv'
[6.664s] INFO:colcon.colcon_core.shell:Creating environment hook '/mnt/d/Documentos/PUC-Rio/Maestrado/ELE2363/Optimization_based_robotics/install/Optimization_module/share/Optimization_module/hook/ament_prefix_path.sh'
[6.716s] INFO:colcon.colcon_core.shell:Skip shell extension 'powershell' for command environment: Not usable outside of PowerShell
[6.717s] DEBUG:colcon.colcon_core.shell:Skip shell extension 'dsv' for command environment
[7.201s] INFO:colcon.colcon_ros.task.ament_cmake.build:Building ROS package in '/mnt/d/Documentos/PUC-Rio/Maestrado/ELE2363/Optimization_based_robotics/src/ob_robotics_interface' with build type 'ament_cmake'
[7.202s] INFO:colcon.colcon_cmake.task.cmake.build:Building CMake package in '/mnt/d/Documentos/PUC-Rio/Maestrado/ELE2363/Optimization_based_robotics/src/ob_robotics_interface'
[7.205s] INFO:colcon.colcon_core.shell:Skip shell extension 'powershell' for command environment: Not usable outside of PowerShell
[7.206s] DEBUG:colcon.colcon_core.shell:Skip shell extension 'dsv' for command environment
[13.627s] INFO:colcon.colcon_core.task.python.build:Building Python package in '/mnt/d/Documentos/PUC-Rio/Maestrado/ELE2363/Optimization_based_robotics/src/Optimization_module'
[13.628s] INFO:colcon.colcon_core.shell:Skip shell extension 'powershell' for command environment: Not usable outside of PowerShell
[13.629s] DEBUG:colcon.colcon_core.shell:Skip shell extension 'dsv' for command environment
[14.262s] DEBUG:colcon.colcon_core.event_handler.log_command:Invoking command in '/mnt/d/Documentos/PUC-Rio/Maestrado/ELE2363/Optimization_based_robotics/build/ob_robotics_interface': CMAKE_PREFIX_PATH=${CMAKE_PREFIX_PATH}:/mnt/d/Documentos/PUC-Rio/Maestrado/ELE2363/ros2_ws/install/turtlesim_test:/mnt/d/Documentos/PUC-Rio/Maestrado/ELE2363/ros2_ws/install/turtlesim_control:/mnt/d/Documentos/PUC-Rio/Maestrado/ELE2363/ros2_ws/install/gpg_virtual:/mnt/d/Documentos/PUC-Rio/Maestrado/ELE2363/ros2_ws/install/gpg_urdf:/mnt/d/Documentos/PUC-Rio/Maestrado/ELE2363/Optimization_based_robotics/install/Optimization_module:/opt/ros/jazzy /usr/bin/cmake --build /mnt/d/Documentos/PUC-Rio/Maestrado/ELE2363/Optimization_based_robotics/build/ob_robotics_interface -- -j12 -l12
[33.300s] DEBUG:colcon.colcon_core.event_handler.log_command:Invoking command in '/mnt/d/Documentos/PUC-Rio/Maestrado/ELE2363/Optimization_based_robotics/src/Optimization_module': PYTHONPATH=/mnt/d/Documentos/PUC-Rio/Maestrado/ELE2363/Optimization_based_robotics/build/Optimization_module/prefix_override:/usr/lib/python3/dist-packages/colcon_core/task/python/colcon_distutils_commands:/mnt/d/Documentos/PUC-Rio/Maestrado/ELE2363/Optimization_based_robotics/install/Optimization_module/lib/python3.12/site-packages:${PYTHONPATH} /usr/bin/python3 -W ignore:setup.py install is deprecated setup.py egg_info --egg-base ../../build/Optimization_module build --build-base /mnt/d/Documentos/PUC-Rio/Maestrado/ELE2363/Optimization_based_robotics/build/Optimization_module/build install --record /mnt/d/Documentos/PUC-Rio/Maestrado/ELE2363/Optimization_based_robotics/build/Optimization_module/install.log --single-version-externally-managed install_data
[38.558s] DEBUG:colcon.colcon_core.event_handler.log_command:Invoked command in '/mnt/d/Documentos/PUC-Rio/Maestrado/ELE2363/Optimization_based_robotics/build/ob_robotics_interface' returned '0': CMAKE_PREFIX_PATH=${CMAKE_PREFIX_PATH}:/mnt/d/Documentos/PUC-Rio/Maestrado/ELE2363/ros2_ws/install/turtlesim_test:/mnt/d/Documentos/PUC-Rio/Maestrado/ELE2363/ros2_ws/install/turtlesim_control:/mnt/d/Documentos/PUC-Rio/Maestrado/ELE2363/ros2_ws/install/gpg_virtual:/mnt/d/Documentos/PUC-Rio/Maestrado/ELE2363/ros2_ws/install/gpg_urdf:/mnt/d/Documentos/PUC-Rio/Maestrado/ELE2363/Optimization_based_robotics/install/Optimization_module:/opt/ros/jazzy /usr/bin/cmake --build /mnt/d/Documentos/PUC-Rio/Maestrado/ELE2363/Optimization_based_robotics/build/ob_robotics_interface -- -j12 -l12
[50.338s] DEBUG:colcon.colcon_core.event_handler.log_command:Invoked command in '/mnt/d/Documentos/PUC-Rio/Maestrado/ELE2363/Optimization_based_robotics/src/Optimization_module' returned '0': PYTHONPATH=/mnt/d/Documentos/PUC-Rio/Maestrado/ELE2363/Optimization_based_robotics/build/Optimization_module/prefix_override:/usr/lib/python3/dist-packages/colcon_core/task/python/colcon_distutils_commands:/mnt/d/Documentos/PUC-Rio/Maestrado/ELE2363/Optimization_based_robotics/install/Optimization_module/lib/python3.12/site-packages:${PYTHONPATH} /usr/bin/python3 -W ignore:setup.py install is deprecated setup.py egg_info --egg-base ../../build/Optimization_module build --build-base /mnt/d/Documentos/PUC-Rio/Maestrado/ELE2363/Optimization_based_robotics/build/Optimization_module/build install --record /mnt/d/Documentos/PUC-Rio/Maestrado/ELE2363/Optimization_based_robotics/build/Optimization_module/install.log --single-version-externally-managed install_data
[50.465s] Level 1:colcon.colcon_core.environment:checking '/mnt/d/Documentos/PUC-Rio/Maestrado/ELE2363/Optimization_based_robotics/install/Optimization_module' for CMake module files
[50.752s] Level 1:colcon.colcon_core.environment:checking '/mnt/d/Documentos/PUC-Rio/Maestrado/ELE2363/Optimization_based_robotics/install/Optimization_module' for CMake config files
[51.059s] Level 1:colcon.colcon_core.environment:checking '/mnt/d/Documentos/PUC-Rio/Maestrado/ELE2363/Optimization_based_robotics/install/Optimization_module/lib'
[51.076s] Level 1:colcon.colcon_core.environment:checking '/mnt/d/Documentos/PUC-Rio/Maestrado/ELE2363/Optimization_based_robotics/install/Optimization_module/bin'
[51.078s] Level 1:colcon.colcon_core.environment:checking '/mnt/d/Documentos/PUC-Rio/Maestrado/ELE2363/Optimization_based_robotics/install/Optimization_module/lib/pkgconfig/Optimization_module.pc'
[51.085s] Level 1:colcon.colcon_core.environment:checking '/mnt/d/Documentos/PUC-Rio/Maestrado/ELE2363/Optimization_based_robotics/install/Optimization_module/lib/python3.12/site-packages'
[51.093s] Level 1:colcon.colcon_core.shell:create_environment_hook('Optimization_module', 'pythonpath')
[51.094s] INFO:colcon.colcon_core.shell:Creating environment hook '/mnt/d/Documentos/PUC-Rio/Maestrado/ELE2363/Optimization_based_robotics/install/Optimization_module/share/Optimization_module/hook/pythonpath.ps1'
[51.147s] INFO:colcon.colcon_core.shell:Creating environment descriptor '/mnt/d/Documentos/PUC-Rio/Maestrado/ELE2363/Optimization_based_robotics/install/Optimization_module/share/Optimization_module/hook/pythonpath.dsv'
[51.193s] INFO:colcon.colcon_core.shell:Creating environment hook '/mnt/d/Documentos/PUC-Rio/Maestrado/ELE2363/Optimization_based_robotics/install/Optimization_module/share/Optimization_module/hook/pythonpath.sh'
[51.246s] Level 1:colcon.colcon_core.environment:checking '/mnt/d/Documentos/PUC-Rio/Maestrado/ELE2363/Optimization_based_robotics/install/Optimization_module/bin'
[51.250s] Level 1:colcon.colcon_core.environment:create_environment_scripts_only(Optimization_module)
[51.251s] INFO:colcon.colcon_core.shell:Creating package script '/mnt/d/Documentos/PUC-Rio/Maestrado/ELE2363/Optimization_based_robotics/install/Optimization_module/share/Optimization_module/package.ps1'
[51.292s] INFO:colcon.colcon_core.shell:Creating package descriptor '/mnt/d/Documentos/PUC-Rio/Maestrado/ELE2363/Optimization_based_robotics/install/Optimization_module/share/Optimization_module/package.dsv'
[51.323s] INFO:colcon.colcon_core.shell:Creating package script '/mnt/d/Documentos/PUC-Rio/Maestrado/ELE2363/Optimization_based_robotics/install/Optimization_module/share/Optimization_module/package.sh'
[51.369s] INFO:colcon.colcon_core.shell:Creating package script '/mnt/d/Documentos/PUC-Rio/Maestrado/ELE2363/Optimization_based_robotics/install/Optimization_module/share/Optimization_module/package.bash'
[51.408s] INFO:colcon.colcon_core.shell:Creating package script '/mnt/d/Documentos/PUC-Rio/Maestrado/ELE2363/Optimization_based_robotics/install/Optimization_module/share/Optimization_module/package.zsh'
[51.449s] Level 1:colcon.colcon_core.environment:create_file_with_runtime_dependencies(/mnt/d/Documentos/PUC-Rio/Maestrado/ELE2363/Optimization_based_robotics/install/Optimization_module/share/colcon-core/packages/Optimization_module)
[56.581s] DEBUG:colcon.colcon_core.event_handler.log_command:Invoking command in '/mnt/d/Documentos/PUC-Rio/Maestrado/ELE2363/Optimization_based_robotics/build/ob_robotics_interface': CMAKE_PREFIX_PATH=${CMAKE_PREFIX_PATH}:/mnt/d/Documentos/PUC-Rio/Maestrado/ELE2363/ros2_ws/install/turtlesim_test:/mnt/d/Documentos/PUC-Rio/Maestrado/ELE2363/ros2_ws/install/turtlesim_control:/mnt/d/Documentos/PUC-Rio/Maestrado/ELE2363/ros2_ws/install/gpg_virtual:/mnt/d/Documentos/PUC-Rio/Maestrado/ELE2363/ros2_ws/install/gpg_urdf:/mnt/d/Documentos/PUC-Rio/Maestrado/ELE2363/Optimization_based_robotics/install/Optimization_module:/opt/ros/jazzy /usr/bin/cmake --install /mnt/d/Documentos/PUC-Rio/Maestrado/ELE2363/Optimization_based_robotics/build/ob_robotics_interface
[76.001s] Level 1:colcon.colcon_core.environment:create_environment_scripts_only(ob_robotics_interface)
[76.003s] Level 1:colcon.colcon_core.environment:checking '/mnt/d/Documentos/PUC-Rio/Maestrado/ELE2363/Optimization_based_robotics/install/ob_robotics_interface' for CMake module files
[76.006s] DEBUG:colcon.colcon_core.event_handler.log_command:Invoked command in '/mnt/d/Documentos/PUC-Rio/Maestrado/ELE2363/Optimization_based_robotics/build/ob_robotics_interface' returned '0': CMAKE_PREFIX_PATH=${CMAKE_PREFIX_PATH}:/mnt/d/Documentos/PUC-Rio/Maestrado/ELE2363/ros2_ws/install/turtlesim_test:/mnt/d/Documentos/PUC-Rio/Maestrado/ELE2363/ros2_ws/install/turtlesim_control:/mnt/d/Documentos/PUC-Rio/Maestrado/ELE2363/ros2_ws/install/gpg_virtual:/mnt/d/Documentos/PUC-Rio/Maestrado/ELE2363/ros2_ws/install/gpg_urdf:/mnt/d/Documentos/PUC-Rio/Maestrado/ELE2363/Optimization_based_robotics/install/Optimization_module:/opt/ros/jazzy /usr/bin/cmake --install /mnt/d/Documentos/PUC-Rio/Maestrado/ELE2363/Optimization_based_robotics/build/ob_robotics_interface
[76.466s] Level 1:colcon.colcon_core.environment:checking '/mnt/d/Documentos/PUC-Rio/Maestrado/ELE2363/Optimization_based_robotics/install/ob_robotics_interface' for CMake config files
[76.833s] Level 1:colcon.colcon_core.shell:create_environment_hook('ob_robotics_interface', 'cmake_prefix_path')
[76.835s] INFO:colcon.colcon_core.shell:Creating environment hook '/mnt/d/Documentos/PUC-Rio/Maestrado/ELE2363/Optimization_based_robotics/install/ob_robotics_interface/share/ob_robotics_interface/hook/cmake_prefix_path.ps1'
[76.878s] INFO:colcon.colcon_core.shell:Creating environment descriptor '/mnt/d/Documentos/PUC-Rio/Maestrado/ELE2363/Optimization_based_robotics/install/ob_robotics_interface/share/ob_robotics_interface/hook/cmake_prefix_path.dsv'
[76.938s] INFO:colcon.colcon_core.shell:Creating environment hook '/mnt/d/Documentos/PUC-Rio/Maestrado/ELE2363/Optimization_based_robotics/install/ob_robotics_interface/share/ob_robotics_interface/hook/cmake_prefix_path.sh'
[76.981s] Level 1:colcon.colcon_core.environment:checking '/mnt/d/Documentos/PUC-Rio/Maestrado/ELE2363/Optimization_based_robotics/install/ob_robotics_interface/lib'
[76.990s] Level 1:colcon.colcon_core.shell:create_environment_hook('ob_robotics_interface', 'ld_library_path_lib')
[76.991s] INFO:colcon.colcon_core.shell:Creating environment hook '/mnt/d/Documentos/PUC-Rio/Maestrado/ELE2363/Optimization_based_robotics/install/ob_robotics_interface/share/ob_robotics_interface/hook/ld_library_path_lib.ps1'
[77.041s] INFO:colcon.colcon_core.shell:Creating environment descriptor '/mnt/d/Documentos/PUC-Rio/Maestrado/ELE2363/Optimization_based_robotics/install/ob_robotics_interface/share/ob_robotics_interface/hook/ld_library_path_lib.dsv'
[77.081s] INFO:colcon.colcon_core.shell:Creating environment hook '/mnt/d/Documentos/PUC-Rio/Maestrado/ELE2363/Optimization_based_robotics/install/ob_robotics_interface/share/ob_robotics_interface/hook/ld_library_path_lib.sh'
[77.114s] Level 1:colcon.colcon_core.environment:checking '/mnt/d/Documentos/PUC-Rio/Maestrado/ELE2363/Optimization_based_robotics/install/ob_robotics_interface/bin'
[77.116s] Level 1:colcon.colcon_core.environment:checking '/mnt/d/Documentos/PUC-Rio/Maestrado/ELE2363/Optimization_based_robotics/install/ob_robotics_interface/lib/pkgconfig/ob_robotics_interface.pc'
[77.121s] Level 1:colcon.colcon_core.environment:checking '/mnt/d/Documentos/PUC-Rio/Maestrado/ELE2363/Optimization_based_robotics/install/ob_robotics_interface/lib/python3.12/site-packages'
[77.126s] Level 1:colcon.colcon_core.shell:create_environment_hook('ob_robotics_interface', 'pythonpath')
[77.128s] INFO:colcon.colcon_core.shell:Creating environment hook '/mnt/d/Documentos/PUC-Rio/Maestrado/ELE2363/Optimization_based_robotics/install/ob_robotics_interface/share/ob_robotics_interface/hook/pythonpath.ps1'
[77.172s] INFO:colcon.colcon_core.shell:Creating environment descriptor '/mnt/d/Documentos/PUC-Rio/Maestrado/ELE2363/Optimization_based_robotics/install/ob_robotics_interface/share/ob_robotics_interface/hook/pythonpath.dsv'
[77.207s] INFO:colcon.colcon_core.shell:Creating environment hook '/mnt/d/Documentos/PUC-Rio/Maestrado/ELE2363/Optimization_based_robotics/install/ob_robotics_interface/share/ob_robotics_interface/hook/pythonpath.sh'
[77.244s] Level 1:colcon.colcon_core.environment:checking '/mnt/d/Documentos/PUC-Rio/Maestrado/ELE2363/Optimization_based_robotics/install/ob_robotics_interface/bin'
[77.247s] INFO:colcon.colcon_core.shell:Creating package script '/mnt/d/Documentos/PUC-Rio/Maestrado/ELE2363/Optimization_based_robotics/install/ob_robotics_interface/share/ob_robotics_interface/package.ps1'
[77.274s] INFO:colcon.colcon_core.shell:Creating package descriptor '/mnt/d/Documentos/PUC-Rio/Maestrado/ELE2363/Optimization_based_robotics/install/ob_robotics_interface/share/ob_robotics_interface/package.dsv'
[77.306s] INFO:colcon.colcon_core.shell:Creating package script '/mnt/d/Documentos/PUC-Rio/Maestrado/ELE2363/Optimization_based_robotics/install/ob_robotics_interface/share/ob_robotics_interface/package.sh'
[77.329s] INFO:colcon.colcon_core.shell:Creating package script '/mnt/d/Documentos/PUC-Rio/Maestrado/ELE2363/Optimization_based_robotics/install/ob_robotics_interface/share/ob_robotics_interface/package.bash'
[77.352s] INFO:colcon.colcon_core.shell:Creating package script '/mnt/d/Documentos/PUC-Rio/Maestrado/ELE2363/Optimization_based_robotics/install/ob_robotics_interface/share/ob_robotics_interface/package.zsh'
[77.372s] Level 1:colcon.colcon_core.environment:create_file_with_runtime_dependencies(/mnt/d/Documentos/PUC-Rio/Maestrado/ELE2363/Optimization_based_robotics/install/ob_robotics_interface/share/colcon-core/packages/ob_robotics_interface)
[92.476s] Level 1:colcon.colcon_core.environment:create_environment_scripts_only(ob_robotics_interface)
[92.477s] Level 1:colcon.colcon_core.environment:checking '/mnt/d/Documentos/PUC-Rio/Maestrado/ELE2363/Optimization_based_robotics/install/ob_robotics_interface' for CMake module files
[92.925s] Level 1:colcon.colcon_core.environment:checking '/mnt/d/Documentos/PUC-Rio/Maestrado/ELE2363/Optimization_based_robotics/install/ob_robotics_interface' for CMake config files
[93.351s] Level 1:colcon.colcon_core.shell:create_environment_hook('ob_robotics_interface', 'cmake_prefix_path')
[93.352s] INFO:colcon.colcon_core.shell:Creating environment hook '/mnt/d/Documentos/PUC-Rio/Maestrado/ELE2363/Optimization_based_robotics/install/ob_robotics_interface/share/ob_robotics_interface/hook/cmake_prefix_path.ps1'
[93.387s] INFO:colcon.colcon_core.shell:Creating environment descriptor '/mnt/d/Documentos/PUC-Rio/Maestrado/ELE2363/Optimization_based_robotics/install/ob_robotics_interface/share/ob_robotics_interface/hook/cmake_prefix_path.dsv'
[93.427s] INFO:colcon.colcon_core.shell:Creating environment hook '/mnt/d/Documentos/PUC-Rio/Maestrado/ELE2363/Optimization_based_robotics/install/ob_robotics_interface/share/ob_robotics_interface/hook/cmake_prefix_path.sh'
[93.476s] Level 1:colcon.colcon_core.environment:checking '/mnt/d/Documentos/PUC-Rio/Maestrado/ELE2363/Optimization_based_robotics/install/ob_robotics_interface/lib'
[93.487s] Level 1:colcon.colcon_core.shell:create_environment_hook('ob_robotics_interface', 'ld_library_path_lib')
[93.489s] INFO:colcon.colcon_core.shell:Creating environment hook '/mnt/d/Documentos/PUC-Rio/Maestrado/ELE2363/Optimization_based_robotics/install/ob_robotics_interface/share/ob_robotics_interface/hook/ld_library_path_lib.ps1'
[93.525s] INFO:colcon.colcon_core.shell:Creating environment descriptor '/mnt/d/Documentos/PUC-Rio/Maestrado/ELE2363/Optimization_based_robotics/install/ob_robotics_interface/share/ob_robotics_interface/hook/ld_library_path_lib.dsv'
[93.563s] INFO:colcon.colcon_core.shell:Creating environment hook '/mnt/d/Documentos/PUC-Rio/Maestrado/ELE2363/Optimization_based_robotics/install/ob_robotics_interface/share/ob_robotics_interface/hook/ld_library_path_lib.sh'
[93.599s] Level 1:colcon.colcon_core.environment:checking '/mnt/d/Documentos/PUC-Rio/Maestrado/ELE2363/Optimization_based_robotics/install/ob_robotics_interface/bin'
[93.601s] Level 1:colcon.colcon_core.environment:checking '/mnt/d/Documentos/PUC-Rio/Maestrado/ELE2363/Optimization_based_robotics/install/ob_robotics_interface/lib/pkgconfig/ob_robotics_interface.pc'
[93.605s] Level 1:colcon.colcon_core.environment:checking '/mnt/d/Documentos/PUC-Rio/Maestrado/ELE2363/Optimization_based_robotics/install/ob_robotics_interface/lib/python3.12/site-packages'
[93.611s] Level 1:colcon.colcon_core.shell:create_environment_hook('ob_robotics_interface', 'pythonpath')
[93.613s] INFO:colcon.colcon_core.shell:Creating environment hook '/mnt/d/Documentos/PUC-Rio/Maestrado/ELE2363/Optimization_based_robotics/install/ob_robotics_interface/share/ob_robotics_interface/hook/pythonpath.ps1'
[93.650s] INFO:colcon.colcon_core.shell:Creating environment descriptor '/mnt/d/Documentos/PUC-Rio/Maestrado/ELE2363/Optimization_based_robotics/install/ob_robotics_interface/share/ob_robotics_interface/hook/pythonpath.dsv'
[93.685s] INFO:colcon.colcon_core.shell:Creating environment hook '/mnt/d/Documentos/PUC-Rio/Maestrado/ELE2363/Optimization_based_robotics/install/ob_robotics_interface/share/ob_robotics_interface/hook/pythonpath.sh'
[93.724s] Level 1:colcon.colcon_core.environment:checking '/mnt/d/Documentos/PUC-Rio/Maestrado/ELE2363/Optimization_based_robotics/install/ob_robotics_interface/bin'
[93.727s] INFO:colcon.colcon_core.shell:Creating package script '/mnt/d/Documentos/PUC-Rio/Maestrado/ELE2363/Optimization_based_robotics/install/ob_robotics_interface/share/ob_robotics_interface/package.ps1'
[93.755s] INFO:colcon.colcon_core.shell:Creating package descriptor '/mnt/d/Documentos/PUC-Rio/Maestrado/ELE2363/Optimization_based_robotics/install/ob_robotics_interface/share/ob_robotics_interface/package.dsv'
[93.801s] INFO:colcon.colcon_core.shell:Creating package script '/mnt/d/Documentos/PUC-Rio/Maestrado/ELE2363/Optimization_based_robotics/install/ob_robotics_interface/share/ob_robotics_interface/package.sh'
[93.854s] INFO:colcon.colcon_core.shell:Creating package script '/mnt/d/Documentos/PUC-Rio/Maestrado/ELE2363/Optimization_based_robotics/install/ob_robotics_interface/share/ob_robotics_interface/package.bash'
[93.898s] INFO:colcon.colcon_core.shell:Creating package script '/mnt/d/Documentos/PUC-Rio/Maestrado/ELE2363/Optimization_based_robotics/install/ob_robotics_interface/share/ob_robotics_interface/package.zsh'
[93.940s] Level 1:colcon.colcon_core.environment:create_file_with_runtime_dependencies(/mnt/d/Documentos/PUC-Rio/Maestrado/ELE2363/Optimization_based_robotics/install/ob_robotics_interface/share/colcon-core/packages/ob_robotics_interface)
[93.978s] DEBUG:colcon.colcon_parallel_executor.executor.parallel:closing loop
[93.979s] DEBUG:colcon.colcon_parallel_executor.executor.parallel:loop closed
[93.981s] DEBUG:colcon.colcon_parallel_executor.executor.parallel:run_until_complete finished with '0'
[93.988s] DEBUG:colcon.colcon_core.event_reactor:joining thread
[94.526s] INFO:colcon.colcon_core.plugin_system:Skipping extension 'colcon_notification.desktop_notification.notify_send': Could not find 'notify-send'
[94.527s] INFO:colcon.colcon_core.plugin_system:Skipping extension 'colcon_notification.desktop_notification.terminal_notifier': Not used on non-Darwin systems
[94.527s] INFO:colcon.colcon_core.plugin_system:Skipping extension 'colcon_notification.desktop_notification.win32': Not used on non-Windows systems
[94.528s] INFO:colcon.colcon_notification.desktop_notification:Sending desktop notification using 'notify2'
[94.531s] DEBUG:colcon.colcon_notification.desktop_notification.notify2:Failed to initialize notify2: org.freedesktop.DBus.Error.ServiceUnknown: The name org.freedesktop.Notifications was not provided by any .service files
[94.532s] DEBUG:colcon.colcon_core.event_reactor:joined thread
[94.533s] INFO:colcon.colcon_core.shell:Creating prefix script '/mnt/d/Documentos/PUC-Rio/Maestrado/ELE2363/Optimization_based_robotics/install/local_setup.ps1'
[94.541s] INFO:colcon.colcon_core.shell:Creating prefix util module '/mnt/d/Documentos/PUC-Rio/Maestrado/ELE2363/Optimization_based_robotics/install/_local_setup_util_ps1.py'
[94.554s] INFO:colcon.colcon_core.shell:Creating prefix chain script '/mnt/d/Documentos/PUC-Rio/Maestrado/ELE2363/Optimization_based_robotics/install/setup.ps1'
[94.739s] INFO:colcon.colcon_core.shell:Creating prefix script '/mnt/d/Documentos/PUC-Rio/Maestrado/ELE2363/Optimization_based_robotics/install/local_setup.sh'
[94.749s] INFO:colcon.colcon_core.shell:Creating prefix util module '/mnt/d/Documentos/PUC-Rio/Maestrado/ELE2363/Optimization_based_robotics/install/_local_setup_util_sh.py'
[94.761s] INFO:colcon.colcon_core.shell:Creating prefix chain script '/mnt/d/Documentos/PUC-Rio/Maestrado/ELE2363/Optimization_based_robotics/install/setup.sh'
[94.935s] INFO:colcon.colcon_core.shell:Creating prefix script '/mnt/d/Documentos/PUC-Rio/Maestrado/ELE2363/Optimization_based_robotics/install/local_setup.bash'
[94.945s] INFO:colcon.colcon_core.shell:Creating prefix chain script '/mnt/d/Documentos/PUC-Rio/Maestrado/ELE2363/Optimization_based_robotics/install/setup.bash'
[95.105s] INFO:colcon.colcon_core.shell:Creating prefix script '/mnt/d/Documentos/PUC-Rio/Maestrado/ELE2363/Optimization_based_robotics/install/local_setup.zsh'
[95.115s] INFO:colcon.colcon_core.shell:Creating prefix chain script '/mnt/d/Documentos/PUC-Rio/Maestrado/ELE2363/Optimization_based_robotics/install/setup.zsh'
