[13.950s] Invoking command in '/mnt/d/Documentos/PUC-Rio/Maestrado/ELE2363/Optimization_based_robotics/src/Optimization_module': PYTHONPATH=/mnt/d/Documentos/PUC-Rio/Maestrado/ELE2363/Optimization_based_robotics/build/Optimization_module/prefix_override:/usr/lib/python3/dist-packages/colcon_core/task/python/colcon_distutils_commands:/mnt/d/Documentos/PUC-Rio/Maestrado/ELE2363/Optimization_based_robotics/install/Optimization_module/lib/python3.12/site-packages:${PYTHONPATH} /usr/bin/python3 -W ignore:setup.py install is deprecated setup.py egg_info --egg-base ../../build/Optimization_module build --build-base /mnt/d/Documentos/PUC-Rio/Maestrado/ELE2363/Optimization_based_robotics/build/Optimization_module/build install --record /mnt/d/Documentos/PUC-Rio/Maestrado/ELE2363/Optimization_based_robotics/build/Optimization_module/install.log --single-version-externally-managed install_data
[18.923s] running egg_info
[19.068s] writing ../../build/Optimization_module/Optimization_module.egg-info/PKG-INFO
[19.077s] writing dependency_links to ../../build/Optimization_module/Optimization_module.egg-info/dependency_links.txt
[19.085s] writing entry points to ../../build/Optimization_module/Optimization_module.egg-info/entry_points.txt
[19.095s] writing requirements to ../../build/Optimization_module/Optimization_module.egg-info/requires.txt
[19.101s] writing top-level names to ../../build/Optimization_module/Optimization_module.egg-info/top_level.txt
[19.455s] reading manifest file '../../build/Optimization_module/Optimization_module.egg-info/SOURCES.txt'
[19.591s] writing manifest file '../../build/Optimization_module/Optimization_module.egg-info/SOURCES.txt'
[19.598s] running build
[19.601s] running build_py
[19.654s] copying Optimization_module/model_node.py -> /mnt/d/Documentos/PUC-Rio/Maestrado/ELE2363/Optimization_based_robotics/build/Optimization_module/build/lib/Optimization_module
[19.864s] running install
[19.903s] running install_lib
[20.161s] copying /mnt/d/Documentos/PUC-Rio/Maestrado/ELE2363/Optimization_based_robotics/build/Optimization_module/build/lib/Optimization_module/model_node.py -> /mnt/d/Documentos/PUC-Rio/Maestrado/ELE2363/Optimization_based_robotics/install/Optimization_module/lib/python3.12/site-packages/Optimization_module
[20.480s] byte-compiling /mnt/d/Documentos/PUC-Rio/Maestrado/ELE2363/Optimization_based_robotics/install/Optimization_module/lib/python3.12/site-packages/Optimization_module/model_node.py to model_node.cpython-312.pyc
[20.689s] running install_data
[20.733s] running install_egg_info
[20.933s] removing '/mnt/d/Documentos/PUC-Rio/Maestrado/ELE2363/Optimization_based_robotics/install/Optimization_module/lib/python3.12/site-packages/Optimization_module-0.0.0-py3.12.egg-info' (and everything under it)
[21.051s] Copying ../../build/Optimization_module/Optimization_module.egg-info to /mnt/d/Documentos/PUC-Rio/Maestrado/ELE2363/Optimization_based_robotics/install/Optimization_module/lib/python3.12/site-packages/Optimization_module-0.0.0-py3.12.egg-info
[21.507s] running install_scripts
[23.209s] Installing IMU_proxy_node script to /mnt/d/Documentos/PUC-Rio/Maestrado/ELE2363/Optimization_based_robotics/install/Optimization_module/lib/Optimization_module
[23.246s] Installing PID_model_node script to /mnt/d/Documentos/PUC-Rio/Maestrado/ELE2363/Optimization_based_robotics/install/Optimization_module/lib/Optimization_module
[23.276s] Installing model_node script to /mnt/d/Documentos/PUC-Rio/Maestrado/ELE2363/Optimization_based_robotics/install/Optimization_module/lib/Optimization_module
[23.299s] Installing objective_node script to /mnt/d/Documentos/PUC-Rio/Maestrado/ELE2363/Optimization_based_robotics/install/Optimization_module/lib/Optimization_module
[23.357s] Installing proxy_node script to /mnt/d/Documentos/PUC-Rio/Maestrado/ELE2363/Optimization_based_robotics/install/Optimization_module/lib/Optimization_module
[23.410s] Installing stability_objective_node script to /mnt/d/Documentos/PUC-Rio/Maestrado/ELE2363/Optimization_based_robotics/install/Optimization_module/lib/Optimization_module
[23.443s] writing list of installed files to '/mnt/d/Documentos/PUC-Rio/Maestrado/ELE2363/Optimization_based_robotics/build/Optimization_module/install.log'
[23.551s] Invoked command in '/mnt/d/Documentos/PUC-Rio/Maestrado/ELE2363/Optimization_based_robotics/src/Optimization_module' returned '0': PYTHONPATH=/mnt/d/Documentos/PUC-Rio/Maestrado/ELE2363/Optimization_based_robotics/build/Optimization_module/prefix_override:/usr/lib/python3/dist-packages/colcon_core/task/python/colcon_distutils_commands:/mnt/d/Documentos/PUC-Rio/Maestrado/ELE2363/Optimization_based_robotics/install/Optimization_module/lib/python3.12/site-packages:${PYTHONPATH} /usr/bin/python3 -W ignore:setup.py install is deprecated setup.py egg_info --egg-base ../../build/Optimization_module build --build-base /mnt/d/Documentos/PUC-Rio/Maestrado/ELE2363/Optimization_based_robotics/build/Optimization_module/build install --record /mnt/d/Documentos/PUC-Rio/Maestrado/ELE2363/Optimization_based_robotics/build/Optimization_module/install.log --single-version-externally-managed install_data
