[0.391s] Invoking command in '/mnt/d/Documentos/PUC-Rio/Maestrado/ELE2363/Optimization_based_robotics/build/ob_robotics_interface': CMAKE_PREFIX_PATH=${CMAKE_PREFIX_PATH}:/opt/ros/jazzy /usr/bin/cmake --build /mnt/d/Documentos/PUC-Rio/Maestrado/ELE2363/Optimization_based_robotics/build/ob_robotics_interface -- -j12 -l12
[0.710s] [  1%] [34m[1mGenerating type hashes for ROS interfaces[0m
[0.734s] [  1%] Built target ament_cmake_python_copy_ob_robotics_interface
[1.092s] running egg_info
[1.123s] writing ob_robotics_interface.egg-info/PKG-INFO
[1.129s] writing dependency_links to ob_robotics_interface.egg-info/dependency_links.txt
[1.137s] writing top-level names to ob_robotics_interface.egg-info/top_level.txt
[1.243s] reading manifest file 'ob_robotics_interface.egg-info/SOURCES.txt'
[1.266s] writing manifest file 'ob_robotics_interface.egg-info/SOURCES.txt'
[1.303s] [  1%] Built target ament_cmake_python_build_ob_robotics_interface_egg
[2.418s] Traceback (most recent call last):
[2.419s]   File "/opt/ros/jazzy/lib/rosidl_generator_type_description/rosidl_generator_type_description", line 50, in <module>
[2.422s]     sys.exit(main())
[2.423s]              ^^^^^^
[2.425s]   File "/opt/ros/jazzy/lib/rosidl_generator_type_description/rosidl_generator_type_description", line 46, in main
[2.426s]     generate_type_hash(args.generator_arguments_file)
[2.427s]   File "/opt/ros/jazzy/lib/python3.12/site-packages/rosidl_generator_type_description/__init__.py", line 160, in generate_type_hash
[2.428s]     pkg_dir = include_map[pkg]
[2.429s]               ~~~~~~~~~~~^^^^^
[2.430s] KeyError: 'builtin_interfaces'
[2.431s] gmake[2]: *** [CMakeFiles/ob_robotics_interface__rosidl_generator_type_description.dir/build.make:81: rosidl_generator_type_description/ob_robotics_interface/msg/ModelProcessedData.json] Error 1
[2.432s] gmake[1]: *** [CMakeFiles/Makefile2:215: CMakeFiles/ob_robotics_interface__rosidl_generator_type_description.dir/all] Error 2
[2.433s] gmake: *** [Makefile:146: all] Error 2
[2.434s] Invoked command in '/mnt/d/Documentos/PUC-Rio/Maestrado/ELE2363/Optimization_based_robotics/build/ob_robotics_interface' returned '2': CMAKE_PREFIX_PATH=${CMAKE_PREFIX_PATH}:/opt/ros/jazzy /usr/bin/cmake --build /mnt/d/Documentos/PUC-Rio/Maestrado/ELE2363/Optimization_based_robotics/build/ob_robotics_interface -- -j12 -l12
