[8.372s] Invoking command in '/mnt/d/Documentos/PUC-Rio/Maestrado/ELE2363/Optimization_based_robotics/src/Optimization_module': PYTHONPATH=/mnt/d/Documentos/PUC-Rio/Maestrado/ELE2363/Optimization_based_robotics/build/Optimization_module/prefix_override:/usr/lib/python3/dist-packages/colcon_core/task/python/colcon_distutils_commands:/mnt/d/Documentos/PUC-Rio/Maestrado/ELE2363/Optimization_based_robotics/install/Optimization_module/lib/python3.12/site-packages:${PYTHONPATH} /usr/bin/python3 -W ignore:setup.py install is deprecated setup.py egg_info --egg-base ../../build/Optimization_module build --build-base /mnt/d/Documentos/PUC-Rio/Maestrado/ELE2363/Optimization_based_robotics/build/Optimization_module/build install --record /mnt/d/Documentos/PUC-Rio/Maestrado/ELE2363/Optimization_based_robotics/build/Optimization_module/install.log --single-version-externally-managed install_data
[11.259s] running egg_info
[11.335s] writing ../../build/Optimization_module/Optimization_module.egg-info/PKG-INFO
[11.341s] writing dependency_links to ../../build/Optimization_module/Optimization_module.egg-info/dependency_links.txt
[11.346s] writing entry points to ../../build/Optimization_module/Optimization_module.egg-info/entry_points.txt
[11.352s] writing requirements to ../../build/Optimization_module/Optimization_module.egg-info/requires.txt
[11.356s] writing top-level names to ../../build/Optimization_module/Optimization_module.egg-info/top_level.txt
[11.568s] reading manifest file '../../build/Optimization_module/Optimization_module.egg-info/SOURCES.txt'
[11.643s] writing manifest file '../../build/Optimization_module/Optimization_module.egg-info/SOURCES.txt'
[11.647s] running build
[11.649s] running build_py
[11.722s] copying Optimization_module/proxy_node.py -> /mnt/d/Documentos/PUC-Rio/Maestrado/ELE2363/Optimization_based_robotics/build/Optimization_module/build/lib/Optimization_module
[11.777s] running install
[11.807s] running install_lib
[12.020s] copying /mnt/d/Documentos/PUC-Rio/Maestrado/ELE2363/Optimization_based_robotics/build/Optimization_module/build/lib/Optimization_module/proxy_node.py -> /mnt/d/Documentos/PUC-Rio/Maestrado/ELE2363/Optimization_based_robotics/install/Optimization_module/lib/python3.12/site-packages/Optimization_module
[12.193s] byte-compiling /mnt/d/Documentos/PUC-Rio/Maestrado/ELE2363/Optimization_based_robotics/install/Optimization_module/lib/python3.12/site-packages/Optimization_module/proxy_node.py to proxy_node.cpython-312.pyc
[12.265s] running install_data
[12.291s] running install_egg_info
[12.395s] removing '/mnt/d/Documentos/PUC-Rio/Maestrado/ELE2363/Optimization_based_robotics/install/Optimization_module/lib/python3.12/site-packages/Optimization_module-0.0.0-py3.12.egg-info' (and everything under it)
[12.453s] Copying ../../build/Optimization_module/Optimization_module.egg-info to /mnt/d/Documentos/PUC-Rio/Maestrado/ELE2363/Optimization_based_robotics/install/Optimization_module/lib/python3.12/site-packages/Optimization_module-0.0.0-py3.12.egg-info
[12.697s] running install_scripts
[13.616s] Installing IMU_proxy_node script to /mnt/d/Documentos/PUC-Rio/Maestrado/ELE2363/Optimization_based_robotics/install/Optimization_module/lib/Optimization_module
[13.626s] Installing PID_model_node script to /mnt/d/Documentos/PUC-Rio/Maestrado/ELE2363/Optimization_based_robotics/install/Optimization_module/lib/Optimization_module
[13.640s] Installing model_node script to /mnt/d/Documentos/PUC-Rio/Maestrado/ELE2363/Optimization_based_robotics/install/Optimization_module/lib/Optimization_module
[13.653s] Installing objective_node script to /mnt/d/Documentos/PUC-Rio/Maestrado/ELE2363/Optimization_based_robotics/install/Optimization_module/lib/Optimization_module
[13.665s] Installing proxy_node script to /mnt/d/Documentos/PUC-Rio/Maestrado/ELE2363/Optimization_based_robotics/install/Optimization_module/lib/Optimization_module
[13.678s] Installing stability_objective_node script to /mnt/d/Documentos/PUC-Rio/Maestrado/ELE2363/Optimization_based_robotics/install/Optimization_module/lib/Optimization_module
[13.693s] writing list of installed files to '/mnt/d/Documentos/PUC-Rio/Maestrado/ELE2363/Optimization_based_robotics/build/Optimization_module/install.log'
[13.729s] Invoked command in '/mnt/d/Documentos/PUC-Rio/Maestrado/ELE2363/Optimization_based_robotics/src/Optimization_module' returned '0': PYTHONPATH=/mnt/d/Documentos/PUC-Rio/Maestrado/ELE2363/Optimization_based_robotics/build/Optimization_module/prefix_override:/usr/lib/python3/dist-packages/colcon_core/task/python/colcon_distutils_commands:/mnt/d/Documentos/PUC-Rio/Maestrado/ELE2363/Optimization_based_robotics/install/Optimization_module/lib/python3.12/site-packages:${PYTHONPATH} /usr/bin/python3 -W ignore:setup.py install is deprecated setup.py egg_info --egg-base ../../build/Optimization_module build --build-base /mnt/d/Documentos/PUC-Rio/Maestrado/ELE2363/Optimization_based_robotics/build/Optimization_module/build install --record /mnt/d/Documentos/PUC-Rio/Maestrado/ELE2363/Optimization_based_robotics/build/Optimization_module/install.log --single-version-externally-managed install_data
