[0.119s] DEBUG:colcon:Command line arguments: ['/usr/bin/colcon', 'build']
[0.120s] DEBUG:colcon:Parsed command line arguments: Namespace(log_base=None, log_level=None, verb_name='build', build_base='build', install_base='install', merge_install=False, symlink_install=False, test_result_base=None, continue_on_error=False, executor='parallel', parallel_workers=4, event_handlers=None, ignore_user_meta=False, metas=['./colcon.meta'], base_paths=['.'], packages_ignore=None, packages_ignore_regex=None, paths=None, packages_up_to=None, packages_up_to_regex=None, packages_above=None, packages_above_and_dependencies=None, packages_above_depth=None, packages_select_by_dep=None, packages_skip_by_dep=None, packages_skip_up_to=None, packages_select_build_failed=False, packages_skip_build_finished=False, packages_select_test_failures=False, packages_skip_test_passed=False, packages_select=None, packages_skip=None, packages_select_regex=None, packages_skip_regex=None, packages_start=None, packages_end=None, allow_overriding=[], cmake_args=None, cmake_target=None, cmake_target_skip_unavailable=False, cmake_clean_cache=False, cmake_clean_first=False, cmake_force_configure=False, ament_cmake_args=None, catkin_cmake_args=None, catkin_skip_building_tests=False, mixin_files=None, mixin=None, verb_parser=<colcon_mixin.mixin.mixin_argument.MixinArgumentDecorator object at 0x7fb2c0e8f470>, verb_extension=<colcon_core.verb.build.BuildVerb object at 0x7fb2c0e8f260>, main=<bound method BuildVerb.main of <colcon_core.verb.build.BuildVerb object at 0x7fb2c0e8f260>>, mixin_verb=('build',))
[0.159s] Level 1:colcon.colcon_core.package_discovery:discover_packages(colcon_meta) check parameters
[0.159s] Level 1:colcon.colcon_core.package_discovery:discover_packages(recursive) check parameters
[0.159s] Level 1:colcon.colcon_core.package_discovery:discover_packages(ignore) check parameters
[0.159s] Level 1:colcon.colcon_core.package_discovery:discover_packages(path) check parameters
[0.159s] Level 1:colcon.colcon_core.package_discovery:discover_packages(colcon_meta) discover
[0.159s] Level 1:colcon.colcon_core.package_discovery:discover_packages(recursive) discover
[0.159s] INFO:colcon.colcon_core.package_discovery:Crawling recursively for packages in '/home/lci/Documents/pj_ws'
[0.159s] Level 1:colcon.colcon_core.package_identification:_identify(.) by extensions ['ignore', 'ignore_ament_install']
[0.159s] Level 1:colcon.colcon_core.package_identification:_identify(.) by extension 'ignore'
[0.159s] Level 1:colcon.colcon_core.package_identification:_identify(.) by extension 'ignore_ament_install'
[0.159s] Level 1:colcon.colcon_core.package_identification:_identify(.) by extensions ['colcon_pkg']
[0.159s] Level 1:colcon.colcon_core.package_identification:_identify(.) by extension 'colcon_pkg'
[0.159s] Level 1:colcon.colcon_core.package_identification:_identify(.) by extensions ['colcon_meta']
[0.159s] Level 1:colcon.colcon_core.package_identification:_identify(.) by extension 'colcon_meta'
[0.159s] Level 1:colcon.colcon_core.package_identification:_identify(.) by extensions ['ros']
[0.159s] Level 1:colcon.colcon_core.package_identification:_identify(.) by extension 'ros'
[0.187s] Level 1:colcon.colcon_core.package_identification:_identify(.) by extensions ['cmake', 'python']
[0.187s] Level 1:colcon.colcon_core.package_identification:_identify(.) by extension 'cmake'
[0.187s] Level 1:colcon.colcon_core.package_identification:_identify(.) by extension 'python'
[0.187s] Level 1:colcon.colcon_core.package_identification:_identify(.) by extensions ['python_setup_py']
[0.187s] Level 1:colcon.colcon_core.package_identification:_identify(.) by extension 'python_setup_py'
[0.187s] Level 1:colcon.colcon_core.package_identification:_identify(build) by extensions ['ignore', 'ignore_ament_install']
[0.187s] Level 1:colcon.colcon_core.package_identification:_identify(build) by extension 'ignore'
[0.187s] Level 1:colcon.colcon_core.package_identification:_identify(build) ignored
[0.187s] Level 1:colcon.colcon_core.package_identification:_identify(install) by extensions ['ignore', 'ignore_ament_install']
[0.187s] Level 1:colcon.colcon_core.package_identification:_identify(install) by extension 'ignore'
[0.187s] Level 1:colcon.colcon_core.package_identification:_identify(install) ignored
[0.188s] Level 1:colcon.colcon_core.package_identification:_identify(log) by extensions ['ignore', 'ignore_ament_install']
[0.188s] Level 1:colcon.colcon_core.package_identification:_identify(log) by extension 'ignore'
[0.188s] Level 1:colcon.colcon_core.package_identification:_identify(log) ignored
[0.188s] Level 1:colcon.colcon_core.package_identification:_identify(src) by extensions ['ignore', 'ignore_ament_install']
[0.188s] Level 1:colcon.colcon_core.package_identification:_identify(src) by extension 'ignore'
[0.188s] Level 1:colcon.colcon_core.package_identification:_identify(src) by extension 'ignore_ament_install'
[0.188s] Level 1:colcon.colcon_core.package_identification:_identify(src) by extensions ['colcon_pkg']
[0.188s] Level 1:colcon.colcon_core.package_identification:_identify(src) by extension 'colcon_pkg'
[0.188s] Level 1:colcon.colcon_core.package_identification:_identify(src) by extensions ['colcon_meta']
[0.188s] Level 1:colcon.colcon_core.package_identification:_identify(src) by extension 'colcon_meta'
[0.188s] Level 1:colcon.colcon_core.package_identification:_identify(src) by extensions ['ros']
[0.188s] Level 1:colcon.colcon_core.package_identification:_identify(src) by extension 'ros'
[0.188s] Level 1:colcon.colcon_core.package_identification:_identify(src) by extensions ['cmake', 'python']
[0.188s] Level 1:colcon.colcon_core.package_identification:_identify(src) by extension 'cmake'
[0.188s] Level 1:colcon.colcon_core.package_identification:_identify(src) by extension 'python'
[0.188s] Level 1:colcon.colcon_core.package_identification:_identify(src) by extensions ['python_setup_py']
[0.188s] Level 1:colcon.colcon_core.package_identification:_identify(src) by extension 'python_setup_py'
[0.189s] Level 1:colcon.colcon_core.package_identification:_identify(src/OB_robotics_interface) by extensions ['ignore', 'ignore_ament_install']
[0.189s] Level 1:colcon.colcon_core.package_identification:_identify(src/OB_robotics_interface) by extension 'ignore'
[0.189s] Level 1:colcon.colcon_core.package_identification:_identify(src/OB_robotics_interface) by extension 'ignore_ament_install'
[0.189s] Level 1:colcon.colcon_core.package_identification:_identify(src/OB_robotics_interface) by extensions ['colcon_pkg']
[0.189s] Level 1:colcon.colcon_core.package_identification:_identify(src/OB_robotics_interface) by extension 'colcon_pkg'
[0.189s] Level 1:colcon.colcon_core.package_identification:_identify(src/OB_robotics_interface) by extensions ['colcon_meta']
[0.189s] Level 1:colcon.colcon_core.package_identification:_identify(src/OB_robotics_interface) by extension 'colcon_meta'
[0.189s] Level 1:colcon.colcon_core.package_identification:_identify(src/OB_robotics_interface) by extensions ['ros']
[0.189s] Level 1:colcon.colcon_core.package_identification:_identify(src/OB_robotics_interface) by extension 'ros'
[0.191s] DEBUG:colcon.colcon_core.package_identification:Package 'src/OB_robotics_interface' with type 'ros.ament_cmake' and name 'ob_robotics_interface'
[0.191s] Level 1:colcon.colcon_core.package_identification:_identify(src/Optimization_module) by extensions ['ignore', 'ignore_ament_install']
[0.192s] Level 1:colcon.colcon_core.package_identification:_identify(src/Optimization_module) by extension 'ignore'
[0.192s] Level 1:colcon.colcon_core.package_identification:_identify(src/Optimization_module) by extension 'ignore_ament_install'
[0.192s] Level 1:colcon.colcon_core.package_identification:_identify(src/Optimization_module) by extensions ['colcon_pkg']
[0.192s] Level 1:colcon.colcon_core.package_identification:_identify(src/Optimization_module) by extension 'colcon_pkg'
[0.192s] Level 1:colcon.colcon_core.package_identification:_identify(src/Optimization_module) by extensions ['colcon_meta']
[0.192s] Level 1:colcon.colcon_core.package_identification:_identify(src/Optimization_module) by extension 'colcon_meta'
[0.192s] Level 1:colcon.colcon_core.package_identification:_identify(src/Optimization_module) by extensions ['ros']
[0.192s] Level 1:colcon.colcon_core.package_identification:_identify(src/Optimization_module) by extension 'ros'
[0.192s] DEBUG:colcon.colcon_core.package_identification:Package 'src/Optimization_module' with type 'ros.ament_python' and name 'Optimization_module'
[0.192s] Level 1:colcon.colcon_core.package_identification:_identify(src/ros_gz_bridge) by extensions ['ignore', 'ignore_ament_install']
[0.193s] Level 1:colcon.colcon_core.package_identification:_identify(src/ros_gz_bridge) by extension 'ignore'
[0.193s] Level 1:colcon.colcon_core.package_identification:_identify(src/ros_gz_bridge) by extension 'ignore_ament_install'
[0.193s] Level 1:colcon.colcon_core.package_identification:_identify(src/ros_gz_bridge) by extensions ['colcon_pkg']
[0.193s] Level 1:colcon.colcon_core.package_identification:_identify(src/ros_gz_bridge) by extension 'colcon_pkg'
[0.193s] Level 1:colcon.colcon_core.package_identification:_identify(src/ros_gz_bridge) by extensions ['colcon_meta']
[0.193s] Level 1:colcon.colcon_core.package_identification:_identify(src/ros_gz_bridge) by extension 'colcon_meta'
[0.193s] Level 1:colcon.colcon_core.package_identification:_identify(src/ros_gz_bridge) by extensions ['ros']
[0.193s] Level 1:colcon.colcon_core.package_identification:_identify(src/ros_gz_bridge) by extension 'ros'
[0.195s] DEBUG:colcon.colcon_core.package_identification:Package 'src/ros_gz_bridge' with type 'ros.ament_cmake' and name 'ros_gz_bridge'
[0.195s] Level 1:colcon.colcon_core.package_discovery:discover_packages(recursive) using defaults
[0.195s] Level 1:colcon.colcon_core.package_discovery:discover_packages(ignore) discover
[0.195s] Level 1:colcon.colcon_core.package_discovery:discover_packages(ignore) using defaults
[0.195s] Level 1:colcon.colcon_core.package_discovery:discover_packages(path) discover
[0.195s] Level 1:colcon.colcon_core.package_discovery:discover_packages(path) using defaults
[0.215s] Level 1:colcon.colcon_core.package_discovery:discover_packages(prefix_path) check parameters
[0.215s] Level 1:colcon.colcon_core.package_discovery:discover_packages(prefix_path) discover
[0.217s] DEBUG:colcon.colcon_installed_package_information.package_discovery:Found 3 installed packages in /home/lci/Documents/pj_ws/install
[0.219s] DEBUG:colcon.colcon_installed_package_information.package_discovery:Found 350 installed packages in /opt/ros/jazzy
[0.220s] Level 1:colcon.colcon_core.package_discovery:discover_packages(prefix_path) using defaults
[0.276s] WARNING:colcon.colcon_core.package_selection:Some selected packages are already built in one or more underlay workspaces:
	'ros_gz_bridge' is in: /opt/ros/jazzy
If a package in a merged underlay workspace is overridden and it installs headers, then all packages in the overlay must sort their include directories by workspace order. Failure to do so may result in build failures or undefined behavior at run time.
If the overridden package is used by another package in any underlay, then the overriding package in the overlay must be API and ABI compatible or undefined behavior at run time may occur.

If you understand the risks and want to override a package anyways, add the following to the command line:
	--allow-overriding ros_gz_bridge

This may be promoted to an error in a future release of colcon-override-check.
[0.277s] Level 5:colcon.colcon_core.verb:set package 'Optimization_module' build argument 'cmake_args' from command line to 'None'
[0.277s] Level 5:colcon.colcon_core.verb:set package 'Optimization_module' build argument 'cmake_target' from command line to 'None'
[0.277s] Level 5:colcon.colcon_core.verb:set package 'Optimization_module' build argument 'cmake_target_skip_unavailable' from command line to 'False'
[0.277s] Level 5:colcon.colcon_core.verb:set package 'Optimization_module' build argument 'cmake_clean_cache' from command line to 'False'
[0.277s] Level 5:colcon.colcon_core.verb:set package 'Optimization_module' build argument 'cmake_clean_first' from command line to 'False'
[0.277s] Level 5:colcon.colcon_core.verb:set package 'Optimization_module' build argument 'cmake_force_configure' from command line to 'False'
[0.277s] Level 5:colcon.colcon_core.verb:set package 'Optimization_module' build argument 'ament_cmake_args' from command line to 'None'
[0.277s] Level 5:colcon.colcon_core.verb:set package 'Optimization_module' build argument 'catkin_cmake_args' from command line to 'None'
[0.277s] Level 5:colcon.colcon_core.verb:set package 'Optimization_module' build argument 'catkin_skip_building_tests' from command line to 'False'
[0.277s] DEBUG:colcon.colcon_core.verb:Building package 'Optimization_module' with the following arguments: {'ament_cmake_args': None, 'build_base': '/home/lci/Documents/pj_ws/build/Optimization_module', 'catkin_cmake_args': None, 'catkin_skip_building_tests': False, 'cmake_args': None, 'cmake_clean_cache': False, 'cmake_clean_first': False, 'cmake_force_configure': False, 'cmake_target': None, 'cmake_target_skip_unavailable': False, 'install_base': '/home/lci/Documents/pj_ws/install/Optimization_module', 'merge_install': False, 'path': '/home/lci/Documents/pj_ws/src/Optimization_module', 'symlink_install': False, 'test_result_base': None}
[0.278s] Level 5:colcon.colcon_core.verb:set package 'ob_robotics_interface' build argument 'cmake_args' from command line to 'None'
[0.278s] Level 5:colcon.colcon_core.verb:set package 'ob_robotics_interface' build argument 'cmake_target' from command line to 'None'
[0.278s] Level 5:colcon.colcon_core.verb:set package 'ob_robotics_interface' build argument 'cmake_target_skip_unavailable' from command line to 'False'
[0.278s] Level 5:colcon.colcon_core.verb:set package 'ob_robotics_interface' build argument 'cmake_clean_cache' from command line to 'False'
[0.278s] Level 5:colcon.colcon_core.verb:set package 'ob_robotics_interface' build argument 'cmake_clean_first' from command line to 'False'
[0.278s] Level 5:colcon.colcon_core.verb:set package 'ob_robotics_interface' build argument 'cmake_force_configure' from command line to 'False'
[0.278s] Level 5:colcon.colcon_core.verb:set package 'ob_robotics_interface' build argument 'ament_cmake_args' from command line to 'None'
[0.278s] Level 5:colcon.colcon_core.verb:set package 'ob_robotics_interface' build argument 'catkin_cmake_args' from command line to 'None'
[0.278s] Level 5:colcon.colcon_core.verb:set package 'ob_robotics_interface' build argument 'catkin_skip_building_tests' from command line to 'False'
[0.278s] DEBUG:colcon.colcon_core.verb:Building package 'ob_robotics_interface' with the following arguments: {'ament_cmake_args': None, 'build_base': '/home/lci/Documents/pj_ws/build/ob_robotics_interface', 'catkin_cmake_args': None, 'catkin_skip_building_tests': False, 'cmake_args': None, 'cmake_clean_cache': False, 'cmake_clean_first': False, 'cmake_force_configure': False, 'cmake_target': None, 'cmake_target_skip_unavailable': False, 'install_base': '/home/lci/Documents/pj_ws/install/ob_robotics_interface', 'merge_install': False, 'path': '/home/lci/Documents/pj_ws/src/OB_robotics_interface', 'symlink_install': False, 'test_result_base': None}
[0.278s] Level 5:colcon.colcon_core.verb:set package 'ros_gz_bridge' build argument 'cmake_args' from command line to 'None'
[0.278s] Level 5:colcon.colcon_core.verb:set package 'ros_gz_bridge' build argument 'cmake_target' from command line to 'None'
[0.278s] Level 5:colcon.colcon_core.verb:set package 'ros_gz_bridge' build argument 'cmake_target_skip_unavailable' from command line to 'False'
[0.278s] Level 5:colcon.colcon_core.verb:set package 'ros_gz_bridge' build argument 'cmake_clean_cache' from command line to 'False'
[0.278s] Level 5:colcon.colcon_core.verb:set package 'ros_gz_bridge' build argument 'cmake_clean_first' from command line to 'False'
[0.278s] Level 5:colcon.colcon_core.verb:set package 'ros_gz_bridge' build argument 'cmake_force_configure' from command line to 'False'
[0.278s] Level 5:colcon.colcon_core.verb:set package 'ros_gz_bridge' build argument 'ament_cmake_args' from command line to 'None'
[0.278s] Level 5:colcon.colcon_core.verb:set package 'ros_gz_bridge' build argument 'catkin_cmake_args' from command line to 'None'
[0.278s] Level 5:colcon.colcon_core.verb:set package 'ros_gz_bridge' build argument 'catkin_skip_building_tests' from command line to 'False'
[0.278s] DEBUG:colcon.colcon_core.verb:Building package 'ros_gz_bridge' with the following arguments: {'ament_cmake_args': None, 'build_base': '/home/lci/Documents/pj_ws/build/ros_gz_bridge', 'catkin_cmake_args': None, 'catkin_skip_building_tests': False, 'cmake_args': None, 'cmake_clean_cache': False, 'cmake_clean_first': False, 'cmake_force_configure': False, 'cmake_target': None, 'cmake_target_skip_unavailable': False, 'install_base': '/home/lci/Documents/pj_ws/install/ros_gz_bridge', 'merge_install': False, 'path': '/home/lci/Documents/pj_ws/src/ros_gz_bridge', 'symlink_install': False, 'test_result_base': None}
[0.279s] INFO:colcon.colcon_core.executor:Executing jobs using 'parallel' executor
[0.279s] DEBUG:colcon.colcon_parallel_executor.executor.parallel:run_until_complete
[0.280s] INFO:colcon.colcon_ros.task.ament_python.build:Building ROS package in '/home/lci/Documents/pj_ws/src/Optimization_module' with build type 'ament_python'
[0.280s] Level 1:colcon.colcon_core.shell:create_environment_hook('Optimization_module', 'ament_prefix_path')
[0.282s] INFO:colcon.colcon_core.plugin_system:Skipping extension 'colcon_core.shell.bat': Not used on non-Windows systems
[0.282s] INFO:colcon.colcon_core.shell:Creating environment hook '/home/lci/Documents/pj_ws/install/Optimization_module/share/Optimization_module/hook/ament_prefix_path.ps1'
[0.283s] INFO:colcon.colcon_core.shell:Creating environment descriptor '/home/lci/Documents/pj_ws/install/Optimization_module/share/Optimization_module/hook/ament_prefix_path.dsv'
[0.284s] INFO:colcon.colcon_core.shell:Creating environment hook '/home/lci/Documents/pj_ws/install/Optimization_module/share/Optimization_module/hook/ament_prefix_path.sh'
[0.285s] INFO:colcon.colcon_core.shell:Skip shell extension 'powershell' for command environment: Not usable outside of PowerShell
[0.285s] DEBUG:colcon.colcon_core.shell:Skip shell extension 'dsv' for command environment
[0.290s] INFO:colcon.colcon_ros.task.ament_cmake.build:Building ROS package in '/home/lci/Documents/pj_ws/src/OB_robotics_interface' with build type 'ament_cmake'
[0.290s] INFO:colcon.colcon_cmake.task.cmake.build:Building CMake package in '/home/lci/Documents/pj_ws/src/OB_robotics_interface'
[0.290s] INFO:colcon.colcon_core.shell:Skip shell extension 'powershell' for command environment: Not usable outside of PowerShell
[0.290s] DEBUG:colcon.colcon_core.shell:Skip shell extension 'dsv' for command environment
[0.295s] INFO:colcon.colcon_ros.task.ament_cmake.build:Building ROS package in '/home/lci/Documents/pj_ws/src/ros_gz_bridge' with build type 'ament_cmake'
[0.295s] INFO:colcon.colcon_cmake.task.cmake.build:Building CMake package in '/home/lci/Documents/pj_ws/src/ros_gz_bridge'
[0.296s] INFO:colcon.colcon_core.shell:Skip shell extension 'powershell' for command environment: Not usable outside of PowerShell
[0.296s] DEBUG:colcon.colcon_core.shell:Skip shell extension 'dsv' for command environment
[0.549s] INFO:colcon.colcon_core.task.python.build:Building Python package in '/home/lci/Documents/pj_ws/src/Optimization_module'
[0.549s] INFO:colcon.colcon_core.shell:Skip shell extension 'powershell' for command environment: Not usable outside of PowerShell
[0.549s] DEBUG:colcon.colcon_core.shell:Skip shell extension 'dsv' for command environment
[0.556s] DEBUG:colcon.colcon_core.event_handler.log_command:Invoking command in '/home/lci/Documents/pj_ws/build/ob_robotics_interface': CMAKE_PREFIX_PATH=${CMAKE_PREFIX_PATH}:/home/lci/Documents/pj_ws/install/Optimization_module:/opt/ros/jazzy DEBUGINFOD_URLS=https://debuginfod.ubuntu.com /usr/bin/cmake --build /home/lci/Documents/pj_ws/build/ob_robotics_interface -- -j4 -l4
[0.560s] DEBUG:colcon.colcon_core.event_handler.log_command:Invoking command in '/home/lci/Documents/pj_ws/build/ros_gz_bridge': CMAKE_PREFIX_PATH=${CMAKE_PREFIX_PATH}:/home/lci/Documents/pj_ws/install/Optimization_module:/opt/ros/jazzy DEBUGINFOD_URLS=https://debuginfod.ubuntu.com /usr/bin/cmake /home/lci/Documents/pj_ws/src/ros_gz_bridge -DCMAKE_INSTALL_PREFIX=/home/lci/Documents/pj_ws/install/ros_gz_bridge
[1.310s] DEBUG:colcon.colcon_core.event_handler.log_command:Invoking command in '/home/lci/Documents/pj_ws/src/Optimization_module': DEBUGINFOD_URLS=https://debuginfod.ubuntu.com PYTHONPATH=/home/lci/Documents/pj_ws/build/Optimization_module/prefix_override:/usr/lib/python3/dist-packages/colcon_core/task/python/colcon_distutils_commands:/home/lci/Documents/pj_ws/install/Optimization_module/lib/python3.12/site-packages:${PYTHONPATH} /usr/bin/python3 -W ignore:setup.py install is deprecated setup.py egg_info --egg-base ../../build/Optimization_module build --build-base /home/lci/Documents/pj_ws/build/Optimization_module/build install --record /home/lci/Documents/pj_ws/build/Optimization_module/install.log --single-version-externally-managed install_data
[1.526s] DEBUG:colcon.colcon_core.event_handler.log_command:Invoked command in '/home/lci/Documents/pj_ws/build/ob_robotics_interface' returned '0': CMAKE_PREFIX_PATH=${CMAKE_PREFIX_PATH}:/home/lci/Documents/pj_ws/install/Optimization_module:/opt/ros/jazzy DEBUGINFOD_URLS=https://debuginfod.ubuntu.com /usr/bin/cmake --build /home/lci/Documents/pj_ws/build/ob_robotics_interface -- -j4 -l4
[1.696s] DEBUG:colcon.colcon_core.event_handler.log_command:Invoking command in '/home/lci/Documents/pj_ws/build/ob_robotics_interface': CMAKE_PREFIX_PATH=${CMAKE_PREFIX_PATH}:/home/lci/Documents/pj_ws/install/Optimization_module:/opt/ros/jazzy DEBUGINFOD_URLS=https://debuginfod.ubuntu.com /usr/bin/cmake --install /home/lci/Documents/pj_ws/build/ob_robotics_interface
[1.766s] Level 1:colcon.colcon_core.environment:create_environment_scripts_only(ob_robotics_interface)
[1.767s] DEBUG:colcon.colcon_core.event_handler.log_command:Invoked command in '/home/lci/Documents/pj_ws/build/ob_robotics_interface' returned '0': CMAKE_PREFIX_PATH=${CMAKE_PREFIX_PATH}:/home/lci/Documents/pj_ws/install/Optimization_module:/opt/ros/jazzy DEBUGINFOD_URLS=https://debuginfod.ubuntu.com /usr/bin/cmake --install /home/lci/Documents/pj_ws/build/ob_robotics_interface
[1.769s] Level 1:colcon.colcon_core.environment:checking '/home/lci/Documents/pj_ws/install/ob_robotics_interface' for CMake module files
[1.770s] Level 1:colcon.colcon_core.environment:checking '/home/lci/Documents/pj_ws/install/ob_robotics_interface' for CMake config files
[1.770s] Level 1:colcon.colcon_core.shell:create_environment_hook('ob_robotics_interface', 'cmake_prefix_path')
[1.770s] INFO:colcon.colcon_core.shell:Creating environment hook '/home/lci/Documents/pj_ws/install/ob_robotics_interface/share/ob_robotics_interface/hook/cmake_prefix_path.ps1'
[1.771s] INFO:colcon.colcon_core.shell:Creating environment descriptor '/home/lci/Documents/pj_ws/install/ob_robotics_interface/share/ob_robotics_interface/hook/cmake_prefix_path.dsv'
[1.771s] INFO:colcon.colcon_core.shell:Creating environment hook '/home/lci/Documents/pj_ws/install/ob_robotics_interface/share/ob_robotics_interface/hook/cmake_prefix_path.sh'
[1.772s] Level 1:colcon.colcon_core.environment:checking '/home/lci/Documents/pj_ws/install/ob_robotics_interface/lib'
[1.772s] Level 1:colcon.colcon_core.shell:create_environment_hook('ob_robotics_interface', 'ld_library_path_lib')
[1.772s] INFO:colcon.colcon_core.shell:Creating environment hook '/home/lci/Documents/pj_ws/install/ob_robotics_interface/share/ob_robotics_interface/hook/ld_library_path_lib.ps1'
[1.773s] INFO:colcon.colcon_core.shell:Creating environment descriptor '/home/lci/Documents/pj_ws/install/ob_robotics_interface/share/ob_robotics_interface/hook/ld_library_path_lib.dsv'
[1.773s] INFO:colcon.colcon_core.shell:Creating environment hook '/home/lci/Documents/pj_ws/install/ob_robotics_interface/share/ob_robotics_interface/hook/ld_library_path_lib.sh'
[1.773s] Level 1:colcon.colcon_core.environment:checking '/home/lci/Documents/pj_ws/install/ob_robotics_interface/bin'
[1.773s] Level 1:colcon.colcon_core.environment:checking '/home/lci/Documents/pj_ws/install/ob_robotics_interface/lib/pkgconfig/ob_robotics_interface.pc'
[1.774s] Level 1:colcon.colcon_core.environment:checking '/home/lci/Documents/pj_ws/install/ob_robotics_interface/lib/python3.12/site-packages'
[1.774s] Level 1:colcon.colcon_core.shell:create_environment_hook('ob_robotics_interface', 'pythonpath')
[1.774s] INFO:colcon.colcon_core.shell:Creating environment hook '/home/lci/Documents/pj_ws/install/ob_robotics_interface/share/ob_robotics_interface/hook/pythonpath.ps1'
[1.774s] INFO:colcon.colcon_core.shell:Creating environment descriptor '/home/lci/Documents/pj_ws/install/ob_robotics_interface/share/ob_robotics_interface/hook/pythonpath.dsv'
[1.775s] INFO:colcon.colcon_core.shell:Creating environment hook '/home/lci/Documents/pj_ws/install/ob_robotics_interface/share/ob_robotics_interface/hook/pythonpath.sh'
[1.775s] Level 1:colcon.colcon_core.environment:checking '/home/lci/Documents/pj_ws/install/ob_robotics_interface/bin'
[1.776s] INFO:colcon.colcon_core.shell:Creating package script '/home/lci/Documents/pj_ws/install/ob_robotics_interface/share/ob_robotics_interface/package.ps1'
[1.776s] INFO:colcon.colcon_core.shell:Creating package descriptor '/home/lci/Documents/pj_ws/install/ob_robotics_interface/share/ob_robotics_interface/package.dsv'
[1.777s] INFO:colcon.colcon_core.shell:Creating package script '/home/lci/Documents/pj_ws/install/ob_robotics_interface/share/ob_robotics_interface/package.sh'
[1.778s] INFO:colcon.colcon_core.shell:Creating package script '/home/lci/Documents/pj_ws/install/ob_robotics_interface/share/ob_robotics_interface/package.bash'
[1.778s] INFO:colcon.colcon_core.shell:Creating package script '/home/lci/Documents/pj_ws/install/ob_robotics_interface/share/ob_robotics_interface/package.zsh'
[1.779s] Level 1:colcon.colcon_core.environment:create_file_with_runtime_dependencies(/home/lci/Documents/pj_ws/install/ob_robotics_interface/share/colcon-core/packages/ob_robotics_interface)
[1.937s] Level 1:colcon.colcon_core.environment:create_environment_scripts_only(ob_robotics_interface)
[1.937s] Level 1:colcon.colcon_core.environment:checking '/home/lci/Documents/pj_ws/install/ob_robotics_interface' for CMake module files
[1.938s] Level 1:colcon.colcon_core.environment:checking '/home/lci/Documents/pj_ws/install/ob_robotics_interface' for CMake config files
[1.938s] Level 1:colcon.colcon_core.shell:create_environment_hook('ob_robotics_interface', 'cmake_prefix_path')
[1.938s] INFO:colcon.colcon_core.shell:Creating environment hook '/home/lci/Documents/pj_ws/install/ob_robotics_interface/share/ob_robotics_interface/hook/cmake_prefix_path.ps1'
[1.939s] INFO:colcon.colcon_core.shell:Creating environment descriptor '/home/lci/Documents/pj_ws/install/ob_robotics_interface/share/ob_robotics_interface/hook/cmake_prefix_path.dsv'
[1.939s] INFO:colcon.colcon_core.shell:Creating environment hook '/home/lci/Documents/pj_ws/install/ob_robotics_interface/share/ob_robotics_interface/hook/cmake_prefix_path.sh'
[1.940s] Level 1:colcon.colcon_core.environment:checking '/home/lci/Documents/pj_ws/install/ob_robotics_interface/lib'
[1.940s] Level 1:colcon.colcon_core.shell:create_environment_hook('ob_robotics_interface', 'ld_library_path_lib')
[1.940s] INFO:colcon.colcon_core.shell:Creating environment hook '/home/lci/Documents/pj_ws/install/ob_robotics_interface/share/ob_robotics_interface/hook/ld_library_path_lib.ps1'
[1.941s] INFO:colcon.colcon_core.shell:Creating environment descriptor '/home/lci/Documents/pj_ws/install/ob_robotics_interface/share/ob_robotics_interface/hook/ld_library_path_lib.dsv'
[1.941s] INFO:colcon.colcon_core.shell:Creating environment hook '/home/lci/Documents/pj_ws/install/ob_robotics_interface/share/ob_robotics_interface/hook/ld_library_path_lib.sh'
[1.941s] Level 1:colcon.colcon_core.environment:checking '/home/lci/Documents/pj_ws/install/ob_robotics_interface/bin'
[1.942s] Level 1:colcon.colcon_core.environment:checking '/home/lci/Documents/pj_ws/install/ob_robotics_interface/lib/pkgconfig/ob_robotics_interface.pc'
[1.942s] Level 1:colcon.colcon_core.environment:checking '/home/lci/Documents/pj_ws/install/ob_robotics_interface/lib/python3.12/site-packages'
[1.942s] Level 1:colcon.colcon_core.shell:create_environment_hook('ob_robotics_interface', 'pythonpath')
[1.942s] INFO:colcon.colcon_core.shell:Creating environment hook '/home/lci/Documents/pj_ws/install/ob_robotics_interface/share/ob_robotics_interface/hook/pythonpath.ps1'
[1.942s] INFO:colcon.colcon_core.shell:Creating environment descriptor '/home/lci/Documents/pj_ws/install/ob_robotics_interface/share/ob_robotics_interface/hook/pythonpath.dsv'
[1.943s] INFO:colcon.colcon_core.shell:Creating environment hook '/home/lci/Documents/pj_ws/install/ob_robotics_interface/share/ob_robotics_interface/hook/pythonpath.sh'
[1.943s] Level 1:colcon.colcon_core.environment:checking '/home/lci/Documents/pj_ws/install/ob_robotics_interface/bin'
[1.944s] INFO:colcon.colcon_core.shell:Creating package script '/home/lci/Documents/pj_ws/install/ob_robotics_interface/share/ob_robotics_interface/package.ps1'
[1.944s] INFO:colcon.colcon_core.shell:Creating package descriptor '/home/lci/Documents/pj_ws/install/ob_robotics_interface/share/ob_robotics_interface/package.dsv'
[1.945s] INFO:colcon.colcon_core.shell:Creating package script '/home/lci/Documents/pj_ws/install/ob_robotics_interface/share/ob_robotics_interface/package.sh'
[1.945s] INFO:colcon.colcon_core.shell:Creating package script '/home/lci/Documents/pj_ws/install/ob_robotics_interface/share/ob_robotics_interface/package.bash'
[1.946s] INFO:colcon.colcon_core.shell:Creating package script '/home/lci/Documents/pj_ws/install/ob_robotics_interface/share/ob_robotics_interface/package.zsh'
[1.946s] Level 1:colcon.colcon_core.environment:create_file_with_runtime_dependencies(/home/lci/Documents/pj_ws/install/ob_robotics_interface/share/colcon-core/packages/ob_robotics_interface)
[2.001s] Level 1:colcon.colcon_core.environment:checking '/home/lci/Documents/pj_ws/install/Optimization_module' for CMake module files
[2.001s] DEBUG:colcon.colcon_core.event_handler.log_command:Invoked command in '/home/lci/Documents/pj_ws/src/Optimization_module' returned '0': DEBUGINFOD_URLS=https://debuginfod.ubuntu.com PYTHONPATH=/home/lci/Documents/pj_ws/build/Optimization_module/prefix_override:/usr/lib/python3/dist-packages/colcon_core/task/python/colcon_distutils_commands:/home/lci/Documents/pj_ws/install/Optimization_module/lib/python3.12/site-packages:${PYTHONPATH} /usr/bin/python3 -W ignore:setup.py install is deprecated setup.py egg_info --egg-base ../../build/Optimization_module build --build-base /home/lci/Documents/pj_ws/build/Optimization_module/build install --record /home/lci/Documents/pj_ws/build/Optimization_module/install.log --single-version-externally-managed install_data
[2.002s] Level 1:colcon.colcon_core.environment:checking '/home/lci/Documents/pj_ws/install/Optimization_module' for CMake config files
[2.002s] Level 1:colcon.colcon_core.environment:checking '/home/lci/Documents/pj_ws/install/Optimization_module/lib'
[2.002s] Level 1:colcon.colcon_core.environment:checking '/home/lci/Documents/pj_ws/install/Optimization_module/bin'
[2.002s] Level 1:colcon.colcon_core.environment:checking '/home/lci/Documents/pj_ws/install/Optimization_module/lib/pkgconfig/Optimization_module.pc'
[2.003s] Level 1:colcon.colcon_core.environment:checking '/home/lci/Documents/pj_ws/install/Optimization_module/lib/python3.12/site-packages'
[2.003s] Level 1:colcon.colcon_core.shell:create_environment_hook('Optimization_module', 'pythonpath')
[2.003s] INFO:colcon.colcon_core.shell:Creating environment hook '/home/lci/Documents/pj_ws/install/Optimization_module/share/Optimization_module/hook/pythonpath.ps1'
[2.003s] INFO:colcon.colcon_core.shell:Creating environment descriptor '/home/lci/Documents/pj_ws/install/Optimization_module/share/Optimization_module/hook/pythonpath.dsv'
[2.004s] INFO:colcon.colcon_core.shell:Creating environment hook '/home/lci/Documents/pj_ws/install/Optimization_module/share/Optimization_module/hook/pythonpath.sh'
[2.004s] Level 1:colcon.colcon_core.environment:checking '/home/lci/Documents/pj_ws/install/Optimization_module/bin'
[2.004s] Level 1:colcon.colcon_core.environment:create_environment_scripts_only(Optimization_module)
[2.005s] INFO:colcon.colcon_core.shell:Creating package script '/home/lci/Documents/pj_ws/install/Optimization_module/share/Optimization_module/package.ps1'
[2.005s] INFO:colcon.colcon_core.shell:Creating package descriptor '/home/lci/Documents/pj_ws/install/Optimization_module/share/Optimization_module/package.dsv'
[2.005s] INFO:colcon.colcon_core.shell:Creating package script '/home/lci/Documents/pj_ws/install/Optimization_module/share/Optimization_module/package.sh'
[2.006s] INFO:colcon.colcon_core.shell:Creating package script '/home/lci/Documents/pj_ws/install/Optimization_module/share/Optimization_module/package.bash'
[2.006s] INFO:colcon.colcon_core.shell:Creating package script '/home/lci/Documents/pj_ws/install/Optimization_module/share/Optimization_module/package.zsh'
[2.006s] Level 1:colcon.colcon_core.environment:create_file_with_runtime_dependencies(/home/lci/Documents/pj_ws/install/Optimization_module/share/colcon-core/packages/Optimization_module)
[5.381s] DEBUG:colcon.colcon_core.event_handler.log_command:Invoked command in '/home/lci/Documents/pj_ws/build/ros_gz_bridge' returned '0': CMAKE_PREFIX_PATH=${CMAKE_PREFIX_PATH}:/home/lci/Documents/pj_ws/install/Optimization_module:/opt/ros/jazzy DEBUGINFOD_URLS=https://debuginfod.ubuntu.com /usr/bin/cmake /home/lci/Documents/pj_ws/src/ros_gz_bridge -DCMAKE_INSTALL_PREFIX=/home/lci/Documents/pj_ws/install/ros_gz_bridge
[5.382s] DEBUG:colcon.colcon_core.event_handler.log_command:Invoking command in '/home/lci/Documents/pj_ws/build/ros_gz_bridge': CMAKE_PREFIX_PATH=${CMAKE_PREFIX_PATH}:/home/lci/Documents/pj_ws/install/Optimization_module:/opt/ros/jazzy DEBUGINFOD_URLS=https://debuginfod.ubuntu.com /usr/bin/cmake --build /home/lci/Documents/pj_ws/build/ros_gz_bridge -- -j4 -l4
